{"obj": {"type": "AssignString", "path": ["sys", "name"], "value": "exp001"}, "version": 1}
{"obj": {"type": "AssignString", "path": ["sys", "description"], "value": ""}, "version": 2}
{"obj": {"type": "AssignString", "path": ["sys", "hostname"], "value": "eea1fa52accd"}, "version": 3}
{"obj": {"type": "AddStrings", "path": ["sys", "tags"], "values": ["exp001", "cv0"]}, "version": 4}
{"obj": {"type": "AssignBool", "path": ["sys", "failed"], "value": false}, "version": 5}
{"obj": {"type": "ClearStringLog", "path": ["monitoring", "stdout"]}, "version": 6}
{"obj": {"type": "ClearStringLog", "path": ["monitoring", "stderr"]}, "version": 7}
{"obj": {"type": "AssignString", "path": ["source_code", "entrypoint"], "value": "train.py"}, "version": 8}
{"obj": {"type": "UploadFileSet", "path": ["source_code", "files"], "file_globs": ["/workspace/siim-rsna-2021/exp/exp001/train.py"], "reset": "False"}, "version": 9}
{"obj": {"type": "ConfigFloatSeries", "path": ["monitoring", "cpu"], "min": 0.0, "max": 100.0, "unit": "%"}, "version": 10}
{"obj": {"type": "ClearFloatLog", "path": ["monitoring", "cpu"]}, "version": 11}
{"obj": {"type": "ConfigFloatSeries", "path": ["monitoring", "memory"], "min": 0.0, "max": 62.78011703491211, "unit": "GB"}, "version": 12}
{"obj": {"type": "ClearFloatLog", "path": ["monitoring", "memory"]}, "version": 13}
{"obj": {"type": "ConfigFloatSeries", "path": ["monitoring", "gpu_0"], "min": 0.0, "max": 100.0, "unit": "%"}, "version": 14}
{"obj": {"type": "ClearFloatLog", "path": ["monitoring", "gpu_0"]}, "version": 15}
{"obj": {"type": "ConfigFloatSeries", "path": ["monitoring", "gpu_1"], "min": 0.0, "max": 100.0, "unit": "%"}, "version": 16}
{"obj": {"type": "ClearFloatLog", "path": ["monitoring", "gpu_1"]}, "version": 17}
{"obj": {"type": "ConfigFloatSeries", "path": ["monitoring", "gpu_memory_0"], "min": 0.0, "max": 23.6912841796875, "unit": "GB"}, "version": 18}
{"obj": {"type": "ClearFloatLog", "path": ["monitoring", "gpu_memory_0"]}, "version": 19}
{"obj": {"type": "ConfigFloatSeries", "path": ["monitoring", "gpu_memory_1"], "min": 0.0, "max": 23.6912841796875, "unit": "GB"}, "version": 20}
{"obj": {"type": "ClearFloatLog", "path": ["monitoring", "gpu_memory_1"]}, "version": 21}
{"obj": {"type": "LogStrings", "path": ["monitoring", "stdout"], "values": [{"value": "", "step": null, "ts": 1623002233.5804393}]}, "version": 22}
{"obj": {"type": "LogStrings", "path": ["monitoring", "stdout"], "values": [{"value": "https://app.neptune.ai/inoichan/siim-rsna-covid19-2021/e/SIIM-30\n", "step": null, "ts": 1623002233.5816758}]}, "version": 23}
{"obj": {"type": "AssignBool", "path": ["parameters", "debug"], "value": false}, "version": 24}
{"obj": {"type": "AssignString", "path": ["parameters", "exp_name"], "value": "exp001"}, "version": 25}
{"obj": {"type": "AssignString", "path": ["parameters", "model_name"], "value": "tf_efficientnet_b3_ns"}, "version": 26}
{"obj": {"type": "AssignInt", "path": ["parameters", "device_id"], "value": 0}, "version": 27}
{"obj": {"type": "AssignInt", "path": ["parameters", "batch_size"], "value": 32}, "version": 28}
{"obj": {"type": "AssignInt", "path": ["parameters", "img_size"], "value": 512}, "version": 29}
{"obj": {"type": "AssignInt", "path": ["parameters", "n_workers"], "value": 12}, "version": 30}
{"obj": {"type": "AssignInt", "path": ["parameters", "n_epochs"], "value": 2}, "version": 31}
{"obj": {"type": "AssignInt", "path": ["parameters", "start_epoch"], "value": 1}, "version": 32}
{"obj": {"type": "AssignBool", "path": ["parameters", "transform"], "value": true}, "version": 33}
{"obj": {"type": "AssignString", "path": ["parameters", "initial_lr"], "value": "5e-4"}, "version": 34}
{"obj": {"type": "AssignString", "path": ["parameters", "final_lr"], "value": "1e-6"}, "version": 35}
{"obj": {"type": "AssignString", "path": ["parameters", "load_checkpoint"], "value": "['', '', '', '', '']"}, "version": 36}
{"obj": {"type": "AssignString", "path": ["parameters", "hold_out"], "value": "[0, 1, 2, 3, 4]"}, "version": 37}
{"obj": {"type": "AssignString", "path": ["parameters", "df_train_path"], "value": "/workspace/data/df_train_study_level_npy640.csv"}, "version": 38}
{"obj": {"type": "AssignInt", "path": ["parameters", "accumulation_steps"], "value": 1}, "version": 39}
{"obj": {"type": "AssignInt", "path": ["parameters", "early_stopping_steps"], "value": 8}, "version": 40}
{"obj": {"type": "AssignBool", "path": ["parameters", "freeze_bn"], "value": false}, "version": 41}
{"obj": {"type": "AssignString", "path": ["parameters", "fold_name"], "value": "cv"}, "version": 42}
{"obj": {"type": "AssignBool", "path": ["parameters", "clahe"], "value": false}, "version": 43}
{"obj": {"type": "AssignBool", "path": ["parameters", "mix"], "value": false}, "version": 44}
{"obj": {"type": "AssignBool", "path": ["parameters", "use_amp"], "value": true}, "version": 45}
{"obj": {"type": "AssignBool", "path": ["parameters", "use_npy"], "value": true}, "version": 46}
{"obj": {"type": "LogFloats", "path": ["monitoring", "memory"], "values": [{"value": 39.40253829956055, "step": null, "ts": 1623002233.5795088}]}, "version": 47}
{"obj": {"type": "LogFloats", "path": ["monitoring", "gpu_1"], "values": [{"value": 5.0, "step": null, "ts": 1623002233.5795088}]}, "version": 48}
{"obj": {"type": "LogFloats", "path": ["monitoring", "gpu_memory_0"], "values": [{"value": 0.00860595703125, "step": null, "ts": 1623002233.5795088}]}, "version": 49}
{"obj": {"type": "LogFloats", "path": ["monitoring", "gpu_memory_1"], "values": [{"value": 0.82940673828125, "step": null, "ts": 1623002233.5795088}]}, "version": 50}
{"obj": {"type": "LogFloats", "path": ["Learning Rate"], "values": [{"value": 0.0005, "step": null, "ts": 1623002239.1678226}]}, "version": 51}
{"obj": {"type": "LogStrings", "path": ["monitoring", "stderr"], "values": [{"value": "\r  0%|                                                                                                                                                                                      | 0/158 [00:00<?, ?it/s]", "step": null, "ts": 1623002239.1688383}]}, "version": 52}
{"obj": {"type": "LogStrings", "path": ["monitoring", "stderr"], "values": [{"value": "", "step": null, "ts": 1623002243.5890987}]}, "version": 53}
{"obj": {"type": "LogStrings", "path": ["monitoring", "stderr"], "values": [{"value": "\r  0%|                                                                                                                                                                                      | 0/158 [00:04<?, ?it/s]", "step": null, "ts": 1623002243.589789}]}, "version": 54}
{"obj": {"type": "LogStrings", "path": ["monitoring", "stderr"], "values": [{"value": "\n", "step": null, "ts": 1623002243.5899193}]}, "version": 55}
{"obj": {"type": "LogFloats", "path": ["monitoring", "cpu"], "values": [{"value": 25.416577901016453, "step": null, "ts": 1623002243.588859}]}, "version": 56}
{"obj": {"type": "LogFloats", "path": ["monitoring", "memory"], "values": [{"value": 41.72748947143555, "step": null, "ts": 1623002243.588859}]}, "version": 57}
{"obj": {"type": "LogFloats", "path": ["monitoring", "gpu_1"], "values": [{"value": 9.0, "step": null, "ts": 1623002243.588859}]}, "version": 58}
{"obj": {"type": "LogFloats", "path": ["monitoring", "gpu_memory_0"], "values": [{"value": 0.00860595703125, "step": null, "ts": 1623002243.588859}]}, "version": 59}
{"obj": {"type": "LogFloats", "path": ["monitoring", "gpu_memory_1"], "values": [{"value": 2.78271484375, "step": null, "ts": 1623002243.588859}]}, "version": 60}
{"obj": {"type": "LogStrings", "path": ["monitoring", "traceback"], "values": [{"value": "An uncaught exception occurred while run was active on worker eea1fa52accd.", "step": null, "ts": 1623002243.5998425}, {"value": "Marking run as failed", "step": null, "ts": 1623002243.5998425}, {"value": "Traceback:", "step": null, "ts": 1623002243.5998425}, {"value": "  File \"siim-rsna-2021/exp/exp001/train.py\", line 532, in <module>\n    train_one_epoch(train_dataloader, model, device, criterion, use_amp, run, meters_dict)\n", "step": null, "ts": 1623002243.5998425}, {"value": "  File \"siim-rsna-2021/exp/exp001/train.py\", line 216, in train_one_epoch\n    output = model(inputs)\n", "step": null, "ts": 1623002243.5998425}, {"value": "  File \"/opt/conda/lib/python3.8/site-packages/torch/nn/modules/module.py\", line 727, in _call_impl\n    result = self.forward(*input, **kwargs)\n", "step": null, "ts": 1623002243.5998425}, {"value": "  File \"siim-rsna-2021/exp/exp001/train.py\", line 87, in forward\n    x = self.model(x).squeeze(-1)\n", "step": null, "ts": 1623002243.5998425}, {"value": "  File \"/opt/conda/lib/python3.8/site-packages/torch/nn/modules/module.py\", line 727, in _call_impl\n    result = self.forward(*input, **kwargs)\n", "step": null, "ts": 1623002243.5998425}, {"value": "  File \"/opt/conda/lib/python3.8/site-packages/timm/models/efficientnet.py\", line 469, in forward\n    x = self.forward_features(x)\n", "step": null, "ts": 1623002243.5998425}, {"value": "  File \"/opt/conda/lib/python3.8/site-packages/timm/models/efficientnet.py\", line 459, in forward_features\n    x = self.conv_stem(x)\n", "step": null, "ts": 1623002243.5998425}, {"value": "  File \"/opt/conda/lib/python3.8/site-packages/torch/nn/modules/module.py\", line 727, in _call_impl\n    result = self.forward(*input, **kwargs)\n", "step": null, "ts": 1623002243.5998425}, {"value": "  File \"/opt/conda/lib/python3.8/site-packages/timm/models/layers/conv2d_same.py\", line 30, in forward\n    return conv2d_same(x, self.weight, self.bias, self.stride, self.padding, self.dilation, self.groups)\n", "step": null, "ts": 1623002243.5998425}, {"value": "  File \"/opt/conda/lib/python3.8/site-packages/timm/models/layers/conv2d_same.py\", line 17, in conv2d_same\n    return F.conv2d(x, weight, bias, stride, (0, 0), dilation, groups)\n", "step": null, "ts": 1623002243.5998425}, {"value": "", "step": null, "ts": 1623002243.5998425}]}, "version": 61}
{"obj": {"type": "AssignBool", "path": ["sys", "failed"], "value": true}, "version": 62}
{"obj": {"type": "LogStrings", "path": ["monitoring", "stderr"], "values": [{"value": "Traceback (most recent call last):\n", "step": null, "ts": 1623002243.6000538}]}, "version": 63}
{"obj": {"type": "LogStrings", "path": ["monitoring", "stderr"], "values": [{"value": "  File \"siim-rsna-2021/exp/exp001/train.py\", line 532, in <module>\n", "step": null, "ts": 1623002243.6001213}]}, "version": 64}
{"obj": {"type": "LogStrings", "path": ["monitoring", "stderr"], "values": [{"value": "    ", "step": null, "ts": 1623002243.600301}]}, "version": 65}
{"obj": {"type": "LogStrings", "path": ["monitoring", "stderr"], "values": [{"value": "train_one_epoch(train_dataloader, model, device, criterion, use_amp, run, meters_dict)", "step": null, "ts": 1623002243.6003609}]}, "version": 66}
{"obj": {"type": "LogStrings", "path": ["monitoring", "stderr"], "values": [{"value": "\n", "step": null, "ts": 1623002243.6004198}]}, "version": 67}
{"obj": {"type": "LogStrings", "path": ["monitoring", "stderr"], "values": [{"value": "  File \"siim-rsna-2021/exp/exp001/train.py\", line 216, in train_one_epoch\n", "step": null, "ts": 1623002243.6004767}]}, "version": 68}
{"obj": {"type": "LogStrings", "path": ["monitoring", "stderr"], "values": [{"value": "    ", "step": null, "ts": 1623002243.6005807}]}, "version": 69}
{"obj": {"type": "LogStrings", "path": ["monitoring", "stderr"], "values": [{"value": "output = model(inputs)", "step": null, "ts": 1623002243.6006556}]}, "version": 70}
{"obj": {"type": "LogStrings", "path": ["monitoring", "stderr"], "values": [{"value": "\n", "step": null, "ts": 1623002243.6007268}]}, "version": 71}
{"obj": {"type": "LogStrings", "path": ["monitoring", "stderr"], "values": [{"value": "  File \"/opt/conda/lib/python3.8/site-packages/torch/nn/modules/module.py\", line 727, in _call_impl\n", "step": null, "ts": 1623002243.6007912}]}, "version": 72}
{"obj": {"type": "LogStrings", "path": ["monitoring", "stderr"], "values": [{"value": "    ", "step": null, "ts": 1623002243.6009772}]}, "version": 73}
{"obj": {"type": "LogStrings", "path": ["monitoring", "stderr"], "values": [{"value": "result = self.forward(*input, **kwargs)", "step": null, "ts": 1623002243.6010354}]}, "version": 74}
{"obj": {"type": "LogStrings", "path": ["monitoring", "stderr"], "values": [{"value": "\n", "step": null, "ts": 1623002243.601091}]}, "version": 75}
{"obj": {"type": "LogStrings", "path": ["monitoring", "stderr"], "values": [{"value": "  File \"siim-rsna-2021/exp/exp001/train.py\", line 87, in forward\n", "step": null, "ts": 1623002243.6011467}]}, "version": 76}
{"obj": {"type": "LogStrings", "path": ["monitoring", "stderr"], "values": [{"value": "    ", "step": null, "ts": 1623002243.6012464}]}, "version": 77}
{"obj": {"type": "LogStrings", "path": ["monitoring", "stderr"], "values": [{"value": "x = self.model(x).squeeze(-1)", "step": null, "ts": 1623002243.6013157}]}, "version": 78}
{"obj": {"type": "LogStrings", "path": ["monitoring", "stderr"], "values": [{"value": "\n", "step": null, "ts": 1623002243.6013746}]}, "version": 79}
{"obj": {"type": "LogStrings", "path": ["monitoring", "stderr"], "values": [{"value": "  File \"/opt/conda/lib/python3.8/site-packages/torch/nn/modules/module.py\", line 727, in _call_impl\n", "step": null, "ts": 1623002243.601436}]}, "version": 80}
{"obj": {"type": "LogStrings", "path": ["monitoring", "stderr"], "values": [{"value": "    ", "step": null, "ts": 1623002243.6016023}]}, "version": 81}
{"obj": {"type": "LogStrings", "path": ["monitoring", "stderr"], "values": [{"value": "result = self.forward(*input, **kwargs)", "step": null, "ts": 1623002243.6016605}]}, "version": 82}
{"obj": {"type": "LogStrings", "path": ["monitoring", "stderr"], "values": [{"value": "\n", "step": null, "ts": 1623002243.6017208}]}, "version": 83}
{"obj": {"type": "LogStrings", "path": ["monitoring", "stderr"], "values": [{"value": "  File \"/opt/conda/lib/python3.8/site-packages/timm/models/efficientnet.py\", line 469, in forward\n", "step": null, "ts": 1623002243.6017833}]}, "version": 84}
{"obj": {"type": "LogStrings", "path": ["monitoring", "stderr"], "values": [{"value": "    ", "step": null, "ts": 1623002243.6019404}]}, "version": 85}
{"obj": {"type": "LogStrings", "path": ["monitoring", "stderr"], "values": [{"value": "x = self.forward_features(x)", "step": null, "ts": 1623002243.6020148}]}, "version": 86}
{"obj": {"type": "LogStrings", "path": ["monitoring", "stderr"], "values": [{"value": "\n", "step": null, "ts": 1623002243.6020741}]}, "version": 87}
{"obj": {"type": "LogStrings", "path": ["monitoring", "stderr"], "values": [{"value": "  File \"/opt/conda/lib/python3.8/site-packages/timm/models/efficientnet.py\", line 459, in forward_features\n", "step": null, "ts": 1623002243.6021352}]}, "version": 88}
{"obj": {"type": "LogStrings", "path": ["monitoring", "stderr"], "values": [{"value": "    ", "step": null, "ts": 1623002243.6023214}]}, "version": 89}
{"obj": {"type": "LogStrings", "path": ["monitoring", "stderr"], "values": [{"value": "x = self.conv_stem(x)", "step": null, "ts": 1623002243.6023858}]}, "version": 90}
{"obj": {"type": "LogStrings", "path": ["monitoring", "stderr"], "values": [{"value": "\n", "step": null, "ts": 1623002243.6024692}]}, "version": 91}
{"obj": {"type": "LogStrings", "path": ["monitoring", "stderr"], "values": [{"value": "  File \"/opt/conda/lib/python3.8/site-packages/torch/nn/modules/module.py\", line 727, in _call_impl\n", "step": null, "ts": 1623002243.6025536}]}, "version": 92}
{"obj": {"type": "LogStrings", "path": ["monitoring", "stderr"], "values": [{"value": "    ", "step": null, "ts": 1623002243.6027505}]}, "version": 93}
{"obj": {"type": "LogStrings", "path": ["monitoring", "stderr"], "values": [{"value": "result = self.forward(*input, **kwargs)", "step": null, "ts": 1623002243.6028237}]}, "version": 94}
{"obj": {"type": "LogStrings", "path": ["monitoring", "stderr"], "values": [{"value": "\n", "step": null, "ts": 1623002243.602886}]}, "version": 95}
{"obj": {"type": "LogStrings", "path": ["monitoring", "stderr"], "values": [{"value": "  File \"/opt/conda/lib/python3.8/site-packages/timm/models/layers/conv2d_same.py\", line 30, in forward\n", "step": null, "ts": 1623002243.602941}]}, "version": 96}
{"obj": {"type": "LogStrings", "path": ["monitoring", "stderr"], "values": [{"value": "    ", "step": null, "ts": 1623002243.6030254}]}, "version": 97}
{"obj": {"type": "LogStrings", "path": ["monitoring", "stderr"], "values": [{"value": "return conv2d_same(x, self.weight, self.bias, self.stride, self.padding, self.dilation, self.groups)", "step": null, "ts": 1623002243.6030807}]}, "version": 98}
{"obj": {"type": "LogStrings", "path": ["monitoring", "stderr"], "values": [{"value": "\n", "step": null, "ts": 1623002243.6031349}]}, "version": 99}
{"obj": {"type": "LogStrings", "path": ["monitoring", "stderr"], "values": [{"value": "  File \"/opt/conda/lib/python3.8/site-packages/timm/models/layers/conv2d_same.py\", line 17, in conv2d_same\n", "step": null, "ts": 1623002243.6031911}]}, "version": 100}
{"obj": {"type": "LogStrings", "path": ["monitoring", "stderr"], "values": [{"value": "    ", "step": null, "ts": 1623002243.6032732}]}, "version": 101}
{"obj": {"type": "LogStrings", "path": ["monitoring", "stderr"], "values": [{"value": "return F.conv2d(x, weight, bias, stride, (0, 0), dilation, groups)", "step": null, "ts": 1623002243.6033278}]}, "version": 102}
{"obj": {"type": "LogStrings", "path": ["monitoring", "stderr"], "values": [{"value": "\n", "step": null, "ts": 1623002243.6033814}]}, "version": 103}
{"obj": {"type": "LogStrings", "path": ["monitoring", "stderr"], "values": [{"value": "KeyboardInterrupt", "step": null, "ts": 1623002243.603438}]}, "version": 104}
{"obj": {"type": "LogStrings", "path": ["monitoring", "stderr"], "values": [{"value": "", "step": null, "ts": 1623002243.6034896}]}, "version": 105}
{"obj": {"type": "LogStrings", "path": ["monitoring", "stderr"], "values": [{"value": "\n", "step": null, "ts": 1623002243.6035435}]}, "version": 106}
{"obj": {"type": "LogStrings", "path": ["monitoring", "stdout"], "values": [{"value": "Shutting down background jobs, please wait a moment...\n", "step": null, "ts": 1623002243.6036758}]}, "version": 107}
