{"obj": {"type": "AssignString", "path": ["sys", "name"], "value": "exp001"}, "version": 1}
{"obj": {"type": "AssignString", "path": ["sys", "description"], "value": ""}, "version": 2}
{"obj": {"type": "AssignString", "path": ["sys", "hostname"], "value": "eea1fa52accd"}, "version": 3}
{"obj": {"type": "AddStrings", "path": ["sys", "tags"], "values": ["cv0", "exp001"]}, "version": 4}
{"obj": {"type": "AssignBool", "path": ["sys", "failed"], "value": false}, "version": 5}
{"obj": {"type": "ClearStringLog", "path": ["monitoring", "stdout"]}, "version": 6}
{"obj": {"type": "ClearStringLog", "path": ["monitoring", "stderr"]}, "version": 7}
{"obj": {"type": "AssignString", "path": ["source_code", "entrypoint"], "value": "train.py"}, "version": 8}
{"obj": {"type": "UploadFileSet", "path": ["source_code", "files"], "file_globs": ["/workspace/siim-rsna-2021/exp/exp001/train.py"], "reset": "False"}, "version": 9}
{"obj": {"type": "ConfigFloatSeries", "path": ["monitoring", "cpu"], "min": 0.0, "max": 100.0, "unit": "%"}, "version": 10}
{"obj": {"type": "ClearFloatLog", "path": ["monitoring", "cpu"]}, "version": 11}
{"obj": {"type": "ConfigFloatSeries", "path": ["monitoring", "memory"], "min": 0.0, "max": 62.78011703491211, "unit": "GB"}, "version": 12}
{"obj": {"type": "ClearFloatLog", "path": ["monitoring", "memory"]}, "version": 13}
{"obj": {"type": "ConfigFloatSeries", "path": ["monitoring", "gpu_0"], "min": 0.0, "max": 100.0, "unit": "%"}, "version": 14}
{"obj": {"type": "ClearFloatLog", "path": ["monitoring", "gpu_0"]}, "version": 15}
{"obj": {"type": "ConfigFloatSeries", "path": ["monitoring", "gpu_1"], "min": 0.0, "max": 100.0, "unit": "%"}, "version": 16}
{"obj": {"type": "ClearFloatLog", "path": ["monitoring", "gpu_1"]}, "version": 17}
{"obj": {"type": "ConfigFloatSeries", "path": ["monitoring", "gpu_memory_0"], "min": 0.0, "max": 23.6912841796875, "unit": "GB"}, "version": 18}
{"obj": {"type": "ClearFloatLog", "path": ["monitoring", "gpu_memory_0"]}, "version": 19}
{"obj": {"type": "ConfigFloatSeries", "path": ["monitoring", "gpu_memory_1"], "min": 0.0, "max": 23.6912841796875, "unit": "GB"}, "version": 20}
{"obj": {"type": "ClearFloatLog", "path": ["monitoring", "gpu_memory_1"]}, "version": 21}
{"obj": {"type": "LogStrings", "path": ["monitoring", "stdout"], "values": [{"value": "", "step": null, "ts": 1622998711.3076494}]}, "version": 22}
{"obj": {"type": "LogStrings", "path": ["monitoring", "stdout"], "values": [{"value": "https://app.neptune.ai/inoichan/siim-rsna-covid19-2021/e/SIIM-20\n", "step": null, "ts": 1622998711.30805}]}, "version": 23}
{"obj": {"type": "AssignBool", "path": ["parameters", "debug"], "value": false}, "version": 24}
{"obj": {"type": "AssignString", "path": ["parameters", "exp_name"], "value": "exp001"}, "version": 25}
{"obj": {"type": "AssignString", "path": ["parameters", "model_name"], "value": "tf_efficientnet_b3_ns"}, "version": 26}
{"obj": {"type": "AssignInt", "path": ["parameters", "device_id"], "value": 0}, "version": 27}
{"obj": {"type": "AssignInt", "path": ["parameters", "batch_size"], "value": 32}, "version": 28}
{"obj": {"type": "AssignInt", "path": ["parameters", "img_size"], "value": 512}, "version": 29}
{"obj": {"type": "AssignInt", "path": ["parameters", "n_workers"], "value": 12}, "version": 30}
{"obj": {"type": "AssignInt", "path": ["parameters", "n_epochs"], "value": 40}, "version": 31}
{"obj": {"type": "AssignInt", "path": ["parameters", "start_epoch"], "value": 1}, "version": 32}
{"obj": {"type": "AssignBool", "path": ["parameters", "transform"], "value": true}, "version": 33}
{"obj": {"type": "AssignString", "path": ["parameters", "load_checkpoint"], "value": "['', '', '', '', '']"}, "version": 34}
{"obj": {"type": "AssignString", "path": ["parameters", "hold_out"], "value": "[0, 1, 2, 3, 4]"}, "version": 35}
{"obj": {"type": "AssignString", "path": ["parameters", "df_train_path"], "value": "/workspace/data/df_train_study_level.csv"}, "version": 36}
{"obj": {"type": "AssignInt", "path": ["parameters", "accumulation_steps"], "value": 1}, "version": 37}
{"obj": {"type": "AssignInt", "path": ["parameters", "early_stopping_steps"], "value": 12}, "version": 38}
{"obj": {"type": "AssignBool", "path": ["parameters", "freeze_bn"], "value": false}, "version": 39}
{"obj": {"type": "AssignString", "path": ["parameters", "fold_name"], "value": "cv"}, "version": 40}
{"obj": {"type": "AssignBool", "path": ["parameters", "clahe"], "value": false}, "version": 41}
{"obj": {"type": "AssignBool", "path": ["parameters", "mix"], "value": false}, "version": 42}
{"obj": {"type": "AssignBool", "path": ["parameters", "use_amp"], "value": true}, "version": 43}
{"obj": {"type": "LogFloats", "path": ["monitoring", "memory"], "values": [{"value": 33.75166702270508, "step": null, "ts": 1622998711.3066516}]}, "version": 44}
{"obj": {"type": "LogFloats", "path": ["monitoring", "gpu_1"], "values": [{"value": 2.0, "step": null, "ts": 1622998711.3066516}]}, "version": 45}
{"obj": {"type": "LogFloats", "path": ["monitoring", "gpu_memory_0"], "values": [{"value": 0.00860595703125, "step": null, "ts": 1622998711.3066516}]}, "version": 46}
{"obj": {"type": "LogFloats", "path": ["monitoring", "gpu_memory_1"], "values": [{"value": 4.68115234375, "step": null, "ts": 1622998711.3066516}]}, "version": 47}
{"obj": {"type": "LogStrings", "path": ["monitoring", "traceback"], "values": [{"value": "An uncaught exception occurred while run was active on worker eea1fa52accd.", "step": null, "ts": 1622998711.425021}, {"value": "Marking run as failed", "step": null, "ts": 1622998711.425021}, {"value": "Traceback:", "step": null, "ts": 1622998711.425021}, {"value": "  File \"siim-rsna-2021/exp/exp001/train.py\", line 469, in <module>\n    plot_sample_images(train_dataset, sample_img_path, \"train\", normalize=None)\n", "step": null, "ts": 1622998711.425021}, {"value": "  File \"/workspace/siim-rsna-2021/src/utils.py\", line 8, in plot_sample_images\n    data = dataset[i]\n", "step": null, "ts": 1622998711.425021}, {"value": "  File \"siim-rsna-2021/exp/exp001/train.py\", line 158, in __getitem__\n    images = self.transform(image=images)['image']\n", "step": null, "ts": 1622998711.425021}, {"value": "  File \"/opt/conda/lib/python3.8/site-packages/albumentations/core/composition.py\", line 182, in __call__\n    data = t(force_apply=force_apply, **data)\n", "step": null, "ts": 1622998711.425021}, {"value": "  File \"/opt/conda/lib/python3.8/site-packages/albumentations/core/transforms_interface.py\", line 89, in __call__\n    return self.apply_with_params(params, **kwargs)\n", "step": null, "ts": 1622998711.425021}, {"value": "  File \"/opt/conda/lib/python3.8/site-packages/albumentations/core/transforms_interface.py\", line 102, in apply_with_params\n    res[key] = target_function(arg, **dict(params, **target_dependencies))\n", "step": null, "ts": 1622998711.425021}, {"value": "  File \"/opt/conda/lib/python3.8/site-packages/albumentations/augmentations/transforms.py\", line 2234, in apply\n    return F.shift_hsv(image, hue_shift, sat_shift, val_shift)\n", "step": null, "ts": 1622998711.425021}, {"value": "  File \"/opt/conda/lib/python3.8/site-packages/albumentations/augmentations/functional.py\", line 54, in wrapped_function\n    result = func(img, *args, **kwargs)\n", "step": null, "ts": 1622998711.425021}, {"value": "  File \"/opt/conda/lib/python3.8/site-packages/albumentations/augmentations/functional.py\", line 419, in shift_hsv\n    img = _shift_hsv_non_uint8(img, hue_shift, sat_shift, val_shift)\n", "step": null, "ts": 1622998711.425021}, {"value": "  File \"/opt/conda/lib/python3.8/site-packages/albumentations/augmentations/functional.py\", line 382, in _shift_hsv_non_uint8\n    img = cv2.cvtColor(img, cv2.COLOR_RGB2HSV)\n", "step": null, "ts": 1622998711.425021}, {"value": "OpenCV(4.5.1) /tmp/pip-req-build-jhawztrk/opencv/modules/imgproc/src/color.simd_helpers.hpp:94: error: (-2:Unspecified error) in function 'cv::impl::{anonymous}::CvtHelper<VScn, VDcn, VDepth, sizePolicy>::CvtHelper(cv::InputArray, cv::OutputArray, int) [with VScn = cv::impl::{anonymous}::Set<3, 4>; VDcn = cv::impl::{anonymous}::Set<3>; VDepth = cv::impl::{anonymous}::Set<0, 5>; cv::impl::{anonymous}::SizePolicy sizePolicy = cv::impl::<unnamed>::NONE; cv::InputArray = const cv::_InputArray&; cv::OutputArray = const cv::_OutputArray&]'", "step": null, "ts": 1622998711.425021}, {"value": "> Unsupported depth of input image:", "step": null, "ts": 1622998711.425021}, {"value": ">     'VDepth::contains(depth)'", "step": null, "ts": 1622998711.425021}, {"value": "> where", "step": null, "ts": 1622998711.425021}, {"value": ">     'depth' is 6 (CV_64F)", "step": null, "ts": 1622998711.425021}, {"value": "", "step": null, "ts": 1622998711.425021}]}, "version": 48}
{"obj": {"type": "AssignBool", "path": ["sys", "failed"], "value": true}, "version": 49}
{"obj": {"type": "LogStrings", "path": ["monitoring", "stderr"], "values": [{"value": "Traceback (most recent call last):\n", "step": null, "ts": 1622998711.425327}]}, "version": 50}
{"obj": {"type": "LogStrings", "path": ["monitoring", "stderr"], "values": [{"value": "  File \"siim-rsna-2021/exp/exp001/train.py\", line 469, in <module>\n", "step": null, "ts": 1622998711.4253879}]}, "version": 51}
{"obj": {"type": "LogStrings", "path": ["monitoring", "stderr"], "values": [{"value": "    ", "step": null, "ts": 1622998711.425568}]}, "version": 52}
{"obj": {"type": "LogStrings", "path": ["monitoring", "stderr"], "values": [{"value": "plot_sample_images(train_dataset, sample_img_path, \"train\", normalize=None)", "step": null, "ts": 1622998711.4256241}]}, "version": 53}
{"obj": {"type": "LogStrings", "path": ["monitoring", "stderr"], "values": [{"value": "\n", "step": null, "ts": 1622998711.4256783}]}, "version": 54}
{"obj": {"type": "LogStrings", "path": ["monitoring", "stderr"], "values": [{"value": "  File \"/workspace/siim-rsna-2021/src/utils.py\", line 8, in plot_sample_images\n", "step": null, "ts": 1622998711.4257338}]}, "version": 55}
{"obj": {"type": "LogStrings", "path": ["monitoring", "stderr"], "values": [{"value": "    ", "step": null, "ts": 1622998711.4258132}]}, "version": 56}
{"obj": {"type": "LogStrings", "path": ["monitoring", "stderr"], "values": [{"value": "data = dataset[i]", "step": null, "ts": 1622998711.4258683}]}, "version": 57}
{"obj": {"type": "LogStrings", "path": ["monitoring", "stderr"], "values": [{"value": "\n", "step": null, "ts": 1622998711.4259217}]}, "version": 58}
{"obj": {"type": "LogStrings", "path": ["monitoring", "stderr"], "values": [{"value": "  File \"siim-rsna-2021/exp/exp001/train.py\", line 158, in __getitem__\n", "step": null, "ts": 1622998711.4259758}]}, "version": 59}
{"obj": {"type": "LogStrings", "path": ["monitoring", "stderr"], "values": [{"value": "    ", "step": null, "ts": 1622998711.4260657}]}, "version": 60}
{"obj": {"type": "LogStrings", "path": ["monitoring", "stderr"], "values": [{"value": "images = self.transform(image=images)['image']", "step": null, "ts": 1622998711.4261184}]}, "version": 61}
{"obj": {"type": "LogStrings", "path": ["monitoring", "stderr"], "values": [{"value": "\n", "step": null, "ts": 1622998711.4261715}]}, "version": 62}
{"obj": {"type": "LogStrings", "path": ["monitoring", "stderr"], "values": [{"value": "  File \"/opt/conda/lib/python3.8/site-packages/albumentations/core/composition.py\", line 182, in __call__\n", "step": null, "ts": 1622998711.4262261}]}, "version": 63}
{"obj": {"type": "LogStrings", "path": ["monitoring", "stderr"], "values": [{"value": "    ", "step": null, "ts": 1622998711.4263215}]}, "version": 64}
{"obj": {"type": "LogStrings", "path": ["monitoring", "stderr"], "values": [{"value": "data = t(force_apply=force_apply, **data)", "step": null, "ts": 1622998711.4263747}]}, "version": 65}
{"obj": {"type": "LogStrings", "path": ["monitoring", "stderr"], "values": [{"value": "\n", "step": null, "ts": 1622998711.4264271}]}, "version": 66}
{"obj": {"type": "LogStrings", "path": ["monitoring", "stderr"], "values": [{"value": "  File \"/opt/conda/lib/python3.8/site-packages/albumentations/core/transforms_interface.py\", line 89, in __call__\n", "step": null, "ts": 1622998711.4264812}]}, "version": 67}
{"obj": {"type": "LogStrings", "path": ["monitoring", "stderr"], "values": [{"value": "    ", "step": null, "ts": 1622998711.4265664}]}, "version": 68}
{"obj": {"type": "LogStrings", "path": ["monitoring", "stderr"], "values": [{"value": "return self.apply_with_params(params, **kwargs)", "step": null, "ts": 1622998711.426619}]}, "version": 69}
{"obj": {"type": "LogStrings", "path": ["monitoring", "stderr"], "values": [{"value": "\n", "step": null, "ts": 1622998711.426672}]}, "version": 70}
{"obj": {"type": "LogStrings", "path": ["monitoring", "stderr"], "values": [{"value": "  File \"/opt/conda/lib/python3.8/site-packages/albumentations/core/transforms_interface.py\", line 102, in apply_with_params\n", "step": null, "ts": 1622998711.4267254}]}, "version": 71}
{"obj": {"type": "LogStrings", "path": ["monitoring", "stderr"], "values": [{"value": "    ", "step": null, "ts": 1622998711.426816}]}, "version": 72}
{"obj": {"type": "LogStrings", "path": ["monitoring", "stderr"], "values": [{"value": "res[key] = target_function(arg, **dict(params, **target_dependencies))", "step": null, "ts": 1622998711.4268713}]}, "version": 73}
{"obj": {"type": "LogStrings", "path": ["monitoring", "stderr"], "values": [{"value": "\n", "step": null, "ts": 1622998711.4269261}]}, "version": 74}
{"obj": {"type": "LogStrings", "path": ["monitoring", "stderr"], "values": [{"value": "  File \"/opt/conda/lib/python3.8/site-packages/albumentations/augmentations/transforms.py\", line 2234, in apply\n", "step": null, "ts": 1622998711.4269805}]}, "version": 75}
{"obj": {"type": "LogStrings", "path": ["monitoring", "stderr"], "values": [{"value": "    ", "step": null, "ts": 1622998711.427302}]}, "version": 76}
{"obj": {"type": "LogStrings", "path": ["monitoring", "stderr"], "values": [{"value": "return F.shift_hsv(image, hue_shift, sat_shift, val_shift)", "step": null, "ts": 1622998711.4273615}]}, "version": 77}
{"obj": {"type": "LogStrings", "path": ["monitoring", "stderr"], "values": [{"value": "\n", "step": null, "ts": 1622998711.4274166}]}, "version": 78}
{"obj": {"type": "LogStrings", "path": ["monitoring", "stderr"], "values": [{"value": "  File \"/opt/conda/lib/python3.8/site-packages/albumentations/augmentations/functional.py\", line 54, in wrapped_function\n", "step": null, "ts": 1622998711.427471}]}, "version": 79}
{"obj": {"type": "LogStrings", "path": ["monitoring", "stderr"], "values": [{"value": "    ", "step": null, "ts": 1622998711.4275615}]}, "version": 80}
{"obj": {"type": "LogStrings", "path": ["monitoring", "stderr"], "values": [{"value": "result = func(img, *args, **kwargs)", "step": null, "ts": 1622998711.4276218}]}, "version": 81}
{"obj": {"type": "LogStrings", "path": ["monitoring", "stderr"], "values": [{"value": "\n", "step": null, "ts": 1622998711.4276755}]}, "version": 82}
{"obj": {"type": "LogStrings", "path": ["monitoring", "stderr"], "values": [{"value": "  File \"/opt/conda/lib/python3.8/site-packages/albumentations/augmentations/functional.py\", line 419, in shift_hsv\n", "step": null, "ts": 1622998711.4277358}]}, "version": 83}
{"obj": {"type": "LogStrings", "path": ["monitoring", "stderr"], "values": [{"value": "    ", "step": null, "ts": 1622998711.427869}]}, "version": 84}
{"obj": {"type": "LogStrings", "path": ["monitoring", "stderr"], "values": [{"value": "img = _shift_hsv_non_uint8(img, hue_shift, sat_shift, val_shift)", "step": null, "ts": 1622998711.4279237}]}, "version": 85}
{"obj": {"type": "LogStrings", "path": ["monitoring", "stderr"], "values": [{"value": "\n", "step": null, "ts": 1622998711.4279764}]}, "version": 86}
{"obj": {"type": "LogStrings", "path": ["monitoring", "stderr"], "values": [{"value": "  File \"/opt/conda/lib/python3.8/site-packages/albumentations/augmentations/functional.py\", line 382, in _shift_hsv_non_uint8\n", "step": null, "ts": 1622998711.428034}]}, "version": 87}
{"obj": {"type": "LogStrings", "path": ["monitoring", "stderr"], "values": [{"value": "    ", "step": null, "ts": 1622998711.4281533}]}, "version": 88}
{"obj": {"type": "LogStrings", "path": ["monitoring", "stderr"], "values": [{"value": "img = cv2.cvtColor(img, cv2.COLOR_RGB2HSV)", "step": null, "ts": 1622998711.4282072}]}, "version": 89}
{"obj": {"type": "LogStrings", "path": ["monitoring", "stderr"], "values": [{"value": "\n", "step": null, "ts": 1622998711.4282606}]}, "version": 90}
{"obj": {"type": "LogStrings", "path": ["monitoring", "stderr"], "values": [{"value": "cv2", "step": null, "ts": 1622998711.4283168}]}, "version": 91}
{"obj": {"type": "LogStrings", "path": ["monitoring", "stderr"], "values": [{"value": ".", "step": null, "ts": 1622998711.4283688}]}, "version": 92}
{"obj": {"type": "LogStrings", "path": ["monitoring", "stderr"], "values": [{"value": "error", "step": null, "ts": 1622998711.4284184}]}, "version": 93}
{"obj": {"type": "LogStrings", "path": ["monitoring", "stderr"], "values": [{"value": ": ", "step": null, "ts": 1622998711.428469}]}, "version": 94}
{"obj": {"type": "LogStrings", "path": ["monitoring", "stderr"], "values": [{"value": "OpenCV(4.5.1) /tmp/pip-req-build-jhawztrk/opencv/modules/imgproc/src/color.simd_helpers.hpp:94: error: (-2:Unspecified error) in function 'cv::impl::{anonymous}::CvtHelper<VScn, VDcn, VDepth, sizePolicy>::CvtHelper(cv::InputArray, cv::OutputArray, int) [with VScn = cv::impl::{anonymous}::Set<3, 4>; VDcn = cv::impl::{anonymous}::Set<3>; VDepth = cv::impl::{anonymous}::Set<0, 5>; cv::impl::{anonymous}::SizePolicy sizePolicy = cv::impl::<unnamed>::NONE; cv::InputArray = const cv::_InputArray&; cv::OutputArray = const cv::_OutputArray&]'\n> Unsupported depth of input image:\n>     'VDepth::contains(depth)'\n> where\n>     'depth' is 6 (CV_64F)\n", "step": null, "ts": 1622998711.4285245}]}, "version": 95}
{"obj": {"type": "LogStrings", "path": ["monitoring", "stderr"], "values": [{"value": "\n", "step": null, "ts": 1622998711.428594}]}, "version": 96}
{"obj": {"type": "LogStrings", "path": ["monitoring", "stdout"], "values": [{"value": "Shutting down background jobs, please wait a moment...\n", "step": null, "ts": 1622998711.4286978}]}, "version": 97}
