{"obj": {"type": "AssignString", "path": ["sys", "name"], "value": "exp001"}, "version": 1}
{"obj": {"type": "AssignString", "path": ["sys", "description"], "value": ""}, "version": 2}
{"obj": {"type": "AssignString", "path": ["sys", "hostname"], "value": "eea1fa52accd"}, "version": 3}
{"obj": {"type": "AddStrings", "path": ["sys", "tags"], "values": ["cv0", "exp001"]}, "version": 4}
{"obj": {"type": "AssignBool", "path": ["sys", "failed"], "value": false}, "version": 5}
{"obj": {"type": "ClearStringLog", "path": ["monitoring", "stdout"]}, "version": 6}
{"obj": {"type": "ClearStringLog", "path": ["monitoring", "stderr"]}, "version": 7}
{"obj": {"type": "AssignString", "path": ["source_code", "entrypoint"], "value": "train.py"}, "version": 8}
{"obj": {"type": "UploadFileSet", "path": ["source_code", "files"], "file_globs": ["/workspace/siim-rsna-2021/exp/exp001/train.py"], "reset": "False"}, "version": 9}
{"obj": {"type": "ConfigFloatSeries", "path": ["monitoring", "cpu"], "min": 0.0, "max": 100.0, "unit": "%"}, "version": 10}
{"obj": {"type": "ClearFloatLog", "path": ["monitoring", "cpu"]}, "version": 11}
{"obj": {"type": "ConfigFloatSeries", "path": ["monitoring", "memory"], "min": 0.0, "max": 62.78011703491211, "unit": "GB"}, "version": 12}
{"obj": {"type": "ClearFloatLog", "path": ["monitoring", "memory"]}, "version": 13}
{"obj": {"type": "ConfigFloatSeries", "path": ["monitoring", "gpu_0"], "min": 0.0, "max": 100.0, "unit": "%"}, "version": 14}
{"obj": {"type": "ClearFloatLog", "path": ["monitoring", "gpu_0"]}, "version": 15}
{"obj": {"type": "ConfigFloatSeries", "path": ["monitoring", "gpu_1"], "min": 0.0, "max": 100.0, "unit": "%"}, "version": 16}
{"obj": {"type": "ClearFloatLog", "path": ["monitoring", "gpu_1"]}, "version": 17}
{"obj": {"type": "ConfigFloatSeries", "path": ["monitoring", "gpu_memory_0"], "min": 0.0, "max": 23.6912841796875, "unit": "GB"}, "version": 18}
{"obj": {"type": "ClearFloatLog", "path": ["monitoring", "gpu_memory_0"]}, "version": 19}
{"obj": {"type": "ConfigFloatSeries", "path": ["monitoring", "gpu_memory_1"], "min": 0.0, "max": 23.6912841796875, "unit": "GB"}, "version": 20}
{"obj": {"type": "ClearFloatLog", "path": ["monitoring", "gpu_memory_1"]}, "version": 21}
{"obj": {"type": "LogStrings", "path": ["monitoring", "stdout"], "values": [{"value": "", "step": null, "ts": 1623001956.7370105}]}, "version": 22}
{"obj": {"type": "LogStrings", "path": ["monitoring", "stdout"], "values": [{"value": "https://app.neptune.ai/inoichan/siim-rsna-covid19-2021/e/SIIM-28\n", "step": null, "ts": 1623001956.7385778}]}, "version": 23}
{"obj": {"type": "AssignBool", "path": ["parameters", "debug"], "value": false}, "version": 24}
{"obj": {"type": "AssignString", "path": ["parameters", "exp_name"], "value": "exp001"}, "version": 25}
{"obj": {"type": "AssignString", "path": ["parameters", "model_name"], "value": "tf_efficientnet_b3_ns"}, "version": 26}
{"obj": {"type": "AssignInt", "path": ["parameters", "device_id"], "value": 0}, "version": 27}
{"obj": {"type": "AssignInt", "path": ["parameters", "batch_size"], "value": 32}, "version": 28}
{"obj": {"type": "AssignInt", "path": ["parameters", "img_size"], "value": 512}, "version": 29}
{"obj": {"type": "AssignInt", "path": ["parameters", "n_workers"], "value": 12}, "version": 30}
{"obj": {"type": "AssignInt", "path": ["parameters", "n_epochs"], "value": 40}, "version": 31}
{"obj": {"type": "AssignInt", "path": ["parameters", "start_epoch"], "value": 1}, "version": 32}
{"obj": {"type": "AssignBool", "path": ["parameters", "transform"], "value": true}, "version": 33}
{"obj": {"type": "AssignString", "path": ["parameters", "initial_lr"], "value": "5e-4"}, "version": 34}
{"obj": {"type": "AssignString", "path": ["parameters", "final_lr"], "value": "1e-6"}, "version": 35}
{"obj": {"type": "AssignString", "path": ["parameters", "load_checkpoint"], "value": "['', '', '', '', '']"}, "version": 36}
{"obj": {"type": "AssignString", "path": ["parameters", "hold_out"], "value": "[0, 1, 2, 3, 4]"}, "version": 37}
{"obj": {"type": "AssignString", "path": ["parameters", "df_train_path"], "value": "/workspace/data/df_train_study_level_npy640.csv"}, "version": 38}
{"obj": {"type": "AssignInt", "path": ["parameters", "accumulation_steps"], "value": 1}, "version": 39}
{"obj": {"type": "AssignInt", "path": ["parameters", "early_stopping_steps"], "value": 8}, "version": 40}
{"obj": {"type": "AssignBool", "path": ["parameters", "freeze_bn"], "value": false}, "version": 41}
{"obj": {"type": "AssignString", "path": ["parameters", "fold_name"], "value": "cv"}, "version": 42}
{"obj": {"type": "AssignBool", "path": ["parameters", "clahe"], "value": false}, "version": 43}
{"obj": {"type": "AssignBool", "path": ["parameters", "mix"], "value": false}, "version": 44}
{"obj": {"type": "AssignBool", "path": ["parameters", "use_amp"], "value": true}, "version": 45}
{"obj": {"type": "AssignBool", "path": ["parameters", "use_npy"], "value": true}, "version": 46}
{"obj": {"type": "LogFloats", "path": ["monitoring", "memory"], "values": [{"value": 39.400787353515625, "step": null, "ts": 1623001956.7348995}]}, "version": 47}
{"obj": {"type": "LogFloats", "path": ["monitoring", "gpu_1"], "values": [{"value": 1.0, "step": null, "ts": 1623001956.7348995}]}, "version": 48}
{"obj": {"type": "LogFloats", "path": ["monitoring", "gpu_memory_0"], "values": [{"value": 0.00860595703125, "step": null, "ts": 1623001956.7348995}]}, "version": 49}
{"obj": {"type": "LogFloats", "path": ["monitoring", "gpu_memory_1"], "values": [{"value": 0.93719482421875, "step": null, "ts": 1623001956.7348995}]}, "version": 50}
{"obj": {"type": "LogFloats", "path": ["Learning Rate"], "values": [{"value": 0.0005, "step": null, "ts": 1623001962.4167304}]}, "version": 51}
{"obj": {"type": "LogStrings", "path": ["monitoring", "stderr"], "values": [{"value": "\r  0%|                                                                                                                                                                                      | 0/158 [00:00<?, ?it/s]", "step": null, "ts": 1623001962.4177868}]}, "version": 52}
{"obj": {"type": "LogFloats", "path": ["monitoring", "cpu"], "values": [{"value": 26.153447242318723, "step": null, "ts": 1623001966.7430766}]}, "version": 53}
{"obj": {"type": "LogFloats", "path": ["monitoring", "memory"], "values": [{"value": 45.2115364074707, "step": null, "ts": 1623001966.7430766}]}, "version": 54}
{"obj": {"type": "LogFloats", "path": ["monitoring", "gpu_1"], "values": [{"value": 6.0, "step": null, "ts": 1623001966.7430766}]}, "version": 55}
{"obj": {"type": "LogFloats", "path": ["monitoring", "gpu_memory_0"], "values": [{"value": 0.00860595703125, "step": null, "ts": 1623001966.7430766}]}, "version": 56}
{"obj": {"type": "LogFloats", "path": ["monitoring", "gpu_memory_1"], "values": [{"value": 2.4808349609375, "step": null, "ts": 1623001966.7430766}]}, "version": 57}
{"obj": {"type": "LogStrings", "path": ["monitoring", "stderr"], "values": [{"value": "\rloss: 1.1097415685653687 loss(avg): 1.1097415685653687:   0%|                                                                                                                              | 0/158 [00:12<?, ?it/s]", "step": null, "ts": 1623001975.0065799}]}, "version": 58}
{"obj": {"type": "LogStrings", "path": ["monitoring", "stderr"], "values": [{"value": "\rloss: 1.1097415685653687 loss(avg): 1.1097415685653687:   1%|\u258b                                                                                                                     | 1/158 [00:12<32:56, 12.59s/it]", "step": null, "ts": 1623001975.006832}]}, "version": 59}
{"obj": {"type": "LogStrings", "path": ["monitoring", "stderr"], "values": [{"value": "\rloss: 0.8080677390098572 loss(avg): 0.9589046537876129:   1%|\u258b                                                                                                                     | 1/158 [00:13<32:56, 12.59s/it]", "step": null, "ts": 1623001975.8631728}]}, "version": 60}
{"obj": {"type": "LogStrings", "path": ["monitoring", "stderr"], "values": [{"value": "\rloss: 0.8080677390098572 loss(avg): 0.9589046537876129:   1%|\u2588\u258d                                                                                                                    | 2/158 [00:13<23:34,  9.07s/it]", "step": null, "ts": 1623001975.8634315}]}, "version": 61}
{"obj": {"type": "LogStrings", "path": ["monitoring", "stderr"], "values": [{"value": "\rloss: 0.7916355133056641 loss(avg): 0.9031482736269633:   1%|\u2588\u258d                                                                                                                    | 2/158 [00:14<23:34,  9.07s/it]", "step": null, "ts": 1623001976.4556916}]}, "version": 62}
{"obj": {"type": "LogStrings", "path": ["monitoring", "stderr"], "values": [{"value": "\rloss: 0.7916355133056641 loss(avg): 0.9031482736269633:   2%|\u2588\u2588\u258f                                                                                                                   | 3/158 [00:14<16:51,  6.53s/it]", "step": null, "ts": 1623001976.4559512}]}, "version": 63}
{"obj": {"type": "LogFloats", "path": ["monitoring", "cpu"], "values": [{"value": 13.870199344262204, "step": null, "ts": 1623001976.7503395}]}, "version": 64}
{"obj": {"type": "LogFloats", "path": ["monitoring", "memory"], "values": [{"value": 46.40583038330078, "step": null, "ts": 1623001976.7503395}]}, "version": 65}
{"obj": {"type": "LogFloats", "path": ["monitoring", "gpu_1"], "values": [{"value": 89.0, "step": null, "ts": 1623001976.7503395}]}, "version": 66}
{"obj": {"type": "LogFloats", "path": ["monitoring", "gpu_memory_0"], "values": [{"value": 0.00860595703125, "step": null, "ts": 1623001976.7503395}]}, "version": 67}
{"obj": {"type": "LogFloats", "path": ["monitoring", "gpu_memory_1"], "values": [{"value": 21.01947021484375, "step": null, "ts": 1623001976.7503395}]}, "version": 68}
{"obj": {"type": "LogStrings", "path": ["monitoring", "stderr"], "values": [{"value": "\rloss: 0.8668103218078613 loss(avg): 0.8940637856721878:   2%|\u2588\u2588\u258f                                                                                                                   | 3/158 [00:14<16:51,  6.53s/it]", "step": null, "ts": 1623001977.0893676}]}, "version": 69}
{"obj": {"type": "LogStrings", "path": ["monitoring", "stderr"], "values": [{"value": "\rloss: 0.8668103218078613 loss(avg): 0.8940637856721878:   3%|\u2588\u2588\u2589                                                                                                                   | 4/158 [00:14<12:12,  4.76s/it]", "step": null, "ts": 1623001977.0896106}]}, "version": 70}
{"obj": {"type": "LogStrings", "path": ["monitoring", "stderr"], "values": [{"value": "\rloss: 0.7983211278915405 loss(avg): 0.8749152541160583:   3%|\u2588\u2588\u2589                                                                                                                   | 4/158 [00:15<12:12,  4.76s/it]", "step": null, "ts": 1623001977.7077327}]}, "version": 71}
{"obj": {"type": "LogStrings", "path": ["monitoring", "stderr"], "values": [{"value": "\rloss: 0.7983211278915405 loss(avg): 0.8749152541160583:   3%|\u2588\u2588\u2588\u258b                                                                                                                  | 5/158 [00:15<08:58,  3.52s/it]", "step": null, "ts": 1623001977.7081578}]}, "version": 72}
{"obj": {"type": "LogStrings", "path": ["monitoring", "stderr"], "values": [{"value": "\rloss: 0.6773730516433716 loss(avg): 0.8419915537039439:   3%|\u2588\u2588\u2588\u258b                                                                                                                  | 5/158 [00:15<08:58,  3.52s/it]", "step": null, "ts": 1623001978.321842}]}, "version": 73}
{"obj": {"type": "LogStrings", "path": ["monitoring", "stderr"], "values": [{"value": "\rloss: 0.6773730516433716 loss(avg): 0.8419915537039439:   4%|\u2588\u2588\u2588\u2588\u258d                                                                                                                 | 6/158 [00:15<06:42,  2.65s/it]", "step": null, "ts": 1623001978.3221083}]}, "version": 74}
{"obj": {"type": "LogStrings", "path": ["monitoring", "stderr"], "values": [{"value": "\rloss: 0.7475553750991821 loss(avg): 0.8285006710461208:   4%|\u2588\u2588\u2588\u2588\u258d                                                                                                                 | 6/158 [00:16<06:42,  2.65s/it]", "step": null, "ts": 1623001978.9233472}]}, "version": 75}
{"obj": {"type": "LogStrings", "path": ["monitoring", "stderr"], "values": [{"value": "\rloss: 0.7475553750991821 loss(avg): 0.8285006710461208:   4%|\u2588\u2588\u2588\u2588\u2588\u258f                                                                                                                | 7/158 [00:16<05:06,  2.03s/it]", "step": null, "ts": 1623001978.9235907}]}, "version": 76}
{"obj": {"type": "LogStrings", "path": ["monitoring", "stderr"], "values": [{"value": "\rloss: 0.9045076966285706 loss(avg): 0.838001549243927:   4%|\u2588\u2588\u2588\u2588\u2588\u258e                                                                                                                 | 7/158 [00:17<05:06,  2.03s/it]", "step": null, "ts": 1623001979.5319324}]}, "version": 77}
{"obj": {"type": "LogStrings", "path": ["monitoring", "stderr"], "values": [{"value": "\rloss: 0.9045076966285706 loss(avg): 0.838001549243927:   5%|\u2588\u2588\u2588\u2588\u2588\u2588                                                                                                                 | 8/158 [00:17<04:00,  1.61s/it]", "step": null, "ts": 1623001979.5322068}]}, "version": 78}
{"obj": {"type": "LogStrings", "path": ["monitoring", "stderr"], "values": [{"value": "\rloss: 0.7456232309341431 loss(avg): 0.827737291653951:   5%|\u2588\u2588\u2588\u2588\u2588\u2588                                                                                                                 | 8/158 [00:17<04:00,  1.61s/it]", "step": null, "ts": 1623001980.150684}]}, "version": 79}
{"obj": {"type": "LogStrings", "path": ["monitoring", "stderr"], "values": [{"value": "\rloss: 0.7456232309341431 loss(avg): 0.827737291653951:   6%|\u2588\u2588\u2588\u2588\u2588\u2588\u258a                                                                                                                | 9/158 [00:17<03:15,  1.31s/it]", "step": null, "ts": 1623001980.1509125}]}, "version": 80}
{"obj": {"type": "LogStrings", "path": ["monitoring", "stderr"], "values": [{"value": "\rloss: 0.8293923735618591 loss(avg): 0.8279027998447419:   6%|\u2588\u2588\u2588\u2588\u2588\u2588\u258b                                                                                                               | 9/158 [00:18<03:15,  1.31s/it]", "step": null, "ts": 1623001980.7580657}]}, "version": 81}
{"obj": {"type": "LogStrings", "path": ["monitoring", "stderr"], "values": [{"value": "\rloss: 0.8293923735618591 loss(avg): 0.8279027998447419:   6%|\u2588\u2588\u2588\u2588\u2588\u2588\u2588\u258d                                                                                                             | 10/158 [00:18<02:42,  1.10s/it]", "step": null, "ts": 1623001980.7583435}]}, "version": 82}
{"obj": {"type": "LogStrings", "path": ["monitoring", "stderr"], "values": [{"value": "\rloss: 0.7795926332473755 loss(avg): 0.8235109665177086:   6%|\u2588\u2588\u2588\u2588\u2588\u2588\u2588\u258d                                                                                                             | 10/158 [00:18<02:42,  1.10s/it]", "step": null, "ts": 1623001981.3727987}]}, "version": 83}
{"obj": {"type": "LogStrings", "path": ["monitoring", "stderr"], "values": [{"value": "\rloss: 0.7795926332473755 loss(avg): 0.8235109665177086:   7%|\u2588\u2588\u2588\u2588\u2588\u2588\u2588\u2588\u258f                                                                                                            | 11/158 [00:18<02:20,  1.05it/s]", "step": null, "ts": 1623001981.3730443}]}, "version": 84}
{"obj": {"type": "LogStrings", "path": ["monitoring", "stderr"], "values": [{"value": "", "step": null, "ts": 1623001981.727457}]}, "version": 85}
{"obj": {"type": "LogStrings", "path": ["monitoring", "stderr"], "values": [{"value": "\rloss: 0.7795926332473755 loss(avg): 0.8235109665177086:   7%|\u2588\u2588\u2588\u2588\u2588\u2588\u2588\u2588\u258f                                                                                                            | 11/158 [00:19<04:18,  1.76s/it]", "step": null, "ts": 1623001981.7284353}]}, "version": 86}
{"obj": {"type": "LogStrings", "path": ["monitoring", "stderr"], "values": [{"value": "\n", "step": null, "ts": 1623001981.7285833}]}, "version": 87}
{"obj": {"type": "LogStrings", "path": ["monitoring", "traceback"], "values": [{"value": "An uncaught exception occurred while run was active on worker eea1fa52accd.", "step": null, "ts": 1623001981.7392673}, {"value": "Marking run as failed", "step": null, "ts": 1623001981.7392673}, {"value": "Traceback:", "step": null, "ts": 1623001981.7392673}, {"value": "  File \"siim-rsna-2021/exp/exp001/train.py\", line 532, in <module>\n    train_one_epoch(train_dataloader, model, device, criterion, use_amp, run, meters_dict)\n", "step": null, "ts": 1623001981.7392673}, {"value": "  File \"siim-rsna-2021/exp/exp001/train.py\", line 228, in train_one_epoch\n    scaler.scale(loss).backward()\n", "step": null, "ts": 1623001981.7392673}, {"value": "  File \"/opt/conda/lib/python3.8/site-packages/torch/tensor.py\", line 221, in backward\n    torch.autograd.backward(self, gradient, retain_graph, create_graph)\n", "step": null, "ts": 1623001981.7392673}, {"value": "  File \"/opt/conda/lib/python3.8/site-packages/torch/autograd/__init__.py\", line 130, in backward\n    Variable._execution_engine.run_backward(\n", "step": null, "ts": 1623001981.7392673}, {"value": "", "step": null, "ts": 1623001981.7392673}]}, "version": 88}
{"obj": {"type": "AssignBool", "path": ["sys", "failed"], "value": true}, "version": 89}
{"obj": {"type": "LogStrings", "path": ["monitoring", "stderr"], "values": [{"value": "Traceback (most recent call last):\n", "step": null, "ts": 1623001981.7396302}]}, "version": 90}
{"obj": {"type": "LogStrings", "path": ["monitoring", "stderr"], "values": [{"value": "  File \"siim-rsna-2021/exp/exp001/train.py\", line 532, in <module>\n", "step": null, "ts": 1623001981.7397676}]}, "version": 91}
{"obj": {"type": "LogStrings", "path": ["monitoring", "stderr"], "values": [{"value": "    ", "step": null, "ts": 1623001981.7401183}]}, "version": 92}
{"obj": {"type": "LogStrings", "path": ["monitoring", "stderr"], "values": [{"value": "train_one_epoch(train_dataloader, model, device, criterion, use_amp, run, meters_dict)", "step": null, "ts": 1623001981.7402422}]}, "version": 93}
{"obj": {"type": "LogStrings", "path": ["monitoring", "stderr"], "values": [{"value": "\n", "step": null, "ts": 1623001981.7403612}]}, "version": 94}
{"obj": {"type": "LogStrings", "path": ["monitoring", "stderr"], "values": [{"value": "  File \"siim-rsna-2021/exp/exp001/train.py\", line 228, in train_one_epoch\n", "step": null, "ts": 1623001981.740483}]}, "version": 95}
{"obj": {"type": "LogStrings", "path": ["monitoring", "stderr"], "values": [{"value": "    ", "step": null, "ts": 1623001981.740699}]}, "version": 96}
{"obj": {"type": "LogStrings", "path": ["monitoring", "stderr"], "values": [{"value": "scaler.scale(loss).backward()", "step": null, "ts": 1623001981.7408164}]}, "version": 97}
{"obj": {"type": "LogStrings", "path": ["monitoring", "stderr"], "values": [{"value": "\n", "step": null, "ts": 1623001981.740932}]}, "version": 98}
{"obj": {"type": "LogStrings", "path": ["monitoring", "stderr"], "values": [{"value": "  File \"/opt/conda/lib/python3.8/site-packages/torch/tensor.py\", line 221, in backward\n", "step": null, "ts": 1623001981.741051}]}, "version": 99}
{"obj": {"type": "LogStrings", "path": ["monitoring", "stderr"], "values": [{"value": "    ", "step": null, "ts": 1623001981.7412937}]}, "version": 100}
{"obj": {"type": "LogStrings", "path": ["monitoring", "stderr"], "values": [{"value": "torch.autograd.backward(self, gradient, retain_graph, create_graph)", "step": null, "ts": 1623001981.7414172}]}, "version": 101}
{"obj": {"type": "LogStrings", "path": ["monitoring", "stderr"], "values": [{"value": "\n", "step": null, "ts": 1623001981.7415662}]}, "version": 102}
{"obj": {"type": "LogStrings", "path": ["monitoring", "stderr"], "values": [{"value": "  File \"/opt/conda/lib/python3.8/site-packages/torch/autograd/__init__.py\", line 130, in backward\n", "step": null, "ts": 1623001981.7416902}]}, "version": 103}
{"obj": {"type": "LogStrings", "path": ["monitoring", "stderr"], "values": [{"value": "    ", "step": null, "ts": 1623001981.7419019}]}, "version": 104}
{"obj": {"type": "LogStrings", "path": ["monitoring", "stderr"], "values": [{"value": "Variable._execution_engine.run_backward(", "step": null, "ts": 1623001981.7420216}]}, "version": 105}
{"obj": {"type": "LogStrings", "path": ["monitoring", "stderr"], "values": [{"value": "\n", "step": null, "ts": 1623001981.7421412}]}, "version": 106}
{"obj": {"type": "LogStrings", "path": ["monitoring", "stderr"], "values": [{"value": "KeyboardInterrupt", "step": null, "ts": 1623001981.742261}]}, "version": 107}
{"obj": {"type": "LogStrings", "path": ["monitoring", "stderr"], "values": [{"value": "", "step": null, "ts": 1623001981.7423713}]}, "version": 108}
{"obj": {"type": "LogStrings", "path": ["monitoring", "stderr"], "values": [{"value": "\n", "step": null, "ts": 1623001981.742487}]}, "version": 109}
{"obj": {"type": "LogStrings", "path": ["monitoring", "stdout"], "values": [{"value": "Shutting down background jobs, please wait a moment...\n", "step": null, "ts": 1623001981.742726}]}, "version": 110}
