{"obj": {"type": "AssignString", "path": ["sys", "name"], "value": "exp001"}, "version": 1}
{"obj": {"type": "AssignString", "path": ["sys", "description"], "value": ""}, "version": 2}
{"obj": {"type": "AssignString", "path": ["sys", "hostname"], "value": "eea1fa52accd"}, "version": 3}
{"obj": {"type": "AddStrings", "path": ["sys", "tags"], "values": ["cv0", "exp001"]}, "version": 4}
{"obj": {"type": "AssignBool", "path": ["sys", "failed"], "value": false}, "version": 5}
{"obj": {"type": "ClearStringLog", "path": ["monitoring", "stdout"]}, "version": 6}
{"obj": {"type": "ClearStringLog", "path": ["monitoring", "stderr"]}, "version": 7}
{"obj": {"type": "AssignString", "path": ["source_code", "entrypoint"], "value": "train.py"}, "version": 8}
{"obj": {"type": "UploadFileSet", "path": ["source_code", "files"], "file_globs": ["/workspace/siim-rsna-2021/exp/exp001/train.py"], "reset": "False"}, "version": 9}
{"obj": {"type": "ConfigFloatSeries", "path": ["monitoring", "cpu"], "min": 0.0, "max": 100.0, "unit": "%"}, "version": 10}
{"obj": {"type": "ClearFloatLog", "path": ["monitoring", "cpu"]}, "version": 11}
{"obj": {"type": "ConfigFloatSeries", "path": ["monitoring", "memory"], "min": 0.0, "max": 62.78011703491211, "unit": "GB"}, "version": 12}
{"obj": {"type": "ClearFloatLog", "path": ["monitoring", "memory"]}, "version": 13}
{"obj": {"type": "ConfigFloatSeries", "path": ["monitoring", "gpu_0"], "min": 0.0, "max": 100.0, "unit": "%"}, "version": 14}
{"obj": {"type": "ClearFloatLog", "path": ["monitoring", "gpu_0"]}, "version": 15}
{"obj": {"type": "ConfigFloatSeries", "path": ["monitoring", "gpu_1"], "min": 0.0, "max": 100.0, "unit": "%"}, "version": 16}
{"obj": {"type": "ClearFloatLog", "path": ["monitoring", "gpu_1"]}, "version": 17}
{"obj": {"type": "ConfigFloatSeries", "path": ["monitoring", "gpu_memory_0"], "min": 0.0, "max": 23.6912841796875, "unit": "GB"}, "version": 18}
{"obj": {"type": "ClearFloatLog", "path": ["monitoring", "gpu_memory_0"]}, "version": 19}
{"obj": {"type": "ConfigFloatSeries", "path": ["monitoring", "gpu_memory_1"], "min": 0.0, "max": 23.6912841796875, "unit": "GB"}, "version": 20}
{"obj": {"type": "ClearFloatLog", "path": ["monitoring", "gpu_memory_1"]}, "version": 21}
{"obj": {"type": "LogStrings", "path": ["monitoring", "stdout"], "values": [{"value": "", "step": null, "ts": 1623004415.0230057}]}, "version": 22}
{"obj": {"type": "LogStrings", "path": ["monitoring", "stdout"], "values": [{"value": "https://app.neptune.ai/inoichan/siim-rsna-covid19-2021/e/SIIM-41\n", "step": null, "ts": 1623004415.0251389}]}, "version": 23}
{"obj": {"type": "AssignBool", "path": ["parameters", "debug"], "value": false}, "version": 24}
{"obj": {"type": "AssignString", "path": ["parameters", "exp_name"], "value": "exp001"}, "version": 25}
{"obj": {"type": "AssignString", "path": ["parameters", "model_name"], "value": "tf_efficientnetv2_s_in21k"}, "version": 26}
{"obj": {"type": "AssignInt", "path": ["parameters", "device_id"], "value": 0}, "version": 27}
{"obj": {"type": "AssignInt", "path": ["parameters", "batch_size"], "value": 32}, "version": 28}
{"obj": {"type": "AssignInt", "path": ["parameters", "img_size"], "value": 512}, "version": 29}
{"obj": {"type": "AssignInt", "path": ["parameters", "n_workers"], "value": 12}, "version": 30}
{"obj": {"type": "AssignInt", "path": ["parameters", "n_epochs"], "value": 40}, "version": 31}
{"obj": {"type": "AssignInt", "path": ["parameters", "start_epoch"], "value": 1}, "version": 32}
{"obj": {"type": "AssignBool", "path": ["parameters", "transform"], "value": true}, "version": 33}
{"obj": {"type": "AssignString", "path": ["parameters", "initial_lr"], "value": "5e-4"}, "version": 34}
{"obj": {"type": "AssignString", "path": ["parameters", "final_lr"], "value": "1e-6"}, "version": 35}
{"obj": {"type": "AssignString", "path": ["parameters", "load_checkpoint"], "value": "['', '', '', '', '']"}, "version": 36}
{"obj": {"type": "AssignString", "path": ["parameters", "hold_out"], "value": "[0, 1, 2, 3, 4]"}, "version": 37}
{"obj": {"type": "AssignString", "path": ["parameters", "df_train_path"], "value": "/workspace/data/df_train_study_level_npy640.csv"}, "version": 38}
{"obj": {"type": "AssignInt", "path": ["parameters", "accumulation_steps"], "value": 1}, "version": 39}
{"obj": {"type": "AssignInt", "path": ["parameters", "early_stopping_steps"], "value": 8}, "version": 40}
{"obj": {"type": "AssignBool", "path": ["parameters", "freeze_bn"], "value": false}, "version": 41}
{"obj": {"type": "AssignString", "path": ["parameters", "fold_name"], "value": "cv"}, "version": 42}
{"obj": {"type": "AssignBool", "path": ["parameters", "clahe"], "value": false}, "version": 43}
{"obj": {"type": "AssignBool", "path": ["parameters", "mix"], "value": false}, "version": 44}
{"obj": {"type": "AssignBool", "path": ["parameters", "use_amp"], "value": true}, "version": 45}
{"obj": {"type": "AssignBool", "path": ["parameters", "use_npy"], "value": true}, "version": 46}
{"obj": {"type": "LogFloats", "path": ["monitoring", "memory"], "values": [{"value": 38.842620849609375, "step": null, "ts": 1623004415.0218966}]}, "version": 47}
{"obj": {"type": "LogFloats", "path": ["monitoring", "gpu_1"], "values": [{"value": 5.0, "step": null, "ts": 1623004415.0218966}]}, "version": 48}
{"obj": {"type": "LogFloats", "path": ["monitoring", "gpu_memory_0"], "values": [{"value": 0.00860595703125, "step": null, "ts": 1623004415.0218966}]}, "version": 49}
{"obj": {"type": "LogFloats", "path": ["monitoring", "gpu_memory_1"], "values": [{"value": 0.96575927734375, "step": null, "ts": 1623004415.0218966}]}, "version": 50}
{"obj": {"type": "LogFloats", "path": ["Learning Rate"], "values": [{"value": 0.0005, "step": null, "ts": 1623004420.9711764}]}, "version": 51}
{"obj": {"type": "LogStrings", "path": ["monitoring", "stderr"], "values": [{"value": "\r  0%|                                                                                                                                                                                      | 0/158 [00:00<?, ?it/s]", "step": null, "ts": 1623004420.972221}]}, "version": 52}
{"obj": {"type": "LogFloats", "path": ["monitoring", "cpu"], "values": [{"value": 25.96071793482168, "step": null, "ts": 1623004425.0316863}]}, "version": 53}
{"obj": {"type": "LogFloats", "path": ["monitoring", "memory"], "values": [{"value": 44.53239440917969, "step": null, "ts": 1623004425.0316863}]}, "version": 54}
{"obj": {"type": "LogFloats", "path": ["monitoring", "gpu_1"], "values": [{"value": 5.0, "step": null, "ts": 1623004425.0316863}]}, "version": 55}
{"obj": {"type": "LogFloats", "path": ["monitoring", "gpu_memory_0"], "values": [{"value": 0.00860595703125, "step": null, "ts": 1623004425.0316863}]}, "version": 56}
{"obj": {"type": "LogFloats", "path": ["monitoring", "gpu_memory_1"], "values": [{"value": 2.56781005859375, "step": null, "ts": 1623004425.0316863}]}, "version": 57}
{"obj": {"type": "LogStrings", "path": ["monitoring", "stderr"], "values": [{"value": "\rloss: 1.8762269020080566 loss(avg): 1.8762269020080566:   0%|                                                                                                                              | 0/158 [00:10<?, ?it/s]", "step": null, "ts": 1623004431.3464303}]}, "version": 58}
{"obj": {"type": "LogStrings", "path": ["monitoring", "stderr"], "values": [{"value": "\rloss: 1.8762269020080566 loss(avg): 1.8762269020080566:   1%|\u258b                                                                                                                     | 1/158 [00:10<27:08, 10.37s/it]", "step": null, "ts": 1623004431.3467038}]}, "version": 59}
{"obj": {"type": "LogStrings", "path": ["monitoring", "stderr"], "values": [{"value": "\rloss: 1.8427215814590454 loss(avg): 1.859474241733551:   1%|\u258a                                                                                                                      | 1/158 [00:11<27:08, 10.37s/it]", "step": null, "ts": 1623004432.182226}]}, "version": 60}
{"obj": {"type": "LogStrings", "path": ["monitoring", "stderr"], "values": [{"value": "\rloss: 1.8427215814590454 loss(avg): 1.859474241733551:   1%|\u2588\u258c                                                                                                                     | 2/158 [00:11<19:31,  7.51s/it]", "step": null, "ts": 1623004432.1824694}]}, "version": 61}
{"obj": {"type": "LogStrings", "path": ["monitoring", "stderr"], "values": [{"value": "\rloss: 1.7653062343597412 loss(avg): 1.828084905942281:   1%|\u2588\u258c                                                                                                                     | 2/158 [00:12<19:31,  7.51s/it]", "step": null, "ts": 1623004433.030446}]}, "version": 62}
{"obj": {"type": "LogStrings", "path": ["monitoring", "stderr"], "values": [{"value": "\rloss: 1.7653062343597412 loss(avg): 1.828084905942281:   2%|\u2588\u2588\u258e                                                                                                                    | 3/158 [00:12<14:14,  5.51s/it]", "step": null, "ts": 1623004433.0306911}]}, "version": 63}
{"obj": {"type": "LogStrings", "path": ["monitoring", "stderr"], "values": [{"value": "\rloss: 1.7497907876968384 loss(avg): 1.8085113763809204:   2%|\u2588\u2588\u258f                                                                                                                   | 3/158 [00:12<14:14,  5.51s/it]", "step": null, "ts": 1623004433.8608778}]}, "version": 64}
{"obj": {"type": "LogStrings", "path": ["monitoring", "stderr"], "values": [{"value": "\rloss: 1.7497907876968384 loss(avg): 1.8085113763809204:   3%|\u2588\u2588\u2589                                                                                                                   | 4/158 [00:12<10:32,  4.11s/it]", "step": null, "ts": 1623004433.8611379}]}, "version": 65}
{"obj": {"type": "LogStrings", "path": ["monitoring", "stderr"], "values": [{"value": "\rloss: 2.1456613540649414 loss(avg): 1.8759413719177247:   3%|\u2588\u2588\u2589                                                                                                                   | 4/158 [00:13<10:32,  4.11s/it]", "step": null, "ts": 1623004434.6950083}]}, "version": 66}
{"obj": {"type": "LogStrings", "path": ["monitoring", "stderr"], "values": [{"value": "\rloss: 2.1456613540649414 loss(avg): 1.8759413719177247:   3%|\u2588\u2588\u2588\u258b                                                                                                                  | 5/158 [00:13<07:58,  3.13s/it]", "step": null, "ts": 1623004434.6952615}]}, "version": 67}
{"obj": {"type": "LogFloats", "path": ["monitoring", "cpu"], "values": [{"value": 18.574714979785707, "step": null, "ts": 1623004435.0373902}]}, "version": 68}
{"obj": {"type": "LogFloats", "path": ["monitoring", "memory"], "values": [{"value": 46.161502838134766, "step": null, "ts": 1623004435.0373902}]}, "version": 69}
{"obj": {"type": "LogFloats", "path": ["monitoring", "gpu_1"], "values": [{"value": 97.0, "step": null, "ts": 1623004435.0373902}]}, "version": 70}
{"obj": {"type": "LogFloats", "path": ["monitoring", "gpu_memory_0"], "values": [{"value": 0.00860595703125, "step": null, "ts": 1623004435.0373902}]}, "version": 71}
{"obj": {"type": "LogFloats", "path": ["monitoring", "gpu_memory_1"], "values": [{"value": 18.65106201171875, "step": null, "ts": 1623004435.0373902}]}, "version": 72}
{"obj": {"type": "LogStrings", "path": ["monitoring", "stderr"], "values": [{"value": "\rloss: 1.4748295545578003 loss(avg): 1.8090894023577373:   3%|\u2588\u2588\u2588\u258b                                                                                                                  | 5/158 [00:14<07:58,  3.13s/it]", "step": null, "ts": 1623004435.5920777}]}, "version": 73}
{"obj": {"type": "LogStrings", "path": ["monitoring", "stderr"], "values": [{"value": "\rloss: 1.4748295545578003 loss(avg): 1.8090894023577373:   4%|\u2588\u2588\u2588\u2588\u258d                                                                                                                 | 6/158 [00:14<06:13,  2.46s/it]", "step": null, "ts": 1623004435.5923336}]}, "version": 74}
{"obj": {"type": "LogStrings", "path": ["monitoring", "stderr"], "values": [{"value": "\rloss: 1.0309948921203613 loss(avg): 1.6979330437523978:   4%|\u2588\u2588\u2588\u2588\u258d                                                                                                                 | 6/158 [00:15<06:13,  2.46s/it]", "step": null, "ts": 1623004436.4638846}]}, "version": 75}
{"obj": {"type": "LogStrings", "path": ["monitoring", "stderr"], "values": [{"value": "\rloss: 1.0309948921203613 loss(avg): 1.6979330437523978:   4%|\u2588\u2588\u2588\u2588\u2588\u258f                                                                                                                | 7/158 [00:15<04:59,  1.98s/it]", "step": null, "ts": 1623004436.4641793}]}, "version": 76}
{"obj": {"type": "LogStrings", "path": ["monitoring", "stderr"], "values": [{"value": "\rloss: 1.3039740324020386 loss(avg): 1.648688167333603:   4%|\u2588\u2588\u2588\u2588\u2588\u258e                                                                                                                 | 7/158 [00:16<04:59,  1.98s/it]", "step": null, "ts": 1623004437.3117695}]}, "version": 77}
{"obj": {"type": "LogStrings", "path": ["monitoring", "stderr"], "values": [{"value": "\rloss: 1.3039740324020386 loss(avg): 1.648688167333603:   5%|\u2588\u2588\u2588\u2588\u2588\u2588                                                                                                                 | 8/158 [00:16<04:06,  1.64s/it]", "step": null, "ts": 1623004437.3120167}]}, "version": 78}
{"obj": {"type": "LogStrings", "path": ["monitoring", "stderr"], "values": [{"value": "\rloss: 1.9271841049194336 loss(avg): 1.6796321603986952:   5%|\u2588\u2588\u2588\u2588\u2588\u2589                                                                                                                | 8/158 [00:17<04:06,  1.64s/it]", "step": null, "ts": 1623004438.1769724}]}, "version": 79}
{"obj": {"type": "LogStrings", "path": ["monitoring", "stderr"], "values": [{"value": "\rloss: 1.9271841049194336 loss(avg): 1.6796321603986952:   6%|\u2588\u2588\u2588\u2588\u2588\u2588\u258b                                                                                                               | 9/158 [00:17<03:29,  1.41s/it]", "step": null, "ts": 1623004438.177256}]}, "version": 80}
{"obj": {"type": "LogStrings", "path": ["monitoring", "stderr"], "values": [{"value": "\rloss: 1.5001602172851562 loss(avg): 1.6616849660873414:   6%|\u2588\u2588\u2588\u2588\u2588\u2588\u258b                                                                                                               | 9/158 [00:18<03:29,  1.41s/it]", "step": null, "ts": 1623004439.097973}]}, "version": 81}
{"obj": {"type": "LogStrings", "path": ["monitoring", "stderr"], "values": [{"value": "\rloss: 1.5001602172851562 loss(avg): 1.6616849660873414:   6%|\u2588\u2588\u2588\u2588\u2588\u2588\u2588\u258d                                                                                                             | 10/158 [00:18<03:06,  1.26s/it]", "step": null, "ts": 1623004439.098254}]}, "version": 82}
{"obj": {"type": "LogStrings", "path": ["monitoring", "stderr"], "values": [{"value": "\rloss: 1.3621456623077393 loss(avg): 1.6344541202891958:   6%|\u2588\u2588\u2588\u2588\u2588\u2588\u2588\u258d                                                                                                             | 10/158 [00:19<03:06,  1.26s/it]", "step": null, "ts": 1623004440.000291}]}, "version": 83}
{"obj": {"type": "LogStrings", "path": ["monitoring", "stderr"], "values": [{"value": "\rloss: 1.3621456623077393 loss(avg): 1.6344541202891958:   7%|\u2588\u2588\u2588\u2588\u2588\u2588\u2588\u2588\u258f                                                                                                            | 11/158 [00:19<02:49,  1.15s/it]", "step": null, "ts": 1623004440.0005627}]}, "version": 84}
{"obj": {"type": "LogStrings", "path": ["monitoring", "stderr"], "values": [{"value": "\rloss: 1.1830127239227295 loss(avg): 1.5968340039253235:   7%|\u2588\u2588\u2588\u2588\u2588\u2588\u2588\u2588\u258f                                                                                                            | 11/158 [00:19<02:49,  1.15s/it]", "step": null, "ts": 1623004440.8567488}]}, "version": 85}
{"obj": {"type": "LogStrings", "path": ["monitoring", "stderr"], "values": [{"value": "\rloss: 1.1830127239227295 loss(avg): 1.5968340039253235:   8%|\u2588\u2588\u2588\u2588\u2588\u2588\u2588\u2588\u2589                                                                                                            | 12/158 [00:19<02:35,  1.06s/it]", "step": null, "ts": 1623004440.8569918}]}, "version": 86}
{"obj": {"type": "LogStrings", "path": ["monitoring", "stderr"], "values": [{"value": "\rloss: 1.2911427021026611 loss(avg): 1.5733192884005034:   8%|\u2588\u2588\u2588\u2588\u2588\u2588\u2588\u2588\u2589                                                                                                            | 12/158 [00:20<02:35,  1.06s/it]", "step": null, "ts": 1623004441.705012}]}, "version": 87}
{"obj": {"type": "LogStrings", "path": ["monitoring", "stderr"], "values": [{"value": "\rloss: 1.2911427021026611 loss(avg): 1.5733192884005034:   8%|\u2588\u2588\u2588\u2588\u2588\u2588\u2588\u2588\u2588\u258b                                                                                                           | 13/158 [00:20<02:24,  1.00it/s]", "step": null, "ts": 1623004441.705263}]}, "version": 88}
{"obj": {"type": "LogStrings", "path": ["monitoring", "stderr"], "values": [{"value": "\rloss: 1.469541311264038 loss(avg): 1.5659065757478987:   8%|\u2588\u2588\u2588\u2588\u2588\u2588\u2588\u2588\u2588\u258b                                                                                                            | 13/158 [00:21<02:24,  1.00it/s]", "step": null, "ts": 1623004442.566369}]}, "version": 89}
{"obj": {"type": "LogStrings", "path": ["monitoring", "stderr"], "values": [{"value": "\rloss: 1.469541311264038 loss(avg): 1.5659065757478987:   9%|\u2588\u2588\u2588\u2588\u2588\u2588\u2588\u2588\u2588\u2588\u258d                                                                                                           | 14/158 [00:21<02:18,  1.04it/s]", "step": null, "ts": 1623004442.5666902}]}, "version": 90}
{"obj": {"type": "LogStrings", "path": ["monitoring", "stderr"], "values": [{"value": "\rloss: 1.622409462928772 loss(avg): 1.5696734348932904:   9%|\u2588\u2588\u2588\u2588\u2588\u2588\u2588\u2588\u2588\u2588\u258d                                                                                                           | 14/158 [00:22<02:18,  1.04it/s]", "step": null, "ts": 1623004443.3919876}]}, "version": 91}
{"obj": {"type": "LogStrings", "path": ["monitoring", "stderr"], "values": [{"value": "\rloss: 1.622409462928772 loss(avg): 1.5696734348932904:   9%|\u2588\u2588\u2588\u2588\u2588\u2588\u2588\u2588\u2588\u2588\u2588\u258f                                                                                                          | 15/158 [00:22<02:11,  1.09it/s]", "step": null, "ts": 1623004443.3922327}]}, "version": 92}
{"obj": {"type": "LogStrings", "path": ["monitoring", "stderr"], "values": [{"value": "\rloss: 1.9913609027862549 loss(avg): 1.5960289016366007:   9%|\u2588\u2588\u2588\u2588\u2588\u2588\u2588\u2588\u2588\u2588\u2588                                                                                                          | 15/158 [00:23<02:11,  1.09it/s]", "step": null, "ts": 1623004444.2291617}]}, "version": 93}
{"obj": {"type": "LogStrings", "path": ["monitoring", "stderr"], "values": [{"value": "\rloss: 1.9913609027862549 loss(avg): 1.5960289016366007:  10%|\u2588\u2588\u2588\u2588\u2588\u2588\u2588\u2588\u2588\u2588\u2588\u258a                                                                                                         | 16/158 [00:23<02:06,  1.12it/s]", "step": null, "ts": 1623004444.2294157}]}, "version": 94}
{"obj": {"type": "LogFloats", "path": ["monitoring", "cpu"], "values": [{"value": 12.380490582204853, "step": null, "ts": 1623004445.040459}]}, "version": 95}
{"obj": {"type": "LogFloats", "path": ["monitoring", "memory"], "values": [{"value": 46.232872009277344, "step": null, "ts": 1623004445.040459}]}, "version": 96}
{"obj": {"type": "LogFloats", "path": ["monitoring", "gpu_1"], "values": [{"value": 98.0, "step": null, "ts": 1623004445.040459}]}, "version": 97}
{"obj": {"type": "LogFloats", "path": ["monitoring", "gpu_memory_0"], "values": [{"value": 0.00860595703125, "step": null, "ts": 1623004445.040459}]}, "version": 98}
{"obj": {"type": "LogFloats", "path": ["monitoring", "gpu_memory_1"], "values": [{"value": 18.65203857421875, "step": null, "ts": 1623004445.040459}]}, "version": 99}
{"obj": {"type": "LogStrings", "path": ["monitoring", "stderr"], "values": [{"value": "\rloss: 1.2113664150238037 loss(avg): 1.5734016965417303:  10%|\u2588\u2588\u2588\u2588\u2588\u2588\u2588\u2588\u2588\u2588\u2588\u258a                                                                                                         | 16/158 [00:24<02:06,  1.12it/s]", "step": null, "ts": 1623004445.0617397}]}, "version": 100}
{"obj": {"type": "LogStrings", "path": ["monitoring", "stderr"], "values": [{"value": "\rloss: 1.2113664150238037 loss(avg): 1.5734016965417303:  11%|\u2588\u2588\u2588\u2588\u2588\u2588\u2588\u2588\u2588\u2588\u2588\u2588\u258c                                                                                                        | 17/158 [00:24<02:03,  1.14it/s]", "step": null, "ts": 1623004445.0620034}]}, "version": 101}
{"obj": {"type": "LogStrings", "path": ["monitoring", "stderr"], "values": [{"value": "\rloss: 0.9230820536613464 loss(avg): 1.5372728274928202:  11%|\u2588\u2588\u2588\u2588\u2588\u2588\u2588\u2588\u2588\u2588\u2588\u2588\u258c                                                                                                        | 17/158 [00:24<02:03,  1.14it/s]", "step": null, "ts": 1623004445.907652}]}, "version": 102}
{"obj": {"type": "LogStrings", "path": ["monitoring", "stderr"], "values": [{"value": "\rloss: 0.9230820536613464 loss(avg): 1.5372728274928202:  11%|\u2588\u2588\u2588\u2588\u2588\u2588\u2588\u2588\u2588\u2588\u2588\u2588\u2588\u258e                                                                                                       | 18/158 [00:24<02:01,  1.15it/s]", "step": null, "ts": 1623004445.9078994}]}, "version": 103}
{"obj": {"type": "LogStrings", "path": ["monitoring", "stderr"], "values": [{"value": "\rloss: 1.1191086769104004 loss(avg): 1.5152641879884823:  11%|\u2588\u2588\u2588\u2588\u2588\u2588\u2588\u2588\u2588\u2588\u2588\u2588\u2588\u258e                                                                                                       | 18/158 [00:25<02:01,  1.15it/s]", "step": null, "ts": 1623004446.7520623}]}, "version": 104}
{"obj": {"type": "LogStrings", "path": ["monitoring", "stderr"], "values": [{"value": "\rloss: 1.1191086769104004 loss(avg): 1.5152641879884823:  12%|\u2588\u2588\u2588\u2588\u2588\u2588\u2588\u2588\u2588\u2588\u2588\u2588\u2588\u2588                                                                                                       | 19/158 [00:25<01:59,  1.16it/s]", "step": null, "ts": 1623004446.7523115}]}, "version": 105}
{"obj": {"type": "LogStrings", "path": ["monitoring", "stderr"], "values": [{"value": "\rloss: 1.1470760107040405 loss(avg): 1.4968547791242601:  12%|\u2588\u2588\u2588\u2588\u2588\u2588\u2588\u2588\u2588\u2588\u2588\u2588\u2588\u2588                                                                                                       | 19/158 [00:26<01:59,  1.16it/s]", "step": null, "ts": 1623004447.5781744}]}, "version": 106}
{"obj": {"type": "LogStrings", "path": ["monitoring", "stderr"], "values": [{"value": "\rloss: 1.1470760107040405 loss(avg): 1.4968547791242601:  13%|\u2588\u2588\u2588\u2588\u2588\u2588\u2588\u2588\u2588\u2588\u2588\u2588\u2588\u2588\u258a                                                                                                      | 20/158 [00:26<01:57,  1.18it/s]", "step": null, "ts": 1623004447.5784268}]}, "version": 107}
{"obj": {"type": "LogStrings", "path": ["monitoring", "stderr"], "values": [{"value": "\rloss: 1.3556792736053467 loss(avg): 1.4901321360043118:  13%|\u2588\u2588\u2588\u2588\u2588\u2588\u2588\u2588\u2588\u2588\u2588\u2588\u2588\u2588\u258a                                                                                                      | 20/158 [00:27<01:57,  1.18it/s]", "step": null, "ts": 1623004448.4320667}]}, "version": 108}
{"obj": {"type": "LogStrings", "path": ["monitoring", "stderr"], "values": [{"value": "\rloss: 1.3556792736053467 loss(avg): 1.4901321360043118:  13%|\u2588\u2588\u2588\u2588\u2588\u2588\u2588\u2588\u2588\u2588\u2588\u2588\u2588\u2588\u2588\u258c                                                                                                     | 21/158 [00:27<01:56,  1.17it/s]", "step": null, "ts": 1623004448.4323149}]}, "version": 109}
