{"obj": {"type": "AssignString", "path": ["sys", "name"], "value": "exp001"}, "version": 1}
{"obj": {"type": "AssignString", "path": ["sys", "description"], "value": ""}, "version": 2}
{"obj": {"type": "AssignString", "path": ["sys", "hostname"], "value": "eea1fa52accd"}, "version": 3}
{"obj": {"type": "AddStrings", "path": ["sys", "tags"], "values": ["exp001", "cv0"]}, "version": 4}
{"obj": {"type": "AssignBool", "path": ["sys", "failed"], "value": false}, "version": 5}
{"obj": {"type": "ClearStringLog", "path": ["monitoring", "stdout"]}, "version": 6}
{"obj": {"type": "ClearStringLog", "path": ["monitoring", "stderr"]}, "version": 7}
{"obj": {"type": "AssignString", "path": ["source_code", "entrypoint"], "value": "train.py"}, "version": 8}
{"obj": {"type": "UploadFileSet", "path": ["source_code", "files"], "file_globs": ["/workspace/siim-rsna-2021/exp/exp001/train.py"], "reset": "False"}, "version": 9}
{"obj": {"type": "ConfigFloatSeries", "path": ["monitoring", "cpu"], "min": 0.0, "max": 100.0, "unit": "%"}, "version": 10}
{"obj": {"type": "ClearFloatLog", "path": ["monitoring", "cpu"]}, "version": 11}
{"obj": {"type": "ConfigFloatSeries", "path": ["monitoring", "memory"], "min": 0.0, "max": 62.78011703491211, "unit": "GB"}, "version": 12}
{"obj": {"type": "ClearFloatLog", "path": ["monitoring", "memory"]}, "version": 13}
{"obj": {"type": "ConfigFloatSeries", "path": ["monitoring", "gpu_0"], "min": 0.0, "max": 100.0, "unit": "%"}, "version": 14}
{"obj": {"type": "ClearFloatLog", "path": ["monitoring", "gpu_0"]}, "version": 15}
{"obj": {"type": "ConfigFloatSeries", "path": ["monitoring", "gpu_1"], "min": 0.0, "max": 100.0, "unit": "%"}, "version": 16}
{"obj": {"type": "ClearFloatLog", "path": ["monitoring", "gpu_1"]}, "version": 17}
{"obj": {"type": "ConfigFloatSeries", "path": ["monitoring", "gpu_memory_0"], "min": 0.0, "max": 23.6912841796875, "unit": "GB"}, "version": 18}
{"obj": {"type": "ClearFloatLog", "path": ["monitoring", "gpu_memory_0"]}, "version": 19}
{"obj": {"type": "ConfigFloatSeries", "path": ["monitoring", "gpu_memory_1"], "min": 0.0, "max": 23.6912841796875, "unit": "GB"}, "version": 20}
{"obj": {"type": "ClearFloatLog", "path": ["monitoring", "gpu_memory_1"]}, "version": 21}
{"obj": {"type": "LogStrings", "path": ["monitoring", "stdout"], "values": [{"value": "", "step": null, "ts": 1622999000.0125728}]}, "version": 22}
{"obj": {"type": "LogStrings", "path": ["monitoring", "stdout"], "values": [{"value": "https://app.neptune.ai/inoichan/siim-rsna-covid19-2021/e/SIIM-25\n", "step": null, "ts": 1622999000.0138876}]}, "version": 23}
{"obj": {"type": "AssignBool", "path": ["parameters", "debug"], "value": false}, "version": 24}
{"obj": {"type": "AssignString", "path": ["parameters", "exp_name"], "value": "exp001"}, "version": 25}
{"obj": {"type": "AssignString", "path": ["parameters", "model_name"], "value": "tf_efficientnet_b3_ns"}, "version": 26}
{"obj": {"type": "AssignInt", "path": ["parameters", "device_id"], "value": 0}, "version": 27}
{"obj": {"type": "AssignInt", "path": ["parameters", "batch_size"], "value": 32}, "version": 28}
{"obj": {"type": "AssignInt", "path": ["parameters", "img_size"], "value": 512}, "version": 29}
{"obj": {"type": "AssignInt", "path": ["parameters", "n_workers"], "value": 12}, "version": 30}
{"obj": {"type": "AssignInt", "path": ["parameters", "n_epochs"], "value": 40}, "version": 31}
{"obj": {"type": "AssignInt", "path": ["parameters", "start_epoch"], "value": 1}, "version": 32}
{"obj": {"type": "AssignBool", "path": ["parameters", "transform"], "value": true}, "version": 33}
{"obj": {"type": "AssignString", "path": ["parameters", "load_checkpoint"], "value": "['', '', '', '', '']"}, "version": 34}
{"obj": {"type": "AssignString", "path": ["parameters", "hold_out"], "value": "[0, 1, 2, 3, 4]"}, "version": 35}
{"obj": {"type": "AssignString", "path": ["parameters", "df_train_path"], "value": "/workspace/data/df_train_study_level.csv"}, "version": 36}
{"obj": {"type": "AssignInt", "path": ["parameters", "accumulation_steps"], "value": 1}, "version": 37}
{"obj": {"type": "AssignInt", "path": ["parameters", "early_stopping_steps"], "value": 12}, "version": 38}
{"obj": {"type": "AssignBool", "path": ["parameters", "freeze_bn"], "value": false}, "version": 39}
{"obj": {"type": "AssignString", "path": ["parameters", "fold_name"], "value": "cv"}, "version": 40}
{"obj": {"type": "AssignBool", "path": ["parameters", "clahe"], "value": false}, "version": 41}
{"obj": {"type": "AssignBool", "path": ["parameters", "mix"], "value": false}, "version": 42}
{"obj": {"type": "AssignBool", "path": ["parameters", "use_amp"], "value": true}, "version": 43}
{"obj": {"type": "LogFloats", "path": ["monitoring", "memory"], "values": [{"value": 33.74665832519531, "step": null, "ts": 1622999000.0117056}]}, "version": 44}
{"obj": {"type": "LogFloats", "path": ["monitoring", "gpu_1"], "values": [{"value": 4.0, "step": null, "ts": 1622999000.0117056}]}, "version": 45}
{"obj": {"type": "LogFloats", "path": ["monitoring", "gpu_memory_0"], "values": [{"value": 0.00860595703125, "step": null, "ts": 1622999000.0117056}]}, "version": 46}
{"obj": {"type": "LogFloats", "path": ["monitoring", "gpu_memory_1"], "values": [{"value": 4.678955078125, "step": null, "ts": 1622999000.0117056}]}, "version": 47}
{"obj": {"type": "LogFloats", "path": ["monitoring", "cpu"], "values": [{"value": 7.263840871420377, "step": null, "ts": 1622999010.0195847}]}, "version": 48}
{"obj": {"type": "LogFloats", "path": ["monitoring", "memory"], "values": [{"value": 34.24702453613281, "step": null, "ts": 1622999010.0195847}]}, "version": 49}
{"obj": {"type": "LogFloats", "path": ["monitoring", "gpu_1"], "values": [{"value": 6.0, "step": null, "ts": 1622999010.0195847}]}, "version": 50}
{"obj": {"type": "LogFloats", "path": ["monitoring", "gpu_memory_0"], "values": [{"value": 0.00860595703125, "step": null, "ts": 1622999010.0195847}]}, "version": 51}
{"obj": {"type": "LogFloats", "path": ["monitoring", "gpu_memory_1"], "values": [{"value": 5.16162109375, "step": null, "ts": 1622999010.0195847}]}, "version": 52}
{"obj": {"type": "LogFloats", "path": ["Learning Rate"], "values": [{"value": 0.0001, "step": null, "ts": 1622999010.953247}]}, "version": 53}
{"obj": {"type": "LogStrings", "path": ["monitoring", "stderr"], "values": [{"value": "\r  0%|                                                                                                                                                                                      | 0/158 [00:00<?, ?it/s]", "step": null, "ts": 1622999010.9542372}]}, "version": 54}
{"obj": {"type": "LogFloats", "path": ["monitoring", "cpu"], "values": [{"value": 38.15862627112073, "step": null, "ts": 1622999020.023124}]}, "version": 55}
{"obj": {"type": "LogFloats", "path": ["monitoring", "memory"], "values": [{"value": 39.52888488769531, "step": null, "ts": 1622999020.023124}]}, "version": 56}
{"obj": {"type": "LogFloats", "path": ["monitoring", "gpu_1"], "values": [{"value": 2.0, "step": null, "ts": 1622999020.023124}]}, "version": 57}
{"obj": {"type": "LogFloats", "path": ["monitoring", "gpu_memory_0"], "values": [{"value": 0.00860595703125, "step": null, "ts": 1622999020.023124}]}, "version": 58}
{"obj": {"type": "LogFloats", "path": ["monitoring", "gpu_memory_1"], "values": [{"value": 5.6968994140625, "step": null, "ts": 1622999020.023124}]}, "version": 59}
{"obj": {"type": "LogFloats", "path": ["monitoring", "cpu"], "values": [{"value": 38.534506083671396, "step": null, "ts": 1622999030.03526}]}, "version": 60}
{"obj": {"type": "LogFloats", "path": ["monitoring", "memory"], "values": [{"value": 39.76218795776367, "step": null, "ts": 1622999030.03526}]}, "version": 61}
{"obj": {"type": "LogFloats", "path": ["monitoring", "gpu_1"], "values": [{"value": 15.0, "step": null, "ts": 1622999030.03526}]}, "version": 62}
{"obj": {"type": "LogFloats", "path": ["monitoring", "gpu_memory_0"], "values": [{"value": 0.00860595703125, "step": null, "ts": 1622999030.03526}]}, "version": 63}
{"obj": {"type": "LogFloats", "path": ["monitoring", "gpu_memory_1"], "values": [{"value": 5.6868896484375, "step": null, "ts": 1622999030.03526}]}, "version": 64}
{"obj": {"type": "LogFloats", "path": ["monitoring", "cpu"], "values": [{"value": 38.15928042710182, "step": null, "ts": 1622999040.0482285}]}, "version": 65}
{"obj": {"type": "LogFloats", "path": ["monitoring", "memory"], "values": [{"value": 40.01203536987305, "step": null, "ts": 1622999040.0482285}]}, "version": 66}
{"obj": {"type": "LogFloats", "path": ["monitoring", "gpu_1"], "values": [{"value": 19.0, "step": null, "ts": 1622999040.0482285}]}, "version": 67}
{"obj": {"type": "LogFloats", "path": ["monitoring", "gpu_memory_0"], "values": [{"value": 0.00860595703125, "step": null, "ts": 1622999040.0482285}]}, "version": 68}
{"obj": {"type": "LogFloats", "path": ["monitoring", "gpu_memory_1"], "values": [{"value": 5.6868896484375, "step": null, "ts": 1622999040.0482285}]}, "version": 69}
{"obj": {"type": "LogFloats", "path": ["monitoring", "cpu"], "values": [{"value": 39.765426772181364, "step": null, "ts": 1622999050.0584378}]}, "version": 70}
{"obj": {"type": "LogFloats", "path": ["monitoring", "memory"], "values": [{"value": 41.44258499145508, "step": null, "ts": 1622999050.0584378}]}, "version": 71}
{"obj": {"type": "LogFloats", "path": ["monitoring", "gpu_1"], "values": [{"value": 98.0, "step": null, "ts": 1622999050.0584378}]}, "version": 72}
{"obj": {"type": "LogFloats", "path": ["monitoring", "gpu_memory_0"], "values": [{"value": 0.00860595703125, "step": null, "ts": 1622999050.0584378}]}, "version": 73}
{"obj": {"type": "LogFloats", "path": ["monitoring", "gpu_memory_1"], "values": [{"value": 17.6634521484375, "step": null, "ts": 1622999050.0584378}]}, "version": 74}
{"obj": {"type": "LogStrings", "path": ["monitoring", "stderr"], "values": [{"value": "\rloss: 1.186840534210205 loss(avg): 1.186840534210205:   0%|                                                                                                                                | 0/158 [00:41<?, ?it/s]", "step": null, "ts": 1622999052.3088279}]}, "version": 75}
{"obj": {"type": "LogStrings", "path": ["monitoring", "stderr"], "values": [{"value": "\rloss: 1.186840534210205 loss(avg): 1.186840534210205:   1%|\u258b                                                                                                                     | 1/158 [00:41<1:48:12, 41.36s/it]", "step": null, "ts": 1622999052.309898}]}, "version": 76}
{"obj": {"type": "LogStrings", "path": ["monitoring", "stderr"], "values": [{"value": "\rloss: 0.9505964517593384 loss(avg): 1.0687184929847717:   1%|\u258b                                                                                                                   | 1/158 [00:42<1:48:12, 41.36s/it]", "step": null, "ts": 1622999053.7354133}]}, "version": 77}
{"obj": {"type": "LogStrings", "path": ["monitoring", "stderr"], "values": [{"value": "\rloss: 0.9505964517593384 loss(avg): 1.0687184929847717:   1%|\u2588\u258d                                                                                                                  | 2/158 [00:42<1:16:22, 29.38s/it]", "step": null, "ts": 1622999053.736057}]}, "version": 78}
{"obj": {"type": "LogStrings", "path": ["monitoring", "stderr"], "values": [{"value": "\rloss: 0.9467544555664062 loss(avg): 1.0280638138453166:   1%|\u2588\u258d                                                                                                                  | 2/158 [00:43<1:16:22, 29.38s/it]", "step": null, "ts": 1622999054.6502867}]}, "version": 79}
{"obj": {"type": "LogStrings", "path": ["monitoring", "stderr"], "values": [{"value": "\rloss: 0.9467544555664062 loss(avg): 1.0280638138453166:   2%|\u2588\u2588\u258f                                                                                                                   | 3/158 [00:43<53:49, 20.84s/it]", "step": null, "ts": 1622999054.6509764}]}, "version": 80}
{"obj": {"type": "LogStrings", "path": ["monitoring", "stderr"], "values": [{"value": "\rloss: 0.7385048270225525 loss(avg): 0.9556740671396255:   2%|\u2588\u2588\u258f                                                                                                                   | 3/158 [00:44<53:49, 20.84s/it]", "step": null, "ts": 1622999055.478674}]}, "version": 81}
{"obj": {"type": "LogStrings", "path": ["monitoring", "stderr"], "values": [{"value": "\rloss: 0.7385048270225525 loss(avg): 0.9556740671396255:   3%|\u2588\u2588\u2589                                                                                                                   | 4/158 [00:44<38:04, 14.84s/it]", "step": null, "ts": 1622999055.479331}]}, "version": 82}
{"obj": {"type": "LogStrings", "path": ["monitoring", "stderr"], "values": [{"value": "\rloss: 0.7015971541404724 loss(avg): 0.9048586845397949:   3%|\u2588\u2588\u2589                                                                                                                   | 4/158 [00:45<38:04, 14.84s/it]", "step": null, "ts": 1622999056.2216258}]}, "version": 83}
{"obj": {"type": "LogStrings", "path": ["monitoring", "stderr"], "values": [{"value": "\rloss: 0.7015971541404724 loss(avg): 0.9048586845397949:   3%|\u2588\u2588\u2588\u258b                                                                                                                  | 5/158 [00:45<27:02, 10.61s/it]", "step": null, "ts": 1622999056.2221875}]}, "version": 84}
{"obj": {"type": "LogStrings", "path": ["monitoring", "stderr"], "values": [{"value": "\rloss: 0.7127771973609924 loss(avg): 0.8728451033433278:   3%|\u2588\u2588\u2588\u258b                                                                                                                  | 5/158 [00:46<27:02, 10.61s/it]", "step": null, "ts": 1622999057.0000286}]}, "version": 85}
{"obj": {"type": "LogStrings", "path": ["monitoring", "stderr"], "values": [{"value": "\rloss: 0.7127771973609924 loss(avg): 0.8728451033433278:   4%|\u2588\u2588\u2588\u2588\u258d                                                                                                                 | 6/158 [00:46<19:24,  7.66s/it]", "step": null, "ts": 1622999057.000709}]}, "version": 86}
{"obj": {"type": "LogStrings", "path": ["monitoring", "stderr"], "values": [{"value": "\rloss: 0.6448430418968201 loss(avg): 0.8402733802795409:   4%|\u2588\u2588\u2588\u2588\u258d                                                                                                                 | 6/158 [00:46<19:24,  7.66s/it]", "step": null, "ts": 1622999057.7351527}]}, "version": 87}
{"obj": {"type": "LogStrings", "path": ["monitoring", "stderr"], "values": [{"value": "\rloss: 0.6448430418968201 loss(avg): 0.8402733802795409:   4%|\u2588\u2588\u2588\u2588\u2588\u258f                                                                                                                | 7/158 [00:46<14:02,  5.58s/it]", "step": null, "ts": 1622999057.7358565}]}, "version": 88}
{"obj": {"type": "LogStrings", "path": ["monitoring", "stderr"], "values": [{"value": "\rloss: 0.7073524594306946 loss(avg): 0.8236582651734351:   4%|\u2588\u2588\u2588\u2588\u2588\u258f                                                                                                                | 7/158 [00:47<14:02,  5.58s/it]", "step": null, "ts": 1622999058.4954052}]}, "version": 89}
{"obj": {"type": "LogStrings", "path": ["monitoring", "stderr"], "values": [{"value": "\rloss: 0.7073524594306946 loss(avg): 0.8236582651734351:   5%|\u2588\u2588\u2588\u2588\u2588\u2589                                                                                                                | 8/158 [00:47<10:20,  4.14s/it]", "step": null, "ts": 1622999058.4960134}]}, "version": 90}
{"obj": {"type": "LogStrings", "path": ["monitoring", "stderr"], "values": [{"value": "\rloss: 0.7937437295913696 loss(avg): 0.820334427886539:   5%|\u2588\u2588\u2588\u2588\u2588\u2588                                                                                                                 | 8/158 [00:48<10:20,  4.14s/it]", "step": null, "ts": 1622999059.2256944}]}, "version": 91}
{"obj": {"type": "LogStrings", "path": ["monitoring", "stderr"], "values": [{"value": "\rloss: 0.7937437295913696 loss(avg): 0.820334427886539:   6%|\u2588\u2588\u2588\u2588\u2588\u2588\u258a                                                                                                                | 9/158 [00:48<07:43,  3.11s/it]", "step": null, "ts": 1622999059.226271}]}, "version": 92}
{"obj": {"type": "LogStrings", "path": ["monitoring", "stderr"], "values": [{"value": "\rloss: 0.7199344635009766 loss(avg): 0.8102944314479827:   6%|\u2588\u2588\u2588\u2588\u2588\u2588\u258b                                                                                                               | 9/158 [00:48<07:43,  3.11s/it]", "step": null, "ts": 1622999059.9533546}]}, "version": 93}
{"obj": {"type": "LogStrings", "path": ["monitoring", "stderr"], "values": [{"value": "\rloss: 0.7199344635009766 loss(avg): 0.8102944314479827:   6%|\u2588\u2588\u2588\u2588\u2588\u2588\u2588\u258d                                                                                                             | 10/158 [00:48<05:54,  2.40s/it]", "step": null, "ts": 1622999059.9539368}]}, "version": 94}
{"obj": {"type": "LogFloats", "path": ["monitoring", "cpu"], "values": [{"value": 40.10229142836867, "step": null, "ts": 1622999060.0624602}]}, "version": 95}
{"obj": {"type": "LogFloats", "path": ["monitoring", "memory"], "values": [{"value": 40.62311935424805, "step": null, "ts": 1622999060.0624602}]}, "version": 96}
{"obj": {"type": "LogFloats", "path": ["monitoring", "gpu_1"], "values": [{"value": 77.0, "step": null, "ts": 1622999060.0624602}]}, "version": 97}
{"obj": {"type": "LogFloats", "path": ["monitoring", "gpu_memory_0"], "values": [{"value": 0.00860595703125, "step": null, "ts": 1622999060.0624602}]}, "version": 98}
{"obj": {"type": "LogFloats", "path": ["monitoring", "gpu_memory_1"], "values": [{"value": 23.2005615234375, "step": null, "ts": 1622999060.0624602}]}, "version": 99}
{"obj": {"type": "LogStrings", "path": ["monitoring", "stderr"], "values": [{"value": "\rloss: 0.6786131858825684 loss(avg): 0.7983234091238541:   6%|\u2588\u2588\u2588\u2588\u2588\u2588\u2588\u258d                                                                                                             | 10/158 [00:49<05:54,  2.40s/it]", "step": null, "ts": 1622999060.7439692}]}, "version": 100}
{"obj": {"type": "LogStrings", "path": ["monitoring", "stderr"], "values": [{"value": "\rloss: 0.6786131858825684 loss(avg): 0.7983234091238541:   7%|\u2588\u2588\u2588\u2588\u2588\u2588\u2588\u2588\u258f                                                                                                            | 11/158 [00:49<04:41,  1.92s/it]", "step": null, "ts": 1622999060.7447612}]}, "version": 101}
{"obj": {"type": "LogStrings", "path": ["monitoring", "stderr"], "values": [{"value": "\rloss: 0.5878118276596069 loss(avg): 0.7807807773351668:   7%|\u2588\u2588\u2588\u2588\u2588\u2588\u2588\u2588\u258f                                                                                                            | 11/158 [00:50<04:41,  1.92s/it]", "step": null, "ts": 1622999061.7641592}]}, "version": 102}
{"obj": {"type": "LogStrings", "path": ["monitoring", "stderr"], "values": [{"value": "\rloss: 0.5878118276596069 loss(avg): 0.7807807773351668:   8%|\u2588\u2588\u2588\u2588\u2588\u2588\u2588\u2588\u2589                                                                                                            | 12/158 [00:50<04:00,  1.65s/it]", "step": null, "ts": 1622999061.7653525}]}, "version": 103}
{"obj": {"type": "LogFloats", "path": ["monitoring", "cpu"], "values": [{"value": 38.48657871083872, "step": null, "ts": 1622999070.0669332}]}, "version": 104}
{"obj": {"type": "LogFloats", "path": ["monitoring", "memory"], "values": [{"value": 41.357154846191406, "step": null, "ts": 1622999070.0669332}]}, "version": 105}
{"obj": {"type": "LogFloats", "path": ["monitoring", "gpu_memory_0"], "values": [{"value": 0.00860595703125, "step": null, "ts": 1622999070.0669332}]}, "version": 106}
{"obj": {"type": "LogFloats", "path": ["monitoring", "gpu_memory_1"], "values": [{"value": 23.2005615234375, "step": null, "ts": 1622999070.0669332}]}, "version": 107}
{"obj": {"type": "LogStrings", "path": ["monitoring", "stderr"], "values": [{"value": "\rloss: 0.7717856764793396 loss(avg): 0.7800888465001032:   8%|\u2588\u2588\u2588\u2588\u2588\u2588\u2588\u2588\u2589                                                                                                            | 12/158 [01:02<04:00,  1.65s/it]", "step": null, "ts": 1622999073.841076}]}, "version": 108}
{"obj": {"type": "LogStrings", "path": ["monitoring", "stderr"], "values": [{"value": "\rloss: 0.7717856764793396 loss(avg): 0.7800888465001032:   8%|\u2588\u2588\u2588\u2588\u2588\u2588\u2588\u2588\u2588\u258b                                                                                                           | 13/158 [01:02<11:32,  4.78s/it]", "step": null, "ts": 1622999073.841852}]}, "version": 109}
{"obj": {"type": "LogFloats", "path": ["monitoring", "cpu"], "values": [{"value": 38.740753041440726, "step": null, "ts": 1622999080.0783877}]}, "version": 110}
{"obj": {"type": "LogFloats", "path": ["monitoring", "memory"], "values": [{"value": 42.0405158996582, "step": null, "ts": 1622999080.0783877}]}, "version": 111}
{"obj": {"type": "LogFloats", "path": ["monitoring", "gpu_memory_0"], "values": [{"value": 0.00860595703125, "step": null, "ts": 1622999080.0783877}]}, "version": 112}
{"obj": {"type": "LogFloats", "path": ["monitoring", "gpu_memory_1"], "values": [{"value": 23.200927734375, "step": null, "ts": 1622999080.0783877}]}, "version": 113}
{"obj": {"type": "LogStrings", "path": ["monitoring", "stderr"], "values": [{"value": "\rloss: 0.551952600479126 loss(avg): 0.7637934003557477:   8%|\u2588\u2588\u2588\u2588\u2588\u2588\u2588\u2588\u2588\u258b                                                                                                            | 13/158 [01:12<11:32,  4.78s/it]", "step": null, "ts": 1622999083.5181694}]}, "version": 114}
{"obj": {"type": "LogStrings", "path": ["monitoring", "stderr"], "values": [{"value": "\rloss: 0.551952600479126 loss(avg): 0.7637934003557477:   9%|\u2588\u2588\u2588\u2588\u2588\u2588\u2588\u2588\u2588\u2588\u258d                                                                                                           | 14/158 [01:12<14:59,  6.25s/it]", "step": null, "ts": 1622999083.5188081}]}, "version": 115}
{"obj": {"type": "LogStrings", "path": ["monitoring", "stderr"], "values": [{"value": "\rloss: 0.6424272060394287 loss(avg): 0.7557023207346598:   9%|\u2588\u2588\u2588\u2588\u2588\u2588\u2588\u2588\u2588\u2588\u258e                                                                                                          | 14/158 [01:14<14:59,  6.25s/it]", "step": null, "ts": 1622999085.1301963}]}, "version": 116}
{"obj": {"type": "LogStrings", "path": ["monitoring", "stderr"], "values": [{"value": "\rloss: 0.6424272060394287 loss(avg): 0.7557023207346598:   9%|\u2588\u2588\u2588\u2588\u2588\u2588\u2588\u2588\u2588\u2588\u2588                                                                                                          | 15/158 [01:14<11:34,  4.86s/it]", "step": null, "ts": 1622999085.1309006}]}, "version": 117}
{"obj": {"type": "LogStrings", "path": ["monitoring", "stderr"], "values": [{"value": "\rloss: 0.579515278339386 loss(avg): 0.7446906305849552:   9%|\u2588\u2588\u2588\u2588\u2588\u2588\u2588\u2588\u2588\u2588\u2588\u258f                                                                                                          | 15/158 [01:14<11:34,  4.86s/it]", "step": null, "ts": 1622999085.8724535}]}, "version": 118}
{"obj": {"type": "LogStrings", "path": ["monitoring", "stderr"], "values": [{"value": "\rloss: 0.579515278339386 loss(avg): 0.7446906305849552:  10%|\u2588\u2588\u2588\u2588\u2588\u2588\u2588\u2588\u2588\u2588\u2588\u2589                                                                                                          | 16/158 [01:14<08:34,  3.62s/it]", "step": null, "ts": 1622999085.873153}]}, "version": 119}
{"obj": {"type": "LogStrings", "path": ["monitoring", "stderr"], "values": [{"value": "\rloss: 0.5528872013092041 loss(avg): 0.7334080759216758:  10%|\u2588\u2588\u2588\u2588\u2588\u2588\u2588\u2588\u2588\u2588\u2588\u258a                                                                                                         | 16/158 [01:15<08:34,  3.62s/it]", "step": null, "ts": 1622999086.677588}]}, "version": 120}
{"obj": {"type": "LogStrings", "path": ["monitoring", "stderr"], "values": [{"value": "\rloss: 0.5528872013092041 loss(avg): 0.7334080759216758:  11%|\u2588\u2588\u2588\u2588\u2588\u2588\u2588\u2588\u2588\u2588\u2588\u2588\u258c                                                                                                        | 17/158 [01:15<06:31,  2.78s/it]", "step": null, "ts": 1622999086.6783385}]}, "version": 121}
{"obj": {"type": "LogStrings", "path": ["monitoring", "stderr"], "values": [{"value": "\rloss: 0.8020702600479126 loss(avg): 0.7372226417064667:  11%|\u2588\u2588\u2588\u2588\u2588\u2588\u2588\u2588\u2588\u2588\u2588\u2588\u258c                                                                                                        | 17/158 [01:16<06:31,  2.78s/it]", "step": null, "ts": 1622999087.4169765}]}, "version": 122}
{"obj": {"type": "LogStrings", "path": ["monitoring", "stderr"], "values": [{"value": "\rloss: 0.8020702600479126 loss(avg): 0.7372226417064667:  11%|\u2588\u2588\u2588\u2588\u2588\u2588\u2588\u2588\u2588\u2588\u2588\u2588\u2588\u258e                                                                                                       | 18/158 [01:16<05:03,  2.17s/it]", "step": null, "ts": 1622999087.4176905}]}, "version": 123}
{"obj": {"type": "LogStrings", "path": ["monitoring", "stderr"], "values": [{"value": "\rloss: 0.6132176518440247 loss(avg): 0.7306960632926539:  11%|\u2588\u2588\u2588\u2588\u2588\u2588\u2588\u2588\u2588\u2588\u2588\u2588\u2588\u258e                                                                                                       | 18/158 [01:17<05:03,  2.17s/it]", "step": null, "ts": 1622999088.158464}]}, "version": 124}
{"obj": {"type": "LogStrings", "path": ["monitoring", "stderr"], "values": [{"value": "\rloss: 0.6132176518440247 loss(avg): 0.7306960632926539:  12%|\u2588\u2588\u2588\u2588\u2588\u2588\u2588\u2588\u2588\u2588\u2588\u2588\u2588\u2588                                                                                                       | 19/158 [01:17<04:01,  1.74s/it]", "step": null, "ts": 1622999088.159121}]}, "version": 125}
{"obj": {"type": "LogStrings", "path": ["monitoring", "stderr"], "values": [{"value": "\rloss: 0.7748907804489136 loss(avg): 0.7329057991504669:  12%|\u2588\u2588\u2588\u2588\u2588\u2588\u2588\u2588\u2588\u2588\u2588\u2588\u2588\u2588                                                                                                       | 19/158 [01:17<04:01,  1.74s/it]", "step": null, "ts": 1622999088.89612}]}, "version": 126}
{"obj": {"type": "LogStrings", "path": ["monitoring", "stderr"], "values": [{"value": "\rloss: 0.7748907804489136 loss(avg): 0.7329057991504669:  13%|\u2588\u2588\u2588\u2588\u2588\u2588\u2588\u2588\u2588\u2588\u2588\u2588\u2588\u2588\u258a                                                                                                      | 20/158 [01:17<03:18,  1.44s/it]", "step": null, "ts": 1622999088.896731}]}, "version": 127}
{"obj": {"type": "LogStrings", "path": ["monitoring", "stderr"], "values": [{"value": "\rloss: 0.6303313970565796 loss(avg): 0.7280213038126628:  13%|\u2588\u2588\u2588\u2588\u2588\u2588\u2588\u2588\u2588\u2588\u2588\u2588\u2588\u2588\u258a                                                                                                      | 20/158 [01:18<03:18,  1.44s/it]", "step": null, "ts": 1622999089.6007936}]}, "version": 128}
{"obj": {"type": "LogStrings", "path": ["monitoring", "stderr"], "values": [{"value": "\rloss: 0.6303313970565796 loss(avg): 0.7280213038126628:  13%|\u2588\u2588\u2588\u2588\u2588\u2588\u2588\u2588\u2588\u2588\u2588\u2588\u2588\u2588\u2588\u258c                                                                                                     | 21/158 [01:18<02:46,  1.22s/it]", "step": null, "ts": 1622999089.6014323}]}, "version": 129}
{"obj": {"type": "LogFloats", "path": ["monitoring", "cpu"], "values": [{"value": 39.6413666085301, "step": null, "ts": 1622999090.08608}]}, "version": 130}
{"obj": {"type": "LogFloats", "path": ["monitoring", "memory"], "values": [{"value": 41.9187126159668, "step": null, "ts": 1622999090.08608}]}, "version": 131}
{"obj": {"type": "LogFloats", "path": ["monitoring", "gpu_1"], "values": [{"value": 99.0, "step": null, "ts": 1622999090.08608}]}, "version": 132}
{"obj": {"type": "LogFloats", "path": ["monitoring", "gpu_memory_0"], "values": [{"value": 0.00860595703125, "step": null, "ts": 1622999090.08608}]}, "version": 133}
{"obj": {"type": "LogFloats", "path": ["monitoring", "gpu_memory_1"], "values": [{"value": 23.20068359375, "step": null, "ts": 1622999090.08608}]}, "version": 134}
{"obj": {"type": "LogStrings", "path": ["monitoring", "stderr"], "values": [{"value": "\rloss: 0.5520168542861938 loss(avg): 0.7200211015614597:  13%|\u2588\u2588\u2588\u2588\u2588\u2588\u2588\u2588\u2588\u2588\u2588\u2588\u2588\u2588\u2588\u258c                                                                                                     | 21/158 [01:19<02:46,  1.22s/it]", "step": null, "ts": 1622999090.3134575}]}, "version": 135}
{"obj": {"type": "LogStrings", "path": ["monitoring", "stderr"], "values": [{"value": "\rloss: 0.5520168542861938 loss(avg): 0.7200211015614597:  14%|\u2588\u2588\u2588\u2588\u2588\u2588\u2588\u2588\u2588\u2588\u2588\u2588\u2588\u2588\u2588\u2588\u258e                                                                                                    | 22/158 [01:19<02:25,  1.07s/it]", "step": null, "ts": 1622999090.3141177}]}, "version": 136}
{"obj": {"type": "LogStrings", "path": ["monitoring", "stderr"], "values": [{"value": "\rloss: 0.519903838634491 loss(avg): 0.7113203509994176:  14%|\u2588\u2588\u2588\u2588\u2588\u2588\u2588\u2588\u2588\u2588\u2588\u2588\u2588\u2588\u2588\u2588\u258d                                                                                                     | 22/158 [01:20<02:25,  1.07s/it]", "step": null, "ts": 1622999091.0337114}]}, "version": 137}
{"obj": {"type": "LogStrings", "path": ["monitoring", "stderr"], "values": [{"value": "\rloss: 0.519903838634491 loss(avg): 0.7113203509994176:  15%|\u2588\u2588\u2588\u2588\u2588\u2588\u2588\u2588\u2588\u2588\u2588\u2588\u2588\u2588\u2588\u2588\u2588\u258f                                                                                                    | 23/158 [01:20<02:09,  1.04it/s]", "step": null, "ts": 1622999091.034458}]}, "version": 138}
{"obj": {"type": "LogStrings", "path": ["monitoring", "stderr"], "values": [{"value": "\rloss: 0.6638503074645996 loss(avg): 0.7093424325188001:  15%|\u2588\u2588\u2588\u2588\u2588\u2588\u2588\u2588\u2588\u2588\u2588\u2588\u2588\u2588\u2588\u2588\u2588                                                                                                    | 23/158 [01:21<02:09,  1.04it/s]", "step": null, "ts": 1622999092.011279}]}, "version": 139}
{"obj": {"type": "LogStrings", "path": ["monitoring", "stderr"], "values": [{"value": "\rloss: 0.6638503074645996 loss(avg): 0.7093424325188001:  15%|\u2588\u2588\u2588\u2588\u2588\u2588\u2588\u2588\u2588\u2588\u2588\u2588\u2588\u2588\u2588\u2588\u2588\u258a                                                                                                   | 24/158 [01:21<02:09,  1.03it/s]", "step": null, "ts": 1622999092.0119507}]}, "version": 140}
{"obj": {"type": "LogFloats", "path": ["monitoring", "cpu"], "values": [{"value": 38.672947038630554, "step": null, "ts": 1622999100.0897994}]}, "version": 141}
{"obj": {"type": "LogFloats", "path": ["monitoring", "memory"], "values": [{"value": 43.60561752319336, "step": null, "ts": 1622999100.0897994}]}, "version": 142}
{"obj": {"type": "LogFloats", "path": ["monitoring", "gpu_1"], "values": [{"value": 2.0, "step": null, "ts": 1622999100.0897994}]}, "version": 143}
{"obj": {"type": "LogFloats", "path": ["monitoring", "gpu_memory_0"], "values": [{"value": 0.00860595703125, "step": null, "ts": 1622999100.0897994}]}, "version": 144}
{"obj": {"type": "LogFloats", "path": ["monitoring", "gpu_memory_1"], "values": [{"value": 23.20849609375, "step": null, "ts": 1622999100.0897994}]}, "version": 145}
{"obj": {"type": "LogStrings", "path": ["monitoring", "stderr"], "values": [{"value": "", "step": null, "ts": 1622999109.8779373}]}, "version": 146}
{"obj": {"type": "LogStrings", "path": ["monitoring", "stderr"], "values": [{"value": "\rloss: 0.6638503074645996 loss(avg): 0.7093424325188001:  15%|\u2588\u2588\u2588\u2588\u2588\u2588\u2588\u2588\u2588\u2588\u2588\u2588\u2588\u2588\u2588\u2588\u2588\u258a                                                                                                   | 24/158 [01:38<09:12,  4.12s/it]", "step": null, "ts": 1622999109.878924}]}, "version": 147}
{"obj": {"type": "LogStrings", "path": ["monitoring", "stderr"], "values": [{"value": "\n", "step": null, "ts": 1622999109.8790908}]}, "version": 148}
{"obj": {"type": "LogStrings", "path": ["monitoring", "traceback"], "values": [{"value": "An uncaught exception occurred while run was active on worker eea1fa52accd.", "step": null, "ts": 1622999109.8823938}, {"value": "Marking run as failed", "step": null, "ts": 1622999109.8823938}, {"value": "Traceback:", "step": null, "ts": 1622999109.8823938}, {"value": "  File \"siim-rsna-2021/exp/exp001/train.py\", line 520, in <module>\n    train_one_epoch(train_dataloader, model, device, criterion, use_amp, run, meters_dict)\n", "step": null, "ts": 1622999109.8823938}, {"value": "  File \"siim-rsna-2021/exp/exp001/train.py\", line 195, in train_one_epoch\n    for step_train, data in enumerate(progress_bar):\n", "step": null, "ts": 1622999109.8823938}, {"value": "  File \"/opt/conda/lib/python3.8/site-packages/tqdm/std.py\", line 1129, in __iter__\n    for obj in iterable:\n", "step": null, "ts": 1622999109.8823938}, {"value": "  File \"/opt/conda/lib/python3.8/site-packages/torch/utils/data/dataloader.py\", line 435, in __next__\n    data = self._next_data()\n", "step": null, "ts": 1622999109.8823938}, {"value": "  File \"/opt/conda/lib/python3.8/site-packages/torch/utils/data/dataloader.py\", line 1068, in _next_data\n    idx, data = self._get_data()\n", "step": null, "ts": 1622999109.8823938}, {"value": "  File \"/opt/conda/lib/python3.8/site-packages/torch/utils/data/dataloader.py\", line 1034, in _get_data\n    success, data = self._try_get_data()\n", "step": null, "ts": 1622999109.8823938}, {"value": "  File \"/opt/conda/lib/python3.8/site-packages/torch/utils/data/dataloader.py\", line 872, in _try_get_data\n    data = self._data_queue.get(timeout=timeout)\n", "step": null, "ts": 1622999109.8823938}, {"value": "  File \"/opt/conda/lib/python3.8/multiprocessing/queues.py\", line 107, in get\n    if not self._poll(timeout):\n", "step": null, "ts": 1622999109.8823938}, {"value": "  File \"/opt/conda/lib/python3.8/multiprocessing/connection.py\", line 257, in poll\n    return self._poll(timeout)\n", "step": null, "ts": 1622999109.8823938}, {"value": "  File \"/opt/conda/lib/python3.8/multiprocessing/connection.py\", line 424, in _poll\n    r = wait([self], timeout)\n", "step": null, "ts": 1622999109.8823938}, {"value": "  File \"/opt/conda/lib/python3.8/multiprocessing/connection.py\", line 931, in wait\n    ready = selector.select(timeout)\n", "step": null, "ts": 1622999109.8823938}, {"value": "  File \"/opt/conda/lib/python3.8/selectors.py\", line 415, in select\n    fd_event_list = self._selector.poll(timeout)\n", "step": null, "ts": 1622999109.8823938}, {"value": "", "step": null, "ts": 1622999109.8823938}]}, "version": 149}
{"obj": {"type": "AssignBool", "path": ["sys", "failed"], "value": true}, "version": 150}
{"obj": {"type": "LogStrings", "path": ["monitoring", "stderr"], "values": [{"value": "Traceback (most recent call last):\n", "step": null, "ts": 1622999109.8831506}]}, "version": 151}
{"obj": {"type": "LogStrings", "path": ["monitoring", "stderr"], "values": [{"value": "  File \"siim-rsna-2021/exp/exp001/train.py\", line 520, in <module>\n", "step": null, "ts": 1622999109.883256}]}, "version": 152}
{"obj": {"type": "LogStrings", "path": ["monitoring", "stderr"], "values": [{"value": "    ", "step": null, "ts": 1622999109.883585}]}, "version": 153}
{"obj": {"type": "LogStrings", "path": ["monitoring", "stderr"], "values": [{"value": "train_one_epoch(train_dataloader, model, device, criterion, use_amp, run, meters_dict)", "step": null, "ts": 1622999109.8836682}]}, "version": 154}
{"obj": {"type": "LogStrings", "path": ["monitoring", "stderr"], "values": [{"value": "\n", "step": null, "ts": 1622999109.8837419}]}, "version": 155}
{"obj": {"type": "LogStrings", "path": ["monitoring", "stderr"], "values": [{"value": "  File \"siim-rsna-2021/exp/exp001/train.py\", line 195, in train_one_epoch\n", "step": null, "ts": 1622999109.8838148}]}, "version": 156}
{"obj": {"type": "LogStrings", "path": ["monitoring", "stderr"], "values": [{"value": "    ", "step": null, "ts": 1622999109.8839462}]}, "version": 157}
{"obj": {"type": "LogStrings", "path": ["monitoring", "stderr"], "values": [{"value": "for step_train, data in enumerate(progress_bar):", "step": null, "ts": 1622999109.8840144}]}, "version": 158}
{"obj": {"type": "LogStrings", "path": ["monitoring", "stderr"], "values": [{"value": "\n", "step": null, "ts": 1622999109.8840854}]}, "version": 159}
{"obj": {"type": "LogStrings", "path": ["monitoring", "stderr"], "values": [{"value": "  File \"/opt/conda/lib/python3.8/site-packages/tqdm/std.py\", line 1129, in __iter__\n", "step": null, "ts": 1622999109.8841615}]}, "version": 160}
{"obj": {"type": "LogStrings", "path": ["monitoring", "stderr"], "values": [{"value": "    ", "step": null, "ts": 1622999109.8845618}]}, "version": 161}
{"obj": {"type": "LogStrings", "path": ["monitoring", "stderr"], "values": [{"value": "for obj in iterable:", "step": null, "ts": 1622999109.8847256}]}, "version": 162}
{"obj": {"type": "LogStrings", "path": ["monitoring", "stderr"], "values": [{"value": "\n", "step": null, "ts": 1622999109.88492}]}, "version": 163}
{"obj": {"type": "LogStrings", "path": ["monitoring", "stderr"], "values": [{"value": "  File \"/opt/conda/lib/python3.8/site-packages/torch/utils/data/dataloader.py\", line 435, in __next__\n", "step": null, "ts": 1622999109.885011}]}, "version": 164}
{"obj": {"type": "LogStrings", "path": ["monitoring", "stderr"], "values": [{"value": "    ", "step": null, "ts": 1622999109.8852391}]}, "version": 165}
{"obj": {"type": "LogStrings", "path": ["monitoring", "stderr"], "values": [{"value": "data = self._next_data()", "step": null, "ts": 1622999109.8853145}]}, "version": 166}
{"obj": {"type": "LogStrings", "path": ["monitoring", "stderr"], "values": [{"value": "\n", "step": null, "ts": 1622999109.8853834}]}, "version": 167}
{"obj": {"type": "LogStrings", "path": ["monitoring", "stderr"], "values": [{"value": "  File \"/opt/conda/lib/python3.8/site-packages/torch/utils/data/dataloader.py\", line 1068, in _next_data\n", "step": null, "ts": 1622999109.8854592}]}, "version": 168}
{"obj": {"type": "LogStrings", "path": ["monitoring", "stderr"], "values": [{"value": "    ", "step": null, "ts": 1622999109.8857887}]}, "version": 169}
{"obj": {"type": "LogStrings", "path": ["monitoring", "stderr"], "values": [{"value": "idx, data = self._get_data()", "step": null, "ts": 1622999109.8858688}]}, "version": 170}
{"obj": {"type": "LogStrings", "path": ["monitoring", "stderr"], "values": [{"value": "\n", "step": null, "ts": 1622999109.8859513}]}, "version": 171}
{"obj": {"type": "LogStrings", "path": ["monitoring", "stderr"], "values": [{"value": "  File \"/opt/conda/lib/python3.8/site-packages/torch/utils/data/dataloader.py\", line 1034, in _get_data\n", "step": null, "ts": 1622999109.886047}]}, "version": 172}
{"obj": {"type": "LogStrings", "path": ["monitoring", "stderr"], "values": [{"value": "    ", "step": null, "ts": 1622999109.8863626}]}, "version": 173}
{"obj": {"type": "LogStrings", "path": ["monitoring", "stderr"], "values": [{"value": "success, data = self._try_get_data()", "step": null, "ts": 1622999109.8864343}]}, "version": 174}
{"obj": {"type": "LogStrings", "path": ["monitoring", "stderr"], "values": [{"value": "\n", "step": null, "ts": 1622999109.8865068}]}, "version": 175}
{"obj": {"type": "LogStrings", "path": ["monitoring", "stderr"], "values": [{"value": "  File \"/opt/conda/lib/python3.8/site-packages/torch/utils/data/dataloader.py\", line 872, in _try_get_data\n", "step": null, "ts": 1622999109.8865802}]}, "version": 176}
{"obj": {"type": "LogStrings", "path": ["monitoring", "stderr"], "values": [{"value": "    ", "step": null, "ts": 1622999109.886904}]}, "version": 177}
{"obj": {"type": "LogStrings", "path": ["monitoring", "stderr"], "values": [{"value": "data = self._data_queue.get(timeout=timeout)", "step": null, "ts": 1622999109.886974}]}, "version": 178}
{"obj": {"type": "LogStrings", "path": ["monitoring", "stderr"], "values": [{"value": "\n", "step": null, "ts": 1622999109.8870447}]}, "version": 179}
{"obj": {"type": "LogStrings", "path": ["monitoring", "stderr"], "values": [{"value": "  File \"/opt/conda/lib/python3.8/multiprocessing/queues.py\", line 107, in get\n", "step": null, "ts": 1622999109.8871162}]}, "version": 180}
{"obj": {"type": "LogStrings", "path": ["monitoring", "stderr"], "values": [{"value": "    ", "step": null, "ts": 1622999109.8872576}]}, "version": 181}
{"obj": {"type": "LogStrings", "path": ["monitoring", "stderr"], "values": [{"value": "if not self._poll(timeout):", "step": null, "ts": 1622999109.8873258}]}, "version": 182}
{"obj": {"type": "LogStrings", "path": ["monitoring", "stderr"], "values": [{"value": "\n", "step": null, "ts": 1622999109.887396}]}, "version": 183}
{"obj": {"type": "LogStrings", "path": ["monitoring", "stderr"], "values": [{"value": "  File \"/opt/conda/lib/python3.8/multiprocessing/connection.py\", line 257, in poll\n", "step": null, "ts": 1622999109.8874705}]}, "version": 184}
{"obj": {"type": "LogStrings", "path": ["monitoring", "stderr"], "values": [{"value": "    ", "step": null, "ts": 1622999109.8876264}]}, "version": 185}
{"obj": {"type": "LogStrings", "path": ["monitoring", "stderr"], "values": [{"value": "return self._poll(timeout)", "step": null, "ts": 1622999109.8876953}]}, "version": 186}
{"obj": {"type": "LogStrings", "path": ["monitoring", "stderr"], "values": [{"value": "\n", "step": null, "ts": 1622999109.887765}]}, "version": 187}
{"obj": {"type": "LogStrings", "path": ["monitoring", "stderr"], "values": [{"value": "  File \"/opt/conda/lib/python3.8/multiprocessing/connection.py\", line 424, in _poll\n", "step": null, "ts": 1622999109.8878396}]}, "version": 188}
{"obj": {"type": "LogStrings", "path": ["monitoring", "stderr"], "values": [{"value": "    ", "step": null, "ts": 1622999109.888011}]}, "version": 189}
{"obj": {"type": "LogStrings", "path": ["monitoring", "stderr"], "values": [{"value": "r = wait([self], timeout)", "step": null, "ts": 1622999109.8880796}]}, "version": 190}
{"obj": {"type": "LogStrings", "path": ["monitoring", "stderr"], "values": [{"value": "\n", "step": null, "ts": 1622999109.888148}]}, "version": 191}
{"obj": {"type": "LogStrings", "path": ["monitoring", "stderr"], "values": [{"value": "  File \"/opt/conda/lib/python3.8/multiprocessing/connection.py\", line 931, in wait\n", "step": null, "ts": 1622999109.888217}]}, "version": 192}
{"obj": {"type": "LogStrings", "path": ["monitoring", "stderr"], "values": [{"value": "    ", "step": null, "ts": 1622999109.888468}]}, "version": 193}
{"obj": {"type": "LogStrings", "path": ["monitoring", "stderr"], "values": [{"value": "ready = selector.select(timeout)", "step": null, "ts": 1622999109.8885393}]}, "version": 194}
{"obj": {"type": "LogStrings", "path": ["monitoring", "stderr"], "values": [{"value": "\n", "step": null, "ts": 1622999109.8886082}]}, "version": 195}
{"obj": {"type": "LogStrings", "path": ["monitoring", "stderr"], "values": [{"value": "  File \"/opt/conda/lib/python3.8/selectors.py\", line 415, in select\n", "step": null, "ts": 1622999109.888688}]}, "version": 196}
{"obj": {"type": "LogStrings", "path": ["monitoring", "stderr"], "values": [{"value": "    ", "step": null, "ts": 1622999109.888867}]}, "version": 197}
{"obj": {"type": "LogStrings", "path": ["monitoring", "stderr"], "values": [{"value": "fd_event_list = self._selector.poll(timeout)", "step": null, "ts": 1622999109.8889368}]}, "version": 198}
{"obj": {"type": "LogStrings", "path": ["monitoring", "stderr"], "values": [{"value": "\n", "step": null, "ts": 1622999109.8890057}]}, "version": 199}
{"obj": {"type": "LogStrings", "path": ["monitoring", "stderr"], "values": [{"value": "KeyboardInterrupt", "step": null, "ts": 1622999109.8891096}]}, "version": 200}
{"obj": {"type": "LogStrings", "path": ["monitoring", "stderr"], "values": [{"value": "", "step": null, "ts": 1622999109.8892488}]}, "version": 201}
{"obj": {"type": "LogStrings", "path": ["monitoring", "stderr"], "values": [{"value": "\n", "step": null, "ts": 1622999109.8894205}]}, "version": 202}
{"obj": {"type": "LogStrings", "path": ["monitoring", "stdout"], "values": [{"value": "Shutting down background jobs, please wait a moment...\n", "step": null, "ts": 1622999109.8899887}]}, "version": 203}
