{"obj": {"type": "AssignString", "path": ["sys", "name"], "value": "exp001"}, "version": 1}
{"obj": {"type": "AssignString", "path": ["sys", "description"], "value": ""}, "version": 2}
{"obj": {"type": "AssignString", "path": ["sys", "hostname"], "value": "eea1fa52accd"}, "version": 3}
{"obj": {"type": "AddStrings", "path": ["sys", "tags"], "values": ["exp001", "cv0"]}, "version": 4}
{"obj": {"type": "AssignBool", "path": ["sys", "failed"], "value": false}, "version": 5}
{"obj": {"type": "ClearStringLog", "path": ["monitoring", "stdout"]}, "version": 6}
{"obj": {"type": "ClearStringLog", "path": ["monitoring", "stderr"]}, "version": 7}
{"obj": {"type": "AssignString", "path": ["source_code", "entrypoint"], "value": "train.py"}, "version": 8}
{"obj": {"type": "UploadFileSet", "path": ["source_code", "files"], "file_globs": ["/workspace/siim-rsna-2021/exp/exp001/train.py"], "reset": "False"}, "version": 9}
{"obj": {"type": "ConfigFloatSeries", "path": ["monitoring", "cpu"], "min": 0.0, "max": 100.0, "unit": "%"}, "version": 10}
{"obj": {"type": "ClearFloatLog", "path": ["monitoring", "cpu"]}, "version": 11}
{"obj": {"type": "ConfigFloatSeries", "path": ["monitoring", "memory"], "min": 0.0, "max": 62.78011703491211, "unit": "GB"}, "version": 12}
{"obj": {"type": "ClearFloatLog", "path": ["monitoring", "memory"]}, "version": 13}
{"obj": {"type": "ConfigFloatSeries", "path": ["monitoring", "gpu_0"], "min": 0.0, "max": 100.0, "unit": "%"}, "version": 14}
{"obj": {"type": "ClearFloatLog", "path": ["monitoring", "gpu_0"]}, "version": 15}
{"obj": {"type": "ConfigFloatSeries", "path": ["monitoring", "gpu_1"], "min": 0.0, "max": 100.0, "unit": "%"}, "version": 16}
{"obj": {"type": "ClearFloatLog", "path": ["monitoring", "gpu_1"]}, "version": 17}
{"obj": {"type": "ConfigFloatSeries", "path": ["monitoring", "gpu_memory_0"], "min": 0.0, "max": 23.6912841796875, "unit": "GB"}, "version": 18}
{"obj": {"type": "ClearFloatLog", "path": ["monitoring", "gpu_memory_0"]}, "version": 19}
{"obj": {"type": "ConfigFloatSeries", "path": ["monitoring", "gpu_memory_1"], "min": 0.0, "max": 23.6912841796875, "unit": "GB"}, "version": 20}
{"obj": {"type": "ClearFloatLog", "path": ["monitoring", "gpu_memory_1"]}, "version": 21}
{"obj": {"type": "LogStrings", "path": ["monitoring", "stdout"], "values": [{"value": "", "step": null, "ts": 1622998225.1803496}]}, "version": 22}
{"obj": {"type": "LogStrings", "path": ["monitoring", "stdout"], "values": [{"value": "https://app.neptune.ai/inoichan/siim-rsna-covid19-2021/e/SIIM-11\n", "step": null, "ts": 1622998225.1818092}]}, "version": 23}
{"obj": {"type": "AssignBool", "path": ["parameters", "debug"], "value": false}, "version": 24}
{"obj": {"type": "AssignString", "path": ["parameters", "exp_name"], "value": "exp001"}, "version": 25}
{"obj": {"type": "AssignString", "path": ["parameters", "model_name"], "value": "tf_efficientnet_b3_ns"}, "version": 26}
{"obj": {"type": "AssignInt", "path": ["parameters", "device_id"], "value": 0}, "version": 27}
{"obj": {"type": "AssignInt", "path": ["parameters", "batch_size"], "value": 32}, "version": 28}
{"obj": {"type": "AssignInt", "path": ["parameters", "img_size"], "value": 512}, "version": 29}
{"obj": {"type": "AssignInt", "path": ["parameters", "n_workers"], "value": 12}, "version": 30}
{"obj": {"type": "AssignInt", "path": ["parameters", "n_epochs"], "value": 40}, "version": 31}
{"obj": {"type": "AssignInt", "path": ["parameters", "start_epoch"], "value": 1}, "version": 32}
{"obj": {"type": "AssignBool", "path": ["parameters", "transform"], "value": true}, "version": 33}
{"obj": {"type": "AssignString", "path": ["parameters", "load_checkpoint"], "value": "['', '', '', '', '']"}, "version": 34}
{"obj": {"type": "AssignString", "path": ["parameters", "hold_out"], "value": "[0, 1, 2, 3, 4]"}, "version": 35}
{"obj": {"type": "AssignString", "path": ["parameters", "df_train_path"], "value": "/workspace/data/df_train_study_level.csv"}, "version": 36}
{"obj": {"type": "AssignInt", "path": ["parameters", "accumulation_steps"], "value": 1}, "version": 37}
{"obj": {"type": "AssignInt", "path": ["parameters", "early_stopping_steps"], "value": 12}, "version": 38}
{"obj": {"type": "AssignBool", "path": ["parameters", "freeze_bn"], "value": false}, "version": 39}
{"obj": {"type": "AssignString", "path": ["parameters", "fold_name"], "value": "cv"}, "version": 40}
{"obj": {"type": "AssignBool", "path": ["parameters", "clahe"], "value": false}, "version": 41}
{"obj": {"type": "AssignBool", "path": ["parameters", "mix"], "value": false}, "version": 42}
{"obj": {"type": "AssignBool", "path": ["parameters", "use_amp"], "value": true}, "version": 43}
{"obj": {"type": "LogFloats", "path": ["monitoring", "memory"], "values": [{"value": 35.17058181762695, "step": null, "ts": 1622998225.1792116}]}, "version": 44}
{"obj": {"type": "LogFloats", "path": ["monitoring", "gpu_1"], "values": [{"value": 9.0, "step": null, "ts": 1622998225.1792116}]}, "version": 45}
{"obj": {"type": "LogFloats", "path": ["monitoring", "gpu_memory_0"], "values": [{"value": 0.00860595703125, "step": null, "ts": 1622998225.1792116}]}, "version": 46}
{"obj": {"type": "LogFloats", "path": ["monitoring", "gpu_memory_1"], "values": [{"value": 4.6591796875, "step": null, "ts": 1622998225.1792116}]}, "version": 47}
{"obj": {"type": "LogStrings", "path": ["monitoring", "stderr"], "values": [{"value": "", "step": null, "ts": 1622998225.461153}]}, "version": 48}
{"obj": {"type": "LogStrings", "path": ["monitoring", "stderr"], "values": [{"value": "Warning: string series 'monitoring/stdout' value was longer than 1000 characters and was truncated. This warning is printed only once per series.\n", "step": null, "ts": 1622998225.4613602}]}, "version": 49}
{"obj": {"type": "LogStrings", "path": ["monitoring", "stdout"], "values": [{"value": "[[[-540.0655  -519.1071  -460.13333]\n  [-536.57056 -518.295   -459.70306]\n  [-536.5844  -518.2967  -459.70306]\n  ...\n  [-535.7885  -518.1982  -459.70306]\n  [-535.79205 -518.19867 -459.70306]\n  [-535.79425 -518.199   -459.70306]]\n\n [[-536.5907  -518.2975  -459.70306]\n  [-536.60474 -518.2992  -459.70306]\n  [-536.6216  -518.30133 -459.70306]\n  ...\n  [-535.807   -518.2005  -459.70306]\n  [-535.80927 -518.2008  -459.70306]\n  [-535.8099  -518.2009  -459.70306]]\n\n [[-536.65375 -518.30524 -459.70306]\n  [-536.6711  -518.3074  -459.70306]\n  [-536.6897  -518.30975 -459.70306]\n  ...\n  [-535.817   -518.2018  -459.70306]\n  [-535.81836 -518.20197 -459.70306]\n  [-535.8189  -518.202   -459.70306]]\n\n ...\n\n [[-537.70874 -518.4357  -459.70306]\n  [-537.7196  -518.4371  -459.70306]\n  [-537.72906 -518.4383  -459.70306]\n  ...\n  [-536.742   -518.3162  -459.70306]\n  [-536.83514 -518.3277  -459.70306]\n  [-536.9165  -518.33777 -459.70306]]\n\n [[-537.7131  -518.4363  -459.70306]\n  [-537.7228  -518.4375  -459.70306]\n", "step": null, "ts": 1622998225.461105}]}, "version": 50}
{"obj": {"type": "LogStrings", "path": ["monitoring", "stdout"], "values": [{"value": "\n", "step": null, "ts": 1622998225.4614613}]}, "version": 51}
{"obj": {"type": "LogStrings", "path": ["monitoring", "stdout"], "values": [{"value": "[[[-538.0102  -517.006   -458.0415 ]\n  [-538.0102  -517.006   -458.0415 ]\n  [-538.0102  -517.006   -458.0415 ]\n  ...\n  [-540.0655  -519.1071  -460.13333]\n  [-540.0655  -519.1071  -460.13333]\n  [-540.0655  -519.1071  -460.13333]]\n\n [[-538.0102  -517.006   -458.0415 ]\n  [-538.0102  -517.006   -458.0415 ]\n  [-538.0102  -517.006   -458.0415 ]\n  ...\n  [-540.0655  -519.1071  -460.13333]\n  [-540.0655  -519.1071  -460.13333]\n  [-540.0655  -519.1071  -460.13333]]\n\n [[-538.0102  -517.006   -458.0415 ]\n  [-538.0102  -517.006   -458.0415 ]\n  [-538.0102  -517.006   -458.0415 ]\n  ...\n  [-540.0655  -519.1071  -460.13333]\n  [-540.0655  -519.1071  -460.13333]\n  [-540.0655  -519.1071  -460.13333]]\n\n ...\n\n [[-537.07654 -516.05145 -457.09125]\n  [-537.07654 -516.05145 -457.09125]\n  [-537.07654 -516.05145 -457.09125]\n  ...\n  [-539.49664 -518.5255  -459.55432]\n  [-539.49664 -518.5255  -459.55432]\n  [-539.49664 -518.5255  -459.55432]]\n\n [[-537.07654 -516.05145 -457.09125]\n  [-537.07654 -516.05145 -457.09125]\n", "step": null, "ts": 1622998225.6245854}]}, "version": 52}
{"obj": {"type": "LogStrings", "path": ["monitoring", "stdout"], "values": [{"value": "\n", "step": null, "ts": 1622998225.6247585}]}, "version": 53}
{"obj": {"type": "LogStrings", "path": ["monitoring", "stdout"], "values": [{"value": "[[[-535.6987  -514.6428  -455.68887]\n  [-535.6987  -514.6428  -455.68887]\n  [-535.6987  -514.6428  -455.68887]\n  ...\n  [-535.6987  -514.6428  -455.68887]\n  [-535.6987  -514.6428  -455.68887]\n  [-535.6987  -514.6428  -455.68887]]\n\n [[-535.6987  -514.6428  -455.68887]\n  [-535.6987  -514.6428  -455.68887]\n  [-535.6987  -514.6428  -455.68887]\n  ...\n  [-535.6987  -514.6428  -455.68887]\n  [-535.6987  -514.6428  -455.68887]\n  [-535.6987  -514.6428  -455.68887]]\n\n [[-535.6987  -514.6428  -455.68887]\n  [-535.6987  -514.6428  -455.68887]\n  [-535.6987  -514.6428  -455.68887]\n  ...\n  [-535.6987  -514.6428  -455.68887]\n  [-535.6987  -514.6428  -455.68887]\n  [-535.6987  -514.6428  -455.68887]]\n\n ...\n\n [[-535.6987  -514.6428  -455.68887]\n  [-535.6987  -514.6428  -455.68887]\n  [-535.6987  -514.6428  -455.68887]\n  ...\n  [-535.6987  -514.6428  -455.68887]\n  [-535.6987  -514.6428  -455.68887]\n  [-535.6987  -514.6428  -455.68887]]\n\n [[-535.6987  -514.6428  -455.68887]\n  [-535.6987  -514.6428  -455.68887]\n", "step": null, "ts": 1622998225.7415845}]}, "version": 54}
{"obj": {"type": "LogStrings", "path": ["monitoring", "stdout"], "values": [{"value": "\n", "step": null, "ts": 1622998225.7417717}]}, "version": 55}
{"obj": {"type": "LogStrings", "path": ["monitoring", "stdout"], "values": [{"value": "[[[-535.6987  -514.6428  -455.68887]\n  [-535.6987  -514.6428  -455.68887]\n  [-535.6987  -514.6428  -455.68887]\n  ...\n  [-535.6987  -514.6428  -455.68887]\n  [-535.6987  -514.6428  -455.68887]\n  [-535.6987  -514.6428  -455.68887]]\n\n [[-535.6987  -514.6428  -455.68887]\n  [-535.6987  -514.6428  -455.68887]\n  [-535.6987  -514.6428  -455.68887]\n  ...\n  [-535.6987  -514.6428  -455.68887]\n  [-535.6987  -514.6428  -455.68887]\n  [-535.6987  -514.6428  -455.68887]]\n\n [[-535.6987  -514.6428  -455.68887]\n  [-535.6987  -514.6428  -455.68887]\n  [-535.6987  -514.6428  -455.68887]\n  ...\n  [-535.6987  -514.6428  -455.68887]\n  [-535.6987  -514.6428  -455.68887]\n  [-535.6987  -514.6428  -455.68887]]\n\n ...\n\n [[-535.6987  -514.6428  -455.68887]\n  [-535.6987  -514.6428  -455.68887]\n  [-535.6987  -514.6428  -455.68887]\n  ...\n  [-540.0655  -519.1071  -460.13333]\n  [-540.0655  -519.1071  -460.13333]\n  [-540.0655  -519.1071  -460.13333]]\n\n [[-535.6987  -514.6428  -455.68887]\n  [-535.6987  -514.6428  -455.68887]\n", "step": null, "ts": 1622998225.9514534}]}, "version": 56}
{"obj": {"type": "LogStrings", "path": ["monitoring", "stdout"], "values": [{"value": "\n", "step": null, "ts": 1622998225.951616}]}, "version": 57}
{"obj": {"type": "LogStrings", "path": ["monitoring", "stdout"], "values": [{"value": "[[[-539.83954 -514.6428  -458.55887]\n  [-535.6987  -519.1071  -460.13333]\n  [-535.6987  -514.6428  -460.13333]\n  ...\n  [-535.6987  -519.1071  -455.68887]\n  [-535.6987  -514.6428  -455.68887]\n  [-540.0655  -519.1071  -460.13333]]\n\n [[-535.6987  -514.6428  -455.68887]\n  [-535.6987  -514.6428  -456.6715 ]\n  [-535.6987  -519.1071  -460.13333]\n  ...\n  [-540.0655  -517.7535  -460.13333]\n  [-535.6987  -519.1071  -460.13333]\n  [-535.6987  -514.6428  -455.68887]]\n\n [[-540.0655  -519.1071  -460.13333]\n  [-540.0655  -519.1071  -458.6828 ]\n  [-540.0655  -514.6428  -460.13333]\n  ...\n  [-540.0655  -515.40497 -457.8938 ]\n  [-539.63367 -514.6428  -455.68887]\n  [-540.0655  -515.7417  -460.13333]]\n\n ...\n\n [[-539.9091  -514.6428  -460.13333]\n  [-540.0655  -516.73486 -455.68887]\n  [-540.0655  -514.6428  -455.68887]\n  ...\n  [-535.6987  -514.6428  -455.68887]\n  [-540.0655  -514.6428  -455.68887]\n  [-540.0655  -519.1071  -460.13333]]\n\n [[-535.6987  -514.6428  -460.13333]\n  [-535.6987  -519.1071  -455.68887]\n", "step": null, "ts": 1622998226.2859592}]}, "version": 58}
{"obj": {"type": "LogStrings", "path": ["monitoring", "stdout"], "values": [{"value": "\n", "step": null, "ts": 1622998226.2861373}]}, "version": 59}
{"obj": {"type": "LogStrings", "path": ["monitoring", "stdout"], "values": [{"value": "[[[-539.32385 -518.3489  -459.37845]\n  [-539.251   -518.27435 -459.30426]\n  [-539.2596  -518.2832  -459.31305]\n  ...\n  [-536.9801  -515.9529  -456.99304]\n  [-537.0075  -515.9809  -457.02097]\n  [-537.01685 -515.9904  -457.03046]]\n\n [[-539.2767  -518.30066 -459.33044]\n  [-539.2594  -518.283   -459.31287]\n  [-539.21155 -518.2341  -459.2642 ]\n  ...\n  [-536.92065 -515.892   -456.93256]\n  [-536.8988  -515.86975 -456.9103 ]\n  [-536.94147 -515.9133  -456.95377]]\n\n [[-539.28656 -518.3108  -459.34058]\n  [-539.202   -518.22437 -459.2545 ]\n  [-539.20575 -518.2281  -459.25824]\n  ...\n  [-536.9159  -515.8872  -456.92773]\n  [-536.92114 -515.8926  -456.93307]\n  [-536.89734 -515.8682  -456.9088 ]]\n\n ...\n\n [[-539.3232  -518.3482  -459.37778]\n  [-539.40173 -518.4285  -459.45776]\n  [-539.5007  -518.5296  -459.5584 ]\n  ...\n  [-540.0655  -519.1071  -460.13333]\n  [-540.0655  -519.1071  -460.13333]\n  [-540.0655  -519.1071  -460.13333]]\n\n [[-539.2551  -518.2786  -459.30853]\n  [-539.3736  -518.3997  -459.4291 ]\n", "step": null, "ts": 1622998226.4607344}]}, "version": 60}
{"obj": {"type": "LogStrings", "path": ["monitoring", "stdout"], "values": [{"value": "\n", "step": null, "ts": 1622998226.4609098}]}, "version": 61}
{"obj": {"type": "LogStrings", "path": ["monitoring", "stdout"], "values": [{"value": "[[[-540.0655  -519.1071  -460.13333]\n  [-540.0655  -519.1071  -460.13333]\n  [-540.0655  -519.1071  -460.13333]\n  ...\n  [-540.0655  -519.1071  -460.13333]\n  [-540.0655  -519.1071  -460.13333]\n  [-540.0655  -519.1071  -460.13333]]\n\n [[-540.0655  -519.1071  -460.13333]\n  [-540.0655  -519.1071  -460.13333]\n  [-540.0655  -519.1071  -460.13333]\n  ...\n  [-540.0655  -519.1071  -460.13333]\n  [-540.0655  -519.1071  -460.13333]\n  [-540.0655  -519.1071  -460.13333]]\n\n [[-540.0655  -519.1071  -460.13333]\n  [-540.0655  -519.1071  -460.13333]\n  [-540.0655  -519.1071  -460.13333]\n  ...\n  [-540.0655  -519.1071  -460.13333]\n  [-540.0655  -519.1071  -460.13333]\n  [-540.0655  -519.1071  -460.13333]]\n\n ...\n\n [[-540.0655  -519.1071  -460.13333]\n  [-540.0655  -519.1071  -460.13333]\n  [-540.0655  -519.1071  -460.13333]\n  ...\n  [-540.0655  -519.1071  -460.13333]\n  [-540.0655  -519.1071  -460.13333]\n  [-540.0655  -519.1071  -460.13333]]\n\n [[-540.0655  -519.1071  -460.13333]\n  [-540.0655  -519.1071  -460.13333]\n", "step": null, "ts": 1622998226.7346745}]}, "version": 62}
{"obj": {"type": "LogStrings", "path": ["monitoring", "stdout"], "values": [{"value": "\n", "step": null, "ts": 1622998226.73484}]}, "version": 63}
{"obj": {"type": "LogStrings", "path": ["monitoring", "stdout"], "values": [{"value": "[[[-535.7853  -514.7313  -455.777  ]\n  [-535.7853  -514.7313  -455.777  ]\n  [-537.1852  -516.1625  -457.2018 ]\n  ...\n  [-538.41833 -517.42316 -458.45688]\n  [-538.35315 -517.35657 -458.39056]\n  [-538.36926 -517.373   -458.40695]]\n\n [[-535.7853  -514.7313  -455.777  ]\n  [-538.97864 -517.996   -459.02716]\n  [-538.9955  -518.0132  -459.04425]\n  ...\n  [-538.3906  -517.39484 -458.42865]\n  [-538.3448  -517.34796 -458.382  ]\n  [-538.36835 -517.3721  -458.40598]]\n\n [[-538.9343  -517.9507  -458.98203]\n  [-538.93616 -517.9525  -458.9839 ]\n  [-539.0136  -518.0317  -459.0627 ]\n  ...\n  [-538.3671  -517.37085 -458.4048 ]\n  [-538.35297 -517.3563  -458.39035]\n  [-538.35803 -517.3615  -458.39548]]\n\n ...\n\n [[-536.6863  -515.65247 -456.69403]\n  [-536.6899  -515.6562  -456.6977 ]\n  [-536.6414  -515.6066  -456.64838]\n  ...\n  [-539.9751  -519.0147  -460.04132]\n  [-539.9727  -519.01227 -460.03888]\n  [-539.97723 -519.01685 -460.0435 ]]\n\n [[-536.65686 -515.6224  -456.6641 ]\n  [-536.68243 -515.64844 -456.69003]\n", "step": null, "ts": 1622998226.8745196}]}, "version": 64}
{"obj": {"type": "LogStrings", "path": ["monitoring", "stdout"], "values": [{"value": "\n", "step": null, "ts": 1622998226.874695}]}, "version": 65}
{"obj": {"type": "LogStrings", "path": ["monitoring", "stdout"], "values": [{"value": "[[[-540.0655  -519.1071  -460.13333]\n  [-540.0655  -519.1071  -460.13333]\n  [-540.0655  -519.1071  -460.13333]\n  ...\n  [-540.0655  -519.1071  -460.13333]\n  [-540.0655  -519.1071  -460.13333]\n  [-540.0655  -519.1071  -460.13333]]\n\n [[-540.0655  -519.1071  -460.13333]\n  [-540.0655  -519.1071  -460.13333]\n  [-540.0655  -519.1071  -460.13333]\n  ...\n  [-540.0655  -519.1071  -460.13333]\n  [-540.0655  -519.1071  -460.13333]\n  [-540.0655  -519.1071  -460.13333]]\n\n [[-540.0655  -519.1071  -460.13333]\n  [-540.0655  -519.1071  -460.13333]\n  [-540.0655  -519.1071  -460.13333]\n  ...\n  [-540.0655  -519.1071  -460.13333]\n  [-540.0655  -519.1071  -460.13333]\n  [-540.0655  -519.1071  -460.13333]]\n\n ...\n\n [[-539.89087 -518.9286  -459.95566]\n  [-539.86523 -518.90234 -459.92947]\n  [-539.8547  -518.8916  -459.91876]\n  ...\n  [-539.236   -518.2591  -459.28906]\n  [-539.2484  -518.2718  -459.3017 ]\n  [-539.2399  -518.2631  -459.29306]]\n\n [[-539.8978  -518.93567 -459.96265]\n  [-539.8832  -518.9207  -459.94778]\n", "step": null, "ts": 1622998227.0409868}]}, "version": 66}
{"obj": {"type": "LogStrings", "path": ["monitoring", "stdout"], "values": [{"value": "\n", "step": null, "ts": 1622998227.0411615}]}, "version": 67}
{"obj": {"type": "LogStrings", "path": ["monitoring", "stdout"], "values": [{"value": "[[[-536.4668  -515.4281  -456.47067]\n  [-536.4668  -515.4281  -456.47067]\n  [-536.4668  -515.4281  -456.47067]\n  ...\n  [-536.4668  -515.4281  -456.47067]\n  [-536.4668  -515.4281  -456.47067]\n  [-536.4668  -515.4281  -456.47067]]\n\n [[-536.4668  -515.4281  -456.47067]\n  [-536.4668  -515.4281  -456.47067]\n  [-536.4668  -515.4281  -456.47067]\n  ...\n  [-536.4668  -515.4281  -456.47067]\n  [-536.4668  -515.4281  -456.47067]\n  [-536.4668  -515.4281  -456.47067]]\n\n [[-536.4668  -515.4281  -456.47067]\n  [-536.4668  -515.4281  -456.47067]\n  [-536.4668  -515.4281  -456.47067]\n  ...\n  [-536.4668  -515.4281  -456.47067]\n  [-536.4668  -515.4281  -456.47067]\n  [-536.4668  -515.4281  -456.47067]]\n\n ...\n\n [[-536.4668  -515.4281  -456.47067]\n  [-536.4668  -515.4281  -456.47067]\n  [-536.4668  -515.4281  -456.47067]\n  ...\n  [-536.4668  -515.4281  -456.47067]\n  [-536.4668  -515.4281  -456.47067]\n  [-536.4668  -515.4281  -456.47067]]\n\n [[-536.4668  -515.4281  -456.47067]\n  [-536.4668  -515.4281  -456.47067]\n", "step": null, "ts": 1622998227.292019}]}, "version": 68}
{"obj": {"type": "LogStrings", "path": ["monitoring", "stdout"], "values": [{"value": "\n", "step": null, "ts": 1622998227.2922168}]}, "version": 69}
{"obj": {"type": "LogStrings", "path": ["monitoring", "stdout"], "values": [{"value": "[[[-536.099   -515.05206 -456.0963 ]\n  [-536.099   -515.05206 -456.0963 ]\n  [-536.099   -515.05206 -456.0963 ]\n  ...\n  [-546.63385 -525.822   -466.81842]\n  [-546.63385 -525.822   -466.81842]\n  [-546.63385 -525.822   -466.81842]]\n\n [[-536.099   -515.05206 -456.0963 ]\n  [-536.099   -515.05206 -456.0963 ]\n  [-536.099   -515.05206 -456.0963 ]\n  ...\n  [-532.8149  -511.69464 -452.75378]\n  [-532.8149  -511.69464 -452.75378]\n  [-532.8149  -511.69464 -452.75378]]\n\n [[-536.099   -515.05206 -456.0963 ]\n  [-536.099   -515.05206 -456.0963 ]\n  [-536.099   -515.05206 -456.0963 ]\n  ...\n  [-536.099   -515.05206 -456.0963 ]\n  [-536.099   -515.05206 -456.0963 ]\n  [-536.099   -515.05206 -456.0963 ]]\n\n ...\n\n [[-536.099   -515.05206 -456.0963 ]\n  [-536.099   -515.05206 -456.0963 ]\n  [-536.099   -515.05206 -456.0963 ]\n  ...\n  [-536.099   -515.05206 -456.0963 ]\n  [-536.099   -515.05206 -456.0963 ]\n  [-536.099   -515.05206 -456.0963 ]]\n\n [[-536.099   -515.05206 -456.0963 ]\n  [-536.099   -515.05206 -456.0963 ]\n", "step": null, "ts": 1622998227.5298278}]}, "version": 70}
{"obj": {"type": "LogStrings", "path": ["monitoring", "stdout"], "values": [{"value": "\n", "step": null, "ts": 1622998227.530013}]}, "version": 71}
{"obj": {"type": "LogStrings", "path": ["monitoring", "stdout"], "values": [{"value": "[[[-540.0655  -519.1071  -460.13333]\n  [-540.0655  -519.1071  -460.13333]\n  [-540.0655  -519.1071  -460.13333]\n  ...\n  [-536.2467  -519.1071  -459.68015]\n  [-536.2467  -519.1071  -459.68015]\n  [-536.2467  -519.1071  -459.68015]]\n\n [[-540.0655  -519.1071  -460.13333]\n  [-540.0655  -519.1071  -460.13333]\n  [-540.0655  -519.1071  -460.13333]\n  ...\n  [-536.2467  -519.1071  -459.68015]\n  [-536.2467  -519.1071  -459.68015]\n  [-536.2467  -519.1071  -459.68015]]\n\n [[-540.0655  -519.1071  -460.13333]\n  [-540.0655  -519.1071  -460.13333]\n  [-540.0655  -519.1071  -460.13333]\n  ...\n  [-536.2467  -519.1071  -459.68015]\n  [-536.2467  -519.1071  -459.68015]\n  [-536.2467  -519.1071  -459.68015]]\n\n ...\n\n [[-536.2467  -519.1071  -459.68015]\n  [-536.2467  -519.1071  -459.68015]\n  [-536.2467  -519.1071  -459.68015]\n  ...\n  [-536.2467  -519.1071  -459.68015]\n  [-536.2467  -519.1071  -459.68015]\n  [-536.2467  -519.1071  -459.68015]]\n\n [[-536.2467  -519.1071  -459.68015]\n  [-536.2467  -519.1071  -459.68015]\n", "step": null, "ts": 1622998227.6618829}]}, "version": 72}
{"obj": {"type": "LogStrings", "path": ["monitoring", "stdout"], "values": [{"value": "\n", "step": null, "ts": 1622998227.6620467}]}, "version": 73}
{"obj": {"type": "LogStrings", "path": ["monitoring", "stdout"], "values": [{"value": "[[[-539.56744 -518.59796 -459.6264 ]\n  [-539.56744 -518.59796 -459.6264 ]\n  [-539.56744 -518.59796 -459.6264 ]\n  ...\n  [-539.56744 -518.59796 -459.6264 ]\n  [-539.56744 -518.59796 -459.6264 ]\n  [-539.56744 -518.59796 -459.6264 ]]\n\n [[-539.56744 -518.59796 -459.6264 ]\n  [-539.56744 -518.59796 -459.6264 ]\n  [-539.56744 -518.59796 -459.6264 ]\n  ...\n  [-539.56744 -518.59796 -459.6264 ]\n  [-539.56744 -518.59796 -459.6264 ]\n  [-539.56744 -518.59796 -459.6264 ]]\n\n [[-539.56744 -518.59796 -459.6264 ]\n  [-539.56744 -518.59796 -459.6264 ]\n  [-539.56744 -518.59796 -459.6264 ]\n  ...\n  [-539.56744 -518.59796 -459.6264 ]\n  [-539.56744 -518.59796 -459.6264 ]\n  [-539.56744 -518.59796 -459.6264 ]]\n\n ...\n\n [[-539.56744 -518.59796 -459.6264 ]\n  [-539.56744 -518.59796 -459.6264 ]\n  [-539.56744 -518.59796 -459.6264 ]\n  ...\n  [-539.56744 -518.59796 -459.6264 ]\n  [-539.56744 -518.59796 -459.6264 ]\n  [-539.56744 -518.59796 -459.6264 ]]\n\n [[-539.56744 -518.59796 -459.6264 ]\n  [-539.56744 -518.59796 -459.6264 ]\n", "step": null, "ts": 1622998227.9803228}]}, "version": 74}
{"obj": {"type": "LogStrings", "path": ["monitoring", "stdout"], "values": [{"value": "\n", "step": null, "ts": 1622998227.9804971}]}, "version": 75}
{"obj": {"type": "LogStrings", "path": ["monitoring", "traceback"], "values": [{"value": "An uncaught exception occurred while run was active on worker eea1fa52accd.", "step": null, "ts": 1622998228.1252592}, {"value": "Marking run as failed", "step": null, "ts": 1622998228.1252592}, {"value": "Traceback:", "step": null, "ts": 1622998228.1252592}, {"value": "  File \"siim-rsna-2021/exp/exp001/train.py\", line 467, in <module>\n    plot_sample_images(train_dataset, sample_img_path, \"train\", normalize=\"imagenet\")\n", "step": null, "ts": 1622998228.1252592}, {"value": "  File \"/workspace/siim-rsna-2021/src/utils.py\", line 8, in plot_sample_images\n    data = dataset[i]\n", "step": null, "ts": 1622998228.1252592}, {"value": "  File \"siim-rsna-2021/exp/exp001/train.py\", line 156, in __getitem__\n    images = self.transform(image=images.astype(np.float32))['image']\n", "step": null, "ts": 1622998228.1252592}, {"value": "  File \"/opt/conda/lib/python3.8/site-packages/albumentations/core/composition.py\", line 182, in __call__\n    data = t(force_apply=force_apply, **data)\n", "step": null, "ts": 1622998228.1252592}, {"value": "  File \"/opt/conda/lib/python3.8/site-packages/albumentations/core/transforms_interface.py\", line 89, in __call__\n    return self.apply_with_params(params, **kwargs)\n", "step": null, "ts": 1622998228.1252592}, {"value": "  File \"/opt/conda/lib/python3.8/site-packages/albumentations/core/transforms_interface.py\", line 102, in apply_with_params\n    res[key] = target_function(arg, **dict(params, **target_dependencies))\n", "step": null, "ts": 1622998228.1252592}, {"value": "  File \"/opt/conda/lib/python3.8/site-packages/albumentations/augmentations/transforms.py\", line 684, in apply\n    return F.shift_scale_rotate(img, angle, scale, dx, dy, interpolation, self.border_mode, self.value)\n", "step": null, "ts": 1622998228.1252592}, {"value": "  File \"/opt/conda/lib/python3.8/site-packages/albumentations/augmentations/functional.py\", line 70, in wrapped_function\n    result = func(img, *args, **kwargs)\n", "step": null, "ts": 1622998228.1252592}, {"value": "  File \"/opt/conda/lib/python3.8/site-packages/albumentations/augmentations/functional.py\", line 234, in shift_scale_rotate\n    return warp_affine_fn(img)\n", "step": null, "ts": 1622998228.1252592}, {"value": "  File \"/opt/conda/lib/python3.8/site-packages/albumentations/augmentations/functional.py\", line 188, in __process_fn\n    img = process_fn(img, **kwargs)\n", "step": null, "ts": 1622998228.1252592}, {"value": "", "step": null, "ts": 1622998228.1252592}]}, "version": 76}
{"obj": {"type": "AssignBool", "path": ["sys", "failed"], "value": true}, "version": 77}
{"obj": {"type": "LogStrings", "path": ["monitoring", "stderr"], "values": [{"value": "Traceback (most recent call last):\n", "step": null, "ts": 1622998228.125542}]}, "version": 78}
{"obj": {"type": "LogStrings", "path": ["monitoring", "stderr"], "values": [{"value": "  File \"siim-rsna-2021/exp/exp001/train.py\", line 467, in <module>\n", "step": null, "ts": 1622998228.1256084}]}, "version": 79}
{"obj": {"type": "LogStrings", "path": ["monitoring", "stderr"], "values": [{"value": "    ", "step": null, "ts": 1622998228.1257734}]}, "version": 80}
{"obj": {"type": "LogStrings", "path": ["monitoring", "stderr"], "values": [{"value": "plot_sample_images(train_dataset, sample_img_path, \"train\", normalize=\"imagenet\")", "step": null, "ts": 1622998228.1258414}]}, "version": 81}
{"obj": {"type": "LogStrings", "path": ["monitoring", "stderr"], "values": [{"value": "\n", "step": null, "ts": 1622998228.12591}]}, "version": 82}
{"obj": {"type": "LogStrings", "path": ["monitoring", "stderr"], "values": [{"value": "  File \"/workspace/siim-rsna-2021/src/utils.py\", line 8, in plot_sample_images\n", "step": null, "ts": 1622998228.1259658}]}, "version": 83}
{"obj": {"type": "LogStrings", "path": ["monitoring", "stderr"], "values": [{"value": "    ", "step": null, "ts": 1622998228.1260464}]}, "version": 84}
{"obj": {"type": "LogStrings", "path": ["monitoring", "stderr"], "values": [{"value": "data = dataset[i]", "step": null, "ts": 1622998228.126099}]}, "version": 85}
{"obj": {"type": "LogStrings", "path": ["monitoring", "stderr"], "values": [{"value": "\n", "step": null, "ts": 1622998228.126176}]}, "version": 86}
{"obj": {"type": "LogStrings", "path": ["monitoring", "stderr"], "values": [{"value": "  File \"siim-rsna-2021/exp/exp001/train.py\", line 156, in __getitem__\n", "step": null, "ts": 1622998228.1262326}]}, "version": 87}
{"obj": {"type": "LogStrings", "path": ["monitoring", "stderr"], "values": [{"value": "    ", "step": null, "ts": 1622998228.126324}]}, "version": 88}
{"obj": {"type": "LogStrings", "path": ["monitoring", "stderr"], "values": [{"value": "images = self.transform(image=images.astype(np.float32))['image']", "step": null, "ts": 1622998228.1263816}]}, "version": 89}
{"obj": {"type": "LogStrings", "path": ["monitoring", "stderr"], "values": [{"value": "\n", "step": null, "ts": 1622998228.1264372}]}, "version": 90}
{"obj": {"type": "LogStrings", "path": ["monitoring", "stderr"], "values": [{"value": "  File \"/opt/conda/lib/python3.8/site-packages/albumentations/core/composition.py\", line 182, in __call__\n", "step": null, "ts": 1622998228.126491}]}, "version": 91}
{"obj": {"type": "LogStrings", "path": ["monitoring", "stderr"], "values": [{"value": "    ", "step": null, "ts": 1622998228.1265898}]}, "version": 92}
{"obj": {"type": "LogStrings", "path": ["monitoring", "stderr"], "values": [{"value": "data = t(force_apply=force_apply, **data)", "step": null, "ts": 1622998228.126647}]}, "version": 93}
{"obj": {"type": "LogStrings", "path": ["monitoring", "stderr"], "values": [{"value": "\n", "step": null, "ts": 1622998228.1267018}]}, "version": 94}
{"obj": {"type": "LogStrings", "path": ["monitoring", "stderr"], "values": [{"value": "  File \"/opt/conda/lib/python3.8/site-packages/albumentations/core/transforms_interface.py\", line 89, in __call__\n", "step": null, "ts": 1622998228.126757}]}, "version": 95}
{"obj": {"type": "LogStrings", "path": ["monitoring", "stderr"], "values": [{"value": "    ", "step": null, "ts": 1622998228.1268497}]}, "version": 96}
{"obj": {"type": "LogStrings", "path": ["monitoring", "stderr"], "values": [{"value": "return self.apply_with_params(params, **kwargs)", "step": null, "ts": 1622998228.126906}]}, "version": 97}
{"obj": {"type": "LogStrings", "path": ["monitoring", "stderr"], "values": [{"value": "\n", "step": null, "ts": 1622998228.12696}]}, "version": 98}
{"obj": {"type": "LogStrings", "path": ["monitoring", "stderr"], "values": [{"value": "  File \"/opt/conda/lib/python3.8/site-packages/albumentations/core/transforms_interface.py\", line 102, in apply_with_params\n", "step": null, "ts": 1622998228.1270158}]}, "version": 99}
{"obj": {"type": "LogStrings", "path": ["monitoring", "stderr"], "values": [{"value": "    ", "step": null, "ts": 1622998228.1271057}]}, "version": 100}
{"obj": {"type": "LogStrings", "path": ["monitoring", "stderr"], "values": [{"value": "res[key] = target_function(arg, **dict(params, **target_dependencies))", "step": null, "ts": 1622998228.1271603}]}, "version": 101}
{"obj": {"type": "LogStrings", "path": ["monitoring", "stderr"], "values": [{"value": "\n", "step": null, "ts": 1622998228.1272154}]}, "version": 102}
{"obj": {"type": "LogStrings", "path": ["monitoring", "stderr"], "values": [{"value": "  File \"/opt/conda/lib/python3.8/site-packages/albumentations/augmentations/transforms.py\", line 684, in apply\n", "step": null, "ts": 1622998228.127272}]}, "version": 103}
{"obj": {"type": "LogStrings", "path": ["monitoring", "stderr"], "values": [{"value": "    ", "step": null, "ts": 1622998228.1274264}]}, "version": 104}
{"obj": {"type": "LogStrings", "path": ["monitoring", "stderr"], "values": [{"value": "return F.shift_scale_rotate(img, angle, scale, dx, dy, interpolation, self.border_mode, self.value)", "step": null, "ts": 1622998228.1274836}]}, "version": 105}
{"obj": {"type": "LogStrings", "path": ["monitoring", "stderr"], "values": [{"value": "\n", "step": null, "ts": 1622998228.1275432}]}, "version": 106}
{"obj": {"type": "LogStrings", "path": ["monitoring", "stderr"], "values": [{"value": "  File \"/opt/conda/lib/python3.8/site-packages/albumentations/augmentations/functional.py\", line 70, in wrapped_function\n", "step": null, "ts": 1622998228.1276016}]}, "version": 107}
{"obj": {"type": "LogStrings", "path": ["monitoring", "stderr"], "values": [{"value": "    ", "step": null, "ts": 1622998228.127689}]}, "version": 108}
{"obj": {"type": "LogStrings", "path": ["monitoring", "stderr"], "values": [{"value": "result = func(img, *args, **kwargs)", "step": null, "ts": 1622998228.127748}]}, "version": 109}
{"obj": {"type": "LogStrings", "path": ["monitoring", "stderr"], "values": [{"value": "\n", "step": null, "ts": 1622998228.1278045}]}, "version": 110}
{"obj": {"type": "LogStrings", "path": ["monitoring", "stderr"], "values": [{"value": "  File \"/opt/conda/lib/python3.8/site-packages/albumentations/augmentations/functional.py\", line 234, in shift_scale_rotate\n", "step": null, "ts": 1622998228.1278617}]}, "version": 111}
{"obj": {"type": "LogStrings", "path": ["monitoring", "stderr"], "values": [{"value": "    ", "step": null, "ts": 1622998228.127963}]}, "version": 112}
{"obj": {"type": "LogStrings", "path": ["monitoring", "stderr"], "values": [{"value": "return warp_affine_fn(img)", "step": null, "ts": 1622998228.12803}]}, "version": 113}
{"obj": {"type": "LogStrings", "path": ["monitoring", "stderr"], "values": [{"value": "\n", "step": null, "ts": 1622998228.1280842}]}, "version": 114}
{"obj": {"type": "LogStrings", "path": ["monitoring", "stderr"], "values": [{"value": "  File \"/opt/conda/lib/python3.8/site-packages/albumentations/augmentations/functional.py\", line 188, in __process_fn\n", "step": null, "ts": 1622998228.1281416}]}, "version": 115}
{"obj": {"type": "LogStrings", "path": ["monitoring", "stderr"], "values": [{"value": "    ", "step": null, "ts": 1622998228.128244}]}, "version": 116}
{"obj": {"type": "LogStrings", "path": ["monitoring", "stderr"], "values": [{"value": "img = process_fn(img, **kwargs)", "step": null, "ts": 1622998228.128303}]}, "version": 117}
{"obj": {"type": "LogStrings", "path": ["monitoring", "stderr"], "values": [{"value": "\n", "step": null, "ts": 1622998228.128371}]}, "version": 118}
{"obj": {"type": "LogStrings", "path": ["monitoring", "stderr"], "values": [{"value": "KeyboardInterrupt", "step": null, "ts": 1622998228.1284418}]}, "version": 119}
{"obj": {"type": "LogStrings", "path": ["monitoring", "stderr"], "values": [{"value": "", "step": null, "ts": 1622998228.1284945}]}, "version": 120}
{"obj": {"type": "LogStrings", "path": ["monitoring", "stderr"], "values": [{"value": "\n", "step": null, "ts": 1622998228.128549}]}, "version": 121}
{"obj": {"type": "LogStrings", "path": ["monitoring", "stdout"], "values": [{"value": "Shutting down background jobs, please wait a moment...\n", "step": null, "ts": 1622998228.1286497}]}, "version": 122}
