{"obj": {"type": "AssignString", "path": ["sys", "name"], "value": "Untitled"}, "version": 1}
{"obj": {"type": "AssignString", "path": ["sys", "description"], "value": ""}, "version": 2}
{"obj": {"type": "AssignString", "path": ["sys", "hostname"], "value": "eea1fa52accd"}, "version": 3}
{"obj": {"type": "AddStrings", "path": ["sys", "tags"], "values": ["cv0"]}, "version": 4}
{"obj": {"type": "AssignBool", "path": ["sys", "failed"], "value": false}, "version": 5}
{"obj": {"type": "AssignString", "path": ["source_code", "entrypoint"], "value": "train.py"}, "version": 6}
{"obj": {"type": "UploadFileSet", "path": ["source_code", "files"], "file_globs": ["/workspace/siim-rsna-2021/exp/exp001/train.py"], "reset": "False"}, "version": 7}
{"obj": {"type": "LogStrings", "path": ["monitoring", "stdout"], "values": [{"value": "", "step": null, "ts": 1622994502.524725}]}, "version": 8}
{"obj": {"type": "LogStrings", "path": ["monitoring", "stdout"], "values": [{"value": "https://app.neptune.ai/inoichan/siim-rsna-covid19-2021/e/SIIM-2\n", "step": null, "ts": 1622994502.527313}]}, "version": 9}
{"obj": {"type": "AssignBool", "path": ["parameters", "debug"], "value": false}, "version": 10}
{"obj": {"type": "AssignString", "path": ["parameters", "exp_name"], "value": "exp001"}, "version": 11}
{"obj": {"type": "AssignString", "path": ["parameters", "model_name"], "value": "tf_efficientnet_b3_ns"}, "version": 12}
{"obj": {"type": "AssignInt", "path": ["parameters", "device_id"], "value": 0}, "version": 13}
{"obj": {"type": "AssignInt", "path": ["parameters", "batch_size"], "value": 32}, "version": 14}
{"obj": {"type": "AssignInt", "path": ["parameters", "img_size"], "value": 512}, "version": 15}
{"obj": {"type": "AssignInt", "path": ["parameters", "n_workers"], "value": 12}, "version": 16}
{"obj": {"type": "AssignInt", "path": ["parameters", "n_epochs"], "value": 40}, "version": 17}
{"obj": {"type": "AssignInt", "path": ["parameters", "start_epoch"], "value": 1}, "version": 18}
{"obj": {"type": "AssignBool", "path": ["parameters", "transform"], "value": true}, "version": 19}
{"obj": {"type": "AssignString", "path": ["parameters", "load_checkpoint"], "value": "['', '', '', '', '']"}, "version": 20}
{"obj": {"type": "AssignString", "path": ["parameters", "hold_out"], "value": "[0, 1, 2, 3, 4]"}, "version": 21}
{"obj": {"type": "AssignString", "path": ["parameters", "df_train_path"], "value": "/workspace/data/df_train_study_level.csv"}, "version": 22}
{"obj": {"type": "AssignInt", "path": ["parameters", "accumulation_steps"], "value": 1}, "version": 23}
{"obj": {"type": "AssignInt", "path": ["parameters", "early_stopping_steps"], "value": 12}, "version": 24}
{"obj": {"type": "AssignBool", "path": ["parameters", "freeze_bn"], "value": false}, "version": 25}
{"obj": {"type": "AssignString", "path": ["parameters", "fold_name"], "value": "cv"}, "version": 26}
{"obj": {"type": "AssignBool", "path": ["parameters", "clahe"], "value": false}, "version": 27}
{"obj": {"type": "AssignBool", "path": ["parameters", "mix"], "value": false}, "version": 28}
{"obj": {"type": "AssignBool", "path": ["parameters", "use_amp"], "value": true}, "version": 29}
{"obj": {"type": "LogFloats", "path": ["monitoring", "memory"], "values": [{"value": 22.779430389404297, "step": null, "ts": 1622994502.523182}]}, "version": 30}
{"obj": {"type": "LogFloats", "path": ["monitoring", "gpu_1"], "values": [{"value": 11.0, "step": null, "ts": 1622994502.523182}]}, "version": 31}
{"obj": {"type": "LogFloats", "path": ["monitoring", "gpu_memory_0"], "values": [{"value": 0.00860595703125, "step": null, "ts": 1622994502.523182}]}, "version": 32}
{"obj": {"type": "LogFloats", "path": ["monitoring", "gpu_memory_1"], "values": [{"value": 4.7445068359375, "step": null, "ts": 1622994502.523182}]}, "version": 33}
{"obj": {"type": "LogFloats", "path": ["Learning Rate"], "values": [{"value": 0.0001, "step": null, "ts": 1622994510.4019027}]}, "version": 34}
{"obj": {"type": "LogStrings", "path": ["monitoring", "stderr"], "values": [{"value": "\r  0%|                                                                                                                                                                                      | 0/158 [00:00<?, ?it/s]", "step": null, "ts": 1622994510.4041848}]}, "version": 35}
{"obj": {"type": "LogFloats", "path": ["monitoring", "cpu"], "values": [{"value": 23.758614832077456, "step": null, "ts": 1622994512.5328333}]}, "version": 36}
{"obj": {"type": "LogFloats", "path": ["monitoring", "memory"], "values": [{"value": 27.323261260986328, "step": null, "ts": 1622994512.5328333}]}, "version": 37}
{"obj": {"type": "LogFloats", "path": ["monitoring", "gpu_memory_0"], "values": [{"value": 0.00860595703125, "step": null, "ts": 1622994512.5328333}]}, "version": 38}
{"obj": {"type": "LogFloats", "path": ["monitoring", "gpu_memory_1"], "values": [{"value": 5.77630615234375, "step": null, "ts": 1622994512.5328333}]}, "version": 39}
{"obj": {"type": "LogFloats", "path": ["monitoring", "cpu"], "values": [{"value": 41.48341986713051, "step": null, "ts": 1622994522.5445094}]}, "version": 40}
{"obj": {"type": "LogFloats", "path": ["monitoring", "memory"], "values": [{"value": 30.314937591552734, "step": null, "ts": 1622994522.5445094}]}, "version": 41}
{"obj": {"type": "LogFloats", "path": ["monitoring", "gpu_memory_0"], "values": [{"value": 0.00860595703125, "step": null, "ts": 1622994522.5445094}]}, "version": 42}
{"obj": {"type": "LogFloats", "path": ["monitoring", "gpu_memory_1"], "values": [{"value": 5.76434326171875, "step": null, "ts": 1622994522.5445094}]}, "version": 43}
{"obj": {"type": "LogFloats", "path": ["monitoring", "cpu"], "values": [{"value": 39.82769323213931, "step": null, "ts": 1622994532.5492787}]}, "version": 44}
{"obj": {"type": "LogFloats", "path": ["monitoring", "memory"], "values": [{"value": 32.61050796508789, "step": null, "ts": 1622994532.5492787}]}, "version": 45}
{"obj": {"type": "LogFloats", "path": ["monitoring", "gpu_1"], "values": [{"value": 1.0, "step": null, "ts": 1622994532.5492787}]}, "version": 46}
{"obj": {"type": "LogFloats", "path": ["monitoring", "gpu_memory_0"], "values": [{"value": 0.00860595703125, "step": null, "ts": 1622994532.5492787}]}, "version": 47}
{"obj": {"type": "LogFloats", "path": ["monitoring", "gpu_memory_1"], "values": [{"value": 7.513427734375, "step": null, "ts": 1622994532.5492787}]}, "version": 48}
{"obj": {"type": "LogStrings", "path": ["monitoring", "stderr"], "values": [{"value": "\rloss: 1.3802253007888794 loss(avg): 1.3802253007888794:   0%|                                                                                                                              | 0/158 [00:30<?, ?it/s]", "step": null, "ts": 1622994540.4483142}]}, "version": 49}
{"obj": {"type": "LogStrings", "path": ["monitoring", "stderr"], "values": [{"value": "\rloss: 1.3802253007888794 loss(avg): 1.3802253007888794:   1%|\u258b                                                                                                                   | 1/158 [00:30<1:18:36, 30.04s/it]", "step": null, "ts": 1622994540.4490292}]}, "version": 50}
{"obj": {"type": "LogFloats", "path": ["monitoring", "cpu"], "values": [{"value": 29.063547685074308, "step": null, "ts": 1622994542.5526915}]}, "version": 51}
{"obj": {"type": "LogFloats", "path": ["monitoring", "memory"], "values": [{"value": 31.734344482421875, "step": null, "ts": 1622994542.5526915}]}, "version": 52}
{"obj": {"type": "LogFloats", "path": ["monitoring", "gpu_memory_0"], "values": [{"value": 0.00860595703125, "step": null, "ts": 1622994542.5526915}]}, "version": 53}
{"obj": {"type": "LogFloats", "path": ["monitoring", "gpu_memory_1"], "values": [{"value": 18.529052734375, "step": null, "ts": 1622994542.5526915}]}, "version": 54}
{"obj": {"type": "LogStrings", "path": ["monitoring", "stderr"], "values": [{"value": "", "step": null, "ts": 1622994548.279315}]}, "version": 55}
{"obj": {"type": "LogStrings", "path": ["monitoring", "stderr"], "values": [{"value": "\rloss: 1.3802253007888794 loss(avg): 1.3802253007888794:   1%|\u258b                                                                                                                   | 1/158 [00:37<1:39:06, 37.88s/it]", "step": null, "ts": 1622994548.27965}]}, "version": 56}
{"obj": {"type": "LogStrings", "path": ["monitoring", "stderr"], "values": [{"value": "\n", "step": null, "ts": 1622994548.279716}]}, "version": 57}
{"obj": {"type": "LogStrings", "path": ["monitoring", "traceback"], "values": [{"value": "An uncaught exception occurred while run was active on worker eea1fa52accd.", "step": null, "ts": 1622994548.280051}, {"value": "Marking run as failed", "step": null, "ts": 1622994548.280051}, {"value": "Traceback:", "step": null, "ts": 1622994548.280051}, {"value": "  File \"siim-rsna-2021/exp/exp001/train.py\", line 512, in <module>\n    train_one_epoch(train_dataloader, model, device, criterion, use_amp, run, meters_dict)\n", "step": null, "ts": 1622994548.280051}, {"value": "  File \"siim-rsna-2021/exp/exp001/train.py\", line 217, in train_one_epoch\n    meters_dict[\"AP\"].add(output=output, target=target)\n", "step": null, "ts": 1622994548.280051}, {"value": "  File \"/workspace/siim-rsna-2021/src/meter/apmeter.py\", line 91, in add\n    self.scores.resize_(offset + output.size(0), output.size(1))\n", "step": null, "ts": 1622994548.280051}, {"value": "cannot resize variables that require grad", "step": null, "ts": 1622994548.280051}]}, "version": 58}
{"obj": {"type": "AssignBool", "path": ["sys", "failed"], "value": true}, "version": 59}
{"obj": {"type": "LogStrings", "path": ["monitoring", "stderr"], "values": [{"value": "Traceback (most recent call last):\n", "step": null, "ts": 1622994548.280199}]}, "version": 60}
{"obj": {"type": "LogStrings", "path": ["monitoring", "stderr"], "values": [{"value": "  File \"siim-rsna-2021/exp/exp001/train.py\", line 512, in <module>\n", "step": null, "ts": 1622994548.2802567}]}, "version": 61}
{"obj": {"type": "LogStrings", "path": ["monitoring", "stderr"], "values": [{"value": "    ", "step": null, "ts": 1622994548.2804286}]}, "version": 62}
{"obj": {"type": "LogStrings", "path": ["monitoring", "stderr"], "values": [{"value": "train_one_epoch(train_dataloader, model, device, criterion, use_amp, run, meters_dict)", "step": null, "ts": 1622994548.2804835}]}, "version": 63}
{"obj": {"type": "LogStrings", "path": ["monitoring", "stderr"], "values": [{"value": "\n", "step": null, "ts": 1622994548.2805357}]}, "version": 64}
{"obj": {"type": "LogStrings", "path": ["monitoring", "stderr"], "values": [{"value": "  File \"siim-rsna-2021/exp/exp001/train.py\", line 217, in train_one_epoch\n", "step": null, "ts": 1622994548.2805877}]}, "version": 65}
{"obj": {"type": "LogStrings", "path": ["monitoring", "stderr"], "values": [{"value": "    ", "step": null, "ts": 1622994548.280691}]}, "version": 66}
{"obj": {"type": "LogStrings", "path": ["monitoring", "stderr"], "values": [{"value": "meters_dict[\"AP\"].add(output=output, target=target)", "step": null, "ts": 1622994548.280744}]}, "version": 67}
{"obj": {"type": "LogStrings", "path": ["monitoring", "stderr"], "values": [{"value": "\n", "step": null, "ts": 1622994548.2807965}]}, "version": 68}
{"obj": {"type": "LogStrings", "path": ["monitoring", "stderr"], "values": [{"value": "  File \"/workspace/siim-rsna-2021/src/meter/apmeter.py\", line 91, in add\n", "step": null, "ts": 1622994548.2808485}]}, "version": 69}
{"obj": {"type": "LogStrings", "path": ["monitoring", "stderr"], "values": [{"value": "    ", "step": null, "ts": 1622994548.280935}]}, "version": 70}
{"obj": {"type": "LogStrings", "path": ["monitoring", "stderr"], "values": [{"value": "self.scores.resize_(offset + output.size(0), output.size(1))", "step": null, "ts": 1622994548.280986}]}, "version": 71}
{"obj": {"type": "LogStrings", "path": ["monitoring", "stderr"], "values": [{"value": "\n", "step": null, "ts": 1622994548.2810364}]}, "version": 72}
{"obj": {"type": "LogStrings", "path": ["monitoring", "stderr"], "values": [{"value": "RuntimeError", "step": null, "ts": 1622994548.2810977}]}, "version": 73}
{"obj": {"type": "LogStrings", "path": ["monitoring", "stderr"], "values": [{"value": ": ", "step": null, "ts": 1622994548.2811544}]}, "version": 74}
{"obj": {"type": "LogStrings", "path": ["monitoring", "stderr"], "values": [{"value": "cannot resize variables that require grad", "step": null, "ts": 1622994548.2812173}]}, "version": 75}
{"obj": {"type": "LogStrings", "path": ["monitoring", "stderr"], "values": [{"value": "\n", "step": null, "ts": 1622994548.2812784}]}, "version": 76}
{"obj": {"type": "LogStrings", "path": ["monitoring", "stdout"], "values": [{"value": "Shutting down background jobs, please wait a moment...\n", "step": null, "ts": 1622994548.2814019}]}, "version": 77}
