{"obj": {"type": "AssignString", "path": ["sys", "name"], "value": "exp001"}, "version": 1}
{"obj": {"type": "AssignString", "path": ["sys", "description"], "value": ""}, "version": 2}
{"obj": {"type": "AssignString", "path": ["sys", "hostname"], "value": "eea1fa52accd"}, "version": 3}
{"obj": {"type": "AddStrings", "path": ["sys", "tags"], "values": ["cv0", "exp001"]}, "version": 4}
{"obj": {"type": "AssignBool", "path": ["sys", "failed"], "value": false}, "version": 5}
{"obj": {"type": "ClearStringLog", "path": ["monitoring", "stdout"]}, "version": 6}
{"obj": {"type": "ClearStringLog", "path": ["monitoring", "stderr"]}, "version": 7}
{"obj": {"type": "AssignString", "path": ["source_code", "entrypoint"], "value": "train.py"}, "version": 8}
{"obj": {"type": "UploadFileSet", "path": ["source_code", "files"], "file_globs": ["/workspace/siim-rsna-2021/exp/exp001/train.py"], "reset": "False"}, "version": 9}
{"obj": {"type": "ConfigFloatSeries", "path": ["monitoring", "cpu"], "min": 0.0, "max": 100.0, "unit": "%"}, "version": 10}
{"obj": {"type": "ClearFloatLog", "path": ["monitoring", "cpu"]}, "version": 11}
{"obj": {"type": "ConfigFloatSeries", "path": ["monitoring", "memory"], "min": 0.0, "max": 62.78011703491211, "unit": "GB"}, "version": 12}
{"obj": {"type": "ClearFloatLog", "path": ["monitoring", "memory"]}, "version": 13}
{"obj": {"type": "ConfigFloatSeries", "path": ["monitoring", "gpu_0"], "min": 0.0, "max": 100.0, "unit": "%"}, "version": 14}
{"obj": {"type": "ClearFloatLog", "path": ["monitoring", "gpu_0"]}, "version": 15}
{"obj": {"type": "ConfigFloatSeries", "path": ["monitoring", "gpu_1"], "min": 0.0, "max": 100.0, "unit": "%"}, "version": 16}
{"obj": {"type": "ClearFloatLog", "path": ["monitoring", "gpu_1"]}, "version": 17}
{"obj": {"type": "ConfigFloatSeries", "path": ["monitoring", "gpu_memory_0"], "min": 0.0, "max": 23.6912841796875, "unit": "GB"}, "version": 18}
{"obj": {"type": "ClearFloatLog", "path": ["monitoring", "gpu_memory_0"]}, "version": 19}
{"obj": {"type": "ConfigFloatSeries", "path": ["monitoring", "gpu_memory_1"], "min": 0.0, "max": 23.6912841796875, "unit": "GB"}, "version": 20}
{"obj": {"type": "ClearFloatLog", "path": ["monitoring", "gpu_memory_1"]}, "version": 21}
{"obj": {"type": "LogStrings", "path": ["monitoring", "stdout"], "values": [{"value": "", "step": null, "ts": 1623002170.1418622}]}, "version": 22}
{"obj": {"type": "LogStrings", "path": ["monitoring", "stdout"], "values": [{"value": "https://app.neptune.ai/inoichan/siim-rsna-covid19-2021/e/SIIM-29\n", "step": null, "ts": 1623002170.1437705}]}, "version": 23}
{"obj": {"type": "AssignBool", "path": ["parameters", "debug"], "value": false}, "version": 24}
{"obj": {"type": "AssignString", "path": ["parameters", "exp_name"], "value": "exp001"}, "version": 25}
{"obj": {"type": "AssignString", "path": ["parameters", "model_name"], "value": "tf_efficientnet_b3_ns"}, "version": 26}
{"obj": {"type": "AssignInt", "path": ["parameters", "device_id"], "value": 0}, "version": 27}
{"obj": {"type": "AssignInt", "path": ["parameters", "batch_size"], "value": 32}, "version": 28}
{"obj": {"type": "AssignInt", "path": ["parameters", "img_size"], "value": 512}, "version": 29}
{"obj": {"type": "AssignInt", "path": ["parameters", "n_workers"], "value": 12}, "version": 30}
{"obj": {"type": "AssignInt", "path": ["parameters", "n_epochs"], "value": 2}, "version": 31}
{"obj": {"type": "AssignInt", "path": ["parameters", "start_epoch"], "value": 1}, "version": 32}
{"obj": {"type": "AssignBool", "path": ["parameters", "transform"], "value": true}, "version": 33}
{"obj": {"type": "AssignString", "path": ["parameters", "initial_lr"], "value": "5e-4"}, "version": 34}
{"obj": {"type": "AssignString", "path": ["parameters", "final_lr"], "value": "1e-6"}, "version": 35}
{"obj": {"type": "AssignString", "path": ["parameters", "load_checkpoint"], "value": "['', '', '', '', '']"}, "version": 36}
{"obj": {"type": "AssignString", "path": ["parameters", "hold_out"], "value": "[0, 1, 2, 3, 4]"}, "version": 37}
{"obj": {"type": "AssignString", "path": ["parameters", "df_train_path"], "value": "/workspace/data/df_train_study_level_npy640.csv"}, "version": 38}
{"obj": {"type": "AssignInt", "path": ["parameters", "accumulation_steps"], "value": 1}, "version": 39}
{"obj": {"type": "AssignInt", "path": ["parameters", "early_stopping_steps"], "value": 8}, "version": 40}
{"obj": {"type": "AssignBool", "path": ["parameters", "freeze_bn"], "value": false}, "version": 41}
{"obj": {"type": "AssignString", "path": ["parameters", "fold_name"], "value": "cv"}, "version": 42}
{"obj": {"type": "AssignBool", "path": ["parameters", "clahe"], "value": false}, "version": 43}
{"obj": {"type": "AssignBool", "path": ["parameters", "mix"], "value": false}, "version": 44}
{"obj": {"type": "AssignBool", "path": ["parameters", "use_amp"], "value": true}, "version": 45}
{"obj": {"type": "AssignBool", "path": ["parameters", "use_npy"], "value": true}, "version": 46}
{"obj": {"type": "LogFloats", "path": ["monitoring", "memory"], "values": [{"value": 39.40073776245117, "step": null, "ts": 1623002170.1406188}]}, "version": 47}
{"obj": {"type": "LogFloats", "path": ["monitoring", "gpu_1"], "values": [{"value": 3.0, "step": null, "ts": 1623002170.1406188}]}, "version": 48}
{"obj": {"type": "LogFloats", "path": ["monitoring", "gpu_memory_0"], "values": [{"value": 0.00860595703125, "step": null, "ts": 1623002170.1406188}]}, "version": 49}
{"obj": {"type": "LogFloats", "path": ["monitoring", "gpu_memory_1"], "values": [{"value": 0.86407470703125, "step": null, "ts": 1623002170.1406188}]}, "version": 50}
{"obj": {"type": "LogFloats", "path": ["Learning Rate"], "values": [{"value": 0.0005, "step": null, "ts": 1623002175.7531214}]}, "version": 51}
{"obj": {"type": "LogStrings", "path": ["monitoring", "stderr"], "values": [{"value": "\r  0%|                                                                                                                                                                                      | 0/158 [00:00<?, ?it/s]", "step": null, "ts": 1623002175.7541566}]}, "version": 52}
{"obj": {"type": "LogFloats", "path": ["monitoring", "cpu"], "values": [{"value": 26.498226168811595, "step": null, "ts": 1623002180.1520507}]}, "version": 53}
{"obj": {"type": "LogFloats", "path": ["monitoring", "memory"], "values": [{"value": 45.02366638183594, "step": null, "ts": 1623002180.1520507}]}, "version": 54}
{"obj": {"type": "LogFloats", "path": ["monitoring", "gpu_1"], "values": [{"value": 5.0, "step": null, "ts": 1623002180.1520507}]}, "version": 55}
{"obj": {"type": "LogFloats", "path": ["monitoring", "gpu_memory_0"], "values": [{"value": 0.00860595703125, "step": null, "ts": 1623002180.1520507}]}, "version": 56}
{"obj": {"type": "LogFloats", "path": ["monitoring", "gpu_memory_1"], "values": [{"value": 2.38006591796875, "step": null, "ts": 1623002180.1520507}]}, "version": 57}
{"obj": {"type": "LogStrings", "path": ["monitoring", "stderr"], "values": [{"value": "\rloss: 1.109729290008545 loss(avg): 1.109729290008545:   0%|                                                                                                                                | 0/158 [00:12<?, ?it/s]", "step": null, "ts": 1623002188.6325037}]}, "version": 58}
{"obj": {"type": "LogStrings", "path": ["monitoring", "stderr"], "values": [{"value": "\rloss: 1.109729290008545 loss(avg): 1.109729290008545:   1%|\u258a                                                                                                                       | 1/158 [00:12<33:41, 12.88s/it]", "step": null, "ts": 1623002188.6327455}]}, "version": 59}
{"obj": {"type": "LogStrings", "path": ["monitoring", "stderr"], "values": [{"value": "\rloss: 0.8076753616333008 loss(avg): 0.9587023258209229:   1%|\u258b                                                                                                                     | 1/158 [00:13<33:41, 12.88s/it]", "step": null, "ts": 1623002189.499841}]}, "version": 60}
{"obj": {"type": "LogStrings", "path": ["monitoring", "stderr"], "values": [{"value": "\rloss: 0.8076753616333008 loss(avg): 0.9587023258209229:   1%|\u2588\u258d                                                                                                                    | 2/158 [00:13<24:06,  9.28s/it]", "step": null, "ts": 1623002189.5000765}]}, "version": 61}
{"obj": {"type": "LogStrings", "path": ["monitoring", "stderr"], "values": [{"value": "\rloss: 0.7917560338973999 loss(avg): 0.9030535618464152:   1%|\u2588\u258d                                                                                                                    | 2/158 [00:14<24:06,  9.28s/it]", "step": null, "ts": 1623002190.1265352}]}, "version": 62}
{"obj": {"type": "LogStrings", "path": ["monitoring", "stderr"], "values": [{"value": "\rloss: 0.7917560338973999 loss(avg): 0.9030535618464152:   2%|\u2588\u2588\u258f                                                                                                                   | 3/158 [00:14<17:15,  6.68s/it]", "step": null, "ts": 1623002190.126798}]}, "version": 63}
{"obj": {"type": "LogFloats", "path": ["monitoring", "cpu"], "values": [{"value": 13.545628881801699, "step": null, "ts": 1623002190.1580267}]}, "version": 64}
{"obj": {"type": "LogFloats", "path": ["monitoring", "memory"], "values": [{"value": 46.51918029785156, "step": null, "ts": 1623002190.1580267}]}, "version": 65}
{"obj": {"type": "LogFloats", "path": ["monitoring", "gpu_1"], "values": [{"value": 90.0, "step": null, "ts": 1623002190.1580267}]}, "version": 66}
{"obj": {"type": "LogFloats", "path": ["monitoring", "gpu_memory_0"], "values": [{"value": 0.00860595703125, "step": null, "ts": 1623002190.1580267}]}, "version": 67}
{"obj": {"type": "LogFloats", "path": ["monitoring", "gpu_memory_1"], "values": [{"value": 20.9599609375, "step": null, "ts": 1623002190.1580267}]}, "version": 68}
{"obj": {"type": "LogStrings", "path": ["monitoring", "stderr"], "values": [{"value": "\rloss: 0.8664572238922119 loss(avg): 0.8939044773578644:   2%|\u2588\u2588\u258f                                                                                                                   | 3/158 [00:14<17:15,  6.68s/it]", "step": null, "ts": 1623002190.744065}]}, "version": 69}
{"obj": {"type": "LogStrings", "path": ["monitoring", "stderr"], "values": [{"value": "\rloss: 0.8664572238922119 loss(avg): 0.8939044773578644:   3%|\u2588\u2588\u2589                                                                                                                   | 4/158 [00:14<12:28,  4.86s/it]", "step": null, "ts": 1623002190.7443814}]}, "version": 70}
{"obj": {"type": "LogStrings", "path": ["monitoring", "stderr"], "values": [{"value": "\rloss: 0.7972670793533325 loss(avg): 0.874576997756958:   3%|\u2588\u2588\u2588                                                                                                                    | 4/158 [00:15<12:28,  4.86s/it]", "step": null, "ts": 1623002191.3781643}]}, "version": 71}
{"obj": {"type": "LogStrings", "path": ["monitoring", "stderr"], "values": [{"value": "\rloss: 0.7972670793533325 loss(avg): 0.874576997756958:   3%|\u2588\u2588\u2588\u258a                                                                                                                   | 5/158 [00:15<09:09,  3.59s/it]", "step": null, "ts": 1623002191.3784053}]}, "version": 72}
{"obj": {"type": "LogStrings", "path": ["monitoring", "stderr"], "values": [{"value": "\rloss: 0.6760566234588623 loss(avg): 0.8414902687072754:   3%|\u2588\u2588\u2588\u258b                                                                                                                  | 5/158 [00:16<09:09,  3.59s/it]", "step": null, "ts": 1623002191.987755}]}, "version": 73}
{"obj": {"type": "LogStrings", "path": ["monitoring", "stderr"], "values": [{"value": "\rloss: 0.6760566234588623 loss(avg): 0.8414902687072754:   4%|\u2588\u2588\u2588\u2588\u258d                                                                                                                 | 6/158 [00:16<06:50,  2.70s/it]", "step": null, "ts": 1623002191.987991}]}, "version": 74}
{"obj": {"type": "LogStrings", "path": ["monitoring", "stderr"], "values": [{"value": "\rloss: 0.7477937340736389 loss(avg): 0.8281050494738987:   4%|\u2588\u2588\u2588\u2588\u258d                                                                                                                 | 6/158 [00:16<06:50,  2.70s/it]", "step": null, "ts": 1623002192.5948813}]}, "version": 75}
{"obj": {"type": "LogStrings", "path": ["monitoring", "stderr"], "values": [{"value": "\rloss: 0.7477937340736389 loss(avg): 0.8281050494738987:   4%|\u2588\u2588\u2588\u2588\u2588\u258f                                                                                                                | 7/158 [00:16<05:12,  2.07s/it]", "step": null, "ts": 1623002192.595093}]}, "version": 76}
{"obj": {"type": "LogStrings", "path": ["monitoring", "stderr"], "values": [{"value": "\rloss: 0.9053165912628174 loss(avg): 0.8377564921975136:   4%|\u2588\u2588\u2588\u2588\u2588\u258f                                                                                                                | 7/158 [00:17<05:12,  2.07s/it]", "step": null, "ts": 1623002193.2070892}]}, "version": 77}
{"obj": {"type": "LogStrings", "path": ["monitoring", "stderr"], "values": [{"value": "\rloss: 0.9053165912628174 loss(avg): 0.8377564921975136:   5%|\u2588\u2588\u2588\u2588\u2588\u2589                                                                                                                | 8/158 [00:17<04:04,  1.63s/it]", "step": null, "ts": 1623002193.207375}]}, "version": 78}
{"obj": {"type": "LogStrings", "path": ["monitoring", "stderr"], "values": [{"value": "\rloss: 0.7455087304115295 loss(avg): 0.8275067408879598:   5%|\u2588\u2588\u2588\u2588\u2588\u2589                                                                                                                | 8/158 [00:18<04:04,  1.63s/it]", "step": null, "ts": 1623002193.814312}]}, "version": 79}
{"obj": {"type": "LogStrings", "path": ["monitoring", "stderr"], "values": [{"value": "\rloss: 0.7455087304115295 loss(avg): 0.8275067408879598:   6%|\u2588\u2588\u2588\u2588\u2588\u2588\u258b                                                                                                               | 9/158 [00:18<03:17,  1.33s/it]", "step": null, "ts": 1623002193.814546}]}, "version": 80}
{"obj": {"type": "LogStrings", "path": ["monitoring", "stderr"], "values": [{"value": "\rloss: 0.8290283679962158 loss(avg): 0.8276589035987855:   6%|\u2588\u2588\u2588\u2588\u2588\u2588\u258b                                                                                                               | 9/158 [00:18<03:17,  1.33s/it]", "step": null, "ts": 1623002194.441658}]}, "version": 81}
{"obj": {"type": "LogStrings", "path": ["monitoring", "stderr"], "values": [{"value": "\rloss: 0.8290283679962158 loss(avg): 0.8276589035987855:   6%|\u2588\u2588\u2588\u2588\u2588\u2588\u2588\u258d                                                                                                             | 10/158 [00:18<02:45,  1.12s/it]", "step": null, "ts": 1623002194.4419096}]}, "version": 82}
{"obj": {"type": "LogStrings", "path": ["monitoring", "stderr"], "values": [{"value": "\rloss: 0.7807444334030151 loss(avg): 0.8233939517628064:   6%|\u2588\u2588\u2588\u2588\u2588\u2588\u2588\u258d                                                                                                             | 10/158 [00:19<02:45,  1.12s/it]", "step": null, "ts": 1623002195.0568728}]}, "version": 83}
{"obj": {"type": "LogStrings", "path": ["monitoring", "stderr"], "values": [{"value": "\rloss: 0.7807444334030151 loss(avg): 0.8233939517628064:   7%|\u2588\u2588\u2588\u2588\u2588\u2588\u2588\u2588\u258f                                                                                                            | 11/158 [00:19<02:21,  1.04it/s]", "step": null, "ts": 1623002195.057111}]}, "version": 84}
{"obj": {"type": "LogStrings", "path": ["monitoring", "stderr"], "values": [{"value": "\rloss: 0.6169562339782715 loss(avg): 0.8061908086140952:   7%|\u2588\u2588\u2588\u2588\u2588\u2588\u2588\u2588\u258f                                                                                                            | 11/158 [00:19<02:21,  1.04it/s]", "step": null, "ts": 1623002195.6676598}]}, "version": 85}
{"obj": {"type": "LogStrings", "path": ["monitoring", "stderr"], "values": [{"value": "\rloss: 0.6169562339782715 loss(avg): 0.8061908086140952:   8%|\u2588\u2588\u2588\u2588\u2588\u2588\u2588\u2588\u2589                                                                                                            | 12/158 [00:19<02:05,  1.16it/s]", "step": null, "ts": 1623002195.6679392}]}, "version": 86}
{"obj": {"type": "LogStrings", "path": ["monitoring", "stderr"], "values": [{"value": "\rloss: 0.8341201543807983 loss(avg): 0.8083392198269185:   8%|\u2588\u2588\u2588\u2588\u2588\u2588\u2588\u2588\u2589                                                                                                            | 12/158 [00:20<02:05,  1.16it/s]", "step": null, "ts": 1623002196.2900507}]}, "version": 87}
{"obj": {"type": "LogStrings", "path": ["monitoring", "stderr"], "values": [{"value": "\rloss: 0.8341201543807983 loss(avg): 0.8083392198269185:   8%|\u2588\u2588\u2588\u2588\u2588\u2588\u2588\u2588\u2588\u258b                                                                                                           | 13/158 [00:20<01:54,  1.27it/s]", "step": null, "ts": 1623002196.2903333}]}, "version": 88}
{"obj": {"type": "LogStrings", "path": ["monitoring", "stderr"], "values": [{"value": "\rloss: 0.5879015922546387 loss(avg): 0.7925936750003271:   8%|\u2588\u2588\u2588\u2588\u2588\u2588\u2588\u2588\u2588\u258b                                                                                                           | 13/158 [00:21<01:54,  1.27it/s]", "step": null, "ts": 1623002196.9081328}]}, "version": 89}
{"obj": {"type": "LogStrings", "path": ["monitoring", "stderr"], "values": [{"value": "\rloss: 0.5879015922546387 loss(avg): 0.7925936750003271:   9%|\u2588\u2588\u2588\u2588\u2588\u2588\u2588\u2588\u2588\u2588\u258e                                                                                                          | 14/158 [00:21<01:46,  1.36it/s]", "step": null, "ts": 1623002196.9083843}]}, "version": 90}
{"obj": {"type": "LogStrings", "path": ["monitoring", "stderr"], "values": [{"value": "\rloss: 0.6770150661468506 loss(avg): 0.7848884344100953:   9%|\u2588\u2588\u2588\u2588\u2588\u2588\u2588\u2588\u2588\u2588\u258e                                                                                                          | 14/158 [00:21<01:46,  1.36it/s]", "step": null, "ts": 1623002197.528738}]}, "version": 91}
{"obj": {"type": "LogStrings", "path": ["monitoring", "stderr"], "values": [{"value": "\rloss: 0.6770150661468506 loss(avg): 0.7848884344100953:   9%|\u2588\u2588\u2588\u2588\u2588\u2588\u2588\u2588\u2588\u2588\u2588                                                                                                          | 15/158 [00:21<01:40,  1.42it/s]", "step": null, "ts": 1623002197.5290256}]}, "version": 92}
{"obj": {"type": "LogStrings", "path": ["monitoring", "stderr"], "values": [{"value": "\rloss: 0.4669361114501953 loss(avg): 0.7650164142251015:   9%|\u2588\u2588\u2588\u2588\u2588\u2588\u2588\u2588\u2588\u2588\u2588                                                                                                          | 15/158 [00:22<01:40,  1.42it/s]", "step": null, "ts": 1623002198.135129}]}, "version": 93}
{"obj": {"type": "LogStrings", "path": ["monitoring", "stderr"], "values": [{"value": "\rloss: 0.4669361114501953 loss(avg): 0.7650164142251015:  10%|\u2588\u2588\u2588\u2588\u2588\u2588\u2588\u2588\u2588\u2588\u2588\u258a                                                                                                         | 16/158 [00:22<01:35,  1.48it/s]", "step": null, "ts": 1623002198.1353915}]}, "version": 94}
{"obj": {"type": "LogStrings", "path": ["monitoring", "stderr"], "values": [{"value": "\rloss: 0.6640966534614563 loss(avg): 0.7590799577095929:  10%|\u2588\u2588\u2588\u2588\u2588\u2588\u2588\u2588\u2588\u2588\u2588\u258a                                                                                                         | 16/158 [00:22<01:35,  1.48it/s]", "step": null, "ts": 1623002198.7521493}]}, "version": 95}
{"obj": {"type": "LogStrings", "path": ["monitoring", "stderr"], "values": [{"value": "\rloss: 0.6640966534614563 loss(avg): 0.7590799577095929:  11%|\u2588\u2588\u2588\u2588\u2588\u2588\u2588\u2588\u2588\u2588\u2588\u2588\u258c                                                                                                        | 17/158 [00:22<01:32,  1.52it/s]", "step": null, "ts": 1623002198.7524376}]}, "version": 96}
{"obj": {"type": "LogStrings", "path": ["monitoring", "stderr"], "values": [{"value": "\rloss: 0.7749520540237427 loss(avg): 0.7599617408381568:  11%|\u2588\u2588\u2588\u2588\u2588\u2588\u2588\u2588\u2588\u2588\u2588\u2588\u258c                                                                                                        | 17/158 [00:23<01:32,  1.52it/s]", "step": null, "ts": 1623002199.3543923}]}, "version": 97}
{"obj": {"type": "LogStrings", "path": ["monitoring", "stderr"], "values": [{"value": "\rloss: 0.7749520540237427 loss(avg): 0.7599617408381568:  11%|\u2588\u2588\u2588\u2588\u2588\u2588\u2588\u2588\u2588\u2588\u2588\u2588\u2588\u258e                                                                                                       | 18/158 [00:23<01:29,  1.56it/s]", "step": null, "ts": 1623002199.3547182}]}, "version": 98}
{"obj": {"type": "LogStrings", "path": ["monitoring", "stderr"], "values": [{"value": "\rloss: 0.6600082516670227 loss(avg): 0.7547010308817813:  11%|\u2588\u2588\u2588\u2588\u2588\u2588\u2588\u2588\u2588\u2588\u2588\u2588\u2588\u258e                                                                                                       | 18/158 [00:24<01:29,  1.56it/s]", "step": null, "ts": 1623002199.970205}]}, "version": 99}
{"obj": {"type": "LogStrings", "path": ["monitoring", "stderr"], "values": [{"value": "\rloss: 0.6600082516670227 loss(avg): 0.7547010308817813:  12%|\u2588\u2588\u2588\u2588\u2588\u2588\u2588\u2588\u2588\u2588\u2588\u2588\u2588\u2588                                                                                                       | 19/158 [00:24<01:27,  1.58it/s]", "step": null, "ts": 1623002199.9704416}]}, "version": 100}
{"obj": {"type": "LogFloats", "path": ["monitoring", "cpu"], "values": [{"value": 16.11469806229628, "step": null, "ts": 1623002200.1617324}]}, "version": 101}
{"obj": {"type": "LogFloats", "path": ["monitoring", "memory"], "values": [{"value": 46.81190872192383, "step": null, "ts": 1623002200.1617324}]}, "version": 102}
{"obj": {"type": "LogFloats", "path": ["monitoring", "gpu_1"], "values": [{"value": 80.0, "step": null, "ts": 1623002200.1617324}]}, "version": 103}
{"obj": {"type": "LogFloats", "path": ["monitoring", "gpu_memory_0"], "values": [{"value": 0.00860595703125, "step": null, "ts": 1623002200.1617324}]}, "version": 104}
{"obj": {"type": "LogFloats", "path": ["monitoring", "gpu_memory_1"], "values": [{"value": 20.959716796875, "step": null, "ts": 1623002200.1617324}]}, "version": 105}
{"obj": {"type": "LogStrings", "path": ["monitoring", "stderr"], "values": [{"value": "\rloss: 0.7065582275390625 loss(avg): 0.7522938907146454:  12%|\u2588\u2588\u2588\u2588\u2588\u2588\u2588\u2588\u2588\u2588\u2588\u2588\u2588\u2588                                                                                                       | 19/158 [00:24<01:27,  1.58it/s]", "step": null, "ts": 1623002200.583686}]}, "version": 106}
{"obj": {"type": "LogStrings", "path": ["monitoring", "stderr"], "values": [{"value": "\rloss: 0.7065582275390625 loss(avg): 0.7522938907146454:  13%|\u2588\u2588\u2588\u2588\u2588\u2588\u2588\u2588\u2588\u2588\u2588\u2588\u2588\u2588\u258a                                                                                                      | 20/158 [00:24<01:26,  1.59it/s]", "step": null, "ts": 1623002200.5839303}]}, "version": 107}
{"obj": {"type": "LogStrings", "path": ["monitoring", "stderr"], "values": [{"value": "\rloss: 0.617685079574585 loss(avg): 0.7458839473270235:  13%|\u2588\u2588\u2588\u2588\u2588\u2588\u2588\u2588\u2588\u2588\u2588\u2588\u2588\u2588\u2589                                                                                                       | 20/158 [00:25<01:26,  1.59it/s]", "step": null, "ts": 1623002201.191158}]}, "version": 108}
{"obj": {"type": "LogStrings", "path": ["monitoring", "stderr"], "values": [{"value": "\rloss: 0.617685079574585 loss(avg): 0.7458839473270235:  13%|\u2588\u2588\u2588\u2588\u2588\u2588\u2588\u2588\u2588\u2588\u2588\u2588\u2588\u2588\u2588\u258b                                                                                                      | 21/158 [00:25<01:25,  1.61it/s]", "step": null, "ts": 1623002201.191424}]}, "version": 109}
{"obj": {"type": "LogStrings", "path": ["monitoring", "stderr"], "values": [{"value": "\rloss: 0.5357013940811157 loss(avg): 0.7363301949067549:  13%|\u2588\u2588\u2588\u2588\u2588\u2588\u2588\u2588\u2588\u2588\u2588\u2588\u2588\u2588\u2588\u258c                                                                                                     | 21/158 [00:26<01:25,  1.61it/s]", "step": null, "ts": 1623002201.823476}]}, "version": 110}
{"obj": {"type": "LogStrings", "path": ["monitoring", "stderr"], "values": [{"value": "\rloss: 0.5357013940811157 loss(avg): 0.7363301949067549:  14%|\u2588\u2588\u2588\u2588\u2588\u2588\u2588\u2588\u2588\u2588\u2588\u2588\u2588\u2588\u2588\u2588\u258e                                                                                                    | 22/158 [00:26<01:24,  1.60it/s]", "step": null, "ts": 1623002201.8237314}]}, "version": 111}
{"obj": {"type": "LogStrings", "path": ["monitoring", "stderr"], "values": [{"value": "\rloss: 0.47984007000923157 loss(avg): 0.725178450345993:  14%|\u2588\u2588\u2588\u2588\u2588\u2588\u2588\u2588\u2588\u2588\u2588\u2588\u2588\u2588\u2588\u2588\u258e                                                                                                    | 22/158 [00:26<01:24,  1.60it/s]", "step": null, "ts": 1623002202.4491272}]}, "version": 112}
{"obj": {"type": "LogStrings", "path": ["monitoring", "stderr"], "values": [{"value": "\rloss: 0.47984007000923157 loss(avg): 0.725178450345993:  15%|\u2588\u2588\u2588\u2588\u2588\u2588\u2588\u2588\u2588\u2588\u2588\u2588\u2588\u2588\u2588\u2588\u2588                                                                                                    | 23/158 [00:26<01:24,  1.60it/s]", "step": null, "ts": 1623002202.449395}]}, "version": 113}
{"obj": {"type": "LogStrings", "path": ["monitoring", "stderr"], "values": [{"value": "\rloss: 0.6093060970306396 loss(avg): 0.72035043562452:  15%|\u2588\u2588\u2588\u2588\u2588\u2588\u2588\u2588\u2588\u2588\u2588\u2588\u2588\u2588\u2588\u2588\u2588\u258e                                                                                                     | 23/158 [00:27<01:24,  1.60it/s]", "step": null, "ts": 1623002203.0579765}]}, "version": 114}
{"obj": {"type": "LogStrings", "path": ["monitoring", "stderr"], "values": [{"value": "\rloss: 0.6093060970306396 loss(avg): 0.72035043562452:  15%|\u2588\u2588\u2588\u2588\u2588\u2588\u2588\u2588\u2588\u2588\u2588\u2588\u2588\u2588\u2588\u2588\u2588\u2588                                                                                                     | 24/158 [00:27<01:23,  1.61it/s]", "step": null, "ts": 1623002203.058284}]}, "version": 115}
{"obj": {"type": "LogStrings", "path": ["monitoring", "stderr"], "values": [{"value": "\rloss: 0.5733848214149475 loss(avg): 0.714471811056137:  15%|\u2588\u2588\u2588\u2588\u2588\u2588\u2588\u2588\u2588\u2588\u2588\u2588\u2588\u2588\u2588\u2588\u2588\u2589                                                                                                    | 24/158 [00:27<01:23,  1.61it/s]", "step": null, "ts": 1623002203.6846595}]}, "version": 116}
{"obj": {"type": "LogStrings", "path": ["monitoring", "stderr"], "values": [{"value": "\rloss: 0.5733848214149475 loss(avg): 0.714471811056137:  16%|\u2588\u2588\u2588\u2588\u2588\u2588\u2588\u2588\u2588\u2588\u2588\u2588\u2588\u2588\u2588\u2588\u2588\u2588\u258b                                                                                                   | 25/158 [00:27<01:22,  1.61it/s]", "step": null, "ts": 1623002203.6849153}]}, "version": 117}
{"obj": {"type": "LogStrings", "path": ["monitoring", "stderr"], "values": [{"value": "\rloss: 0.7255038022994995 loss(avg): 0.7148961184116509:  16%|\u2588\u2588\u2588\u2588\u2588\u2588\u2588\u2588\u2588\u2588\u2588\u2588\u2588\u2588\u2588\u2588\u2588\u2588\u258c                                                                                                  | 25/158 [00:28<01:22,  1.61it/s]", "step": null, "ts": 1623002204.30188}]}, "version": 118}
{"obj": {"type": "LogStrings", "path": ["monitoring", "stderr"], "values": [{"value": "\rloss: 0.7255038022994995 loss(avg): 0.7148961184116509:  16%|\u2588\u2588\u2588\u2588\u2588\u2588\u2588\u2588\u2588\u2588\u2588\u2588\u2588\u2588\u2588\u2588\u2588\u2588\u2588\u258e                                                                                                 | 26/158 [00:28<01:21,  1.61it/s]", "step": null, "ts": 1623002204.3021226}]}, "version": 119}
{"obj": {"type": "LogStrings", "path": ["monitoring", "stderr"], "values": [{"value": "\rloss: 0.4728220999240875 loss(avg): 0.7059304140232227:  16%|\u2588\u2588\u2588\u2588\u2588\u2588\u2588\u2588\u2588\u2588\u2588\u2588\u2588\u2588\u2588\u2588\u2588\u2588\u2588\u258e                                                                                                 | 26/158 [00:29<01:21,  1.61it/s]", "step": null, "ts": 1623002204.912898}]}, "version": 120}
{"obj": {"type": "LogStrings", "path": ["monitoring", "stderr"], "values": [{"value": "\rloss: 0.4728220999240875 loss(avg): 0.7059304140232227:  17%|\u2588\u2588\u2588\u2588\u2588\u2588\u2588\u2588\u2588\u2588\u2588\u2588\u2588\u2588\u2588\u2588\u2588\u2588\u2588\u2589                                                                                                 | 27/158 [00:29<01:20,  1.62it/s]", "step": null, "ts": 1623002204.9131489}]}, "version": 121}
{"obj": {"type": "LogStrings", "path": ["monitoring", "stderr"], "values": [{"value": "\rloss: 0.5329703092575073 loss(avg): 0.6997532674244471:  17%|\u2588\u2588\u2588\u2588\u2588\u2588\u2588\u2588\u2588\u2588\u2588\u2588\u2588\u2588\u2588\u2588\u2588\u2588\u2588\u2589                                                                                                 | 27/158 [00:29<01:20,  1.62it/s]", "step": null, "ts": 1623002205.532254}]}, "version": 122}
{"obj": {"type": "LogStrings", "path": ["monitoring", "stderr"], "values": [{"value": "\rloss: 0.5329703092575073 loss(avg): 0.6997532674244471:  18%|\u2588\u2588\u2588\u2588\u2588\u2588\u2588\u2588\u2588\u2588\u2588\u2588\u2588\u2588\u2588\u2588\u2588\u2588\u2588\u2588\u258b                                                                                                | 28/158 [00:29<01:20,  1.62it/s]", "step": null, "ts": 1623002205.5324862}]}, "version": 123}
{"obj": {"type": "LogStrings", "path": ["monitoring", "stderr"], "values": [{"value": "\rloss: 0.5315866470336914 loss(avg): 0.6939544184454556:  18%|\u2588\u2588\u2588\u2588\u2588\u2588\u2588\u2588\u2588\u2588\u2588\u2588\u2588\u2588\u2588\u2588\u2588\u2588\u2588\u2588\u258b                                                                                                | 28/158 [00:30<01:20,  1.62it/s]", "step": null, "ts": 1623002206.1463575}]}, "version": 124}
{"obj": {"type": "LogStrings", "path": ["monitoring", "stderr"], "values": [{"value": "\rloss: 0.5315866470336914 loss(avg): 0.6939544184454556:  18%|\u2588\u2588\u2588\u2588\u2588\u2588\u2588\u2588\u2588\u2588\u2588\u2588\u2588\u2588\u2588\u2588\u2588\u2588\u2588\u2588\u2588\u258d                                                                                               | 29/158 [00:30<01:19,  1.62it/s]", "step": null, "ts": 1623002206.1466515}]}, "version": 125}
{"obj": {"type": "LogStrings", "path": ["monitoring", "stderr"], "values": [{"value": "\rloss: 0.5937696695327759 loss(avg): 0.6906149268150329:  18%|\u2588\u2588\u2588\u2588\u2588\u2588\u2588\u2588\u2588\u2588\u2588\u2588\u2588\u2588\u2588\u2588\u2588\u2588\u2588\u2588\u2588\u258d                                                                                               | 29/158 [00:31<01:19,  1.62it/s]", "step": null, "ts": 1623002206.780415}]}, "version": 126}
{"obj": {"type": "LogStrings", "path": ["monitoring", "stderr"], "values": [{"value": "\rloss: 0.5937696695327759 loss(avg): 0.6906149268150329:  19%|\u2588\u2588\u2588\u2588\u2588\u2588\u2588\u2588\u2588\u2588\u2588\u2588\u2588\u2588\u2588\u2588\u2588\u2588\u2588\u2588\u2588\u2588\u258f                                                                                              | 30/158 [00:31<01:19,  1.61it/s]", "step": null, "ts": 1623002206.7807052}]}, "version": 127}
{"obj": {"type": "LogStrings", "path": ["monitoring", "stderr"], "values": [{"value": "\rloss: 0.4967001974582672 loss(avg): 0.6843596129648146:  19%|\u2588\u2588\u2588\u2588\u2588\u2588\u2588\u2588\u2588\u2588\u2588\u2588\u2588\u2588\u2588\u2588\u2588\u2588\u2588\u2588\u2588\u2588\u258f                                                                                              | 30/158 [00:31<01:19,  1.61it/s]", "step": null, "ts": 1623002207.3968654}]}, "version": 128}
{"obj": {"type": "LogStrings", "path": ["monitoring", "stderr"], "values": [{"value": "\rloss: 0.4967001974582672 loss(avg): 0.6843596129648146:  20%|\u2588\u2588\u2588\u2588\u2588\u2588\u2588\u2588\u2588\u2588\u2588\u2588\u2588\u2588\u2588\u2588\u2588\u2588\u2588\u2588\u2588\u2588\u2589                                                                                              | 31/158 [00:31<01:18,  1.61it/s]", "step": null, "ts": 1623002207.3971274}]}, "version": 129}
{"obj": {"type": "LogStrings", "path": ["monitoring", "stderr"], "values": [{"value": "\rloss: 0.5248512029647827 loss(avg): 0.6793749751523136:  20%|\u2588\u2588\u2588\u2588\u2588\u2588\u2588\u2588\u2588\u2588\u2588\u2588\u2588\u2588\u2588\u2588\u2588\u2588\u2588\u2588\u2588\u2588\u2589                                                                                              | 31/158 [00:32<01:18,  1.61it/s]", "step": null, "ts": 1623002208.0276973}]}, "version": 130}
{"obj": {"type": "LogStrings", "path": ["monitoring", "stderr"], "values": [{"value": "\rloss: 0.5248512029647827 loss(avg): 0.6793749751523136:  20%|\u2588\u2588\u2588\u2588\u2588\u2588\u2588\u2588\u2588\u2588\u2588\u2588\u2588\u2588\u2588\u2588\u2588\u2588\u2588\u2588\u2588\u2588\u2588\u258b                                                                                             | 32/158 [00:32<01:18,  1.60it/s]", "step": null, "ts": 1623002208.0279615}]}, "version": 131}
{"obj": {"type": "LogStrings", "path": ["monitoring", "stderr"], "values": [{"value": "\rloss: 0.4712006449699402 loss(avg): 0.6730666621164841:  20%|\u2588\u2588\u2588\u2588\u2588\u2588\u2588\u2588\u2588\u2588\u2588\u2588\u2588\u2588\u2588\u2588\u2588\u2588\u2588\u2588\u2588\u2588\u2588\u258b                                                                                             | 32/158 [00:32<01:18,  1.60it/s]", "step": null, "ts": 1623002208.6492598}]}, "version": 132}
{"obj": {"type": "LogStrings", "path": ["monitoring", "stderr"], "values": [{"value": "\rloss: 0.4712006449699402 loss(avg): 0.6730666621164841:  21%|\u2588\u2588\u2588\u2588\u2588\u2588\u2588\u2588\u2588\u2588\u2588\u2588\u2588\u2588\u2588\u2588\u2588\u2588\u2588\u2588\u2588\u2588\u2588\u2588\u258d                                                                                            | 33/158 [00:32<01:17,  1.61it/s]", "step": null, "ts": 1623002208.6495092}]}, "version": 133}
{"obj": {"type": "LogStrings", "path": ["monitoring", "stderr"], "values": [{"value": "\rloss: 0.5590544939041138 loss(avg): 0.6697133630514144:  21%|\u2588\u2588\u2588\u2588\u2588\u2588\u2588\u2588\u2588\u2588\u2588\u2588\u2588\u2588\u2588\u2588\u2588\u2588\u2588\u2588\u2588\u2588\u2588\u2588\u258d                                                                                            | 33/158 [00:33<01:17,  1.61it/s]", "step": null, "ts": 1623002209.2643447}]}, "version": 134}
{"obj": {"type": "LogStrings", "path": ["monitoring", "stderr"], "values": [{"value": "\rloss: 0.5590544939041138 loss(avg): 0.6697133630514144:  22%|\u2588\u2588\u2588\u2588\u2588\u2588\u2588\u2588\u2588\u2588\u2588\u2588\u2588\u2588\u2588\u2588\u2588\u2588\u2588\u2588\u2588\u2588\u2588\u2588\u2588\u258f                                                                                           | 34/158 [00:33<01:16,  1.61it/s]", "step": null, "ts": 1623002209.2645931}]}, "version": 135}
{"obj": {"type": "LogStrings", "path": ["monitoring", "stderr"], "values": [{"value": "\rloss: 0.5719077587127686 loss(avg): 0.6669189172131673:  22%|\u2588\u2588\u2588\u2588\u2588\u2588\u2588\u2588\u2588\u2588\u2588\u2588\u2588\u2588\u2588\u2588\u2588\u2588\u2588\u2588\u2588\u2588\u2588\u2588\u2588\u258f                                                                                           | 34/158 [00:34<01:16,  1.61it/s]", "step": null, "ts": 1623002209.8926432}]}, "version": 136}
{"obj": {"type": "LogStrings", "path": ["monitoring", "stderr"], "values": [{"value": "\rloss: 0.5719077587127686 loss(avg): 0.6669189172131673:  22%|\u2588\u2588\u2588\u2588\u2588\u2588\u2588\u2588\u2588\u2588\u2588\u2588\u2588\u2588\u2588\u2588\u2588\u2588\u2588\u2588\u2588\u2588\u2588\u2588\u2588\u2589                                                                                           | 35/158 [00:34<01:16,  1.61it/s]", "step": null, "ts": 1623002209.8928838}]}, "version": 137}
{"obj": {"type": "LogFloats", "path": ["monitoring", "cpu"], "values": [{"value": 18.631082033916215, "step": null, "ts": 1623002210.1642954}]}, "version": 138}
{"obj": {"type": "LogFloats", "path": ["monitoring", "memory"], "values": [{"value": 46.69880676269531, "step": null, "ts": 1623002210.1642954}]}, "version": 139}
{"obj": {"type": "LogFloats", "path": ["monitoring", "gpu_1"], "values": [{"value": 80.0, "step": null, "ts": 1623002210.1642954}]}, "version": 140}
{"obj": {"type": "LogFloats", "path": ["monitoring", "gpu_memory_0"], "values": [{"value": 0.00860595703125, "step": null, "ts": 1623002210.1642954}]}, "version": 141}
{"obj": {"type": "LogFloats", "path": ["monitoring", "gpu_memory_1"], "values": [{"value": 20.9285888671875, "step": null, "ts": 1623002210.1642954}]}, "version": 142}
{"obj": {"type": "LogStrings", "path": ["monitoring", "stderr"], "values": [{"value": "\rloss: 0.4810127019882202 loss(avg): 0.661754855679141:  22%|\u2588\u2588\u2588\u2588\u2588\u2588\u2588\u2588\u2588\u2588\u2588\u2588\u2588\u2588\u2588\u2588\u2588\u2588\u2588\u2588\u2588\u2588\u2588\u2588\u2588\u2588\u258f                                                                                           | 35/158 [00:34<01:16,  1.61it/s]", "step": null, "ts": 1623002210.5118136}]}, "version": 143}
{"obj": {"type": "LogStrings", "path": ["monitoring", "stderr"], "values": [{"value": "\rloss: 0.4810127019882202 loss(avg): 0.661754855679141:  23%|\u2588\u2588\u2588\u2588\u2588\u2588\u2588\u2588\u2588\u2588\u2588\u2588\u2588\u2588\u2588\u2588\u2588\u2588\u2588\u2588\u2588\u2588\u2588\u2588\u2588\u2588\u2589                                                                                           | 36/158 [00:34<01:15,  1.61it/s]", "step": null, "ts": 1623002210.512059}]}, "version": 144}
{"obj": {"type": "LogStrings", "path": ["monitoring", "stderr"], "values": [{"value": "\rloss: 0.569713294506073 loss(avg): 0.6592672459177068:  23%|\u2588\u2588\u2588\u2588\u2588\u2588\u2588\u2588\u2588\u2588\u2588\u2588\u2588\u2588\u2588\u2588\u2588\u2588\u2588\u2588\u2588\u2588\u2588\u2588\u2588\u2588\u2589                                                                                           | 36/158 [00:35<01:15,  1.61it/s]", "step": null, "ts": 1623002211.128288}]}, "version": 145}
{"obj": {"type": "LogStrings", "path": ["monitoring", "stderr"], "values": [{"value": "\rloss: 0.569713294506073 loss(avg): 0.6592672459177068:  23%|\u2588\u2588\u2588\u2588\u2588\u2588\u2588\u2588\u2588\u2588\u2588\u2588\u2588\u2588\u2588\u2588\u2588\u2588\u2588\u2588\u2588\u2588\u2588\u2588\u2588\u2588\u2588\u258b                                                                                          | 37/158 [00:35<01:15,  1.61it/s]", "step": null, "ts": 1623002211.128538}]}, "version": 146}
{"obj": {"type": "LogStrings", "path": ["monitoring", "stderr"], "values": [{"value": "\rloss: 0.5608071684837341 loss(avg): 0.6566761912483917:  23%|\u2588\u2588\u2588\u2588\u2588\u2588\u2588\u2588\u2588\u2588\u2588\u2588\u2588\u2588\u2588\u2588\u2588\u2588\u2588\u2588\u2588\u2588\u2588\u2588\u2588\u2588\u2588\u258d                                                                                         | 37/158 [00:35<01:15,  1.61it/s]", "step": null, "ts": 1623002211.747131}]}, "version": 147}
{"obj": {"type": "LogStrings", "path": ["monitoring", "stderr"], "values": [{"value": "\rloss: 0.5608071684837341 loss(avg): 0.6566761912483917:  24%|\u2588\u2588\u2588\u2588\u2588\u2588\u2588\u2588\u2588\u2588\u2588\u2588\u2588\u2588\u2588\u2588\u2588\u2588\u2588\u2588\u2588\u2588\u2588\u2588\u2588\u2588\u2588\u2588\u258f                                                                                        | 38/158 [00:35<01:14,  1.61it/s]", "step": null, "ts": 1623002211.747403}]}, "version": 148}
{"obj": {"type": "LogStrings", "path": ["monitoring", "stderr"], "values": [{"value": "\rloss: 0.523037314414978 loss(avg): 0.6532495533808683:  24%|\u2588\u2588\u2588\u2588\u2588\u2588\u2588\u2588\u2588\u2588\u2588\u2588\u2588\u2588\u2588\u2588\u2588\u2588\u2588\u2588\u2588\u2588\u2588\u2588\u2588\u2588\u2588\u2588\u258d                                                                                         | 38/158 [00:36<01:14,  1.61it/s]", "step": null, "ts": 1623002212.373204}]}, "version": 149}
{"obj": {"type": "LogStrings", "path": ["monitoring", "stderr"], "values": [{"value": "\rloss: 0.523037314414978 loss(avg): 0.6532495533808683:  25%|\u2588\u2588\u2588\u2588\u2588\u2588\u2588\u2588\u2588\u2588\u2588\u2588\u2588\u2588\u2588\u2588\u2588\u2588\u2588\u2588\u2588\u2588\u2588\u2588\u2588\u2588\u2588\u2588\u2588\u258f                                                                                        | 39/158 [00:36<01:13,  1.61it/s]", "step": null, "ts": 1623002212.3734467}]}, "version": 150}
{"obj": {"type": "LogStrings", "path": ["monitoring", "stderr"], "values": [{"value": "\rloss: 0.6097269058227539 loss(avg): 0.6521614871919155:  25%|\u2588\u2588\u2588\u2588\u2588\u2588\u2588\u2588\u2588\u2588\u2588\u2588\u2588\u2588\u2588\u2588\u2588\u2588\u2588\u2588\u2588\u2588\u2588\u2588\u2588\u2588\u2588\u2588\u2589                                                                                        | 39/158 [00:37<01:13,  1.61it/s]", "step": null, "ts": 1623002213.010019}]}, "version": 151}
{"obj": {"type": "LogStrings", "path": ["monitoring", "stderr"], "values": [{"value": "\rloss: 0.6097269058227539 loss(avg): 0.6521614871919155:  25%|\u2588\u2588\u2588\u2588\u2588\u2588\u2588\u2588\u2588\u2588\u2588\u2588\u2588\u2588\u2588\u2588\u2588\u2588\u2588\u2588\u2588\u2588\u2588\u2588\u2588\u2588\u2588\u2588\u2588\u258c                                                                                       | 40/158 [00:37<01:13,  1.60it/s]", "step": null, "ts": 1623002213.0103023}]}, "version": 152}
{"obj": {"type": "LogStrings", "path": ["monitoring", "stderr"], "values": [{"value": "\rloss: 0.43809521198272705 loss(avg): 0.6469403585282767:  25%|\u2588\u2588\u2588\u2588\u2588\u2588\u2588\u2588\u2588\u2588\u2588\u2588\u2588\u2588\u2588\u2588\u2588\u2588\u2588\u2588\u2588\u2588\u2588\u2588\u2588\u2588\u2588\u2588\u2588\u258e                                                                                      | 40/158 [00:37<01:13,  1.60it/s]", "step": null, "ts": 1623002213.6223423}]}, "version": 153}
{"obj": {"type": "LogStrings", "path": ["monitoring", "stderr"], "values": [{"value": "\rloss: 0.43809521198272705 loss(avg): 0.6469403585282767:  26%|\u2588\u2588\u2588\u2588\u2588\u2588\u2588\u2588\u2588\u2588\u2588\u2588\u2588\u2588\u2588\u2588\u2588\u2588\u2588\u2588\u2588\u2588\u2588\u2588\u2588\u2588\u2588\u2588\u2588\u2588                                                                                      | 41/158 [00:37<01:12,  1.61it/s]", "step": null, "ts": 1623002213.6226914}]}, "version": 154}
{"obj": {"type": "LogStrings", "path": ["monitoring", "stderr"], "values": [{"value": "\rloss: 0.5198935270309448 loss(avg): 0.6439154339688165:  26%|\u2588\u2588\u2588\u2588\u2588\u2588\u2588\u2588\u2588\u2588\u2588\u2588\u2588\u2588\u2588\u2588\u2588\u2588\u2588\u2588\u2588\u2588\u2588\u2588\u2588\u2588\u2588\u2588\u2588\u2588\u258e                                                                                      | 41/158 [00:38<01:12,  1.61it/s]", "step": null, "ts": 1623002214.3012455}]}, "version": 155}
{"obj": {"type": "LogStrings", "path": ["monitoring", "stderr"], "values": [{"value": "\rloss: 0.5198935270309448 loss(avg): 0.6439154339688165:  27%|\u2588\u2588\u2588\u2588\u2588\u2588\u2588\u2588\u2588\u2588\u2588\u2588\u2588\u2588\u2588\u2588\u2588\u2588\u2588\u2588\u2588\u2588\u2588\u2588\u2588\u2588\u2588\u2588\u2588\u2588\u2588                                                                                      | 42/158 [00:38<01:14,  1.56it/s]", "step": null, "ts": 1623002214.3014917}]}, "version": 156}
{"obj": {"type": "LogStrings", "path": ["monitoring", "stderr"], "values": [{"value": "\rloss: 0.41428834199905396 loss(avg): 0.6385752690392871:  27%|\u2588\u2588\u2588\u2588\u2588\u2588\u2588\u2588\u2588\u2588\u2588\u2588\u2588\u2588\u2588\u2588\u2588\u2588\u2588\u2588\u2588\u2588\u2588\u2588\u2588\u2588\u2588\u2588\u2588\u2588\u258a                                                                                     | 42/158 [00:39<01:14,  1.56it/s]", "step": null, "ts": 1623002214.978011}]}, "version": 157}
{"obj": {"type": "LogStrings", "path": ["monitoring", "stderr"], "values": [{"value": "\rloss: 0.41428834199905396 loss(avg): 0.6385752690392871:  27%|\u2588\u2588\u2588\u2588\u2588\u2588\u2588\u2588\u2588\u2588\u2588\u2588\u2588\u2588\u2588\u2588\u2588\u2588\u2588\u2588\u2588\u2588\u2588\u2588\u2588\u2588\u2588\u2588\u2588\u2588\u2588\u258c                                                                                    | 43/158 [00:39<01:14,  1.54it/s]", "step": null, "ts": 1623002214.978278}]}, "version": 158}
{"obj": {"type": "LogStrings", "path": ["monitoring", "stderr"], "values": [{"value": "\rloss: 0.4801795780658722 loss(avg): 0.6349753669717094:  27%|\u2588\u2588\u2588\u2588\u2588\u2588\u2588\u2588\u2588\u2588\u2588\u2588\u2588\u2588\u2588\u2588\u2588\u2588\u2588\u2588\u2588\u2588\u2588\u2588\u2588\u2588\u2588\u2588\u2588\u2588\u2588\u258a                                                                                     | 43/158 [00:39<01:14,  1.54it/s]", "step": null, "ts": 1623002215.6331034}]}, "version": 159}
{"obj": {"type": "LogStrings", "path": ["monitoring", "stderr"], "values": [{"value": "\rloss: 0.4801795780658722 loss(avg): 0.6349753669717094:  28%|\u2588\u2588\u2588\u2588\u2588\u2588\u2588\u2588\u2588\u2588\u2588\u2588\u2588\u2588\u2588\u2588\u2588\u2588\u2588\u2588\u2588\u2588\u2588\u2588\u2588\u2588\u2588\u2588\u2588\u2588\u2588\u2588\u258c                                                                                    | 44/158 [00:39<01:14,  1.53it/s]", "step": null, "ts": 1623002215.6334648}]}, "version": 160}
{"obj": {"type": "LogStrings", "path": ["monitoring", "stderr"], "values": [{"value": "", "step": null, "ts": 1623002215.7669954}]}, "version": 161}
{"obj": {"type": "LogStrings", "path": ["monitoring", "stderr"], "values": [{"value": "\rloss: 0.4801795780658722 loss(avg): 0.6349753669717094:  28%|\u2588\u2588\u2588\u2588\u2588\u2588\u2588\u2588\u2588\u2588\u2588\u2588\u2588\u2588\u2588\u2588\u2588\u2588\u2588\u2588\u2588\u2588\u2588\u2588\u2588\u2588\u2588\u2588\u2588\u2588\u2588\u2588\u258c                                                                                    | 44/158 [00:40<01:43,  1.10it/s]", "step": null, "ts": 1623002215.767305}]}, "version": 162}
{"obj": {"type": "LogStrings", "path": ["monitoring", "stderr"], "values": [{"value": "\n", "step": null, "ts": 1623002215.7673762}]}, "version": 163}
{"obj": {"type": "LogStrings", "path": ["monitoring", "traceback"], "values": [{"value": "An uncaught exception occurred while run was active on worker eea1fa52accd.", "step": null, "ts": 1623002215.7678149}, {"value": "Marking run as failed", "step": null, "ts": 1623002215.7678149}, {"value": "Traceback:", "step": null, "ts": 1623002215.7678149}, {"value": "  File \"siim-rsna-2021/exp/exp001/train.py\", line 532, in <module>\n    train_one_epoch(train_dataloader, model, device, criterion, use_amp, run, meters_dict)\n", "step": null, "ts": 1623002215.7678149}, {"value": "  File \"siim-rsna-2021/exp/exp001/train.py\", line 210, in train_one_epoch\n    inputs = data[\"image\"].to(device)\n", "step": null, "ts": 1623002215.7678149}, {"value": "", "step": null, "ts": 1623002215.7678149}]}, "version": 164}
{"obj": {"type": "AssignBool", "path": ["sys", "failed"], "value": true}, "version": 165}
{"obj": {"type": "LogStrings", "path": ["monitoring", "stderr"], "values": [{"value": "Traceback (most recent call last):\n", "step": null, "ts": 1623002215.767973}]}, "version": 166}
{"obj": {"type": "LogStrings", "path": ["monitoring", "stderr"], "values": [{"value": "  File \"siim-rsna-2021/exp/exp001/train.py\", line 532, in <module>\n", "step": null, "ts": 1623002215.768037}]}, "version": 167}
{"obj": {"type": "LogStrings", "path": ["monitoring", "stderr"], "values": [{"value": "    ", "step": null, "ts": 1623002215.768208}]}, "version": 168}
{"obj": {"type": "LogStrings", "path": ["monitoring", "stderr"], "values": [{"value": "train_one_epoch(train_dataloader, model, device, criterion, use_amp, run, meters_dict)", "step": null, "ts": 1623002215.768266}]}, "version": 169}
{"obj": {"type": "LogStrings", "path": ["monitoring", "stderr"], "values": [{"value": "\n", "step": null, "ts": 1623002215.7683232}]}, "version": 170}
{"obj": {"type": "LogStrings", "path": ["monitoring", "stderr"], "values": [{"value": "  File \"siim-rsna-2021/exp/exp001/train.py\", line 210, in train_one_epoch\n", "step": null, "ts": 1623002215.7683806}]}, "version": 171}
{"obj": {"type": "LogStrings", "path": ["monitoring", "stderr"], "values": [{"value": "    ", "step": null, "ts": 1623002215.7684789}]}, "version": 172}
{"obj": {"type": "LogStrings", "path": ["monitoring", "stderr"], "values": [{"value": "inputs = data[\"image\"].to(device)", "step": null, "ts": 1623002215.7685332}]}, "version": 173}
{"obj": {"type": "LogStrings", "path": ["monitoring", "stderr"], "values": [{"value": "\n", "step": null, "ts": 1623002215.7685883}]}, "version": 174}
{"obj": {"type": "LogStrings", "path": ["monitoring", "stderr"], "values": [{"value": "KeyboardInterrupt", "step": null, "ts": 1623002215.7686434}]}, "version": 175}
{"obj": {"type": "LogStrings", "path": ["monitoring", "stderr"], "values": [{"value": "", "step": null, "ts": 1623002215.7686937}]}, "version": 176}
{"obj": {"type": "LogStrings", "path": ["monitoring", "stderr"], "values": [{"value": "\n", "step": null, "ts": 1623002215.768747}]}, "version": 177}
{"obj": {"type": "LogStrings", "path": ["monitoring", "stdout"], "values": [{"value": "Shutting down background jobs, please wait a moment...\n", "step": null, "ts": 1623002215.7688668}]}, "version": 178}
