{"obj": {"type": "AssignString", "path": ["sys", "name"], "value": "Untitled"}, "version": 1}
{"obj": {"type": "AssignString", "path": ["sys", "description"], "value": ""}, "version": 2}
{"obj": {"type": "AssignString", "path": ["sys", "hostname"], "value": "eea1fa52accd"}, "version": 3}
{"obj": {"type": "AddStrings", "path": ["sys", "tags"], "values": ["cv0"]}, "version": 4}
{"obj": {"type": "AssignBool", "path": ["sys", "failed"], "value": false}, "version": 5}
{"obj": {"type": "AssignString", "path": ["source_code", "entrypoint"], "value": "train.py"}, "version": 6}
{"obj": {"type": "UploadFileSet", "path": ["source_code", "files"], "file_globs": ["/workspace/siim-rsna-2021/exp/exp001/train.py"], "reset": "False"}, "version": 7}
{"obj": {"type": "LogStrings", "path": ["monitoring", "stdout"], "values": [{"value": "", "step": null, "ts": 1622994197.7328439}]}, "version": 8}
{"obj": {"type": "LogStrings", "path": ["monitoring", "stdout"], "values": [{"value": "https://app.neptune.ai/inoichan/siim-rsna-covid19-2021/e/SIIM-2\n", "step": null, "ts": 1622994197.7344036}]}, "version": 9}
{"obj": {"type": "AssignBool", "path": ["parameters", "debug"], "value": false}, "version": 10}
{"obj": {"type": "AssignString", "path": ["parameters", "exp_name"], "value": "exp001"}, "version": 11}
{"obj": {"type": "AssignString", "path": ["parameters", "model_name"], "value": "tf_efficientnet_b3_ns"}, "version": 12}
{"obj": {"type": "AssignInt", "path": ["parameters", "device_id"], "value": 0}, "version": 13}
{"obj": {"type": "AssignInt", "path": ["parameters", "batch_size"], "value": 32}, "version": 14}
{"obj": {"type": "AssignInt", "path": ["parameters", "img_size"], "value": 512}, "version": 15}
{"obj": {"type": "AssignInt", "path": ["parameters", "n_workers"], "value": 12}, "version": 16}
{"obj": {"type": "AssignInt", "path": ["parameters", "n_epochs"], "value": 40}, "version": 17}
{"obj": {"type": "AssignInt", "path": ["parameters", "start_epoch"], "value": 1}, "version": 18}
{"obj": {"type": "AssignBool", "path": ["parameters", "transform"], "value": true}, "version": 19}
{"obj": {"type": "AssignString", "path": ["parameters", "load_checkpoint"], "value": "['', '', '', '', '']"}, "version": 20}
{"obj": {"type": "AssignString", "path": ["parameters", "hold_out"], "value": "[0, 1, 2, 3, 4]"}, "version": 21}
{"obj": {"type": "AssignString", "path": ["parameters", "df_train_path"], "value": "/workspace/data/df_train_study_level.csv"}, "version": 22}
{"obj": {"type": "AssignInt", "path": ["parameters", "accumulation_steps"], "value": 1}, "version": 23}
{"obj": {"type": "AssignInt", "path": ["parameters", "early_stopping_steps"], "value": 12}, "version": 24}
{"obj": {"type": "AssignBool", "path": ["parameters", "freeze_bn"], "value": false}, "version": 25}
{"obj": {"type": "AssignString", "path": ["parameters", "fold_name"], "value": "cv"}, "version": 26}
{"obj": {"type": "AssignBool", "path": ["parameters", "clahe"], "value": false}, "version": 27}
{"obj": {"type": "AssignBool", "path": ["parameters", "mix"], "value": false}, "version": 28}
{"obj": {"type": "AssignBool", "path": ["parameters", "use_amp"], "value": true}, "version": 29}
{"obj": {"type": "LogFloats", "path": ["monitoring", "memory"], "values": [{"value": 20.590530395507812, "step": null, "ts": 1622994197.7314286}]}, "version": 30}
{"obj": {"type": "LogFloats", "path": ["monitoring", "gpu_1"], "values": [{"value": 4.0, "step": null, "ts": 1622994197.7314286}]}, "version": 31}
{"obj": {"type": "LogFloats", "path": ["monitoring", "gpu_memory_0"], "values": [{"value": 0.00860595703125, "step": null, "ts": 1622994197.7314286}]}, "version": 32}
{"obj": {"type": "LogFloats", "path": ["monitoring", "gpu_memory_1"], "values": [{"value": 4.74481201171875, "step": null, "ts": 1622994197.7314286}]}, "version": 33}
{"obj": {"type": "LogStrings", "path": ["monitoring", "stdout"], "values": [{"value": "[[[24 24 24]\n  [24 24 24]\n  [24 24 24]\n  ...\n  [24 24 24]\n  [24 24 24]\n  [24 24 24]]\n\n [[24 24 24]\n  [24 24 24]\n  [24 24 24]\n  ...\n  [24 24 24]\n  [24 24 24]\n  [24 24 24]]\n\n [[24 24 24]\n  [24 24 24]\n  [24 24 24]\n  ...\n  [24 24 24]\n  [24 24 24]\n  [24 24 24]]\n\n ...\n\n [[24 24 24]\n  [24 24 24]\n  [24 24 24]\n  ...\n  [24 24 24]\n  [24 24 24]\n  [24 24 24]]\n\n [[24 24 24]\n  [24 24 24]\n  [24 24 24]\n  ...\n  [24 24 24]\n  [24 24 24]\n  [24 24 24]]\n\n [[24 24 24]\n  [24 24 24]\n  [24 24 24]\n  ...\n  [24 24 24]\n  [24 24 24]\n  [24 24 24]]]", "step": null, "ts": 1622994197.9028482}]}, "version": 34}
{"obj": {"type": "LogStrings", "path": ["monitoring", "stdout"], "values": [{"value": "\n", "step": null, "ts": 1622994197.9030063}]}, "version": 35}
{"obj": {"type": "LogStrings", "path": ["monitoring", "stdout"], "values": [{"value": "[[[5 6 6]\n  [5 6 6]\n  [5 6 6]\n  ...\n  [5 6 6]\n  [5 6 6]\n  [5 6 6]]\n\n [[5 6 6]\n  [5 6 6]\n  [5 6 6]\n  ...\n  [5 6 6]\n  [5 6 6]\n  [5 6 6]]\n\n [[5 6 6]\n  [5 6 6]\n  [5 6 6]\n  ...\n  [5 6 6]\n  [5 6 6]\n  [5 6 6]]\n\n ...\n\n [[5 6 6]\n  [5 6 6]\n  [5 6 6]\n  ...\n  [5 6 6]\n  [5 6 6]\n  [5 6 6]]\n\n [[5 6 6]\n  [5 6 6]\n  [5 6 6]\n  ...\n  [5 6 6]\n  [5 6 6]\n  [5 6 6]]\n\n [[5 6 6]\n  [5 6 6]\n  [5 6 6]\n  ...\n  [5 6 6]\n  [5 6 6]\n  [5 6 6]]]", "step": null, "ts": 1622994198.1192474}]}, "version": 36}
{"obj": {"type": "LogStrings", "path": ["monitoring", "stdout"], "values": [{"value": "\n", "step": null, "ts": 1622994198.1194327}]}, "version": 37}
{"obj": {"type": "LogStrings", "path": ["monitoring", "stdout"], "values": [{"value": "[[[ 8  7  2]\n  [ 0  0  0]\n  [10  0  9]\n  ...\n  [ 0  5 12]\n  [ 0  0  0]\n  [ 0  4  0]]\n\n [[ 0  0  1]\n  [ 0  0  0]\n  [ 5 11  5]\n  ...\n  [30  0  0]\n  [ 0 11  0]\n  [ 0 24  0]]\n\n [[ 2 39  0]\n  [ 0  7  4]\n  [ 3  0  3]\n  ...\n  [11  0  0]\n  [ 2  0  0]\n  [ 0  0  0]]\n\n ...\n\n [[ 0 15  9]\n  [ 0  0  0]\n  [10  0  0]\n  ...\n  [26  0  0]\n  [ 0  0  0]\n  [12  0  0]]\n\n [[ 2  0 22]\n  [ 7  0  0]\n  [ 0  0  0]\n  ...\n  [13 12  0]\n  [ 0  0  0]\n  [ 0  0  0]]\n\n [[26  0  0]\n  [ 0  0  0]\n  [ 0 14  0]\n  ...\n  [ 0  0  8]\n  [ 0  0  0]\n  [ 0 25  4]]]", "step": null, "ts": 1622994198.2116528}]}, "version": 38}
{"obj": {"type": "LogStrings", "path": ["monitoring", "stdout"], "values": [{"value": "\n", "step": null, "ts": 1622994198.2118342}]}, "version": 39}
{"obj": {"type": "LogStrings", "path": ["monitoring", "stdout"], "values": [{"value": "[[[6 6 6]\n  [6 6 6]\n  [6 6 6]\n  ...\n  [6 6 6]\n  [6 6 6]\n  [6 6 6]]\n\n [[6 6 6]\n  [6 6 6]\n  [6 6 6]\n  ...\n  [6 6 6]\n  [6 6 6]\n  [6 6 6]]\n\n [[6 6 6]\n  [6 6 6]\n  [6 6 6]\n  ...\n  [6 6 6]\n  [6 6 6]\n  [6 6 6]]\n\n ...\n\n [[6 6 6]\n  [6 6 6]\n  [6 6 6]\n  ...\n  [6 6 6]\n  [6 6 6]\n  [6 6 6]]\n\n [[6 6 6]\n  [6 6 6]\n  [6 6 6]\n  ...\n  [6 6 6]\n  [6 6 6]\n  [6 6 6]]\n\n [[6 6 6]\n  [6 6 6]\n  [6 6 6]\n  ...\n  [6 6 6]\n  [6 6 6]\n  [6 6 6]]]", "step": null, "ts": 1622994198.3107932}]}, "version": 40}
{"obj": {"type": "LogStrings", "path": ["monitoring", "stdout"], "values": [{"value": "\n", "step": null, "ts": 1622994198.3109803}]}, "version": 41}
{"obj": {"type": "LogStrings", "path": ["monitoring", "stdout"], "values": [{"value": "[[[6 6 6]\n  [6 6 6]\n  [6 6 6]\n  ...\n  [6 6 6]\n  [6 6 6]\n  [6 6 6]]\n\n [[6 6 6]\n  [6 6 6]\n  [6 6 6]\n  ...\n  [6 6 6]\n  [6 6 6]\n  [6 6 6]]\n\n [[6 6 6]\n  [6 6 6]\n  [6 6 6]\n  ...\n  [6 6 6]\n  [6 6 6]\n  [6 6 6]]\n\n ...\n\n [[6 6 6]\n  [6 6 6]\n  [6 6 6]\n  ...\n  [6 6 6]\n  [6 6 6]\n  [6 6 6]]\n\n [[6 6 6]\n  [6 6 6]\n  [6 6 6]\n  ...\n  [6 6 6]\n  [6 6 6]\n  [6 6 6]]\n\n [[6 6 6]\n  [6 6 6]\n  [6 6 6]\n  ...\n  [6 6 6]\n  [6 6 6]\n  [6 6 6]]]", "step": null, "ts": 1622994198.442305}]}, "version": 42}
{"obj": {"type": "LogStrings", "path": ["monitoring", "stdout"], "values": [{"value": "\n", "step": null, "ts": 1622994198.4424822}]}, "version": 43}
{"obj": {"type": "LogStrings", "path": ["monitoring", "stdout"], "values": [{"value": "[[[0 0 0]\n  [0 0 0]\n  [0 0 0]\n  ...\n  [0 0 0]\n  [0 0 0]\n  [0 0 0]]\n\n [[0 0 0]\n  [0 0 0]\n  [0 0 0]\n  ...\n  [0 0 0]\n  [0 0 0]\n  [0 0 0]]\n\n [[0 0 0]\n  [0 0 0]\n  [0 0 0]\n  ...\n  [0 0 0]\n  [0 0 0]\n  [0 0 0]]\n\n ...\n\n [[0 0 0]\n  [0 0 0]\n  [0 0 0]\n  ...\n  [0 0 0]\n  [0 0 0]\n  [0 0 0]]\n\n [[0 0 0]\n  [0 0 0]\n  [0 0 0]\n  ...\n  [0 0 0]\n  [0 0 0]\n  [0 0 0]]\n\n [[0 0 0]\n  [0 0 0]\n  [0 0 0]\n  ...\n  [0 0 0]\n  [0 0 0]\n  [0 0 0]]]", "step": null, "ts": 1622994198.5193658}]}, "version": 44}
{"obj": {"type": "LogStrings", "path": ["monitoring", "stdout"], "values": [{"value": "\n", "step": null, "ts": 1622994198.519528}]}, "version": 45}
{"obj": {"type": "LogStrings", "path": ["monitoring", "stdout"], "values": [{"value": "[[[6 7 7]\n  [6 7 7]\n  [6 7 7]\n  ...\n  [6 7 7]\n  [6 7 7]\n  [6 7 7]]\n\n [[6 7 7]\n  [6 7 7]\n  [6 7 7]\n  ...\n  [6 7 7]\n  [6 7 7]\n  [6 7 7]]\n\n [[6 7 7]\n  [6 7 7]\n  [6 7 7]\n  ...\n  [6 7 7]\n  [6 7 7]\n  [6 7 7]]\n\n ...\n\n [[6 7 7]\n  [6 7 7]\n  [6 7 7]\n  ...\n  [6 7 7]\n  [6 7 7]\n  [6 7 7]]\n\n [[6 7 7]\n  [6 7 7]\n  [6 7 7]\n  ...\n  [6 7 7]\n  [6 7 7]\n  [6 7 7]]\n\n [[6 7 7]\n  [6 7 7]\n  [6 7 7]\n  ...\n  [6 7 7]\n  [6 7 7]\n  [6 7 7]]]", "step": null, "ts": 1622994198.7183027}]}, "version": 46}
{"obj": {"type": "LogStrings", "path": ["monitoring", "stdout"], "values": [{"value": "\n", "step": null, "ts": 1622994198.7185075}]}, "version": 47}
{"obj": {"type": "LogStrings", "path": ["monitoring", "stdout"], "values": [{"value": "[[[4 4 4]\n  [4 4 4]\n  [4 4 4]\n  ...\n  [4 4 4]\n  [4 4 4]\n  [4 4 4]]\n\n [[4 4 4]\n  [4 4 4]\n  [4 4 4]\n  ...\n  [4 4 4]\n  [4 4 4]\n  [4 4 4]]\n\n [[4 4 4]\n  [4 4 4]\n  [4 4 4]\n  ...\n  [4 4 4]\n  [4 4 4]\n  [4 4 4]]\n\n ...\n\n [[4 4 4]\n  [4 4 4]\n  [4 4 4]\n  ...\n  [4 4 4]\n  [4 4 4]\n  [4 4 4]]\n\n [[4 4 4]\n  [4 4 4]\n  [4 4 4]\n  ...\n  [4 4 4]\n  [4 4 4]\n  [4 4 4]]\n\n [[4 4 4]\n  [4 4 4]\n  [4 4 4]\n  ...\n  [4 4 4]\n  [4 4 4]\n  [4 4 4]]]", "step": null, "ts": 1622994198.793921}]}, "version": 48}
{"obj": {"type": "LogStrings", "path": ["monitoring", "stdout"], "values": [{"value": "\n", "step": null, "ts": 1622994198.7940927}]}, "version": 49}
{"obj": {"type": "LogStrings", "path": ["monitoring", "stdout"], "values": [{"value": "[[[9 8 8]\n  [9 8 8]\n  [9 8 8]\n  ...\n  [9 8 8]\n  [9 8 8]\n  [9 8 8]]\n\n [[9 8 8]\n  [9 8 8]\n  [9 8 8]\n  ...\n  [9 8 8]\n  [9 8 8]\n  [9 8 8]]\n\n [[9 8 8]\n  [9 8 8]\n  [9 8 8]\n  ...\n  [9 8 8]\n  [9 8 8]\n  [9 8 8]]\n\n ...\n\n [[9 8 8]\n  [9 8 8]\n  [9 8 8]\n  ...\n  [9 8 8]\n  [9 8 8]\n  [9 8 8]]\n\n [[9 8 8]\n  [9 8 8]\n  [9 8 8]\n  ...\n  [9 8 8]\n  [9 8 8]\n  [9 8 8]]\n\n [[9 8 8]\n  [9 8 8]\n  [9 8 8]\n  ...\n  [9 8 8]\n  [9 8 8]\n  [9 8 8]]]", "step": null, "ts": 1622994198.8618844}]}, "version": 50}
{"obj": {"type": "LogStrings", "path": ["monitoring", "stdout"], "values": [{"value": "\n", "step": null, "ts": 1622994198.8620627}]}, "version": 51}
{"obj": {"type": "LogStrings", "path": ["monitoring", "stdout"], "values": [{"value": "[[[7 7 7]\n  [7 7 7]\n  [7 7 7]\n  ...\n  [7 7 7]\n  [7 7 7]\n  [7 7 7]]\n\n [[7 7 7]\n  [7 7 7]\n  [7 7 7]\n  ...\n  [7 7 7]\n  [7 7 7]\n  [7 7 7]]\n\n [[7 7 7]\n  [7 7 7]\n  [7 7 7]\n  ...\n  [7 7 7]\n  [7 7 7]\n  [7 7 7]]\n\n ...\n\n [[7 7 7]\n  [7 7 7]\n  [7 7 7]\n  ...\n  [8 8 8]\n  [8 8 8]\n  [8 8 8]]\n\n [[7 7 7]\n  [7 7 7]\n  [7 7 7]\n  ...\n  [8 8 8]\n  [8 8 8]\n  [8 8 8]]\n\n [[7 7 7]\n  [7 7 7]\n  [7 7 7]\n  ...\n  [8 8 8]\n  [8 8 8]\n  [8 8 8]]]", "step": null, "ts": 1622994199.1672246}]}, "version": 52}
{"obj": {"type": "LogStrings", "path": ["monitoring", "stdout"], "values": [{"value": "\n", "step": null, "ts": 1622994199.167393}]}, "version": 53}
{"obj": {"type": "LogStrings", "path": ["monitoring", "stdout"], "values": [{"value": "[[[ 0  0  0]\n  [ 0 12  0]\n  [21  0  0]\n  ...\n  [26  0  0]\n  [ 0  0  0]\n  [ 0 14  0]]\n\n [[36  0 20]\n  [ 0  1  0]\n  [ 0  0  0]\n  ...\n  [ 0 35 11]\n  [ 0  0 21]\n  [ 0  0  0]]\n\n [[ 0  0  0]\n  [ 0 17 54]\n  [12  0  0]\n  ...\n  [ 0  0  0]\n  [ 0  0  0]\n  [ 0  0  1]]\n\n ...\n\n [[ 0  0  0]\n  [ 0  0  0]\n  [ 0  0  0]\n  ...\n  [ 0  0  0]\n  [ 2 10 11]\n  [ 0  0 15]]\n\n [[ 0  0  0]\n  [ 0  0  0]\n  [ 0  0  0]\n  ...\n  [ 0  0  0]\n  [ 0  0  0]\n  [ 0  0  0]]\n\n [[ 0  0  0]\n  [ 0  0  0]\n  [ 0  0  0]\n  ...\n  [ 0 49  0]\n  [28  0  0]\n  [ 0 18 14]]]", "step": null, "ts": 1622994199.2541344}]}, "version": 54}
{"obj": {"type": "LogStrings", "path": ["monitoring", "stdout"], "values": [{"value": "\n", "step": null, "ts": 1622994199.254301}]}, "version": 55}
{"obj": {"type": "LogStrings", "path": ["monitoring", "stdout"], "values": [{"value": "[[[20 20 20]\n  [20 20 20]\n  [20 20 20]\n  ...\n  [20 20 20]\n  [20 20 20]\n  [20 20 20]]\n\n [[20 20 20]\n  [20 20 20]\n  [20 20 20]\n  ...\n  [20 20 20]\n  [20 20 20]\n  [20 20 20]]\n\n [[20 20 20]\n  [20 20 20]\n  [20 20 20]\n  ...\n  [20 20 20]\n  [20 20 20]\n  [20 20 20]]\n\n ...\n\n [[20 20 20]\n  [20 20 20]\n  [20 20 20]\n  ...\n  [20 20 20]\n  [20 20 20]\n  [20 20 20]]\n\n [[20 20 20]\n  [20 20 20]\n  [20 20 20]\n  ...\n  [20 20 20]\n  [20 20 20]\n  [20 20 20]]\n\n [[20 20 20]\n  [20 20 20]\n  [20 20 20]\n  ...\n  [20 20 20]\n  [20 20 20]\n  [20 20 20]]]", "step": null, "ts": 1622994199.3360376}]}, "version": 56}
{"obj": {"type": "LogStrings", "path": ["monitoring", "stdout"], "values": [{"value": "\n", "step": null, "ts": 1622994199.3362324}]}, "version": 57}
{"obj": {"type": "LogStrings", "path": ["monitoring", "stdout"], "values": [{"value": "[[[0 0 0]\n  [0 0 0]\n  [0 0 0]\n  ...\n  [0 0 0]\n  [0 0 0]\n  [0 0 0]]\n\n [[0 0 0]\n  [0 0 0]\n  [0 0 0]\n  ...\n  [0 0 0]\n  [0 0 0]\n  [0 0 0]]\n\n [[0 0 0]\n  [0 0 0]\n  [0 0 0]\n  ...\n  [0 0 0]\n  [0 0 0]\n  [0 0 0]]\n\n ...\n\n [[0 0 0]\n  [0 0 0]\n  [0 0 0]\n  ...\n  [0 0 0]\n  [0 0 0]\n  [0 0 0]]\n\n [[0 0 0]\n  [0 0 0]\n  [0 0 0]\n  ...\n  [0 0 0]\n  [0 0 0]\n  [0 0 0]]\n\n [[0 0 0]\n  [0 0 0]\n  [0 0 0]\n  ...\n  [0 0 0]\n  [0 0 0]\n  [0 0 0]]]", "step": null, "ts": 1622994199.4796667}]}, "version": 58}
{"obj": {"type": "LogStrings", "path": ["monitoring", "stdout"], "values": [{"value": "\n", "step": null, "ts": 1622994199.4798472}]}, "version": 59}
{"obj": {"type": "LogStrings", "path": ["monitoring", "stdout"], "values": [{"value": "[[[33 33 33]\n  [33 33 33]\n  [33 33 33]\n  ...\n  [33 33 33]\n  [33 33 33]\n  [33 33 33]]\n\n [[33 33 33]\n  [33 33 33]\n  [33 33 33]\n  ...\n  [33 33 33]\n  [33 33 33]\n  [33 33 33]]\n\n [[33 33 33]\n  [33 33 33]\n  [33 33 33]\n  ...\n  [33 33 33]\n  [33 33 33]\n  [33 33 33]]\n\n ...\n\n [[33 33 33]\n  [33 33 33]\n  [33 33 33]\n  ...\n  [33 33 33]\n  [33 33 33]\n  [33 33 33]]\n\n [[33 33 33]\n  [33 33 33]\n  [33 33 33]\n  ...\n  [33 33 33]\n  [33 33 33]\n  [33 33 33]]\n\n [[33 33 33]\n  [33 33 33]\n  [33 33 33]\n  ...\n  [33 33 33]\n  [33 33 33]\n  [33 33 33]]]", "step": null, "ts": 1622994199.546499}]}, "version": 60}
{"obj": {"type": "LogStrings", "path": ["monitoring", "stdout"], "values": [{"value": "\n", "step": null, "ts": 1622994199.5466752}]}, "version": 61}
{"obj": {"type": "LogStrings", "path": ["monitoring", "stdout"], "values": [{"value": "[[[ 9  3  3]\n  [ 9  6  2]\n  [ 1  3  0]\n  ...\n  [ 2  1  4]\n  [ 1  3  4]\n  [ 3  4  6]]\n\n [[ 3  0  6]\n  [ 0  5  5]\n  [ 2  4  1]\n  ...\n  [ 9  0  5]\n  [ 8  7  0]\n  [ 0  6  0]]\n\n [[ 0  3  4]\n  [ 6  6  3]\n  [ 7  5  6]\n  ...\n  [ 0  4  9]\n  [ 0  0  7]\n  [ 0  3  0]]\n\n ...\n\n [[ 0  0  7]\n  [ 3  0  5]\n  [ 0  7  8]\n  ...\n  [ 4  4  5]\n  [ 2  6  8]\n  [ 3  3  0]]\n\n [[ 0  2  6]\n  [ 4  1  6]\n  [ 3  7  3]\n  ...\n  [ 3  1  0]\n  [ 3  0 10]\n  [ 4 12 14]]\n\n [[10  1  0]\n  [ 8  0  4]\n  [ 1 10  0]\n  ...\n  [ 0  9  4]\n  [ 0  0  0]\n  [ 2 10  4]]]", "step": null, "ts": 1622994199.6981323}]}, "version": 62}
{"obj": {"type": "LogStrings", "path": ["monitoring", "stdout"], "values": [{"value": "\n", "step": null, "ts": 1622994199.6983075}]}, "version": 63}
{"obj": {"type": "LogStrings", "path": ["monitoring", "stdout"], "values": [{"value": "[[[14 14 14]\n  [14 14 14]\n  [14 14 14]\n  ...\n  [14 14 14]\n  [14 14 14]\n  [14 14 14]]\n\n [[14 14 14]\n  [14 14 14]\n  [14 14 14]\n  ...\n  [14 14 14]\n  [14 14 14]\n  [14 14 14]]\n\n [[14 14 14]\n  [14 14 14]\n  [14 14 14]\n  ...\n  [14 14 14]\n  [14 14 14]\n  [14 14 14]]\n\n ...\n\n [[ 0  0  0]\n  [ 0  0  0]\n  [ 0  0  0]\n  ...\n  [14 14 14]\n  [14 14 14]\n  [14 14 14]]\n\n [[ 0  0  0]\n  [ 0  0  0]\n  [ 0  0  0]\n  ...\n  [14 14 14]\n  [14 14 14]\n  [14 14 14]]\n\n [[ 0  0  0]\n  [ 0  0  0]\n  [ 0  0  0]\n  ...\n  [14 14 14]\n  [14 14 14]\n  [14 14 14]]]", "step": null, "ts": 1622994199.8732197}]}, "version": 64}
{"obj": {"type": "LogStrings", "path": ["monitoring", "stdout"], "values": [{"value": "\n", "step": null, "ts": 1622994199.8733885}]}, "version": 65}
{"obj": {"type": "LogStrings", "path": ["monitoring", "stdout"], "values": [{"value": "[[[0 0 0]\n  [0 0 0]\n  [0 0 0]\n  ...\n  [0 0 0]\n  [0 0 0]\n  [0 0 0]]\n\n [[0 0 0]\n  [0 0 0]\n  [0 0 0]\n  ...\n  [0 0 0]\n  [0 0 0]\n  [0 0 0]]\n\n [[0 0 0]\n  [0 0 0]\n  [0 0 0]\n  ...\n  [0 0 0]\n  [0 0 0]\n  [0 0 0]]\n\n ...\n\n [[0 0 0]\n  [0 0 0]\n  [0 0 0]\n  ...\n  [0 0 0]\n  [0 0 0]\n  [0 0 0]]\n\n [[0 0 0]\n  [0 0 0]\n  [0 0 0]\n  ...\n  [0 0 0]\n  [0 0 0]\n  [0 0 0]]\n\n [[0 0 0]\n  [0 0 0]\n  [0 0 0]\n  ...\n  [0 0 0]\n  [0 0 0]\n  [0 0 0]]]", "step": null, "ts": 1622994201.1921165}]}, "version": 66}
{"obj": {"type": "LogStrings", "path": ["monitoring", "stdout"], "values": [{"value": "\n", "step": null, "ts": 1622994201.1922927}]}, "version": 67}
{"obj": {"type": "LogStrings", "path": ["monitoring", "stdout"], "values": [{"value": "[[[0 0 0]\n  [0 0 0]\n  [0 0 0]\n  ...\n  [0 0 0]\n  [0 0 0]\n  [0 0 0]]\n\n [[0 0 0]\n  [0 0 0]\n  [0 0 0]\n  ...\n  [0 0 0]\n  [0 0 0]\n  [0 0 0]]\n\n [[0 0 0]\n  [0 0 0]\n  [0 0 0]\n  ...\n  [0 0 0]\n  [0 0 0]\n  [0 0 0]]\n\n ...\n\n [[0 0 0]\n  [0 0 0]\n  [0 0 0]\n  ...\n  [0 0 0]\n  [0 0 0]\n  [0 0 0]]\n\n [[0 0 0]\n  [0 0 0]\n  [0 0 0]\n  ...\n  [0 0 0]\n  [0 0 0]\n  [0 0 0]]\n\n [[0 0 0]\n  [0 0 0]\n  [0 0 0]\n  ...\n  [0 0 0]\n  [0 0 0]\n  [0 0 0]]]", "step": null, "ts": 1622994201.3126674}]}, "version": 68}
{"obj": {"type": "LogStrings", "path": ["monitoring", "stdout"], "values": [{"value": "\n", "step": null, "ts": 1622994201.312835}]}, "version": 69}
{"obj": {"type": "LogStrings", "path": ["monitoring", "stdout"], "values": [{"value": "[[[0 0 0]\n  [0 0 0]\n  [0 0 0]\n  ...\n  [0 0 0]\n  [0 0 0]\n  [0 0 0]]\n\n [[0 0 0]\n  [0 0 0]\n  [0 0 0]\n  ...\n  [0 0 0]\n  [0 0 0]\n  [0 0 0]]\n\n [[0 0 0]\n  [0 0 0]\n  [0 0 0]\n  ...\n  [0 0 0]\n  [0 0 0]\n  [0 0 0]]\n\n ...\n\n [[0 0 0]\n  [0 0 0]\n  [0 0 0]\n  ...\n  [0 0 0]\n  [0 0 0]\n  [0 0 0]]\n\n [[0 0 0]\n  [0 0 0]\n  [0 0 0]\n  ...\n  [0 0 0]\n  [0 0 0]\n  [0 0 0]]\n\n [[0 0 0]\n  [0 0 0]\n  [0 0 0]\n  ...\n  [0 0 0]\n  [0 0 0]\n  [0 0 0]]]", "step": null, "ts": 1622994201.3814828}]}, "version": 70}
{"obj": {"type": "LogStrings", "path": ["monitoring", "stdout"], "values": [{"value": "\n", "step": null, "ts": 1622994201.3816612}]}, "version": 71}
{"obj": {"type": "LogStrings", "path": ["monitoring", "stdout"], "values": [{"value": "[[[0 0 0]\n  [0 0 0]\n  [0 0 0]\n  ...\n  [0 0 0]\n  [0 0 0]\n  [0 0 0]]\n\n [[0 0 0]\n  [0 0 0]\n  [0 0 0]\n  ...\n  [0 0 0]\n  [0 0 0]\n  [0 0 0]]\n\n [[0 0 0]\n  [0 0 0]\n  [0 0 0]\n  ...\n  [0 0 0]\n  [0 0 0]\n  [0 0 0]]\n\n ...\n\n [[0 0 0]\n  [0 0 0]\n  [0 0 0]\n  ...\n  [0 0 0]\n  [0 0 0]\n  [0 0 0]]\n\n [[0 0 0]\n  [0 0 0]\n  [0 0 0]\n  ...\n  [0 0 0]\n  [0 0 0]\n  [0 0 0]]\n\n [[0 0 0]\n  [0 0 0]\n  [0 0 0]\n  ...\n  [0 0 0]\n  [0 0 0]\n  [0 0 0]]]", "step": null, "ts": 1622994201.4405127}]}, "version": 72}
{"obj": {"type": "LogStrings", "path": ["monitoring", "stdout"], "values": [{"value": "\n", "step": null, "ts": 1622994201.4406862}]}, "version": 73}
{"obj": {"type": "LogStrings", "path": ["monitoring", "stdout"], "values": [{"value": "[[[0 0 0]\n  [0 0 0]\n  [0 0 0]\n  ...\n  [0 0 0]\n  [0 0 0]\n  [0 0 0]]\n\n [[0 0 0]\n  [0 0 0]\n  [0 0 0]\n  ...\n  [0 0 0]\n  [0 0 0]\n  [0 0 0]]\n\n [[0 0 0]\n  [0 0 0]\n  [0 0 0]\n  ...\n  [0 0 0]\n  [0 0 0]\n  [0 0 0]]\n\n ...\n\n [[0 0 0]\n  [0 0 0]\n  [0 0 0]\n  ...\n  [0 0 0]\n  [0 0 0]\n  [0 0 0]]\n\n [[0 0 0]\n  [0 0 0]\n  [0 0 0]\n  ...\n  [0 0 0]\n  [0 0 0]\n  [0 0 0]]\n\n [[0 0 0]\n  [0 0 0]\n  [0 0 0]\n  ...\n  [0 0 0]\n  [0 0 0]\n  [0 0 0]]]", "step": null, "ts": 1622994201.5591383}]}, "version": 74}
{"obj": {"type": "LogStrings", "path": ["monitoring", "stdout"], "values": [{"value": "\n", "step": null, "ts": 1622994201.5593235}]}, "version": 75}
{"obj": {"type": "LogStrings", "path": ["monitoring", "stdout"], "values": [{"value": "[[[0 0 0]\n  [0 0 0]\n  [0 0 0]\n  ...\n  [0 0 0]\n  [0 0 0]\n  [0 0 0]]\n\n [[0 0 0]\n  [0 0 0]\n  [0 0 0]\n  ...\n  [0 0 0]\n  [0 0 0]\n  [0 0 0]]\n\n [[0 0 0]\n  [0 0 0]\n  [0 0 0]\n  ...\n  [0 0 0]\n  [0 0 0]\n  [0 0 0]]\n\n ...\n\n [[0 0 0]\n  [0 0 0]\n  [0 0 0]\n  ...\n  [0 0 0]\n  [0 0 0]\n  [0 0 0]]\n\n [[0 0 0]\n  [0 0 0]\n  [0 0 0]\n  ...\n  [0 0 0]\n  [0 0 0]\n  [0 0 0]]\n\n [[0 0 0]\n  [0 0 0]\n  [0 0 0]\n  ...\n  [0 0 0]\n  [0 0 0]\n  [0 0 0]]]", "step": null, "ts": 1622994202.278014}]}, "version": 76}
{"obj": {"type": "LogStrings", "path": ["monitoring", "stdout"], "values": [{"value": "\n", "step": null, "ts": 1622994202.2781844}]}, "version": 77}
{"obj": {"type": "LogStrings", "path": ["monitoring", "stdout"], "values": [{"value": "[[[0 0 0]\n  [0 0 0]\n  [0 0 0]\n  ...\n  [0 0 0]\n  [0 0 0]\n  [0 0 0]]\n\n [[0 0 0]\n  [0 0 0]\n  [0 0 0]\n  ...\n  [0 0 0]\n  [0 0 0]\n  [0 0 0]]\n\n [[0 0 0]\n  [0 0 0]\n  [0 0 0]\n  ...\n  [0 0 0]\n  [0 0 0]\n  [0 0 0]]\n\n ...\n\n [[0 0 0]\n  [0 0 0]\n  [0 0 0]\n  ...\n  [0 0 0]\n  [0 0 0]\n  [0 0 0]]\n\n [[0 0 0]\n  [0 0 0]\n  [0 0 0]\n  ...\n  [0 0 0]\n  [0 0 0]\n  [0 0 0]]\n\n [[0 0 0]\n  [0 0 0]\n  [0 0 0]\n  ...\n  [0 0 0]\n  [0 0 0]\n  [0 0 0]]]", "step": null, "ts": 1622994202.3592646}]}, "version": 78}
{"obj": {"type": "LogStrings", "path": ["monitoring", "stdout"], "values": [{"value": "\n", "step": null, "ts": 1622994202.3594418}]}, "version": 79}
{"obj": {"type": "LogStrings", "path": ["monitoring", "stdout"], "values": [{"value": "[[[0 0 0]\n  [0 0 0]\n  [0 0 0]\n  ...\n  [0 0 0]\n  [0 0 0]\n  [0 0 0]]\n\n [[0 0 0]\n  [0 0 0]\n  [0 0 0]\n  ...\n  [0 0 0]\n  [0 0 0]\n  [0 0 0]]\n\n [[0 0 0]\n  [0 0 0]\n  [0 0 0]\n  ...\n  [0 0 0]\n  [0 0 0]\n  [0 0 0]]\n\n ...\n\n [[0 0 0]\n  [0 0 0]\n  [0 0 0]\n  ...\n  [0 0 0]\n  [0 0 0]\n  [0 0 0]]\n\n [[0 0 0]\n  [0 0 0]\n  [0 0 0]\n  ...\n  [0 0 0]\n  [0 0 0]\n  [0 0 0]]\n\n [[0 0 0]\n  [0 0 0]\n  [0 0 0]\n  ...\n  [0 0 0]\n  [0 0 0]\n  [0 0 0]]]", "step": null, "ts": 1622994202.42007}]}, "version": 80}
{"obj": {"type": "LogStrings", "path": ["monitoring", "stdout"], "values": [{"value": "\n", "step": null, "ts": 1622994202.4202542}]}, "version": 81}
{"obj": {"type": "LogStrings", "path": ["monitoring", "stdout"], "values": [{"value": "[[[0 0 0]\n  [0 0 0]\n  [0 0 0]\n  ...\n  [0 0 0]\n  [0 0 0]\n  [0 0 0]]\n\n [[0 0 0]\n  [0 0 0]\n  [0 0 0]\n  ...\n  [0 0 0]\n  [0 0 0]\n  [0 0 0]]\n\n [[0 0 0]\n  [0 0 0]\n  [0 0 0]\n  ...\n  [0 0 0]\n  [0 0 0]\n  [0 0 0]]\n\n ...\n\n [[0 0 0]\n  [0 0 0]\n  [0 0 0]\n  ...\n  [0 0 0]\n  [0 0 0]\n  [0 0 0]]\n\n [[0 0 0]\n  [0 0 0]\n  [0 0 0]\n  ...\n  [0 0 0]\n  [0 0 0]\n  [0 0 0]]\n\n [[0 0 0]\n  [0 0 0]\n  [0 0 0]\n  ...\n  [0 0 0]\n  [0 0 0]\n  [0 0 0]]]", "step": null, "ts": 1622994202.5000072}]}, "version": 82}
{"obj": {"type": "LogStrings", "path": ["monitoring", "stdout"], "values": [{"value": "\n", "step": null, "ts": 1622994202.5001767}]}, "version": 83}
{"obj": {"type": "LogStrings", "path": ["monitoring", "stdout"], "values": [{"value": "[[[0 0 0]\n  [0 0 0]\n  [0 0 0]\n  ...\n  [0 0 0]\n  [0 0 0]\n  [0 0 0]]\n\n [[0 0 0]\n  [0 0 0]\n  [0 0 0]\n  ...\n  [0 0 0]\n  [0 0 0]\n  [0 0 0]]\n\n [[0 0 0]\n  [0 0 0]\n  [0 0 0]\n  ...\n  [0 0 0]\n  [0 0 0]\n  [0 0 0]]\n\n ...\n\n [[0 0 0]\n  [0 0 0]\n  [0 0 0]\n  ...\n  [0 0 0]\n  [0 0 0]\n  [0 0 0]]\n\n [[0 0 0]\n  [0 0 0]\n  [0 0 0]\n  ...\n  [0 0 0]\n  [0 0 0]\n  [0 0 0]]\n\n [[0 0 0]\n  [0 0 0]\n  [0 0 0]\n  ...\n  [0 0 0]\n  [0 0 0]\n  [0 0 0]]]", "step": null, "ts": 1622994202.619251}]}, "version": 84}
{"obj": {"type": "LogStrings", "path": ["monitoring", "stdout"], "values": [{"value": "\n", "step": null, "ts": 1622994202.619427}]}, "version": 85}
{"obj": {"type": "LogStrings", "path": ["monitoring", "stdout"], "values": [{"value": "[[[0 0 0]\n  [0 0 0]\n  [0 0 0]\n  ...\n  [1 1 1]\n  [0 0 0]\n  [1 1 1]]\n\n [[1 1 1]\n  [0 0 0]\n  [0 0 0]\n  ...\n  [1 1 1]\n  [0 0 0]\n  [0 0 0]]\n\n [[1 1 1]\n  [1 1 1]\n  [1 1 1]\n  ...\n  [1 1 1]\n  [1 1 1]\n  [1 1 1]]\n\n ...\n\n [[1 1 1]\n  [0 0 0]\n  [0 0 0]\n  ...\n  [1 1 1]\n  [1 1 1]\n  [1 1 1]]\n\n [[0 0 0]\n  [1 1 1]\n  [1 1 1]\n  ...\n  [1 1 1]\n  [1 1 1]\n  [1 1 1]]\n\n [[0 0 0]\n  [1 1 1]\n  [1 1 1]\n  ...\n  [1 1 1]\n  [1 1 1]\n  [1 1 1]]]", "step": null, "ts": 1622994202.6810534}]}, "version": 86}
{"obj": {"type": "LogStrings", "path": ["monitoring", "stdout"], "values": [{"value": "\n", "step": null, "ts": 1622994202.6812718}]}, "version": 87}
{"obj": {"type": "LogStrings", "path": ["monitoring", "stdout"], "values": [{"value": "[[[0 0 0]\n  [0 0 0]\n  [0 0 0]\n  ...\n  [0 0 0]\n  [0 0 0]\n  [0 0 0]]\n\n [[0 0 0]\n  [0 0 0]\n  [0 0 0]\n  ...\n  [0 0 0]\n  [0 0 0]\n  [0 0 0]]\n\n [[0 0 0]\n  [0 0 0]\n  [0 0 0]\n  ...\n  [0 0 0]\n  [0 0 0]\n  [0 0 0]]\n\n ...\n\n [[0 0 0]\n  [0 0 0]\n  [0 0 0]\n  ...\n  [0 0 0]\n  [0 0 0]\n  [0 0 0]]\n\n [[0 0 0]\n  [0 0 0]\n  [0 0 0]\n  ...\n  [0 0 0]\n  [0 0 0]\n  [0 0 0]]\n\n [[0 0 0]\n  [0 0 0]\n  [0 0 0]\n  ...\n  [0 0 0]\n  [0 0 0]\n  [0 0 0]]]", "step": null, "ts": 1622994202.7441962}]}, "version": 88}
{"obj": {"type": "LogStrings", "path": ["monitoring", "stdout"], "values": [{"value": "\n", "step": null, "ts": 1622994202.744391}]}, "version": 89}
{"obj": {"type": "LogStrings", "path": ["monitoring", "stdout"], "values": [{"value": "[[[0 0 0]\n  [0 0 0]\n  [0 0 0]\n  ...\n  [0 0 0]\n  [0 0 0]\n  [0 0 0]]\n\n [[0 0 0]\n  [0 0 0]\n  [0 0 0]\n  ...\n  [0 0 0]\n  [0 0 0]\n  [0 0 0]]\n\n [[0 0 0]\n  [0 0 0]\n  [0 0 0]\n  ...\n  [0 0 0]\n  [0 0 0]\n  [0 0 0]]\n\n ...\n\n [[0 0 0]\n  [0 0 0]\n  [0 0 0]\n  ...\n  [0 0 0]\n  [0 0 0]\n  [0 0 0]]\n\n [[0 0 0]\n  [0 0 0]\n  [0 0 0]\n  ...\n  [0 0 0]\n  [0 0 0]\n  [0 0 0]]\n\n [[0 0 0]\n  [0 0 0]\n  [0 0 0]\n  ...\n  [0 0 0]\n  [0 0 0]\n  [0 0 0]]]", "step": null, "ts": 1622994202.873056}]}, "version": 90}
{"obj": {"type": "LogStrings", "path": ["monitoring", "stdout"], "values": [{"value": "\n", "step": null, "ts": 1622994202.8732414}]}, "version": 91}
{"obj": {"type": "LogStrings", "path": ["monitoring", "stdout"], "values": [{"value": "[[[0 0 0]\n  [0 0 0]\n  [0 0 0]\n  ...\n  [0 0 0]\n  [0 0 0]\n  [0 0 0]]\n\n [[0 0 0]\n  [0 0 0]\n  [0 0 0]\n  ...\n  [0 0 0]\n  [0 0 0]\n  [0 0 0]]\n\n [[0 0 0]\n  [0 0 0]\n  [0 0 0]\n  ...\n  [0 0 0]\n  [0 0 0]\n  [0 0 0]]\n\n ...\n\n [[0 0 0]\n  [0 0 0]\n  [0 0 0]\n  ...\n  [0 0 0]\n  [0 0 0]\n  [0 0 0]]\n\n [[0 0 0]\n  [0 0 0]\n  [0 0 0]\n  ...\n  [0 0 0]\n  [0 0 0]\n  [0 0 0]]\n\n [[0 0 0]\n  [0 0 0]\n  [0 0 0]\n  ...\n  [0 0 0]\n  [0 0 0]\n  [0 0 0]]]", "step": null, "ts": 1622994202.9420066}]}, "version": 92}
{"obj": {"type": "LogStrings", "path": ["monitoring", "stdout"], "values": [{"value": "\n", "step": null, "ts": 1622994202.9421844}]}, "version": 93}
{"obj": {"type": "LogStrings", "path": ["monitoring", "stdout"], "values": [{"value": "[[[0 0 0]\n  [0 0 0]\n  [0 0 0]\n  ...\n  [0 0 0]\n  [0 0 0]\n  [0 0 0]]\n\n [[0 0 0]\n  [0 0 0]\n  [0 0 0]\n  ...\n  [0 0 0]\n  [0 0 0]\n  [0 0 0]]\n\n [[0 0 0]\n  [0 0 0]\n  [0 0 0]\n  ...\n  [0 0 0]\n  [0 0 0]\n  [0 0 0]]\n\n ...\n\n [[0 0 0]\n  [0 0 0]\n  [0 0 0]\n  ...\n  [0 0 0]\n  [0 0 0]\n  [0 0 0]]\n\n [[0 0 0]\n  [0 0 0]\n  [0 0 0]\n  ...\n  [0 0 0]\n  [0 0 0]\n  [0 0 0]]\n\n [[0 0 0]\n  [0 0 0]\n  [0 0 0]\n  ...\n  [0 0 0]\n  [0 0 0]\n  [0 0 0]]]", "step": null, "ts": 1622994202.9643679}]}, "version": 94}
{"obj": {"type": "LogStrings", "path": ["monitoring", "stdout"], "values": [{"value": "\n", "step": null, "ts": 1622994202.9645417}]}, "version": 95}
{"obj": {"type": "LogStrings", "path": ["monitoring", "stdout"], "values": [{"value": "[[[0 0 0]\n  [0 0 0]\n  [0 0 0]\n  ...\n  [0 0 0]\n  [0 0 0]\n  [0 0 0]]\n\n [[0 0 0]\n  [0 0 0]\n  [0 0 0]\n  ...\n  [0 0 0]\n  [0 0 0]\n  [0 0 0]]\n\n [[0 0 0]\n  [0 0 0]\n  [0 0 0]\n  ...\n  [0 0 0]\n  [0 0 0]\n  [0 0 0]]\n\n ...\n\n [[0 0 0]\n  [0 0 0]\n  [0 0 0]\n  ...\n  [0 0 0]\n  [0 0 0]\n  [0 0 0]]\n\n [[0 0 0]\n  [0 0 0]\n  [0 0 0]\n  ...\n  [0 0 0]\n  [0 0 0]\n  [0 0 0]]\n\n [[0 0 0]\n  [0 0 0]\n  [0 0 0]\n  ...\n  [0 0 0]\n  [0 0 0]\n  [0 0 0]]]", "step": null, "ts": 1622994203.0250688}]}, "version": 96}
{"obj": {"type": "LogStrings", "path": ["monitoring", "stdout"], "values": [{"value": "\n", "step": null, "ts": 1622994203.0252638}]}, "version": 97}
{"obj": {"type": "LogFloats", "path": ["Learning Rate"], "values": [{"value": 0.0001, "step": null, "ts": 1622994205.507396}]}, "version": 98}
{"obj": {"type": "LogStrings", "path": ["monitoring", "stderr"], "values": [{"value": "\r  0%|                                                                                                                                                                                      | 0/158 [00:00<?, ?it/s]", "step": null, "ts": 1622994205.5083628}]}, "version": 99}
{"obj": {"type": "LogFloats", "path": ["monitoring", "cpu"], "values": [{"value": 23.169591298021004, "step": null, "ts": 1622994207.7415679}]}, "version": 100}
{"obj": {"type": "LogFloats", "path": ["monitoring", "memory"], "values": [{"value": 24.18350601196289, "step": null, "ts": 1622994207.7415679}]}, "version": 101}
{"obj": {"type": "LogFloats", "path": ["monitoring", "gpu_1"], "values": [{"value": 2.0, "step": null, "ts": 1622994207.7415679}]}, "version": 102}
{"obj": {"type": "LogFloats", "path": ["monitoring", "gpu_memory_0"], "values": [{"value": 0.00860595703125, "step": null, "ts": 1622994207.7415679}]}, "version": 103}
{"obj": {"type": "LogFloats", "path": ["monitoring", "gpu_memory_1"], "values": [{"value": 5.762939453125, "step": null, "ts": 1622994207.7415679}]}, "version": 104}
{"obj": {"type": "LogFloats", "path": ["monitoring", "cpu"], "values": [{"value": 41.62078564148513, "step": null, "ts": 1622994217.7480214}]}, "version": 105}
{"obj": {"type": "LogFloats", "path": ["monitoring", "memory"], "values": [{"value": 24.311847686767578, "step": null, "ts": 1622994217.7480214}]}, "version": 106}
{"obj": {"type": "LogFloats", "path": ["monitoring", "gpu_1"], "values": [{"value": 14.0, "step": null, "ts": 1622994217.7480214}]}, "version": 107}
{"obj": {"type": "LogFloats", "path": ["monitoring", "gpu_memory_0"], "values": [{"value": 0.00860595703125, "step": null, "ts": 1622994217.7480214}]}, "version": 108}
{"obj": {"type": "LogFloats", "path": ["monitoring", "gpu_memory_1"], "values": [{"value": 5.766845703125, "step": null, "ts": 1622994217.7480214}]}, "version": 109}
{"obj": {"type": "LogFloats", "path": ["monitoring", "cpu"], "values": [{"value": 35.29811145328615, "step": null, "ts": 1622994227.753417}]}, "version": 110}
{"obj": {"type": "LogFloats", "path": ["monitoring", "memory"], "values": [{"value": 24.840641021728516, "step": null, "ts": 1622994227.753417}]}, "version": 111}
{"obj": {"type": "LogFloats", "path": ["monitoring", "gpu_memory_0"], "values": [{"value": 0.00860595703125, "step": null, "ts": 1622994227.753417}]}, "version": 112}
{"obj": {"type": "LogFloats", "path": ["monitoring", "gpu_memory_1"], "values": [{"value": 5.792236328125, "step": null, "ts": 1622994227.753417}]}, "version": 113}
{"obj": {"type": "LogStrings", "path": ["monitoring", "stderr"], "values": [{"value": "", "step": null, "ts": 1622994232.8293235}]}, "version": 114}
{"obj": {"type": "LogStrings", "path": ["monitoring", "stderr"], "values": [{"value": "\r  0%|                                                                                                                                                                                      | 0/158 [00:27<?, ?it/s]", "step": null, "ts": 1622994232.829704}]}, "version": 115}
{"obj": {"type": "LogStrings", "path": ["monitoring", "stderr"], "values": [{"value": "\n", "step": null, "ts": 1622994232.8298059}]}, "version": 116}
{"obj": {"type": "LogStrings", "path": ["monitoring", "traceback"], "values": [{"value": "An uncaught exception occurred while run was active on worker eea1fa52accd.", "step": null, "ts": 1622994232.8305566}, {"value": "Marking run as failed", "step": null, "ts": 1622994232.8305566}, {"value": "Traceback:", "step": null, "ts": 1622994232.8305566}, {"value": "  File \"siim-rsna-2021/exp/exp001/train.py\", line 511, in <module>\n    train_one_epoch(train_dataloader, model, device, criterion, use_amp, run, meters_dict)\n", "step": null, "ts": 1622994232.8305566}, {"value": "  File \"siim-rsna-2021/exp/exp001/train.py\", line 199, in train_one_epoch\n    output = model(inputs)\n", "step": null, "ts": 1622994232.8305566}, {"value": "  File \"/opt/conda/lib/python3.8/site-packages/torch/nn/modules/module.py\", line 727, in _call_impl\n    result = self.forward(*input, **kwargs)\n", "step": null, "ts": 1622994232.8305566}, {"value": "  File \"siim-rsna-2021/exp/exp001/train.py\", line 87, in forward\n    x = self.model(x).squeeze(-1)\n", "step": null, "ts": 1622994232.8305566}, {"value": "  File \"/opt/conda/lib/python3.8/site-packages/torch/nn/modules/module.py\", line 727, in _call_impl\n    result = self.forward(*input, **kwargs)\n", "step": null, "ts": 1622994232.8305566}, {"value": "  File \"/opt/conda/lib/python3.8/site-packages/timm/models/efficientnet.py\", line 469, in forward\n    x = self.forward_features(x)\n", "step": null, "ts": 1622994232.8305566}, {"value": "  File \"/opt/conda/lib/python3.8/site-packages/timm/models/efficientnet.py\", line 459, in forward_features\n    x = self.conv_stem(x)\n", "step": null, "ts": 1622994232.8305566}, {"value": "  File \"/opt/conda/lib/python3.8/site-packages/torch/nn/modules/module.py\", line 727, in _call_impl\n    result = self.forward(*input, **kwargs)\n", "step": null, "ts": 1622994232.8305566}, {"value": "  File \"/opt/conda/lib/python3.8/site-packages/timm/models/layers/conv2d_same.py\", line 30, in forward\n    return conv2d_same(x, self.weight, self.bias, self.stride, self.padding, self.dilation, self.groups)\n", "step": null, "ts": 1622994232.8305566}, {"value": "  File \"/opt/conda/lib/python3.8/site-packages/timm/models/layers/conv2d_same.py\", line 17, in conv2d_same\n    return F.conv2d(x, weight, bias, stride, (0, 0), dilation, groups)\n", "step": null, "ts": 1622994232.8305566}, {"value": "Input type (torch.cuda.ByteTensor) and weight type (torch.cuda.HalfTensor) should be the same", "step": null, "ts": 1622994232.8305566}]}, "version": 117}
{"obj": {"type": "AssignBool", "path": ["sys", "failed"], "value": true}, "version": 118}
{"obj": {"type": "LogStrings", "path": ["monitoring", "stderr"], "values": [{"value": "Traceback (most recent call last):\n", "step": null, "ts": 1622994232.830727}]}, "version": 119}
{"obj": {"type": "LogStrings", "path": ["monitoring", "stderr"], "values": [{"value": "  File \"siim-rsna-2021/exp/exp001/train.py\", line 511, in <module>\n", "step": null, "ts": 1622994232.830786}]}, "version": 120}
{"obj": {"type": "LogStrings", "path": ["monitoring", "stderr"], "values": [{"value": "    ", "step": null, "ts": 1622994232.8309522}]}, "version": 121}
{"obj": {"type": "LogStrings", "path": ["monitoring", "stderr"], "values": [{"value": "train_one_epoch(train_dataloader, model, device, criterion, use_amp, run, meters_dict)", "step": null, "ts": 1622994232.8310115}]}, "version": 122}
{"obj": {"type": "LogStrings", "path": ["monitoring", "stderr"], "values": [{"value": "\n", "step": null, "ts": 1622994232.8310637}]}, "version": 123}
{"obj": {"type": "LogStrings", "path": ["monitoring", "stderr"], "values": [{"value": "  File \"siim-rsna-2021/exp/exp001/train.py\", line 199, in train_one_epoch\n", "step": null, "ts": 1622994232.8311162}]}, "version": 124}
{"obj": {"type": "LogStrings", "path": ["monitoring", "stderr"], "values": [{"value": "    ", "step": null, "ts": 1622994232.8312135}]}, "version": 125}
{"obj": {"type": "LogStrings", "path": ["monitoring", "stderr"], "values": [{"value": "output = model(inputs)", "step": null, "ts": 1622994232.8312666}]}, "version": 126}
{"obj": {"type": "LogStrings", "path": ["monitoring", "stderr"], "values": [{"value": "\n", "step": null, "ts": 1622994232.831319}]}, "version": 127}
{"obj": {"type": "LogStrings", "path": ["monitoring", "stderr"], "values": [{"value": "  File \"/opt/conda/lib/python3.8/site-packages/torch/nn/modules/module.py\", line 727, in _call_impl\n", "step": null, "ts": 1622994232.831371}]}, "version": 128}
{"obj": {"type": "LogStrings", "path": ["monitoring", "stderr"], "values": [{"value": "    ", "step": null, "ts": 1622994232.831541}]}, "version": 129}
{"obj": {"type": "LogStrings", "path": ["monitoring", "stderr"], "values": [{"value": "result = self.forward(*input, **kwargs)", "step": null, "ts": 1622994232.8315985}]}, "version": 130}
{"obj": {"type": "LogStrings", "path": ["monitoring", "stderr"], "values": [{"value": "\n", "step": null, "ts": 1622994232.8316507}]}, "version": 131}
{"obj": {"type": "LogStrings", "path": ["monitoring", "stderr"], "values": [{"value": "  File \"siim-rsna-2021/exp/exp001/train.py\", line 87, in forward\n", "step": null, "ts": 1622994232.831703}]}, "version": 132}
{"obj": {"type": "LogStrings", "path": ["monitoring", "stderr"], "values": [{"value": "    ", "step": null, "ts": 1622994232.8317943}]}, "version": 133}
{"obj": {"type": "LogStrings", "path": ["monitoring", "stderr"], "values": [{"value": "x = self.model(x).squeeze(-1)", "step": null, "ts": 1622994232.831848}]}, "version": 134}
{"obj": {"type": "LogStrings", "path": ["monitoring", "stderr"], "values": [{"value": "\n", "step": null, "ts": 1622994232.8318987}]}, "version": 135}
{"obj": {"type": "LogStrings", "path": ["monitoring", "stderr"], "values": [{"value": "  File \"/opt/conda/lib/python3.8/site-packages/torch/nn/modules/module.py\", line 727, in _call_impl\n", "step": null, "ts": 1622994232.8319502}]}, "version": 136}
{"obj": {"type": "LogStrings", "path": ["monitoring", "stderr"], "values": [{"value": "    ", "step": null, "ts": 1622994232.832112}]}, "version": 137}
{"obj": {"type": "LogStrings", "path": ["monitoring", "stderr"], "values": [{"value": "result = self.forward(*input, **kwargs)", "step": null, "ts": 1622994232.832166}]}, "version": 138}
{"obj": {"type": "LogStrings", "path": ["monitoring", "stderr"], "values": [{"value": "\n", "step": null, "ts": 1622994232.8322167}]}, "version": 139}
{"obj": {"type": "LogStrings", "path": ["monitoring", "stderr"], "values": [{"value": "  File \"/opt/conda/lib/python3.8/site-packages/timm/models/efficientnet.py\", line 469, in forward\n", "step": null, "ts": 1622994232.832273}]}, "version": 140}
{"obj": {"type": "LogStrings", "path": ["monitoring", "stderr"], "values": [{"value": "    ", "step": null, "ts": 1622994232.8324318}]}, "version": 141}
{"obj": {"type": "LogStrings", "path": ["monitoring", "stderr"], "values": [{"value": "x = self.forward_features(x)", "step": null, "ts": 1622994232.8324854}]}, "version": 142}
{"obj": {"type": "LogStrings", "path": ["monitoring", "stderr"], "values": [{"value": "\n", "step": null, "ts": 1622994232.8325381}]}, "version": 143}
{"obj": {"type": "LogStrings", "path": ["monitoring", "stderr"], "values": [{"value": "  File \"/opt/conda/lib/python3.8/site-packages/timm/models/efficientnet.py\", line 459, in forward_features\n", "step": null, "ts": 1622994232.83259}]}, "version": 144}
{"obj": {"type": "LogStrings", "path": ["monitoring", "stderr"], "values": [{"value": "    ", "step": null, "ts": 1622994232.8327386}]}, "version": 145}
{"obj": {"type": "LogStrings", "path": ["monitoring", "stderr"], "values": [{"value": "x = self.conv_stem(x)", "step": null, "ts": 1622994232.832809}]}, "version": 146}
{"obj": {"type": "LogStrings", "path": ["monitoring", "stderr"], "values": [{"value": "\n", "step": null, "ts": 1622994232.8328648}]}, "version": 147}
{"obj": {"type": "LogStrings", "path": ["monitoring", "stderr"], "values": [{"value": "  File \"/opt/conda/lib/python3.8/site-packages/torch/nn/modules/module.py\", line 727, in _call_impl\n", "step": null, "ts": 1622994232.8329234}]}, "version": 148}
{"obj": {"type": "LogStrings", "path": ["monitoring", "stderr"], "values": [{"value": "    ", "step": null, "ts": 1622994232.8330796}]}, "version": 149}
{"obj": {"type": "LogStrings", "path": ["monitoring", "stderr"], "values": [{"value": "result = self.forward(*input, **kwargs)", "step": null, "ts": 1622994232.8331335}]}, "version": 150}
{"obj": {"type": "LogStrings", "path": ["monitoring", "stderr"], "values": [{"value": "\n", "step": null, "ts": 1622994232.833213}]}, "version": 151}
{"obj": {"type": "LogStrings", "path": ["monitoring", "stderr"], "values": [{"value": "  File \"/opt/conda/lib/python3.8/site-packages/timm/models/layers/conv2d_same.py\", line 30, in forward\n", "step": null, "ts": 1622994232.8332808}]}, "version": 152}
{"obj": {"type": "LogStrings", "path": ["monitoring", "stderr"], "values": [{"value": "    ", "step": null, "ts": 1622994232.8333762}]}, "version": 153}
{"obj": {"type": "LogStrings", "path": ["monitoring", "stderr"], "values": [{"value": "return conv2d_same(x, self.weight, self.bias, self.stride, self.padding, self.dilation, self.groups)", "step": null, "ts": 1622994232.8334317}]}, "version": 154}
{"obj": {"type": "LogStrings", "path": ["monitoring", "stderr"], "values": [{"value": "\n", "step": null, "ts": 1622994232.8334858}]}, "version": 155}
{"obj": {"type": "LogStrings", "path": ["monitoring", "stderr"], "values": [{"value": "  File \"/opt/conda/lib/python3.8/site-packages/timm/models/layers/conv2d_same.py\", line 17, in conv2d_same\n", "step": null, "ts": 1622994232.8335404}]}, "version": 156}
{"obj": {"type": "LogStrings", "path": ["monitoring", "stderr"], "values": [{"value": "    ", "step": null, "ts": 1622994232.8336318}]}, "version": 157}
{"obj": {"type": "LogStrings", "path": ["monitoring", "stderr"], "values": [{"value": "return F.conv2d(x, weight, bias, stride, (0, 0), dilation, groups)", "step": null, "ts": 1622994232.8336866}]}, "version": 158}
{"obj": {"type": "LogStrings", "path": ["monitoring", "stderr"], "values": [{"value": "\n", "step": null, "ts": 1622994232.8337395}]}, "version": 159}
{"obj": {"type": "LogStrings", "path": ["monitoring", "stderr"], "values": [{"value": "RuntimeError", "step": null, "ts": 1622994232.8337984}]}, "version": 160}
{"obj": {"type": "LogStrings", "path": ["monitoring", "stderr"], "values": [{"value": ": ", "step": null, "ts": 1622994232.83385}]}, "version": 161}
{"obj": {"type": "LogStrings", "path": ["monitoring", "stderr"], "values": [{"value": "Input type (torch.cuda.ByteTensor) and weight type (torch.cuda.HalfTensor) should be the same", "step": null, "ts": 1622994232.8338976}]}, "version": 162}
{"obj": {"type": "LogStrings", "path": ["monitoring", "stderr"], "values": [{"value": "\n", "step": null, "ts": 1622994232.8339493}]}, "version": 163}
{"obj": {"type": "LogStrings", "path": ["monitoring", "stdout"], "values": [{"value": "Shutting down background jobs, please wait a moment...\n", "step": null, "ts": 1622994232.834066}]}, "version": 164}
