{"obj": {"type": "AssignString", "path": ["sys", "name"], "value": "Untitled"}, "version": 1}
{"obj": {"type": "AssignString", "path": ["sys", "description"], "value": ""}, "version": 2}
{"obj": {"type": "AssignString", "path": ["sys", "hostname"], "value": "eea1fa52accd"}, "version": 3}
{"obj": {"type": "AddStrings", "path": ["sys", "tags"], "values": ["cv0"]}, "version": 4}
{"obj": {"type": "AssignBool", "path": ["sys", "failed"], "value": false}, "version": 5}
{"obj": {"type": "AssignString", "path": ["source_code", "entrypoint"], "value": "train.py"}, "version": 6}
{"obj": {"type": "UploadFileSet", "path": ["source_code", "files"], "file_globs": ["/workspace/siim-rsna-2021/exp/exp001/train.py"], "reset": "False"}, "version": 7}
{"obj": {"type": "LogStrings", "path": ["monitoring", "stdout"], "values": [{"value": "", "step": null, "ts": 1622994746.0342596}]}, "version": 8}
{"obj": {"type": "LogStrings", "path": ["monitoring", "stdout"], "values": [{"value": "https://app.neptune.ai/inoichan/siim-rsna-covid19-2021/e/SIIM-2\n", "step": null, "ts": 1622994746.0361066}]}, "version": 9}
{"obj": {"type": "AssignBool", "path": ["parameters", "debug"], "value": false}, "version": 10}
{"obj": {"type": "AssignString", "path": ["parameters", "exp_name"], "value": "exp001"}, "version": 11}
{"obj": {"type": "AssignString", "path": ["parameters", "model_name"], "value": "tf_efficientnet_b3_ns"}, "version": 12}
{"obj": {"type": "AssignInt", "path": ["parameters", "device_id"], "value": 0}, "version": 13}
{"obj": {"type": "AssignInt", "path": ["parameters", "batch_size"], "value": 32}, "version": 14}
{"obj": {"type": "AssignInt", "path": ["parameters", "img_size"], "value": 512}, "version": 15}
{"obj": {"type": "AssignInt", "path": ["parameters", "n_workers"], "value": 12}, "version": 16}
{"obj": {"type": "AssignInt", "path": ["parameters", "n_epochs"], "value": 40}, "version": 17}
{"obj": {"type": "AssignInt", "path": ["parameters", "start_epoch"], "value": 1}, "version": 18}
{"obj": {"type": "AssignBool", "path": ["parameters", "transform"], "value": true}, "version": 19}
{"obj": {"type": "AssignString", "path": ["parameters", "load_checkpoint"], "value": "['', '', '', '', '']"}, "version": 20}
{"obj": {"type": "AssignString", "path": ["parameters", "hold_out"], "value": "[0, 1, 2, 3, 4]"}, "version": 21}
{"obj": {"type": "AssignString", "path": ["parameters", "df_train_path"], "value": "/workspace/data/df_train_study_level.csv"}, "version": 22}
{"obj": {"type": "AssignInt", "path": ["parameters", "accumulation_steps"], "value": 1}, "version": 23}
{"obj": {"type": "AssignInt", "path": ["parameters", "early_stopping_steps"], "value": 12}, "version": 24}
{"obj": {"type": "AssignBool", "path": ["parameters", "freeze_bn"], "value": false}, "version": 25}
{"obj": {"type": "AssignString", "path": ["parameters", "fold_name"], "value": "cv"}, "version": 26}
{"obj": {"type": "AssignBool", "path": ["parameters", "clahe"], "value": false}, "version": 27}
{"obj": {"type": "AssignBool", "path": ["parameters", "mix"], "value": false}, "version": 28}
{"obj": {"type": "AssignBool", "path": ["parameters", "use_amp"], "value": true}, "version": 29}
{"obj": {"type": "LogFloats", "path": ["monitoring", "memory"], "values": [{"value": 28.086498260498047, "step": null, "ts": 1622994746.0328782}]}, "version": 30}
{"obj": {"type": "LogFloats", "path": ["monitoring", "gpu_1"], "values": [{"value": 15.0, "step": null, "ts": 1622994746.0328782}]}, "version": 31}
{"obj": {"type": "LogFloats", "path": ["monitoring", "gpu_memory_0"], "values": [{"value": 0.00860595703125, "step": null, "ts": 1622994746.0328782}]}, "version": 32}
{"obj": {"type": "LogFloats", "path": ["monitoring", "gpu_memory_1"], "values": [{"value": 4.74658203125, "step": null, "ts": 1622994746.0328782}]}, "version": 33}
{"obj": {"type": "LogFloats", "path": ["Learning Rate"], "values": [{"value": 0.0001, "step": null, "ts": 1622994754.4572165}]}, "version": 34}
{"obj": {"type": "LogStrings", "path": ["monitoring", "stderr"], "values": [{"value": "\r  0%|                                                                                                                                                                                      | 0/158 [00:00<?, ?it/s]", "step": null, "ts": 1622994754.4581952}]}, "version": 35}
{"obj": {"type": "LogFloats", "path": ["monitoring", "cpu"], "values": [{"value": 21.395012346982604, "step": null, "ts": 1622994756.0429273}]}, "version": 36}
{"obj": {"type": "LogFloats", "path": ["monitoring", "memory"], "values": [{"value": 32.290191650390625, "step": null, "ts": 1622994756.0429273}]}, "version": 37}
{"obj": {"type": "LogFloats", "path": ["monitoring", "gpu_1"], "values": [{"value": 3.0, "step": null, "ts": 1622994756.0429273}]}, "version": 38}
{"obj": {"type": "LogFloats", "path": ["monitoring", "gpu_memory_0"], "values": [{"value": 0.00860595703125, "step": null, "ts": 1622994756.0429273}]}, "version": 39}
{"obj": {"type": "LogFloats", "path": ["monitoring", "gpu_memory_1"], "values": [{"value": 5.74688720703125, "step": null, "ts": 1622994756.0429273}]}, "version": 40}
{"obj": {"type": "LogFloats", "path": ["monitoring", "cpu"], "values": [{"value": 43.23813405531649, "step": null, "ts": 1622994766.0494678}]}, "version": 41}
{"obj": {"type": "LogFloats", "path": ["monitoring", "memory"], "values": [{"value": 32.86100769042969, "step": null, "ts": 1622994766.0494678}]}, "version": 42}
{"obj": {"type": "LogFloats", "path": ["monitoring", "gpu_1"], "values": [{"value": 6.0, "step": null, "ts": 1622994766.0494678}]}, "version": 43}
{"obj": {"type": "LogFloats", "path": ["monitoring", "gpu_memory_0"], "values": [{"value": 0.00860595703125, "step": null, "ts": 1622994766.0494678}]}, "version": 44}
{"obj": {"type": "LogFloats", "path": ["monitoring", "gpu_memory_1"], "values": [{"value": 5.7415771484375, "step": null, "ts": 1622994766.0494678}]}, "version": 45}
{"obj": {"type": "LogFloats", "path": ["monitoring", "cpu"], "values": [{"value": 40.34989265951797, "step": null, "ts": 1622994776.0610337}]}, "version": 46}
{"obj": {"type": "LogFloats", "path": ["monitoring", "memory"], "values": [{"value": 34.91596603393555, "step": null, "ts": 1622994776.0610337}]}, "version": 47}
{"obj": {"type": "LogFloats", "path": ["monitoring", "gpu_1"], "values": [{"value": 92.0, "step": null, "ts": 1622994776.0610337}]}, "version": 48}
{"obj": {"type": "LogFloats", "path": ["monitoring", "gpu_memory_0"], "values": [{"value": 0.00860595703125, "step": null, "ts": 1622994776.0610337}]}, "version": 49}
{"obj": {"type": "LogFloats", "path": ["monitoring", "gpu_memory_1"], "values": [{"value": 8.50103759765625, "step": null, "ts": 1622994776.0610337}]}, "version": 50}
{"obj": {"type": "LogStrings", "path": ["monitoring", "stderr"], "values": [{"value": "\rloss: 1.3780016899108887 loss(avg): 1.3780016899108887:   0%|                                                                                                                              | 0/158 [00:29<?, ?it/s]", "step": null, "ts": 1622994784.2686317}]}, "version": 51}
{"obj": {"type": "LogStrings", "path": ["monitoring", "stderr"], "values": [{"value": "\rloss: 1.3780016899108887 loss(avg): 1.3780016899108887:   1%|\u258b                                                                                                                   | 1/158 [00:29<1:18:00, 29.81s/it]", "step": null, "ts": 1622994784.2691233}]}, "version": 52}
{"obj": {"type": "LogStrings", "path": ["monitoring", "stderr"], "values": [{"value": "\rloss: 1.1461150646209717 loss(avg): 1.2620583772659302:   1%|\u258b                                                                                                                   | 1/158 [00:30<1:18:00, 29.81s/it]", "step": null, "ts": 1622994785.298711}]}, "version": 53}
{"obj": {"type": "LogStrings", "path": ["monitoring", "stderr"], "values": [{"value": "\rloss: 1.1461150646209717 loss(avg): 1.2620583772659302:   1%|\u2588\u258d                                                                                                                    | 2/158 [00:30<55:03, 21.18s/it]", "step": null, "ts": 1622994785.2990053}]}, "version": 54}
{"obj": {"type": "LogStrings", "path": ["monitoring", "stderr"], "values": [{"value": "", "step": null, "ts": 1622994785.2993228}]}, "version": 55}
{"obj": {"type": "LogStrings", "path": ["monitoring", "stderr"], "values": [{"value": "\rloss: 1.1461150646209717 loss(avg): 1.2620583772659302:   1%|\u2588\u258d                                                                                                                    | 2/158 [00:30<40:05, 15.42s/it]", "step": null, "ts": 1622994785.2996118}]}, "version": 56}
{"obj": {"type": "LogStrings", "path": ["monitoring", "stderr"], "values": [{"value": "\n", "step": null, "ts": 1622994785.2996833}]}, "version": 57}
{"obj": {"type": "LogStrings", "path": ["monitoring", "traceback"], "values": [{"value": "An uncaught exception occurred while run was active on worker eea1fa52accd.", "step": null, "ts": 1622994785.300665}, {"value": "Marking run as failed", "step": null, "ts": 1622994785.300665}, {"value": "Traceback:", "step": null, "ts": 1622994785.300665}, {"value": "  File \"siim-rsna-2021/exp/exp001/train.py\", line 512, in <module>\n    train_one_epoch(train_dataloader, model, device, criterion, use_amp, run, meters_dict)\n", "step": null, "ts": 1622994785.300665}, {"value": "  File \"siim-rsna-2021/exp/exp001/train.py\", line 189, in train_one_epoch\n    for step_train, data in enumerate(progress_bar):\n", "step": null, "ts": 1622994785.300665}, {"value": "  File \"/opt/conda/lib/python3.8/site-packages/tqdm/std.py\", line 1129, in __iter__\n    for obj in iterable:\n", "step": null, "ts": 1622994785.300665}, {"value": "  File \"/opt/conda/lib/python3.8/site-packages/torch/utils/data/dataloader.py\", line 435, in __next__\n    data = self._next_data()\n", "step": null, "ts": 1622994785.300665}, {"value": "  File \"/opt/conda/lib/python3.8/site-packages/torch/utils/data/dataloader.py\", line 1065, in _next_data\n    return self._process_data(data)\n", "step": null, "ts": 1622994785.300665}, {"value": "  File \"/opt/conda/lib/python3.8/site-packages/torch/utils/data/dataloader.py\", line 1111, in _process_data\n    data.reraise()\n", "step": null, "ts": 1622994785.300665}, {"value": "  File \"/opt/conda/lib/python3.8/site-packages/torch/_utils.py\", line 428, in reraise\n    raise self.exc_type(msg)\n", "step": null, "ts": 1622994785.300665}, {"value": "Caught ValueError in DataLoader worker process 2.", "step": null, "ts": 1622994785.300665}, {"value": "Original Traceback (most recent call last):", "step": null, "ts": 1622994785.300665}, {"value": "  File \"/opt/conda/lib/python3.8/site-packages/torch/utils/data/_utils/worker.py\", line 198, in _worker_loop", "step": null, "ts": 1622994785.300665}, {"value": "    data = fetcher.fetch(index)", "step": null, "ts": 1622994785.300665}, {"value": "  File \"/opt/conda/lib/python3.8/site-packages/torch/utils/data/_utils/fetch.py\", line 44, in fetch", "step": null, "ts": 1622994785.300665}, {"value": "    data = [self.dataset[idx] for idx in possibly_batched_index]", "step": null, "ts": 1622994785.300665}, {"value": "  File \"/opt/conda/lib/python3.8/site-packages/torch/utils/data/_utils/fetch.py\", line 44, in <listcomp>", "step": null, "ts": 1622994785.300665}, {"value": "    data = [self.dataset[idx] for idx in possibly_batched_index]", "step": null, "ts": 1622994785.300665}, {"value": "  File \"siim-rsna-2021/exp/exp001/train.py\", line 150, in __getitem__", "step": null, "ts": 1622994785.300665}, {"value": "    images = self.transform(image=image)['image']", "step": null, "ts": 1622994785.300665}, {"value": "  File \"/opt/conda/lib/python3.8/site-packages/albumentations/core/composition.py\", line 182, in __call__", "step": null, "ts": 1622994785.300665}, {"value": "    data = t(force_apply=force_apply, **data)", "step": null, "ts": 1622994785.300665}, {"value": "  File \"/opt/conda/lib/python3.8/site-packages/albumentations/core/composition.py\", line 252, in __call__", "step": null, "ts": 1622994785.300665}, {"value": "    data = t(force_apply=True, **data)", "step": null, "ts": 1622994785.300665}, {"value": "  File \"/opt/conda/lib/python3.8/site-packages/albumentations/core/transforms_interface.py\", line 89, in __call__", "step": null, "ts": 1622994785.300665}, {"value": "    return self.apply_with_params(params, **kwargs)", "step": null, "ts": 1622994785.300665}, {"value": "  File \"/opt/conda/lib/python3.8/site-packages/albumentations/core/transforms_interface.py\", line 102, in apply_with_params", "step": null, "ts": 1622994785.300665}, {"value": "    res[key] = target_function(arg, **dict(params, **target_dependencies))", "step": null, "ts": 1622994785.300665}, {"value": "  File \"/opt/conda/lib/python3.8/site-packages/albumentations/augmentations/transforms.py\", line 2579, in apply", "step": null, "ts": 1622994785.300665}, {"value": "    return F.median_blur(image, ksize)", "step": null, "ts": 1622994785.300665}, {"value": "  File \"/opt/conda/lib/python3.8/site-packages/albumentations/augmentations/functional.py\", line 54, in wrapped_function", "step": null, "ts": 1622994785.300665}, {"value": "    result = func(img, *args, **kwargs)", "step": null, "ts": 1622994785.300665}, {"value": "  File \"/opt/conda/lib/python3.8/site-packages/albumentations/augmentations/functional.py\", line 761, in median_blur", "step": null, "ts": 1622994785.300665}, {"value": "    raise ValueError(", "step": null, "ts": 1622994785.300665}, {"value": "ValueError: Invalid ksize value 7. For a float32 image the only valid ksize values are 3 and 5", "step": null, "ts": 1622994785.300665}, {"value": "", "step": null, "ts": 1622994785.300665}]}, "version": 58}
{"obj": {"type": "AssignBool", "path": ["sys", "failed"], "value": true}, "version": 59}
{"obj": {"type": "LogStrings", "path": ["monitoring", "stderr"], "values": [{"value": "Traceback (most recent call last):\n", "step": null, "ts": 1622994785.300979}]}, "version": 60}
{"obj": {"type": "LogStrings", "path": ["monitoring", "stderr"], "values": [{"value": "  File \"siim-rsna-2021/exp/exp001/train.py\", line 512, in <module>\n", "step": null, "ts": 1622994785.3010423}]}, "version": 61}
{"obj": {"type": "LogStrings", "path": ["monitoring", "stderr"], "values": [{"value": "    ", "step": null, "ts": 1622994785.3012412}]}, "version": 62}
{"obj": {"type": "LogStrings", "path": ["monitoring", "stderr"], "values": [{"value": "train_one_epoch(train_dataloader, model, device, criterion, use_amp, run, meters_dict)", "step": null, "ts": 1622994785.3013077}]}, "version": 63}
{"obj": {"type": "LogStrings", "path": ["monitoring", "stderr"], "values": [{"value": "\n", "step": null, "ts": 1622994785.3013763}]}, "version": 64}
{"obj": {"type": "LogStrings", "path": ["monitoring", "stderr"], "values": [{"value": "  File \"siim-rsna-2021/exp/exp001/train.py\", line 189, in train_one_epoch\n", "step": null, "ts": 1622994785.301432}]}, "version": 65}
{"obj": {"type": "LogStrings", "path": ["monitoring", "stderr"], "values": [{"value": "    ", "step": null, "ts": 1622994785.3015554}]}, "version": 66}
{"obj": {"type": "LogStrings", "path": ["monitoring", "stderr"], "values": [{"value": "for step_train, data in enumerate(progress_bar):", "step": null, "ts": 1622994785.3016093}]}, "version": 67}
{"obj": {"type": "LogStrings", "path": ["monitoring", "stderr"], "values": [{"value": "\n", "step": null, "ts": 1622994785.3016627}]}, "version": 68}
{"obj": {"type": "LogStrings", "path": ["monitoring", "stderr"], "values": [{"value": "  File \"/opt/conda/lib/python3.8/site-packages/tqdm/std.py\", line 1129, in __iter__\n", "step": null, "ts": 1622994785.301717}]}, "version": 69}
{"obj": {"type": "LogStrings", "path": ["monitoring", "stderr"], "values": [{"value": "    ", "step": null, "ts": 1622994785.3019235}]}, "version": 70}
{"obj": {"type": "LogStrings", "path": ["monitoring", "stderr"], "values": [{"value": "for obj in iterable:", "step": null, "ts": 1622994785.301984}]}, "version": 71}
{"obj": {"type": "LogStrings", "path": ["monitoring", "stderr"], "values": [{"value": "\n", "step": null, "ts": 1622994785.3020396}]}, "version": 72}
{"obj": {"type": "LogStrings", "path": ["monitoring", "stderr"], "values": [{"value": "  File \"/opt/conda/lib/python3.8/site-packages/torch/utils/data/dataloader.py\", line 435, in __next__\n", "step": null, "ts": 1622994785.3020942}]}, "version": 73}
{"obj": {"type": "LogStrings", "path": ["monitoring", "stderr"], "values": [{"value": "    ", "step": null, "ts": 1622994785.3022244}]}, "version": 74}
{"obj": {"type": "LogStrings", "path": ["monitoring", "stderr"], "values": [{"value": "data = self._next_data()", "step": null, "ts": 1622994785.3022785}]}, "version": 75}
{"obj": {"type": "LogStrings", "path": ["monitoring", "stderr"], "values": [{"value": "\n", "step": null, "ts": 1622994785.3023455}]}, "version": 76}
{"obj": {"type": "LogStrings", "path": ["monitoring", "stderr"], "values": [{"value": "  File \"/opt/conda/lib/python3.8/site-packages/torch/utils/data/dataloader.py\", line 1065, in _next_data\n", "step": null, "ts": 1622994785.3024049}]}, "version": 77}
{"obj": {"type": "LogStrings", "path": ["monitoring", "stderr"], "values": [{"value": "    ", "step": null, "ts": 1622994785.3026059}]}, "version": 78}
{"obj": {"type": "LogStrings", "path": ["monitoring", "stderr"], "values": [{"value": "return self._process_data(data)", "step": null, "ts": 1622994785.3026605}]}, "version": 79}
{"obj": {"type": "LogStrings", "path": ["monitoring", "stderr"], "values": [{"value": "\n", "step": null, "ts": 1622994785.3027146}]}, "version": 80}
{"obj": {"type": "LogStrings", "path": ["monitoring", "stderr"], "values": [{"value": "  File \"/opt/conda/lib/python3.8/site-packages/torch/utils/data/dataloader.py\", line 1111, in _process_data\n", "step": null, "ts": 1622994785.3027685}]}, "version": 81}
{"obj": {"type": "LogStrings", "path": ["monitoring", "stderr"], "values": [{"value": "    ", "step": null, "ts": 1622994785.302977}]}, "version": 82}
{"obj": {"type": "LogStrings", "path": ["monitoring", "stderr"], "values": [{"value": "data.reraise()", "step": null, "ts": 1622994785.3030365}]}, "version": 83}
{"obj": {"type": "LogStrings", "path": ["monitoring", "stderr"], "values": [{"value": "\n", "step": null, "ts": 1622994785.3030903}]}, "version": 84}
{"obj": {"type": "LogStrings", "path": ["monitoring", "stderr"], "values": [{"value": "  File \"/opt/conda/lib/python3.8/site-packages/torch/_utils.py\", line 428, in reraise\n", "step": null, "ts": 1622994785.3031452}]}, "version": 85}
{"obj": {"type": "LogStrings", "path": ["monitoring", "stderr"], "values": [{"value": "    ", "step": null, "ts": 1622994785.3032703}]}, "version": 86}
{"obj": {"type": "LogStrings", "path": ["monitoring", "stderr"], "values": [{"value": "raise self.exc_type(msg)", "step": null, "ts": 1622994785.3033242}]}, "version": 87}
{"obj": {"type": "LogStrings", "path": ["monitoring", "stderr"], "values": [{"value": "\n", "step": null, "ts": 1622994785.3033786}]}, "version": 88}
{"obj": {"type": "LogStrings", "path": ["monitoring", "stderr"], "values": [{"value": "ValueError", "step": null, "ts": 1622994785.3034327}]}, "version": 89}
{"obj": {"type": "LogStrings", "path": ["monitoring", "stderr"], "values": [{"value": ": ", "step": null, "ts": 1622994785.3034809}]}, "version": 90}
{"obj": {"type": "LogStrings", "path": ["monitoring", "stderr"], "values": [{"value": "Caught ValueError in DataLoader worker process 2.\nOriginal Traceback (most recent call last):\n  File \"/opt/conda/lib/python3.8/site-packages/torch/utils/data/_utils/worker.py\", line 198, in _worker_loop\n    data = fetcher.fetch(index)\n  File \"/opt/conda/lib/python3.8/site-packages/torch/utils/data/_utils/fetch.py\", line 44, in fetch\n    data = [self.dataset[idx] for idx in possibly_batched_index]\n  File \"/opt/conda/lib/python3.8/site-packages/torch/utils/data/_utils/fetch.py\", line 44, in <listcomp>\n    data = [self.dataset[idx] for idx in possibly_batched_index]\n  File \"siim-rsna-2021/exp/exp001/train.py\", line 150, in __getitem__\n    images = self.transform(image=image)['image']\n  File \"/opt/conda/lib/python3.8/site-packages/albumentations/core/composition.py\", line 182, in __call__\n    data = t(force_apply=force_apply, **data)\n  File \"/opt/conda/lib/python3.8/site-packages/albumentations/core/composition.py\", line 252, in __call__\n    data = t(force_apply=True, **data)\n  File \"/opt/", "step": null, "ts": 1622994785.3035502}]}, "version": 91}
{"obj": {"type": "LogStrings", "path": ["monitoring", "stderr"], "values": [{"value": "\n", "step": null, "ts": 1622994785.3037865}]}, "version": 92}
{"obj": {"type": "LogStrings", "path": ["monitoring", "stdout"], "values": [{"value": "Shutting down background jobs, please wait a moment...\n", "step": null, "ts": 1622994785.3039234}]}, "version": 93}
