{"obj": {"type": "AssignString", "path": ["sys", "name"], "value": "exp002"}, "version": 1}
{"obj": {"type": "AssignString", "path": ["sys", "description"], "value": ""}, "version": 2}
{"obj": {"type": "AssignString", "path": ["sys", "hostname"], "value": "eea1fa52accd"}, "version": 3}
{"obj": {"type": "AddStrings", "path": ["sys", "tags"], "values": ["cv0", "exp002"]}, "version": 4}
{"obj": {"type": "AssignBool", "path": ["sys", "failed"], "value": false}, "version": 5}
{"obj": {"type": "ClearStringLog", "path": ["monitoring", "stdout"]}, "version": 6}
{"obj": {"type": "ClearStringLog", "path": ["monitoring", "stderr"]}, "version": 7}
{"obj": {"type": "AssignString", "path": ["source_code", "entrypoint"], "value": "train.py"}, "version": 8}
{"obj": {"type": "UploadFileSet", "path": ["source_code", "files"], "file_globs": ["/workspace/siim-rsna-2021/exp/exp002/train.py"], "reset": "False"}, "version": 9}
{"obj": {"type": "ConfigFloatSeries", "path": ["monitoring", "cpu"], "min": 0.0, "max": 100.0, "unit": "%"}, "version": 10}
{"obj": {"type": "ClearFloatLog", "path": ["monitoring", "cpu"]}, "version": 11}
{"obj": {"type": "ConfigFloatSeries", "path": ["monitoring", "memory"], "min": 0.0, "max": 62.78011703491211, "unit": "GB"}, "version": 12}
{"obj": {"type": "ClearFloatLog", "path": ["monitoring", "memory"]}, "version": 13}
{"obj": {"type": "ConfigFloatSeries", "path": ["monitoring", "gpu_0"], "min": 0.0, "max": 100.0, "unit": "%"}, "version": 14}
{"obj": {"type": "ClearFloatLog", "path": ["monitoring", "gpu_0"]}, "version": 15}
{"obj": {"type": "ConfigFloatSeries", "path": ["monitoring", "gpu_1"], "min": 0.0, "max": 100.0, "unit": "%"}, "version": 16}
{"obj": {"type": "ClearFloatLog", "path": ["monitoring", "gpu_1"]}, "version": 17}
{"obj": {"type": "ConfigFloatSeries", "path": ["monitoring", "gpu_memory_0"], "min": 0.0, "max": 23.6912841796875, "unit": "GB"}, "version": 18}
{"obj": {"type": "ClearFloatLog", "path": ["monitoring", "gpu_memory_0"]}, "version": 19}
{"obj": {"type": "ConfigFloatSeries", "path": ["monitoring", "gpu_memory_1"], "min": 0.0, "max": 23.6912841796875, "unit": "GB"}, "version": 20}
{"obj": {"type": "ClearFloatLog", "path": ["monitoring", "gpu_memory_1"]}, "version": 21}
{"obj": {"type": "LogStrings", "path": ["monitoring", "stdout"], "values": [{"value": "", "step": null, "ts": 1623003272.2353413}]}, "version": 22}
{"obj": {"type": "LogStrings", "path": ["monitoring", "stdout"], "values": [{"value": "https://app.neptune.ai/inoichan/siim-rsna-covid19-2021/e/SIIM-37\n", "step": null, "ts": 1623003272.237251}]}, "version": 23}
{"obj": {"type": "AssignBool", "path": ["parameters", "debug"], "value": false}, "version": 24}
{"obj": {"type": "AssignString", "path": ["parameters", "exp_name"], "value": "exp002"}, "version": 25}
{"obj": {"type": "AssignString", "path": ["parameters", "model_name"], "value": "tf_efficientnet_b3_ns"}, "version": 26}
{"obj": {"type": "AssignInt", "path": ["parameters", "device_id"], "value": 0}, "version": 27}
{"obj": {"type": "AssignInt", "path": ["parameters", "batch_size"], "value": 32}, "version": 28}
{"obj": {"type": "AssignInt", "path": ["parameters", "img_size"], "value": 512}, "version": 29}
{"obj": {"type": "AssignInt", "path": ["parameters", "n_workers"], "value": 12}, "version": 30}
{"obj": {"type": "AssignInt", "path": ["parameters", "n_epochs"], "value": 40}, "version": 31}
{"obj": {"type": "AssignInt", "path": ["parameters", "start_epoch"], "value": 1}, "version": 32}
{"obj": {"type": "AssignBool", "path": ["parameters", "transform"], "value": true}, "version": 33}
{"obj": {"type": "AssignString", "path": ["parameters", "initial_lr"], "value": "5e-4"}, "version": 34}
{"obj": {"type": "AssignString", "path": ["parameters", "final_lr"], "value": "1e-6"}, "version": 35}
{"obj": {"type": "AssignString", "path": ["parameters", "load_checkpoint"], "value": "['', '', '', '', '']"}, "version": 36}
{"obj": {"type": "AssignString", "path": ["parameters", "hold_out"], "value": "[0, 1, 2, 3, 4]"}, "version": 37}
{"obj": {"type": "AssignString", "path": ["parameters", "df_train_path"], "value": "/workspace/data/df_train_study_level_npy640.csv"}, "version": 38}
{"obj": {"type": "AssignInt", "path": ["parameters", "accumulation_steps"], "value": 1}, "version": 39}
{"obj": {"type": "AssignInt", "path": ["parameters", "early_stopping_steps"], "value": 8}, "version": 40}
{"obj": {"type": "AssignBool", "path": ["parameters", "freeze_bn"], "value": false}, "version": 41}
{"obj": {"type": "AssignString", "path": ["parameters", "fold_name"], "value": "cv"}, "version": 42}
{"obj": {"type": "AssignBool", "path": ["parameters", "clahe"], "value": false}, "version": 43}
{"obj": {"type": "AssignBool", "path": ["parameters", "mix"], "value": false}, "version": 44}
{"obj": {"type": "AssignBool", "path": ["parameters", "use_amp"], "value": true}, "version": 45}
{"obj": {"type": "AssignBool", "path": ["parameters", "use_npy"], "value": true}, "version": 46}
{"obj": {"type": "LogFloats", "path": ["monitoring", "memory"], "values": [{"value": 40.00991439819336, "step": null, "ts": 1623003272.2342513}]}, "version": 47}
{"obj": {"type": "LogFloats", "path": ["monitoring", "gpu_1"], "values": [{"value": 6.0, "step": null, "ts": 1623003272.2342513}]}, "version": 48}
{"obj": {"type": "LogFloats", "path": ["monitoring", "gpu_memory_0"], "values": [{"value": 0.00860595703125, "step": null, "ts": 1623003272.2342513}]}, "version": 49}
{"obj": {"type": "LogFloats", "path": ["monitoring", "gpu_memory_1"], "values": [{"value": 0.7474365234375, "step": null, "ts": 1623003272.2342513}]}, "version": 50}
{"obj": {"type": "LogFloats", "path": ["Learning Rate"], "values": [{"value": 0.0005, "step": null, "ts": 1623003277.7858927}]}, "version": 51}
{"obj": {"type": "LogStrings", "path": ["monitoring", "stderr"], "values": [{"value": "\r  0%|                                                                                                                                                                                      | 0/158 [00:00<?, ?it/s]", "step": null, "ts": 1623003277.7868702}]}, "version": 52}
{"obj": {"type": "LogStrings", "path": ["monitoring", "stderr"], "values": [{"value": "", "step": null, "ts": 1623003277.9943047}]}, "version": 53}
{"obj": {"type": "LogStrings", "path": ["monitoring", "stderr"], "values": [{"value": "\r  0%|                                                                                                                                                                                      | 0/158 [00:00<?, ?it/s]", "step": null, "ts": 1623003277.998553}]}, "version": 54}
{"obj": {"type": "LogStrings", "path": ["monitoring", "stderr"], "values": [{"value": "\n", "step": null, "ts": 1623003278.0017793}]}, "version": 55}
{"obj": {"type": "LogStrings", "path": ["monitoring", "traceback"], "values": [{"value": "An uncaught exception occurred while run was active on worker eea1fa52accd.", "step": null, "ts": 1623003278.0118191}, {"value": "Marking run as failed", "step": null, "ts": 1623003278.0118191}, {"value": "Traceback:", "step": null, "ts": 1623003278.0118191}, {"value": "  File \"siim-rsna-2021/exp/exp002/train.py\", line 532, in <module>\n    train_one_epoch(train_dataloader, model, device, criterion, use_amp, run, meters_dict)\n", "step": null, "ts": 1623003278.0118191}, {"value": "  File \"siim-rsna-2021/exp/exp002/train.py\", line 205, in train_one_epoch\n    for step_train, data in enumerate(progress_bar):\n", "step": null, "ts": 1623003278.0118191}, {"value": "  File \"/opt/conda/lib/python3.8/site-packages/tqdm/std.py\", line 1129, in __iter__\n    for obj in iterable:\n", "step": null, "ts": 1623003278.0118191}, {"value": "  File \"/opt/conda/lib/python3.8/site-packages/torch/utils/data/dataloader.py\", line 352, in __iter__\n    return self._get_iterator()\n", "step": null, "ts": 1623003278.0118191}, {"value": "  File \"/opt/conda/lib/python3.8/site-packages/torch/utils/data/dataloader.py\", line 294, in _get_iterator\n    return _MultiProcessingDataLoaderIter(self)\n", "step": null, "ts": 1623003278.0118191}, {"value": "  File \"/opt/conda/lib/python3.8/site-packages/torch/utils/data/dataloader.py\", line 785, in __init__\n    index_queue = multiprocessing_context.Queue()  # type: ignore\n", "step": null, "ts": 1623003278.0118191}, {"value": "  File \"/opt/conda/lib/python3.8/multiprocessing/context.py\", line 103, in Queue\n    return Queue(maxsize, ctx=self.get_context())\n", "step": null, "ts": 1623003278.0118191}, {"value": "  File \"/opt/conda/lib/python3.8/multiprocessing/queues.py\", line 42, in __init__\n    self._rlock = ctx.Lock()\n", "step": null, "ts": 1623003278.0118191}, {"value": "  File \"/opt/conda/lib/python3.8/multiprocessing/context.py\", line 68, in Lock\n    return Lock(ctx=self.get_context())\n", "step": null, "ts": 1623003278.0118191}, {"value": "  File \"/opt/conda/lib/python3.8/multiprocessing/synchronize.py\", line 162, in __init__\n    SemLock.__init__(self, SEMAPHORE, 1, 1, ctx=ctx)\n", "step": null, "ts": 1623003278.0118191}, {"value": "  File \"/opt/conda/lib/python3.8/multiprocessing/synchronize.py\", line 57, in __init__\n    sl = self._semlock = _multiprocessing.SemLock(\n", "step": null, "ts": 1623003278.0118191}, {"value": "", "step": null, "ts": 1623003278.0118191}]}, "version": 56}
{"obj": {"type": "AssignBool", "path": ["sys", "failed"], "value": true}, "version": 57}
{"obj": {"type": "LogStrings", "path": ["monitoring", "stderr"], "values": [{"value": "Traceback (most recent call last):\n", "step": null, "ts": 1623003278.0121164}]}, "version": 58}
{"obj": {"type": "LogStrings", "path": ["monitoring", "stderr"], "values": [{"value": "  File \"siim-rsna-2021/exp/exp002/train.py\", line 532, in <module>\n", "step": null, "ts": 1623003278.012228}]}, "version": 59}
{"obj": {"type": "LogStrings", "path": ["monitoring", "stderr"], "values": [{"value": "    ", "step": null, "ts": 1623003278.0125012}]}, "version": 60}
{"obj": {"type": "LogStrings", "path": ["monitoring", "stderr"], "values": [{"value": "train_one_epoch(train_dataloader, model, device, criterion, use_amp, run, meters_dict)", "step": null, "ts": 1623003278.0125902}]}, "version": 61}
{"obj": {"type": "LogStrings", "path": ["monitoring", "stderr"], "values": [{"value": "\n", "step": null, "ts": 1623003278.012675}]}, "version": 62}
{"obj": {"type": "LogStrings", "path": ["monitoring", "stderr"], "values": [{"value": "  File \"siim-rsna-2021/exp/exp002/train.py\", line 205, in train_one_epoch\n", "step": null, "ts": 1623003278.0127578}]}, "version": 63}
{"obj": {"type": "LogStrings", "path": ["monitoring", "stderr"], "values": [{"value": "    ", "step": null, "ts": 1623003278.0129075}]}, "version": 64}
{"obj": {"type": "LogStrings", "path": ["monitoring", "stderr"], "values": [{"value": "for step_train, data in enumerate(progress_bar):", "step": null, "ts": 1623003278.0129883}]}, "version": 65}
{"obj": {"type": "LogStrings", "path": ["monitoring", "stderr"], "values": [{"value": "\n", "step": null, "ts": 1623003278.0130708}]}, "version": 66}
{"obj": {"type": "LogStrings", "path": ["monitoring", "stderr"], "values": [{"value": "  File \"/opt/conda/lib/python3.8/site-packages/tqdm/std.py\", line 1129, in __iter__\n", "step": null, "ts": 1623003278.013154}]}, "version": 67}
{"obj": {"type": "LogStrings", "path": ["monitoring", "stderr"], "values": [{"value": "    ", "step": null, "ts": 1623003278.0134945}]}, "version": 68}
{"obj": {"type": "LogStrings", "path": ["monitoring", "stderr"], "values": [{"value": "for obj in iterable:", "step": null, "ts": 1623003278.0135798}]}, "version": 69}
{"obj": {"type": "LogStrings", "path": ["monitoring", "stderr"], "values": [{"value": "\n", "step": null, "ts": 1623003278.0136454}]}, "version": 70}
{"obj": {"type": "LogStrings", "path": ["monitoring", "stderr"], "values": [{"value": "  File \"/opt/conda/lib/python3.8/site-packages/torch/utils/data/dataloader.py\", line 352, in __iter__\n", "step": null, "ts": 1623003278.0137002}]}, "version": 71}
{"obj": {"type": "LogStrings", "path": ["monitoring", "stderr"], "values": [{"value": "    ", "step": null, "ts": 1623003278.0138304}]}, "version": 72}
{"obj": {"type": "LogStrings", "path": ["monitoring", "stderr"], "values": [{"value": "return self._get_iterator()", "step": null, "ts": 1623003278.0138853}]}, "version": 73}
{"obj": {"type": "LogStrings", "path": ["monitoring", "stderr"], "values": [{"value": "\n", "step": null, "ts": 1623003278.0139427}]}, "version": 74}
{"obj": {"type": "LogStrings", "path": ["monitoring", "stderr"], "values": [{"value": "  File \"/opt/conda/lib/python3.8/site-packages/torch/utils/data/dataloader.py\", line 294, in _get_iterator\n", "step": null, "ts": 1623003278.0140033}]}, "version": 75}
{"obj": {"type": "LogStrings", "path": ["monitoring", "stderr"], "values": [{"value": "    ", "step": null, "ts": 1623003278.014125}]}, "version": 76}
{"obj": {"type": "LogStrings", "path": ["monitoring", "stderr"], "values": [{"value": "return _MultiProcessingDataLoaderIter(self)", "step": null, "ts": 1623003278.0141835}]}, "version": 77}
{"obj": {"type": "LogStrings", "path": ["monitoring", "stderr"], "values": [{"value": "\n", "step": null, "ts": 1623003278.0142412}]}, "version": 78}
{"obj": {"type": "LogStrings", "path": ["monitoring", "stderr"], "values": [{"value": "  File \"/opt/conda/lib/python3.8/site-packages/torch/utils/data/dataloader.py\", line 785, in __init__\n", "step": null, "ts": 1623003278.0143015}]}, "version": 79}
{"obj": {"type": "LogStrings", "path": ["monitoring", "stderr"], "values": [{"value": "    ", "step": null, "ts": 1623003278.01447}]}, "version": 80}
{"obj": {"type": "LogStrings", "path": ["monitoring", "stderr"], "values": [{"value": "index_queue = multiprocessing_context.Queue()  # type: ignore", "step": null, "ts": 1623003278.0145264}]}, "version": 81}
{"obj": {"type": "LogStrings", "path": ["monitoring", "stderr"], "values": [{"value": "\n", "step": null, "ts": 1623003278.0145829}]}, "version": 82}
{"obj": {"type": "LogStrings", "path": ["monitoring", "stderr"], "values": [{"value": "  File \"/opt/conda/lib/python3.8/multiprocessing/context.py\", line 103, in Queue\n", "step": null, "ts": 1623003278.0146418}]}, "version": 83}
{"obj": {"type": "LogStrings", "path": ["monitoring", "stderr"], "values": [{"value": "    ", "step": null, "ts": 1623003278.0147343}]}, "version": 84}
{"obj": {"type": "LogStrings", "path": ["monitoring", "stderr"], "values": [{"value": "return Queue(maxsize, ctx=self.get_context())", "step": null, "ts": 1623003278.0148075}]}, "version": 85}
{"obj": {"type": "LogStrings", "path": ["monitoring", "stderr"], "values": [{"value": "\n", "step": null, "ts": 1623003278.014866}]}, "version": 86}
{"obj": {"type": "LogStrings", "path": ["monitoring", "stderr"], "values": [{"value": "  File \"/opt/conda/lib/python3.8/multiprocessing/queues.py\", line 42, in __init__\n", "step": null, "ts": 1623003278.0149252}]}, "version": 87}
{"obj": {"type": "LogStrings", "path": ["monitoring", "stderr"], "values": [{"value": "    ", "step": null, "ts": 1623003278.0150151}]}, "version": 88}
{"obj": {"type": "LogStrings", "path": ["monitoring", "stderr"], "values": [{"value": "self._rlock = ctx.Lock()", "step": null, "ts": 1623003278.0150704}]}, "version": 89}
{"obj": {"type": "LogStrings", "path": ["monitoring", "stderr"], "values": [{"value": "\n", "step": null, "ts": 1623003278.0151277}]}, "version": 90}
{"obj": {"type": "LogStrings", "path": ["monitoring", "stderr"], "values": [{"value": "  File \"/opt/conda/lib/python3.8/multiprocessing/context.py\", line 68, in Lock\n", "step": null, "ts": 1623003278.0151858}]}, "version": 91}
{"obj": {"type": "LogStrings", "path": ["monitoring", "stderr"], "values": [{"value": "    ", "step": null, "ts": 1623003278.0152743}]}, "version": 92}
{"obj": {"type": "LogStrings", "path": ["monitoring", "stderr"], "values": [{"value": "return Lock(ctx=self.get_context())", "step": null, "ts": 1623003278.0153303}]}, "version": 93}
{"obj": {"type": "LogStrings", "path": ["monitoring", "stderr"], "values": [{"value": "\n", "step": null, "ts": 1623003278.0153916}]}, "version": 94}
{"obj": {"type": "LogStrings", "path": ["monitoring", "stderr"], "values": [{"value": "  File \"/opt/conda/lib/python3.8/multiprocessing/synchronize.py\", line 162, in __init__\n", "step": null, "ts": 1623003278.0154505}]}, "version": 95}
{"obj": {"type": "LogStrings", "path": ["monitoring", "stderr"], "values": [{"value": "    ", "step": null, "ts": 1623003278.0155482}]}, "version": 96}
{"obj": {"type": "LogStrings", "path": ["monitoring", "stderr"], "values": [{"value": "SemLock.__init__(self, SEMAPHORE, 1, 1, ctx=ctx)", "step": null, "ts": 1623003278.015602}]}, "version": 97}
{"obj": {"type": "LogStrings", "path": ["monitoring", "stderr"], "values": [{"value": "\n", "step": null, "ts": 1623003278.0156572}]}, "version": 98}
{"obj": {"type": "LogStrings", "path": ["monitoring", "stderr"], "values": [{"value": "  File \"/opt/conda/lib/python3.8/multiprocessing/synchronize.py\", line 57, in __init__\n", "step": null, "ts": 1623003278.0157146}]}, "version": 99}
{"obj": {"type": "LogStrings", "path": ["monitoring", "stderr"], "values": [{"value": "    ", "step": null, "ts": 1623003278.0158048}]}, "version": 100}
{"obj": {"type": "LogStrings", "path": ["monitoring", "stderr"], "values": [{"value": "sl = self._semlock = _multiprocessing.SemLock(", "step": null, "ts": 1623003278.015861}]}, "version": 101}
{"obj": {"type": "LogStrings", "path": ["monitoring", "stderr"], "values": [{"value": "\n", "step": null, "ts": 1623003278.0159178}]}, "version": 102}
{"obj": {"type": "LogStrings", "path": ["monitoring", "stderr"], "values": [{"value": "KeyboardInterrupt", "step": null, "ts": 1623003278.0159783}]}, "version": 103}
{"obj": {"type": "LogStrings", "path": ["monitoring", "stderr"], "values": [{"value": "", "step": null, "ts": 1623003278.0160344}]}, "version": 104}
{"obj": {"type": "LogStrings", "path": ["monitoring", "stderr"], "values": [{"value": "\n", "step": null, "ts": 1623003278.0160923}]}, "version": 105}
{"obj": {"type": "LogStrings", "path": ["monitoring", "stdout"], "values": [{"value": "Shutting down background jobs, please wait a moment...\n", "step": null, "ts": 1623003278.0162241}]}, "version": 106}
