{"obj": {"type": "AssignString", "path": ["sys", "name"], "value": "Untitled"}, "version": 1}
{"obj": {"type": "AssignString", "path": ["sys", "description"], "value": ""}, "version": 2}
{"obj": {"type": "AssignString", "path": ["sys", "hostname"], "value": "eea1fa52accd"}, "version": 3}
{"obj": {"type": "AddStrings", "path": ["sys", "tags"], "values": ["cv0"]}, "version": 4}
{"obj": {"type": "AssignBool", "path": ["sys", "failed"], "value": false}, "version": 5}
{"obj": {"type": "AssignString", "path": ["source_code", "entrypoint"], "value": "train.py"}, "version": 6}
{"obj": {"type": "UploadFileSet", "path": ["source_code", "files"], "file_globs": ["/workspace/siim-rsna-2021/exp/exp001/train.py"], "reset": "False"}, "version": 7}
{"obj": {"type": "LogStrings", "path": ["monitoring", "stdout"], "values": [{"value": "", "step": null, "ts": 1622994618.5068846}]}, "version": 8}
{"obj": {"type": "LogStrings", "path": ["monitoring", "stdout"], "values": [{"value": "https://app.neptune.ai/inoichan/siim-rsna-covid19-2021/e/SIIM-2\n", "step": null, "ts": 1622994618.509336}]}, "version": 9}
{"obj": {"type": "AssignBool", "path": ["parameters", "debug"], "value": false}, "version": 10}
{"obj": {"type": "AssignString", "path": ["parameters", "exp_name"], "value": "exp001"}, "version": 11}
{"obj": {"type": "AssignString", "path": ["parameters", "model_name"], "value": "tf_efficientnet_b3_ns"}, "version": 12}
{"obj": {"type": "AssignInt", "path": ["parameters", "device_id"], "value": 0}, "version": 13}
{"obj": {"type": "AssignInt", "path": ["parameters", "batch_size"], "value": 32}, "version": 14}
{"obj": {"type": "AssignInt", "path": ["parameters", "img_size"], "value": 512}, "version": 15}
{"obj": {"type": "AssignInt", "path": ["parameters", "n_workers"], "value": 12}, "version": 16}
{"obj": {"type": "AssignInt", "path": ["parameters", "n_epochs"], "value": 40}, "version": 17}
{"obj": {"type": "AssignInt", "path": ["parameters", "start_epoch"], "value": 1}, "version": 18}
{"obj": {"type": "AssignBool", "path": ["parameters", "transform"], "value": true}, "version": 19}
{"obj": {"type": "AssignString", "path": ["parameters", "load_checkpoint"], "value": "['', '', '', '', '']"}, "version": 20}
{"obj": {"type": "AssignString", "path": ["parameters", "hold_out"], "value": "[0, 1, 2, 3, 4]"}, "version": 21}
{"obj": {"type": "AssignString", "path": ["parameters", "df_train_path"], "value": "/workspace/data/df_train_study_level.csv"}, "version": 22}
{"obj": {"type": "AssignInt", "path": ["parameters", "accumulation_steps"], "value": 1}, "version": 23}
{"obj": {"type": "AssignInt", "path": ["parameters", "early_stopping_steps"], "value": 12}, "version": 24}
{"obj": {"type": "AssignBool", "path": ["parameters", "freeze_bn"], "value": false}, "version": 25}
{"obj": {"type": "AssignString", "path": ["parameters", "fold_name"], "value": "cv"}, "version": 26}
{"obj": {"type": "AssignBool", "path": ["parameters", "clahe"], "value": false}, "version": 27}
{"obj": {"type": "AssignBool", "path": ["parameters", "mix"], "value": false}, "version": 28}
{"obj": {"type": "AssignBool", "path": ["parameters", "use_amp"], "value": true}, "version": 29}
{"obj": {"type": "LogFloats", "path": ["monitoring", "memory"], "values": [{"value": 28.046306610107422, "step": null, "ts": 1622994618.5055892}]}, "version": 30}
{"obj": {"type": "LogFloats", "path": ["monitoring", "gpu_1"], "values": [{"value": 28.0, "step": null, "ts": 1622994618.5055892}]}, "version": 31}
{"obj": {"type": "LogFloats", "path": ["monitoring", "gpu_memory_0"], "values": [{"value": 0.00860595703125, "step": null, "ts": 1622994618.5055892}]}, "version": 32}
{"obj": {"type": "LogFloats", "path": ["monitoring", "gpu_memory_1"], "values": [{"value": 4.76220703125, "step": null, "ts": 1622994618.5055892}]}, "version": 33}
{"obj": {"type": "LogFloats", "path": ["Learning Rate"], "values": [{"value": 0.0001, "step": null, "ts": 1622994626.6073256}]}, "version": 34}
{"obj": {"type": "LogStrings", "path": ["monitoring", "stderr"], "values": [{"value": "\r  0%|                                                                                                                                                                                      | 0/158 [00:00<?, ?it/s]", "step": null, "ts": 1622994626.6083388}]}, "version": 35}
{"obj": {"type": "LogFloats", "path": ["monitoring", "cpu"], "values": [{"value": 22.786301920099543, "step": null, "ts": 1622994628.516153}]}, "version": 36}
{"obj": {"type": "LogFloats", "path": ["monitoring", "memory"], "values": [{"value": 31.968494415283203, "step": null, "ts": 1622994628.516153}]}, "version": 37}
{"obj": {"type": "LogFloats", "path": ["monitoring", "gpu_memory_0"], "values": [{"value": 0.00860595703125, "step": null, "ts": 1622994628.516153}]}, "version": 38}
{"obj": {"type": "LogFloats", "path": ["monitoring", "gpu_memory_1"], "values": [{"value": 5.7628173828125, "step": null, "ts": 1622994628.516153}]}, "version": 39}
{"obj": {"type": "LogFloats", "path": ["monitoring", "cpu"], "values": [{"value": 42.25268139195886, "step": null, "ts": 1622994638.5221891}]}, "version": 40}
{"obj": {"type": "LogFloats", "path": ["monitoring", "memory"], "values": [{"value": 33.11256408691406, "step": null, "ts": 1622994638.5221891}]}, "version": 41}
{"obj": {"type": "LogFloats", "path": ["monitoring", "gpu_1"], "values": [{"value": 1.0, "step": null, "ts": 1622994638.5221891}]}, "version": 42}
{"obj": {"type": "LogFloats", "path": ["monitoring", "gpu_memory_0"], "values": [{"value": 0.00860595703125, "step": null, "ts": 1622994638.5221891}]}, "version": 43}
{"obj": {"type": "LogFloats", "path": ["monitoring", "gpu_memory_1"], "values": [{"value": 5.76776123046875, "step": null, "ts": 1622994638.5221891}]}, "version": 44}
{"obj": {"type": "LogFloats", "path": ["monitoring", "cpu"], "values": [{"value": 40.321738468741096, "step": null, "ts": 1622994648.5274398}]}, "version": 45}
{"obj": {"type": "LogFloats", "path": ["monitoring", "memory"], "values": [{"value": 34.61166000366211, "step": null, "ts": 1622994648.5274398}]}, "version": 46}
{"obj": {"type": "LogFloats", "path": ["monitoring", "gpu_1"], "values": [{"value": 89.0, "step": null, "ts": 1622994648.5274398}]}, "version": 47}
{"obj": {"type": "LogFloats", "path": ["monitoring", "gpu_memory_0"], "values": [{"value": 0.00860595703125, "step": null, "ts": 1622994648.5274398}]}, "version": 48}
{"obj": {"type": "LogFloats", "path": ["monitoring", "gpu_memory_1"], "values": [{"value": 12.5986328125, "step": null, "ts": 1622994648.5274398}]}, "version": 49}
{"obj": {"type": "LogStrings", "path": ["monitoring", "stderr"], "values": [{"value": "\rloss: 1.3774924278259277 loss(avg): 1.3774924278259277:   0%|                                                                                                                              | 0/158 [00:29<?, ?it/s]", "step": null, "ts": 1622994656.0299578}]}, "version": 50}
{"obj": {"type": "LogStrings", "path": ["monitoring", "stderr"], "values": [{"value": "\rloss: 1.3774924278259277 loss(avg): 1.3774924278259277:   1%|\u258b                                                                                                                   | 1/158 [00:29<1:16:59, 29.42s/it]", "step": null, "ts": 1622994656.0305014}]}, "version": 51}
{"obj": {"type": "LogStrings", "path": ["monitoring", "stderr"], "values": [{"value": "\rloss: 1.1461896896362305 loss(avg): 1.261841058731079:   1%|\u258b                                                                                                                    | 1/158 [00:30<1:16:59, 29.42s/it]", "step": null, "ts": 1622994656.9596593}]}, "version": 52}
{"obj": {"type": "LogStrings", "path": ["monitoring", "stderr"], "values": [{"value": "\rloss: 1.1461896896362305 loss(avg): 1.261841058731079:   1%|\u2588\u258c                                                                                                                     | 2/158 [00:30<54:16, 20.87s/it]", "step": null, "ts": 1622994656.960157}]}, "version": 53}
{"obj": {"type": "LogStrings", "path": ["monitoring", "stderr"], "values": [{"value": "", "step": null, "ts": 1622994656.960828}]}, "version": 54}
{"obj": {"type": "LogStrings", "path": ["monitoring", "stderr"], "values": [{"value": "\rloss: 1.1461896896362305 loss(avg): 1.261841058731079:   1%|\u2588\u258c                                                                                                                     | 2/158 [00:30<39:27, 15.18s/it]", "step": null, "ts": 1622994656.9610586}]}, "version": 55}
{"obj": {"type": "LogStrings", "path": ["monitoring", "stderr"], "values": [{"value": "\n", "step": null, "ts": 1622994656.9611588}]}, "version": 56}
{"obj": {"type": "LogStrings", "path": ["monitoring", "traceback"], "values": [{"value": "An uncaught exception occurred while run was active on worker eea1fa52accd.", "step": null, "ts": 1622994656.9681194}, {"value": "Marking run as failed", "step": null, "ts": 1622994656.9681194}, {"value": "Traceback:", "step": null, "ts": 1622994656.9681194}, {"value": "  File \"siim-rsna-2021/exp/exp001/train.py\", line 512, in <module>\n    train_one_epoch(train_dataloader, model, device, criterion, use_amp, run, meters_dict)\n", "step": null, "ts": 1622994656.9681194}, {"value": "  File \"siim-rsna-2021/exp/exp001/train.py\", line 189, in train_one_epoch\n    for step_train, data in enumerate(progress_bar):\n", "step": null, "ts": 1622994656.9681194}, {"value": "  File \"/opt/conda/lib/python3.8/site-packages/tqdm/std.py\", line 1129, in __iter__\n    for obj in iterable:\n", "step": null, "ts": 1622994656.9681194}, {"value": "  File \"/opt/conda/lib/python3.8/site-packages/torch/utils/data/dataloader.py\", line 435, in __next__\n    data = self._next_data()\n", "step": null, "ts": 1622994656.9681194}, {"value": "  File \"/opt/conda/lib/python3.8/site-packages/torch/utils/data/dataloader.py\", line 1065, in _next_data\n    return self._process_data(data)\n", "step": null, "ts": 1622994656.9681194}, {"value": "  File \"/opt/conda/lib/python3.8/site-packages/torch/utils/data/dataloader.py\", line 1111, in _process_data\n    data.reraise()\n", "step": null, "ts": 1622994656.9681194}, {"value": "  File \"/opt/conda/lib/python3.8/site-packages/torch/_utils.py\", line 428, in reraise\n    raise self.exc_type(msg)\n", "step": null, "ts": 1622994656.9681194}, {"value": "Caught ValueError in DataLoader worker process 2.", "step": null, "ts": 1622994656.9681194}, {"value": "Original Traceback (most recent call last):", "step": null, "ts": 1622994656.9681194}, {"value": "  File \"/opt/conda/lib/python3.8/site-packages/torch/utils/data/_utils/worker.py\", line 198, in _worker_loop", "step": null, "ts": 1622994656.9681194}, {"value": "    data = fetcher.fetch(index)", "step": null, "ts": 1622994656.9681194}, {"value": "  File \"/opt/conda/lib/python3.8/site-packages/torch/utils/data/_utils/fetch.py\", line 44, in fetch", "step": null, "ts": 1622994656.9681194}, {"value": "    data = [self.dataset[idx] for idx in possibly_batched_index]", "step": null, "ts": 1622994656.9681194}, {"value": "  File \"/opt/conda/lib/python3.8/site-packages/torch/utils/data/_utils/fetch.py\", line 44, in <listcomp>", "step": null, "ts": 1622994656.9681194}, {"value": "    data = [self.dataset[idx] for idx in possibly_batched_index]", "step": null, "ts": 1622994656.9681194}, {"value": "  File \"siim-rsna-2021/exp/exp001/train.py\", line 150, in __getitem__", "step": null, "ts": 1622994656.9681194}, {"value": "    images = self.transform(image=image)['image']", "step": null, "ts": 1622994656.9681194}, {"value": "  File \"/opt/conda/lib/python3.8/site-packages/albumentations/core/composition.py\", line 182, in __call__", "step": null, "ts": 1622994656.9681194}, {"value": "    data = t(force_apply=force_apply, **data)", "step": null, "ts": 1622994656.9681194}, {"value": "  File \"/opt/conda/lib/python3.8/site-packages/albumentations/core/composition.py\", line 252, in __call__", "step": null, "ts": 1622994656.9681194}, {"value": "    data = t(force_apply=True, **data)", "step": null, "ts": 1622994656.9681194}, {"value": "  File \"/opt/conda/lib/python3.8/site-packages/albumentations/core/transforms_interface.py\", line 89, in __call__", "step": null, "ts": 1622994656.9681194}, {"value": "    return self.apply_with_params(params, **kwargs)", "step": null, "ts": 1622994656.9681194}, {"value": "  File \"/opt/conda/lib/python3.8/site-packages/albumentations/core/transforms_interface.py\", line 102, in apply_with_params", "step": null, "ts": 1622994656.9681194}, {"value": "    res[key] = target_function(arg, **dict(params, **target_dependencies))", "step": null, "ts": 1622994656.9681194}, {"value": "  File \"/opt/conda/lib/python3.8/site-packages/albumentations/augmentations/transforms.py\", line 2579, in apply", "step": null, "ts": 1622994656.9681194}, {"value": "    return F.median_blur(image, ksize)", "step": null, "ts": 1622994656.9681194}, {"value": "  File \"/opt/conda/lib/python3.8/site-packages/albumentations/augmentations/functional.py\", line 54, in wrapped_function", "step": null, "ts": 1622994656.9681194}, {"value": "    result = func(img, *args, **kwargs)", "step": null, "ts": 1622994656.9681194}, {"value": "  File \"/opt/conda/lib/python3.8/site-packages/albumentations/augmentations/functional.py\", line 761, in median_blur", "step": null, "ts": 1622994656.9681194}, {"value": "    raise ValueError(", "step": null, "ts": 1622994656.9681194}, {"value": "ValueError: Invalid ksize value 7. For a float32 image the only valid ksize values are 3 and 5", "step": null, "ts": 1622994656.9681194}, {"value": "", "step": null, "ts": 1622994656.9681194}]}, "version": 57}
{"obj": {"type": "AssignBool", "path": ["sys", "failed"], "value": true}, "version": 58}
{"obj": {"type": "LogStrings", "path": ["monitoring", "stderr"], "values": [{"value": "Traceback (most recent call last):\n", "step": null, "ts": 1622994656.9685807}]}, "version": 59}
{"obj": {"type": "LogStrings", "path": ["monitoring", "stderr"], "values": [{"value": "  File \"siim-rsna-2021/exp/exp001/train.py\", line 512, in <module>\n", "step": null, "ts": 1622994656.968698}]}, "version": 60}
{"obj": {"type": "LogStrings", "path": ["monitoring", "stderr"], "values": [{"value": "    ", "step": null, "ts": 1622994656.9691727}]}, "version": 61}
{"obj": {"type": "LogStrings", "path": ["monitoring", "stderr"], "values": [{"value": "train_one_epoch(train_dataloader, model, device, criterion, use_amp, run, meters_dict)", "step": null, "ts": 1622994656.9693372}]}, "version": 62}
{"obj": {"type": "LogStrings", "path": ["monitoring", "stderr"], "values": [{"value": "\n", "step": null, "ts": 1622994656.9694765}]}, "version": 63}
{"obj": {"type": "LogStrings", "path": ["monitoring", "stderr"], "values": [{"value": "  File \"siim-rsna-2021/exp/exp001/train.py\", line 189, in train_one_epoch\n", "step": null, "ts": 1622994656.9695532}]}, "version": 64}
{"obj": {"type": "LogStrings", "path": ["monitoring", "stderr"], "values": [{"value": "    ", "step": null, "ts": 1622994656.969724}]}, "version": 65}
{"obj": {"type": "LogStrings", "path": ["monitoring", "stderr"], "values": [{"value": "for step_train, data in enumerate(progress_bar):", "step": null, "ts": 1622994656.9698646}]}, "version": 66}
{"obj": {"type": "LogStrings", "path": ["monitoring", "stderr"], "values": [{"value": "\n", "step": null, "ts": 1622994656.969977}]}, "version": 67}
{"obj": {"type": "LogStrings", "path": ["monitoring", "stderr"], "values": [{"value": "  File \"/opt/conda/lib/python3.8/site-packages/tqdm/std.py\", line 1129, in __iter__\n", "step": null, "ts": 1622994656.9701293}]}, "version": 68}
{"obj": {"type": "LogStrings", "path": ["monitoring", "stderr"], "values": [{"value": "    ", "step": null, "ts": 1622994656.9706242}]}, "version": 69}
{"obj": {"type": "LogStrings", "path": ["monitoring", "stderr"], "values": [{"value": "for obj in iterable:", "step": null, "ts": 1622994656.9707825}]}, "version": 70}
{"obj": {"type": "LogStrings", "path": ["monitoring", "stderr"], "values": [{"value": "\n", "step": null, "ts": 1622994656.9709058}]}, "version": 71}
{"obj": {"type": "LogStrings", "path": ["monitoring", "stderr"], "values": [{"value": "  File \"/opt/conda/lib/python3.8/site-packages/torch/utils/data/dataloader.py\", line 435, in __next__\n", "step": null, "ts": 1622994656.9710147}]}, "version": 72}
{"obj": {"type": "LogStrings", "path": ["monitoring", "stderr"], "values": [{"value": "    ", "step": null, "ts": 1622994656.9714592}]}, "version": 73}
{"obj": {"type": "LogStrings", "path": ["monitoring", "stderr"], "values": [{"value": "data = self._next_data()", "step": null, "ts": 1622994656.9717507}]}, "version": 74}
{"obj": {"type": "LogStrings", "path": ["monitoring", "stderr"], "values": [{"value": "\n", "step": null, "ts": 1622994656.972031}]}, "version": 75}
{"obj": {"type": "LogStrings", "path": ["monitoring", "stderr"], "values": [{"value": "  File \"/opt/conda/lib/python3.8/site-packages/torch/utils/data/dataloader.py\", line 1065, in _next_data\n", "step": null, "ts": 1622994656.9721885}]}, "version": 76}
{"obj": {"type": "LogStrings", "path": ["monitoring", "stderr"], "values": [{"value": "    ", "step": null, "ts": 1622994656.9725688}]}, "version": 77}
{"obj": {"type": "LogStrings", "path": ["monitoring", "stderr"], "values": [{"value": "return self._process_data(data)", "step": null, "ts": 1622994656.9726915}]}, "version": 78}
{"obj": {"type": "LogStrings", "path": ["monitoring", "stderr"], "values": [{"value": "\n", "step": null, "ts": 1622994656.9729218}]}, "version": 79}
{"obj": {"type": "LogStrings", "path": ["monitoring", "stderr"], "values": [{"value": "  File \"/opt/conda/lib/python3.8/site-packages/torch/utils/data/dataloader.py\", line 1111, in _process_data\n", "step": null, "ts": 1622994656.9731479}]}, "version": 80}
{"obj": {"type": "LogStrings", "path": ["monitoring", "stderr"], "values": [{"value": "    ", "step": null, "ts": 1622994656.9736083}]}, "version": 81}
{"obj": {"type": "LogStrings", "path": ["monitoring", "stderr"], "values": [{"value": "data.reraise()", "step": null, "ts": 1622994656.9736893}]}, "version": 82}
{"obj": {"type": "LogStrings", "path": ["monitoring", "stderr"], "values": [{"value": "\n", "step": null, "ts": 1622994656.973769}]}, "version": 83}
{"obj": {"type": "LogStrings", "path": ["monitoring", "stderr"], "values": [{"value": "  File \"/opt/conda/lib/python3.8/site-packages/torch/_utils.py\", line 428, in reraise\n", "step": null, "ts": 1622994656.973862}]}, "version": 84}
{"obj": {"type": "LogStrings", "path": ["monitoring", "stderr"], "values": [{"value": "    ", "step": null, "ts": 1622994656.9740794}]}, "version": 85}
{"obj": {"type": "LogStrings", "path": ["monitoring", "stderr"], "values": [{"value": "raise self.exc_type(msg)", "step": null, "ts": 1622994656.9742906}]}, "version": 86}
{"obj": {"type": "LogStrings", "path": ["monitoring", "stderr"], "values": [{"value": "\n", "step": null, "ts": 1622994656.9745233}]}, "version": 87}
{"obj": {"type": "LogStrings", "path": ["monitoring", "stderr"], "values": [{"value": "ValueError", "step": null, "ts": 1622994656.974722}]}, "version": 88}
{"obj": {"type": "LogStrings", "path": ["monitoring", "stderr"], "values": [{"value": ": ", "step": null, "ts": 1622994656.9748504}]}, "version": 89}
{"obj": {"type": "LogStrings", "path": ["monitoring", "stderr"], "values": [{"value": "Caught ValueError in DataLoader worker process 2.\nOriginal Traceback (most recent call last):\n  File \"/opt/conda/lib/python3.8/site-packages/torch/utils/data/_utils/worker.py\", line 198, in _worker_loop\n    data = fetcher.fetch(index)\n  File \"/opt/conda/lib/python3.8/site-packages/torch/utils/data/_utils/fetch.py\", line 44, in fetch\n    data = [self.dataset[idx] for idx in possibly_batched_index]\n  File \"/opt/conda/lib/python3.8/site-packages/torch/utils/data/_utils/fetch.py\", line 44, in <listcomp>\n    data = [self.dataset[idx] for idx in possibly_batched_index]\n  File \"siim-rsna-2021/exp/exp001/train.py\", line 150, in __getitem__\n    images = self.transform(image=image)['image']\n  File \"/opt/conda/lib/python3.8/site-packages/albumentations/core/composition.py\", line 182, in __call__\n    data = t(force_apply=force_apply, **data)\n  File \"/opt/conda/lib/python3.8/site-packages/albumentations/core/composition.py\", line 252, in __call__\n    data = t(force_apply=True, **data)\n  File \"/opt/", "step": null, "ts": 1622994656.9751234}]}, "version": 90}
{"obj": {"type": "LogStrings", "path": ["monitoring", "stderr"], "values": [{"value": "\n", "step": null, "ts": 1622994656.9758193}]}, "version": 91}
{"obj": {"type": "LogStrings", "path": ["monitoring", "stdout"], "values": [{"value": "Shutting down background jobs, please wait a moment...\n", "step": null, "ts": 1622994656.9762084}]}, "version": 92}
