{"obj": {"type": "AssignString", "path": ["sys", "name"], "value": "exp001"}, "version": 1}
{"obj": {"type": "AssignString", "path": ["sys", "description"], "value": ""}, "version": 2}
{"obj": {"type": "AssignString", "path": ["sys", "hostname"], "value": "eea1fa52accd"}, "version": 3}
{"obj": {"type": "AddStrings", "path": ["sys", "tags"], "values": ["cv0"]}, "version": 4}
{"obj": {"type": "AssignBool", "path": ["sys", "failed"], "value": false}, "version": 5}
{"obj": {"type": "ClearStringLog", "path": ["monitoring", "stdout"]}, "version": 6}
{"obj": {"type": "ClearStringLog", "path": ["monitoring", "stderr"]}, "version": 7}
{"obj": {"type": "AssignString", "path": ["source_code", "entrypoint"], "value": "train.py"}, "version": 8}
{"obj": {"type": "UploadFileSet", "path": ["source_code", "files"], "file_globs": ["/workspace/siim-rsna-2021/exp/exp001/train.py"], "reset": "False"}, "version": 9}
{"obj": {"type": "ConfigFloatSeries", "path": ["monitoring", "cpu"], "min": 0.0, "max": 100.0, "unit": "%"}, "version": 10}
{"obj": {"type": "ClearFloatLog", "path": ["monitoring", "cpu"]}, "version": 11}
{"obj": {"type": "ConfigFloatSeries", "path": ["monitoring", "memory"], "min": 0.0, "max": 62.78011703491211, "unit": "GB"}, "version": 12}
{"obj": {"type": "ClearFloatLog", "path": ["monitoring", "memory"]}, "version": 13}
{"obj": {"type": "ConfigFloatSeries", "path": ["monitoring", "gpu_0"], "min": 0.0, "max": 100.0, "unit": "%"}, "version": 14}
{"obj": {"type": "ClearFloatLog", "path": ["monitoring", "gpu_0"]}, "version": 15}
{"obj": {"type": "ConfigFloatSeries", "path": ["monitoring", "gpu_1"], "min": 0.0, "max": 100.0, "unit": "%"}, "version": 16}
{"obj": {"type": "ClearFloatLog", "path": ["monitoring", "gpu_1"]}, "version": 17}
{"obj": {"type": "ConfigFloatSeries", "path": ["monitoring", "gpu_memory_0"], "min": 0.0, "max": 23.6912841796875, "unit": "GB"}, "version": 18}
{"obj": {"type": "ClearFloatLog", "path": ["monitoring", "gpu_memory_0"]}, "version": 19}
{"obj": {"type": "ConfigFloatSeries", "path": ["monitoring", "gpu_memory_1"], "min": 0.0, "max": 23.6912841796875, "unit": "GB"}, "version": 20}
{"obj": {"type": "ClearFloatLog", "path": ["monitoring", "gpu_memory_1"]}, "version": 21}
{"obj": {"type": "LogStrings", "path": ["monitoring", "stdout"], "values": [{"value": "", "step": null, "ts": 1622994851.40841}]}, "version": 22}
{"obj": {"type": "LogStrings", "path": ["monitoring", "stdout"], "values": [{"value": "https://app.neptune.ai/inoichan/siim-rsna-covid19-2021/e/SIIM-3\n", "step": null, "ts": 1622994851.4101126}]}, "version": 23}
{"obj": {"type": "AssignBool", "path": ["parameters", "debug"], "value": false}, "version": 24}
{"obj": {"type": "AssignString", "path": ["parameters", "exp_name"], "value": "exp001"}, "version": 25}
{"obj": {"type": "AssignString", "path": ["parameters", "model_name"], "value": "tf_efficientnet_b3_ns"}, "version": 26}
{"obj": {"type": "AssignInt", "path": ["parameters", "device_id"], "value": 0}, "version": 27}
{"obj": {"type": "AssignInt", "path": ["parameters", "batch_size"], "value": 32}, "version": 28}
{"obj": {"type": "AssignInt", "path": ["parameters", "img_size"], "value": 512}, "version": 29}
{"obj": {"type": "AssignInt", "path": ["parameters", "n_workers"], "value": 12}, "version": 30}
{"obj": {"type": "AssignInt", "path": ["parameters", "n_epochs"], "value": 40}, "version": 31}
{"obj": {"type": "AssignInt", "path": ["parameters", "start_epoch"], "value": 1}, "version": 32}
{"obj": {"type": "AssignBool", "path": ["parameters", "transform"], "value": true}, "version": 33}
{"obj": {"type": "AssignString", "path": ["parameters", "load_checkpoint"], "value": "['', '', '', '', '']"}, "version": 34}
{"obj": {"type": "AssignString", "path": ["parameters", "hold_out"], "value": "[0, 1, 2, 3, 4]"}, "version": 35}
{"obj": {"type": "AssignString", "path": ["parameters", "df_train_path"], "value": "/workspace/data/df_train_study_level.csv"}, "version": 36}
{"obj": {"type": "AssignInt", "path": ["parameters", "accumulation_steps"], "value": 1}, "version": 37}
{"obj": {"type": "AssignInt", "path": ["parameters", "early_stopping_steps"], "value": 12}, "version": 38}
{"obj": {"type": "AssignBool", "path": ["parameters", "freeze_bn"], "value": false}, "version": 39}
{"obj": {"type": "AssignString", "path": ["parameters", "fold_name"], "value": "cv"}, "version": 40}
{"obj": {"type": "AssignBool", "path": ["parameters", "clahe"], "value": false}, "version": 41}
{"obj": {"type": "AssignBool", "path": ["parameters", "mix"], "value": false}, "version": 42}
{"obj": {"type": "AssignBool", "path": ["parameters", "use_amp"], "value": true}, "version": 43}
{"obj": {"type": "LogFloats", "path": ["monitoring", "memory"], "values": [{"value": 28.08621597290039, "step": null, "ts": 1622994851.4069645}]}, "version": 44}
{"obj": {"type": "LogFloats", "path": ["monitoring", "gpu_1"], "values": [{"value": 3.0, "step": null, "ts": 1622994851.4069645}]}, "version": 45}
{"obj": {"type": "LogFloats", "path": ["monitoring", "gpu_memory_0"], "values": [{"value": 0.00860595703125, "step": null, "ts": 1622994851.4069645}]}, "version": 46}
{"obj": {"type": "LogFloats", "path": ["monitoring", "gpu_memory_1"], "values": [{"value": 4.7772216796875, "step": null, "ts": 1622994851.4069645}]}, "version": 47}
{"obj": {"type": "LogFloats", "path": ["Learning Rate"], "values": [{"value": 0.0001, "step": null, "ts": 1622994859.5487115}]}, "version": 48}
{"obj": {"type": "LogStrings", "path": ["monitoring", "stderr"], "values": [{"value": "\r  0%|                                                                                                                                                                                      | 0/158 [00:00<?, ?it/s]", "step": null, "ts": 1622994859.5497022}]}, "version": 49}
{"obj": {"type": "LogFloats", "path": ["monitoring", "cpu"], "values": [{"value": 23.216001289376557, "step": null, "ts": 1622994861.416891}]}, "version": 50}
{"obj": {"type": "LogFloats", "path": ["monitoring", "memory"], "values": [{"value": 31.994441986083984, "step": null, "ts": 1622994861.416891}]}, "version": 51}
{"obj": {"type": "LogFloats", "path": ["monitoring", "gpu_1"], "values": [{"value": 3.0, "step": null, "ts": 1622994861.416891}]}, "version": 52}
{"obj": {"type": "LogFloats", "path": ["monitoring", "gpu_memory_0"], "values": [{"value": 0.00860595703125, "step": null, "ts": 1622994861.416891}]}, "version": 53}
{"obj": {"type": "LogFloats", "path": ["monitoring", "gpu_memory_1"], "values": [{"value": 5.76922607421875, "step": null, "ts": 1622994861.416891}]}, "version": 54}
{"obj": {"type": "LogFloats", "path": ["monitoring", "cpu"], "values": [{"value": 41.800910886227825, "step": null, "ts": 1622994871.4237952}]}, "version": 55}
{"obj": {"type": "LogFloats", "path": ["monitoring", "memory"], "values": [{"value": 33.40945816040039, "step": null, "ts": 1622994871.4237952}]}, "version": 56}
{"obj": {"type": "LogFloats", "path": ["monitoring", "gpu_memory_0"], "values": [{"value": 0.00860595703125, "step": null, "ts": 1622994871.4237952}]}, "version": 57}
{"obj": {"type": "LogFloats", "path": ["monitoring", "gpu_memory_1"], "values": [{"value": 5.7689208984375, "step": null, "ts": 1622994871.4237952}]}, "version": 58}
{"obj": {"type": "LogFloats", "path": ["monitoring", "cpu"], "values": [{"value": 40.744318521786774, "step": null, "ts": 1622994881.4276931}]}, "version": 59}
{"obj": {"type": "LogFloats", "path": ["monitoring", "memory"], "values": [{"value": 35.90467834472656, "step": null, "ts": 1622994881.4276931}]}, "version": 60}
{"obj": {"type": "LogFloats", "path": ["monitoring", "gpu_1"], "values": [{"value": 78.0, "step": null, "ts": 1622994881.4276931}]}, "version": 61}
{"obj": {"type": "LogFloats", "path": ["monitoring", "gpu_memory_0"], "values": [{"value": 0.00860595703125, "step": null, "ts": 1622994881.4276931}]}, "version": 62}
{"obj": {"type": "LogFloats", "path": ["monitoring", "gpu_memory_1"], "values": [{"value": 21.13543701171875, "step": null, "ts": 1622994881.4276931}]}, "version": 63}
{"obj": {"type": "LogStrings", "path": ["monitoring", "stderr"], "values": [{"value": "\rloss: 1.23051118850708 loss(avg): 1.23051118850708:   0%|                                                                                                                                  | 0/158 [00:27<?, ?it/s]", "step": null, "ts": 1622994887.1918252}]}, "version": 64}
{"obj": {"type": "LogStrings", "path": ["monitoring", "stderr"], "values": [{"value": "\rloss: 1.23051118850708 loss(avg): 1.23051118850708:   1%|\u258a                                                                                                                       | 1/158 [00:27<1:12:19, 27.64s/it]", "step": null, "ts": 1622994887.1932185}]}, "version": 65}
{"obj": {"type": "LogStrings", "path": ["monitoring", "stderr"], "values": [{"value": "\rloss: 1.1131649017333984 loss(avg): 1.1718380451202393:   1%|\u258b                                                                                                                   | 1/158 [00:28<1:12:19, 27.64s/it]", "step": null, "ts": 1622994888.1887527}]}, "version": 66}
{"obj": {"type": "LogStrings", "path": ["monitoring", "stderr"], "values": [{"value": "\rloss: 1.1131649017333984 loss(avg): 1.1718380451202393:   1%|\u2588\u258d                                                                                                                    | 2/158 [00:28<51:05, 19.65s/it]", "step": null, "ts": 1622994888.1901562}]}, "version": 67}
{"obj": {"type": "LogStrings", "path": ["monitoring", "stderr"], "values": [{"value": "\rloss: 1.3694870471954346 loss(avg): 1.237721045811971:   1%|\u2588\u258c                                                                                                                     | 2/158 [00:29<51:05, 19.65s/it]", "step": null, "ts": 1622994889.2311954}]}, "version": 68}
{"obj": {"type": "LogStrings", "path": ["monitoring", "stderr"], "values": [{"value": "\rloss: 1.3694870471954346 loss(avg): 1.237721045811971:   2%|\u2588\u2588\u258e                                                                                                                    | 3/158 [00:29<36:20, 14.07s/it]", "step": null, "ts": 1622994889.2317593}]}, "version": 69}
{"obj": {"type": "LogStrings", "path": ["monitoring", "stderr"], "values": [{"value": "\rloss: 1.0959943532943726 loss(avg): 1.2022893726825714:   2%|\u2588\u2588\u258f                                                                                                                   | 3/158 [00:30<36:20, 14.07s/it]", "step": null, "ts": 1622994890.00819}]}, "version": 70}
{"obj": {"type": "LogStrings", "path": ["monitoring", "stderr"], "values": [{"value": "\rloss: 1.0959943532943726 loss(avg): 1.2022893726825714:   3%|\u2588\u2588\u2589                                                                                                                   | 4/158 [00:30<25:52, 10.08s/it]", "step": null, "ts": 1622994890.008774}]}, "version": 71}
{"obj": {"type": "LogStrings", "path": ["monitoring", "stderr"], "values": [{"value": "\rloss: 1.1227091550827026 loss(avg): 1.1863733291625977:   3%|\u2588\u2588\u2589                                                                                                                   | 4/158 [00:31<25:52, 10.08s/it]", "step": null, "ts": 1622994890.7015176}]}, "version": 72}
{"obj": {"type": "LogStrings", "path": ["monitoring", "stderr"], "values": [{"value": "\rloss: 1.1227091550827026 loss(avg): 1.1863733291625977:   3%|\u2588\u2588\u2588\u258b                                                                                                                  | 5/158 [00:31<18:31,  7.26s/it]", "step": null, "ts": 1622994890.7021396}]}, "version": 73}
{"obj": {"type": "LogStrings", "path": ["monitoring", "stderr"], "values": [{"value": "\rloss: 0.974177360534668 loss(avg): 1.1510073343912761:   3%|\u2588\u2588\u2588\u258a                                                                                                                   | 5/158 [00:31<18:31,  7.26s/it]", "step": null, "ts": 1622994891.3595622}]}, "version": 74}
{"obj": {"type": "LogStrings", "path": ["monitoring", "stderr"], "values": [{"value": "\rloss: 0.974177360534668 loss(avg): 1.1510073343912761:   4%|\u2588\u2588\u2588\u2588\u258c                                                                                                                  | 6/158 [00:31<13:22,  5.28s/it]", "step": null, "ts": 1622994891.3601336}]}, "version": 75}
{"obj": {"type": "LogFloats", "path": ["monitoring", "cpu"], "values": [{"value": 40.972248345206154, "step": null, "ts": 1622994891.432797}]}, "version": 76}
{"obj": {"type": "LogFloats", "path": ["monitoring", "memory"], "values": [{"value": 35.71979522705078, "step": null, "ts": 1622994891.432797}]}, "version": 77}
{"obj": {"type": "LogFloats", "path": ["monitoring", "gpu_1"], "values": [{"value": 99.0, "step": null, "ts": 1622994891.432797}]}, "version": 78}
{"obj": {"type": "LogFloats", "path": ["monitoring", "gpu_memory_0"], "values": [{"value": 0.00860595703125, "step": null, "ts": 1622994891.432797}]}, "version": 79}
{"obj": {"type": "LogFloats", "path": ["monitoring", "gpu_memory_1"], "values": [{"value": 23.22064208984375, "step": null, "ts": 1622994891.432797}]}, "version": 80}
{"obj": {"type": "LogStrings", "path": ["monitoring", "stderr"], "values": [{"value": "\rloss: 0.6761105060577393 loss(avg): 1.083164930343628:   4%|\u2588\u2588\u2588\u2588\u258c                                                                                                                  | 6/158 [00:32<13:22,  5.28s/it]", "step": null, "ts": 1622994892.0321822}]}, "version": 81}
{"obj": {"type": "LogStrings", "path": ["monitoring", "stderr"], "values": [{"value": "\rloss: 0.6761105060577393 loss(avg): 1.083164930343628:   4%|\u2588\u2588\u2588\u2588\u2588\u258e                                                                                                                 | 7/158 [00:32<09:48,  3.90s/it]", "step": null, "ts": 1622994892.032757}]}, "version": 82}
{"obj": {"type": "LogStrings", "path": ["monitoring", "stderr"], "values": [{"value": "\rloss: 0.7994284629821777 loss(avg): 1.0476978719234467:   4%|\u2588\u2588\u2588\u2588\u2588\u258f                                                                                                                | 7/158 [00:33<09:48,  3.90s/it]", "step": null, "ts": 1622994892.7144136}]}, "version": 83}
{"obj": {"type": "LogStrings", "path": ["monitoring", "stderr"], "values": [{"value": "\rloss: 0.7994284629821777 loss(avg): 1.0476978719234467:   5%|\u2588\u2588\u2588\u2588\u2588\u2589                                                                                                                | 8/158 [00:33<07:20,  2.93s/it]", "step": null, "ts": 1622994892.7149975}]}, "version": 84}
{"obj": {"type": "LogStrings", "path": ["monitoring", "stderr"], "values": [{"value": "\rloss: 0.7983128428459167 loss(avg): 1.0199884242481656:   5%|\u2588\u2588\u2588\u2588\u2588\u2589                                                                                                                | 8/158 [00:33<07:20,  2.93s/it]", "step": null, "ts": 1622994893.3725038}]}, "version": 85}
{"obj": {"type": "LogStrings", "path": ["monitoring", "stderr"], "values": [{"value": "\rloss: 0.7983128428459167 loss(avg): 1.0199884242481656:   6%|\u2588\u2588\u2588\u2588\u2588\u2588\u258b                                                                                                               | 9/158 [00:33<05:35,  2.25s/it]", "step": null, "ts": 1622994893.3731024}]}, "version": 86}
{"obj": {"type": "LogStrings", "path": ["monitoring", "stderr"], "values": [{"value": "\rloss: 0.7337801456451416 loss(avg): 0.9913675963878632:   6%|\u2588\u2588\u2588\u2588\u2588\u2588\u258b                                                                                                               | 9/158 [00:34<05:35,  2.25s/it]", "step": null, "ts": 1622994894.0690818}]}, "version": 87}
{"obj": {"type": "LogStrings", "path": ["monitoring", "stderr"], "values": [{"value": "\rloss: 0.7337801456451416 loss(avg): 0.9913675963878632:   6%|\u2588\u2588\u2588\u2588\u2588\u2588\u2588\u258d                                                                                                             | 10/158 [00:34<04:24,  1.78s/it]", "step": null, "ts": 1622994894.0697432}]}, "version": 88}
{"obj": {"type": "LogStrings", "path": ["monitoring", "stderr"], "values": [{"value": "\rloss: 0.7212116718292236 loss(avg): 0.9668079668825323:   6%|\u2588\u2588\u2588\u2588\u2588\u2588\u2588\u258d                                                                                                             | 10/158 [00:35<04:24,  1.78s/it]", "step": null, "ts": 1622994894.7428653}]}, "version": 89}
{"obj": {"type": "LogStrings", "path": ["monitoring", "stderr"], "values": [{"value": "\rloss: 0.7212116718292236 loss(avg): 0.9668079668825323:   7%|\u2588\u2588\u2588\u2588\u2588\u2588\u2588\u2588\u258f                                                                                                            | 11/158 [00:35<03:33,  1.45s/it]", "step": null, "ts": 1622994894.7434356}]}, "version": 90}
{"obj": {"type": "LogStrings", "path": ["monitoring", "stderr"], "values": [{"value": "\rloss: 0.7140463590621948 loss(avg): 0.9457444995641708:   7%|\u2588\u2588\u2588\u2588\u2588\u2588\u2588\u2588\u258f                                                                                                            | 11/158 [00:35<03:33,  1.45s/it]", "step": null, "ts": 1622994895.3755395}]}, "version": 91}
{"obj": {"type": "LogStrings", "path": ["monitoring", "stderr"], "values": [{"value": "\rloss: 0.7140463590621948 loss(avg): 0.9457444995641708:   8%|\u2588\u2588\u2588\u2588\u2588\u2588\u2588\u2588\u2589                                                                                                            | 12/158 [00:35<02:56,  1.21s/it]", "step": null, "ts": 1622994895.3760774}]}, "version": 92}
{"obj": {"type": "LogStrings", "path": ["monitoring", "stderr"], "values": [{"value": "\rloss: 0.7751027941703796 loss(avg): 0.9326182145338792:   8%|\u2588\u2588\u2588\u2588\u2588\u2588\u2588\u2588\u2589                                                                                                            | 12/158 [00:36<02:56,  1.21s/it]", "step": null, "ts": 1622994896.0217147}]}, "version": 93}
{"obj": {"type": "LogStrings", "path": ["monitoring", "stderr"], "values": [{"value": "\rloss: 0.7751027941703796 loss(avg): 0.9326182145338792:   8%|\u2588\u2588\u2588\u2588\u2588\u2588\u2588\u2588\u2588\u258b                                                                                                           | 13/158 [00:36<02:30,  1.04s/it]", "step": null, "ts": 1622994896.0222151}]}, "version": 94}
{"obj": {"type": "LogStrings", "path": ["monitoring", "stderr"], "values": [{"value": "\rloss: 0.726102888584137 loss(avg): 0.9178671198231833:   8%|\u2588\u2588\u2588\u2588\u2588\u2588\u2588\u2588\u2588\u258b                                                                                                            | 13/158 [00:40<02:30,  1.04s/it]", "step": null, "ts": 1622994900.012277}]}, "version": 95}
{"obj": {"type": "LogStrings", "path": ["monitoring", "stderr"], "values": [{"value": "\rloss: 0.726102888584137 loss(avg): 0.9178671198231833:   9%|\u2588\u2588\u2588\u2588\u2588\u2588\u2588\u2588\u2588\u2588\u258d                                                                                                           | 14/158 [00:40<04:37,  1.92s/it]", "step": null, "ts": 1622994900.0128694}]}, "version": 96}
{"obj": {"type": "LogFloats", "path": ["monitoring", "cpu"], "values": [{"value": 42.05771302735455, "step": null, "ts": 1622994901.4382885}]}, "version": 97}
{"obj": {"type": "LogFloats", "path": ["monitoring", "memory"], "values": [{"value": 37.19190979003906, "step": null, "ts": 1622994901.4382885}]}, "version": 98}
{"obj": {"type": "LogFloats", "path": ["monitoring", "gpu_memory_0"], "values": [{"value": 0.00860595703125, "step": null, "ts": 1622994901.4382885}]}, "version": 99}
{"obj": {"type": "LogFloats", "path": ["monitoring", "gpu_memory_1"], "values": [{"value": 23.22552490234375, "step": null, "ts": 1622994901.4382885}]}, "version": 100}
{"obj": {"type": "LogStrings", "path": ["monitoring", "stderr"], "values": [{"value": "\rloss: 0.6834253072738647 loss(avg): 0.9022376656532287:   9%|\u2588\u2588\u2588\u2588\u2588\u2588\u2588\u2588\u2588\u2588\u258e                                                                                                          | 14/158 [00:45<04:37,  1.92s/it]", "step": null, "ts": 1622994904.8073199}]}, "version": 101}
{"obj": {"type": "LogStrings", "path": ["monitoring", "stderr"], "values": [{"value": "\rloss: 0.6834253072738647 loss(avg): 0.9022376656532287:   9%|\u2588\u2588\u2588\u2588\u2588\u2588\u2588\u2588\u2588\u2588\u2588                                                                                                          | 15/158 [00:45<06:38,  2.79s/it]", "step": null, "ts": 1622994904.8079703}]}, "version": 102}
{"obj": {"type": "LogStrings", "path": ["monitoring", "stderr"], "values": [{"value": "\rloss: 0.7594771385192871 loss(avg): 0.8933151327073574:   9%|\u2588\u2588\u2588\u2588\u2588\u2588\u2588\u2588\u2588\u2588\u2588                                                                                                          | 15/158 [00:45<06:38,  2.79s/it]", "step": null, "ts": 1622994905.4968247}]}, "version": 103}
{"obj": {"type": "LogStrings", "path": ["monitoring", "stderr"], "values": [{"value": "\rloss: 0.7594771385192871 loss(avg): 0.8933151327073574:  10%|\u2588\u2588\u2588\u2588\u2588\u2588\u2588\u2588\u2588\u2588\u2588\u258a                                                                                                         | 16/158 [00:45<05:06,  2.16s/it]", "step": null, "ts": 1622994905.4974031}]}, "version": 104}
{"obj": {"type": "LogStrings", "path": ["monitoring", "stderr"], "values": [{"value": "\rloss: 0.776198148727417 loss(avg): 0.8864258983555962:  10%|\u2588\u2588\u2588\u2588\u2588\u2588\u2588\u2588\u2588\u2588\u2588\u2589                                                                                                          | 16/158 [00:46<05:06,  2.16s/it]", "step": null, "ts": 1622994906.1966596}]}, "version": 105}
{"obj": {"type": "LogStrings", "path": ["monitoring", "stderr"], "values": [{"value": "\rloss: 0.776198148727417 loss(avg): 0.8864258983555962:  11%|\u2588\u2588\u2588\u2588\u2588\u2588\u2588\u2588\u2588\u2588\u2588\u2588\u258b                                                                                                         | 17/158 [00:46<04:02,  1.72s/it]", "step": null, "ts": 1622994906.1972482}]}, "version": 106}
{"obj": {"type": "LogStrings", "path": ["monitoring", "stderr"], "values": [{"value": "\rloss: 0.9111835360527039 loss(avg): 0.8878013226721021:  11%|\u2588\u2588\u2588\u2588\u2588\u2588\u2588\u2588\u2588\u2588\u2588\u2588\u258c                                                                                                        | 17/158 [00:47<04:02,  1.72s/it]", "step": null, "ts": 1622994906.8344097}]}, "version": 107}
{"obj": {"type": "LogStrings", "path": ["monitoring", "stderr"], "values": [{"value": "\rloss: 0.9111835360527039 loss(avg): 0.8878013226721021:  11%|\u2588\u2588\u2588\u2588\u2588\u2588\u2588\u2588\u2588\u2588\u2588\u2588\u2588\u258e                                                                                                       | 18/158 [00:47<03:15,  1.39s/it]", "step": null, "ts": 1622994906.8350356}]}, "version": 108}
{"obj": {"type": "LogStrings", "path": ["monitoring", "stderr"], "values": [{"value": "\rloss: 0.7335829734802246 loss(avg): 0.8796845674514769:  11%|\u2588\u2588\u2588\u2588\u2588\u2588\u2588\u2588\u2588\u2588\u2588\u2588\u2588\u258e                                                                                                       | 18/158 [00:47<03:15,  1.39s/it]", "step": null, "ts": 1622994907.50401}]}, "version": 109}
{"obj": {"type": "LogStrings", "path": ["monitoring", "stderr"], "values": [{"value": "\rloss: 0.7335829734802246 loss(avg): 0.8796845674514769:  12%|\u2588\u2588\u2588\u2588\u2588\u2588\u2588\u2588\u2588\u2588\u2588\u2588\u2588\u2588                                                                                                       | 19/158 [00:47<02:43,  1.18s/it]", "step": null, "ts": 1622994907.5046747}]}, "version": 110}
{"obj": {"type": "LogStrings", "path": ["monitoring", "stderr"], "values": [{"value": "\rloss: 0.8707035779953003 loss(avg): 0.8792355179786681:  12%|\u2588\u2588\u2588\u2588\u2588\u2588\u2588\u2588\u2588\u2588\u2588\u2588\u2588\u2588                                                                                                       | 19/158 [00:48<02:43,  1.18s/it]", "step": null, "ts": 1622994908.1694663}]}, "version": 111}
{"obj": {"type": "LogStrings", "path": ["monitoring", "stderr"], "values": [{"value": "\rloss: 0.8707035779953003 loss(avg): 0.8792355179786681:  13%|\u2588\u2588\u2588\u2588\u2588\u2588\u2588\u2588\u2588\u2588\u2588\u2588\u2588\u2588\u258a                                                                                                      | 20/158 [00:48<02:21,  1.02s/it]", "step": null, "ts": 1622994908.1701474}]}, "version": 112}
{"obj": {"type": "LogStrings", "path": ["monitoring", "stderr"], "values": [{"value": "\rloss: 0.7379969358444214 loss(avg): 0.8725098712103706:  13%|\u2588\u2588\u2588\u2588\u2588\u2588\u2588\u2588\u2588\u2588\u2588\u2588\u2588\u2588\u258a                                                                                                      | 20/158 [00:49<02:21,  1.02s/it]", "step": null, "ts": 1622994908.8306136}]}, "version": 113}
{"obj": {"type": "LogStrings", "path": ["monitoring", "stderr"], "values": [{"value": "\rloss: 0.7379969358444214 loss(avg): 0.8725098712103706:  13%|\u2588\u2588\u2588\u2588\u2588\u2588\u2588\u2588\u2588\u2588\u2588\u2588\u2588\u2588\u2588\u258c                                                                                                     | 21/158 [00:49<02:05,  1.09it/s]", "step": null, "ts": 1622994908.8311555}]}, "version": 114}
{"obj": {"type": "LogStrings", "path": ["monitoring", "stderr"], "values": [{"value": "\rloss: 0.5170630216598511 loss(avg): 0.8563531962308015:  13%|\u2588\u2588\u2588\u2588\u2588\u2588\u2588\u2588\u2588\u2588\u2588\u2588\u2588\u2588\u2588\u258c                                                                                                     | 21/158 [00:49<02:05,  1.09it/s]", "step": null, "ts": 1622994909.4906533}]}, "version": 115}
{"obj": {"type": "LogStrings", "path": ["monitoring", "stderr"], "values": [{"value": "\rloss: 0.5170630216598511 loss(avg): 0.8563531962308015:  14%|\u2588\u2588\u2588\u2588\u2588\u2588\u2588\u2588\u2588\u2588\u2588\u2588\u2588\u2588\u2588\u2588\u258e                                                                                                    | 22/158 [00:49<01:54,  1.19it/s]", "step": null, "ts": 1622994909.4915273}]}, "version": 116}
{"obj": {"type": "LogStrings", "path": ["monitoring", "stderr"], "values": [{"value": "\rloss: 0.5972593426704407 loss(avg): 0.8450882460760032:  14%|\u2588\u2588\u2588\u2588\u2588\u2588\u2588\u2588\u2588\u2588\u2588\u2588\u2588\u2588\u2588\u2588\u258e                                                                                                    | 22/158 [00:50<01:54,  1.19it/s]", "step": null, "ts": 1622994910.1684103}]}, "version": 117}
{"obj": {"type": "LogStrings", "path": ["monitoring", "stderr"], "values": [{"value": "\rloss: 0.5972593426704407 loss(avg): 0.8450882460760032:  15%|\u2588\u2588\u2588\u2588\u2588\u2588\u2588\u2588\u2588\u2588\u2588\u2588\u2588\u2588\u2588\u2588\u2588                                                                                                    | 23/158 [00:50<01:46,  1.27it/s]", "step": null, "ts": 1622994910.1690166}]}, "version": 118}
{"obj": {"type": "LogStrings", "path": ["monitoring", "stderr"], "values": [{"value": "\rloss: 0.7450385689735413 loss(avg): 0.8409195095300672:  15%|\u2588\u2588\u2588\u2588\u2588\u2588\u2588\u2588\u2588\u2588\u2588\u2588\u2588\u2588\u2588\u2588\u2588                                                                                                    | 23/158 [00:51<01:46,  1.27it/s]", "step": null, "ts": 1622994910.8689804}]}, "version": 119}
{"obj": {"type": "LogStrings", "path": ["monitoring", "stderr"], "values": [{"value": "\rloss: 0.7450385689735413 loss(avg): 0.8409195095300672:  15%|\u2588\u2588\u2588\u2588\u2588\u2588\u2588\u2588\u2588\u2588\u2588\u2588\u2588\u2588\u2588\u2588\u2588\u258a                                                                                                   | 24/158 [00:51<01:42,  1.31it/s]", "step": null, "ts": 1622994910.8704646}]}, "version": 120}
{"obj": {"type": "LogFloats", "path": ["monitoring", "cpu"], "values": [{"value": 41.43513991951087, "step": null, "ts": 1622994911.4422028}]}, "version": 121}
{"obj": {"type": "LogFloats", "path": ["monitoring", "memory"], "values": [{"value": 37.93318557739258, "step": null, "ts": 1622994911.4422028}]}, "version": 122}
{"obj": {"type": "LogFloats", "path": ["monitoring", "gpu_memory_0"], "values": [{"value": 0.00860595703125, "step": null, "ts": 1622994911.4422028}]}, "version": 123}
{"obj": {"type": "LogFloats", "path": ["monitoring", "gpu_memory_1"], "values": [{"value": 23.21612548828125, "step": null, "ts": 1622994911.4422028}]}, "version": 124}
{"obj": {"type": "LogStrings", "path": ["monitoring", "stderr"], "values": [{"value": "", "step": null, "ts": 1622994912.8809767}]}, "version": 125}
{"obj": {"type": "LogStrings", "path": ["monitoring", "stderr"], "values": [{"value": "\rloss: 0.7450385689735413 loss(avg): 0.8409195095300672:  15%|\u2588\u2588\u2588\u2588\u2588\u2588\u2588\u2588\u2588\u2588\u2588\u2588\u2588\u2588\u2588\u2588\u2588\u258a                                                                                                   | 24/158 [00:53<04:57,  2.22s/it]", "step": null, "ts": 1622994912.8830283}]}, "version": 126}
{"obj": {"type": "LogStrings", "path": ["monitoring", "stderr"], "values": [{"value": "\n", "step": null, "ts": 1622994912.8857229}]}, "version": 127}
{"obj": {"type": "LogStrings", "path": ["monitoring", "traceback"], "values": [{"value": "An uncaught exception occurred while run was active on worker eea1fa52accd.", "step": null, "ts": 1622994912.8950815}, {"value": "Marking run as failed", "step": null, "ts": 1622994912.8950815}, {"value": "Traceback:", "step": null, "ts": 1622994912.8950815}, {"value": "  File \"siim-rsna-2021/exp/exp001/train.py\", line 512, in <module>\n    train_one_epoch(train_dataloader, model, device, criterion, use_amp, run, meters_dict)\n", "step": null, "ts": 1622994912.8950815}, {"value": "  File \"siim-rsna-2021/exp/exp001/train.py\", line 189, in train_one_epoch\n    for step_train, data in enumerate(progress_bar):\n", "step": null, "ts": 1622994912.8950815}, {"value": "  File \"/opt/conda/lib/python3.8/site-packages/tqdm/std.py\", line 1129, in __iter__\n    for obj in iterable:\n", "step": null, "ts": 1622994912.8950815}, {"value": "  File \"/opt/conda/lib/python3.8/site-packages/torch/utils/data/dataloader.py\", line 435, in __next__\n    data = self._next_data()\n", "step": null, "ts": 1622994912.8950815}, {"value": "  File \"/opt/conda/lib/python3.8/site-packages/torch/utils/data/dataloader.py\", line 1068, in _next_data\n    idx, data = self._get_data()\n", "step": null, "ts": 1622994912.8950815}, {"value": "  File \"/opt/conda/lib/python3.8/site-packages/torch/utils/data/dataloader.py\", line 1034, in _get_data\n    success, data = self._try_get_data()\n", "step": null, "ts": 1622994912.8950815}, {"value": "  File \"/opt/conda/lib/python3.8/site-packages/torch/utils/data/dataloader.py\", line 872, in _try_get_data\n    data = self._data_queue.get(timeout=timeout)\n", "step": null, "ts": 1622994912.8950815}, {"value": "  File \"/opt/conda/lib/python3.8/multiprocessing/queues.py\", line 107, in get\n    if not self._poll(timeout):\n", "step": null, "ts": 1622994912.8950815}, {"value": "  File \"/opt/conda/lib/python3.8/multiprocessing/connection.py\", line 257, in poll\n    return self._poll(timeout)\n", "step": null, "ts": 1622994912.8950815}, {"value": "  File \"/opt/conda/lib/python3.8/multiprocessing/connection.py\", line 424, in _poll\n    r = wait([self], timeout)\n", "step": null, "ts": 1622994912.8950815}, {"value": "  File \"/opt/conda/lib/python3.8/multiprocessing/connection.py\", line 931, in wait\n    ready = selector.select(timeout)\n", "step": null, "ts": 1622994912.8950815}, {"value": "  File \"/opt/conda/lib/python3.8/selectors.py\", line 415, in select\n    fd_event_list = self._selector.poll(timeout)\n", "step": null, "ts": 1622994912.8950815}, {"value": "", "step": null, "ts": 1622994912.8950815}]}, "version": 128}
{"obj": {"type": "AssignBool", "path": ["sys", "failed"], "value": true}, "version": 129}
{"obj": {"type": "LogStrings", "path": ["monitoring", "stderr"], "values": [{"value": "Traceback (most recent call last):\n", "step": null, "ts": 1622994912.8956628}]}, "version": 130}
{"obj": {"type": "LogStrings", "path": ["monitoring", "stderr"], "values": [{"value": "  File \"siim-rsna-2021/exp/exp001/train.py\", line 512, in <module>\n", "step": null, "ts": 1622994912.8957434}]}, "version": 131}
{"obj": {"type": "LogStrings", "path": ["monitoring", "stderr"], "values": [{"value": "    ", "step": null, "ts": 1622994912.8960028}]}, "version": 132}
{"obj": {"type": "LogStrings", "path": ["monitoring", "stderr"], "values": [{"value": "train_one_epoch(train_dataloader, model, device, criterion, use_amp, run, meters_dict)", "step": null, "ts": 1622994912.896091}]}, "version": 133}
{"obj": {"type": "LogStrings", "path": ["monitoring", "stderr"], "values": [{"value": "\n", "step": null, "ts": 1622994912.8961794}]}, "version": 134}
{"obj": {"type": "LogStrings", "path": ["monitoring", "stderr"], "values": [{"value": "  File \"siim-rsna-2021/exp/exp001/train.py\", line 189, in train_one_epoch\n", "step": null, "ts": 1622994912.8962448}]}, "version": 135}
{"obj": {"type": "LogStrings", "path": ["monitoring", "stderr"], "values": [{"value": "    ", "step": null, "ts": 1622994912.8963482}]}, "version": 136}
{"obj": {"type": "LogStrings", "path": ["monitoring", "stderr"], "values": [{"value": "for step_train, data in enumerate(progress_bar):", "step": null, "ts": 1622994912.8964145}]}, "version": 137}
{"obj": {"type": "LogStrings", "path": ["monitoring", "stderr"], "values": [{"value": "\n", "step": null, "ts": 1622994912.8964882}]}, "version": 138}
{"obj": {"type": "LogStrings", "path": ["monitoring", "stderr"], "values": [{"value": "  File \"/opt/conda/lib/python3.8/site-packages/tqdm/std.py\", line 1129, in __iter__\n", "step": null, "ts": 1622994912.896551}]}, "version": 139}
{"obj": {"type": "LogStrings", "path": ["monitoring", "stderr"], "values": [{"value": "    ", "step": null, "ts": 1622994912.8967843}]}, "version": 140}
{"obj": {"type": "LogStrings", "path": ["monitoring", "stderr"], "values": [{"value": "for obj in iterable:", "step": null, "ts": 1622994912.8968403}]}, "version": 141}
{"obj": {"type": "LogStrings", "path": ["monitoring", "stderr"], "values": [{"value": "\n", "step": null, "ts": 1622994912.897301}]}, "version": 142}
{"obj": {"type": "LogStrings", "path": ["monitoring", "stderr"], "values": [{"value": "  File \"/opt/conda/lib/python3.8/site-packages/torch/utils/data/dataloader.py\", line 435, in __next__\n", "step": null, "ts": 1622994912.8973947}]}, "version": 143}
{"obj": {"type": "LogStrings", "path": ["monitoring", "stderr"], "values": [{"value": "    ", "step": null, "ts": 1622994912.8975823}]}, "version": 144}
{"obj": {"type": "LogStrings", "path": ["monitoring", "stderr"], "values": [{"value": "data = self._next_data()", "step": null, "ts": 1622994912.8976521}]}, "version": 145}
{"obj": {"type": "LogStrings", "path": ["monitoring", "stderr"], "values": [{"value": "\n", "step": null, "ts": 1622994912.8977206}]}, "version": 146}
{"obj": {"type": "LogStrings", "path": ["monitoring", "stderr"], "values": [{"value": "  File \"/opt/conda/lib/python3.8/site-packages/torch/utils/data/dataloader.py\", line 1068, in _next_data\n", "step": null, "ts": 1622994912.8977885}]}, "version": 147}
{"obj": {"type": "LogStrings", "path": ["monitoring", "stderr"], "values": [{"value": "    ", "step": null, "ts": 1622994912.898107}]}, "version": 148}
{"obj": {"type": "LogStrings", "path": ["monitoring", "stderr"], "values": [{"value": "idx, data = self._get_data()", "step": null, "ts": 1622994912.8981774}]}, "version": 149}
{"obj": {"type": "LogStrings", "path": ["monitoring", "stderr"], "values": [{"value": "\n", "step": null, "ts": 1622994912.898244}]}, "version": 150}
{"obj": {"type": "LogStrings", "path": ["monitoring", "stderr"], "values": [{"value": "  File \"/opt/conda/lib/python3.8/site-packages/torch/utils/data/dataloader.py\", line 1034, in _get_data\n", "step": null, "ts": 1622994912.8983133}]}, "version": 151}
{"obj": {"type": "LogStrings", "path": ["monitoring", "stderr"], "values": [{"value": "    ", "step": null, "ts": 1622994912.8985925}]}, "version": 152}
{"obj": {"type": "LogStrings", "path": ["monitoring", "stderr"], "values": [{"value": "success, data = self._try_get_data()", "step": null, "ts": 1622994912.8986602}]}, "version": 153}
{"obj": {"type": "LogStrings", "path": ["monitoring", "stderr"], "values": [{"value": "\n", "step": null, "ts": 1622994912.8987274}]}, "version": 154}
{"obj": {"type": "LogStrings", "path": ["monitoring", "stderr"], "values": [{"value": "  File \"/opt/conda/lib/python3.8/site-packages/torch/utils/data/dataloader.py\", line 872, in _try_get_data\n", "step": null, "ts": 1622994912.8987966}]}, "version": 155}
{"obj": {"type": "LogStrings", "path": ["monitoring", "stderr"], "values": [{"value": "    ", "step": null, "ts": 1622994912.899033}]}, "version": 156}
{"obj": {"type": "LogStrings", "path": ["monitoring", "stderr"], "values": [{"value": "data = self._data_queue.get(timeout=timeout)", "step": null, "ts": 1622994912.899102}]}, "version": 157}
{"obj": {"type": "LogStrings", "path": ["monitoring", "stderr"], "values": [{"value": "\n", "step": null, "ts": 1622994912.8991685}]}, "version": 158}
{"obj": {"type": "LogStrings", "path": ["monitoring", "stderr"], "values": [{"value": "  File \"/opt/conda/lib/python3.8/multiprocessing/queues.py\", line 107, in get\n", "step": null, "ts": 1622994912.8992376}]}, "version": 159}
{"obj": {"type": "LogStrings", "path": ["monitoring", "stderr"], "values": [{"value": "    ", "step": null, "ts": 1622994912.8993685}]}, "version": 160}
{"obj": {"type": "LogStrings", "path": ["monitoring", "stderr"], "values": [{"value": "if not self._poll(timeout):", "step": null, "ts": 1622994912.899434}]}, "version": 161}
{"obj": {"type": "LogStrings", "path": ["monitoring", "stderr"], "values": [{"value": "\n", "step": null, "ts": 1622994912.8995006}]}, "version": 162}
{"obj": {"type": "LogStrings", "path": ["monitoring", "stderr"], "values": [{"value": "  File \"/opt/conda/lib/python3.8/multiprocessing/connection.py\", line 257, in poll\n", "step": null, "ts": 1622994912.8995752}]}, "version": 163}
{"obj": {"type": "LogStrings", "path": ["monitoring", "stderr"], "values": [{"value": "    ", "step": null, "ts": 1622994912.8997138}]}, "version": 164}
{"obj": {"type": "LogStrings", "path": ["monitoring", "stderr"], "values": [{"value": "return self._poll(timeout)", "step": null, "ts": 1622994912.89978}]}, "version": 165}
{"obj": {"type": "LogStrings", "path": ["monitoring", "stderr"], "values": [{"value": "\n", "step": null, "ts": 1622994912.8998454}]}, "version": 166}
{"obj": {"type": "LogStrings", "path": ["monitoring", "stderr"], "values": [{"value": "  File \"/opt/conda/lib/python3.8/multiprocessing/connection.py\", line 424, in _poll\n", "step": null, "ts": 1622994912.899913}]}, "version": 167}
{"obj": {"type": "LogStrings", "path": ["monitoring", "stderr"], "values": [{"value": "    ", "step": null, "ts": 1622994912.900071}]}, "version": 168}
{"obj": {"type": "LogStrings", "path": ["monitoring", "stderr"], "values": [{"value": "r = wait([self], timeout)", "step": null, "ts": 1622994912.9001372}]}, "version": 169}
{"obj": {"type": "LogStrings", "path": ["monitoring", "stderr"], "values": [{"value": "\n", "step": null, "ts": 1622994912.9002035}]}, "version": 170}
{"obj": {"type": "LogStrings", "path": ["monitoring", "stderr"], "values": [{"value": "  File \"/opt/conda/lib/python3.8/multiprocessing/connection.py\", line 931, in wait\n", "step": null, "ts": 1622994912.900271}]}, "version": 171}
{"obj": {"type": "LogStrings", "path": ["monitoring", "stderr"], "values": [{"value": "    ", "step": null, "ts": 1622994912.9004924}]}, "version": 172}
{"obj": {"type": "LogStrings", "path": ["monitoring", "stderr"], "values": [{"value": "ready = selector.select(timeout)", "step": null, "ts": 1622994912.900558}]}, "version": 173}
{"obj": {"type": "LogStrings", "path": ["monitoring", "stderr"], "values": [{"value": "\n", "step": null, "ts": 1622994912.9006233}]}, "version": 174}
{"obj": {"type": "LogStrings", "path": ["monitoring", "stderr"], "values": [{"value": "  File \"/opt/conda/lib/python3.8/selectors.py\", line 415, in select\n", "step": null, "ts": 1622994912.900692}]}, "version": 175}
{"obj": {"type": "LogStrings", "path": ["monitoring", "stderr"], "values": [{"value": "    ", "step": null, "ts": 1622994912.9008555}]}, "version": 176}
{"obj": {"type": "LogStrings", "path": ["monitoring", "stderr"], "values": [{"value": "fd_event_list = self._selector.poll(timeout)", "step": null, "ts": 1622994912.9009206}]}, "version": 177}
{"obj": {"type": "LogStrings", "path": ["monitoring", "stderr"], "values": [{"value": "\n", "step": null, "ts": 1622994912.900985}]}, "version": 178}
{"obj": {"type": "LogStrings", "path": ["monitoring", "stderr"], "values": [{"value": "KeyboardInterrupt", "step": null, "ts": 1622994912.9010587}]}, "version": 179}
{"obj": {"type": "LogStrings", "path": ["monitoring", "stderr"], "values": [{"value": "", "step": null, "ts": 1622994912.9011188}]}, "version": 180}
{"obj": {"type": "LogStrings", "path": ["monitoring", "stderr"], "values": [{"value": "\n", "step": null, "ts": 1622994912.9011805}]}, "version": 181}
{"obj": {"type": "LogStrings", "path": ["monitoring", "stdout"], "values": [{"value": "Shutting down background jobs, please wait a moment...\n", "step": null, "ts": 1622994912.901476}]}, "version": 182}
