{"obj": {"type": "AssignString", "path": ["sys", "name"], "value": "Untitled"}, "version": 1}
{"obj": {"type": "AssignString", "path": ["sys", "description"], "value": ""}, "version": 2}
{"obj": {"type": "AssignString", "path": ["sys", "hostname"], "value": "eea1fa52accd"}, "version": 3}
{"obj": {"type": "AddStrings", "path": ["sys", "tags"], "values": ["cv0"]}, "version": 4}
{"obj": {"type": "AssignBool", "path": ["sys", "failed"], "value": false}, "version": 5}
{"obj": {"type": "AssignString", "path": ["source_code", "entrypoint"], "value": "train.py"}, "version": 6}
{"obj": {"type": "UploadFileSet", "path": ["source_code", "files"], "file_globs": ["/workspace/siim-rsna-2021/exp/exp001/train.py"], "reset": "False"}, "version": 7}
{"obj": {"type": "LogStrings", "path": ["monitoring", "stdout"], "values": [{"value": "", "step": null, "ts": 1622994032.9591787}]}, "version": 8}
{"obj": {"type": "LogStrings", "path": ["monitoring", "stdout"], "values": [{"value": "https://app.neptune.ai/inoichan/siim-rsna-covid19-2021/e/SIIM-2\n", "step": null, "ts": 1622994032.9608674}]}, "version": 9}
{"obj": {"type": "AssignBool", "path": ["parameters", "debug"], "value": false}, "version": 10}
{"obj": {"type": "AssignString", "path": ["parameters", "exp_name"], "value": "exp001"}, "version": 11}
{"obj": {"type": "AssignString", "path": ["parameters", "model_name"], "value": "tf_efficientnet_b3_ns"}, "version": 12}
{"obj": {"type": "AssignInt", "path": ["parameters", "device_id"], "value": 0}, "version": 13}
{"obj": {"type": "AssignInt", "path": ["parameters", "batch_size"], "value": 32}, "version": 14}
{"obj": {"type": "AssignInt", "path": ["parameters", "img_size"], "value": 512}, "version": 15}
{"obj": {"type": "AssignInt", "path": ["parameters", "n_workers"], "value": 12}, "version": 16}
{"obj": {"type": "AssignInt", "path": ["parameters", "n_epochs"], "value": 40}, "version": 17}
{"obj": {"type": "AssignInt", "path": ["parameters", "start_epoch"], "value": 1}, "version": 18}
{"obj": {"type": "AssignBool", "path": ["parameters", "transform"], "value": true}, "version": 19}
{"obj": {"type": "AssignString", "path": ["parameters", "load_checkpoint"], "value": "['', '', '', '', '']"}, "version": 20}
{"obj": {"type": "AssignString", "path": ["parameters", "hold_out"], "value": "[0, 1, 2, 3, 4]"}, "version": 21}
{"obj": {"type": "AssignString", "path": ["parameters", "df_train_path"], "value": "/workspace/data/df_train_study_level.csv"}, "version": 22}
{"obj": {"type": "AssignInt", "path": ["parameters", "accumulation_steps"], "value": 1}, "version": 23}
{"obj": {"type": "AssignInt", "path": ["parameters", "early_stopping_steps"], "value": 12}, "version": 24}
{"obj": {"type": "AssignBool", "path": ["parameters", "freeze_bn"], "value": false}, "version": 25}
{"obj": {"type": "AssignString", "path": ["parameters", "fold_name"], "value": "cv"}, "version": 26}
{"obj": {"type": "AssignBool", "path": ["parameters", "clahe"], "value": false}, "version": 27}
{"obj": {"type": "AssignBool", "path": ["parameters", "mix"], "value": false}, "version": 28}
{"obj": {"type": "AssignBool", "path": ["parameters", "use_amp"], "value": true}, "version": 29}
{"obj": {"type": "LogFloats", "path": ["monitoring", "memory"], "values": [{"value": 20.525104522705078, "step": null, "ts": 1622994032.9579399}]}, "version": 30}
{"obj": {"type": "LogFloats", "path": ["monitoring", "gpu_1"], "values": [{"value": 38.0, "step": null, "ts": 1622994032.9579399}]}, "version": 31}
{"obj": {"type": "LogFloats", "path": ["monitoring", "gpu_memory_0"], "values": [{"value": 0.00860595703125, "step": null, "ts": 1622994032.9579399}]}, "version": 32}
{"obj": {"type": "LogFloats", "path": ["monitoring", "gpu_memory_1"], "values": [{"value": 4.74420166015625, "step": null, "ts": 1622994032.9579399}]}, "version": 33}
{"obj": {"type": "LogFloats", "path": ["Learning Rate"], "values": [{"value": 0.0001, "step": null, "ts": 1622994040.8567026}]}, "version": 34}
{"obj": {"type": "LogStrings", "path": ["monitoring", "stderr"], "values": [{"value": "\r  0%|                                                                                                                                                                                      | 0/158 [00:00<?, ?it/s]", "step": null, "ts": 1622994040.8577988}]}, "version": 35}
{"obj": {"type": "LogFloats", "path": ["monitoring", "cpu"], "values": [{"value": 22.250639352934385, "step": null, "ts": 1622994042.9683564}]}, "version": 36}
{"obj": {"type": "LogFloats", "path": ["monitoring", "memory"], "values": [{"value": 23.770130157470703, "step": null, "ts": 1622994042.9683564}]}, "version": 37}
{"obj": {"type": "LogFloats", "path": ["monitoring", "gpu_1"], "values": [{"value": 8.0, "step": null, "ts": 1622994042.9683564}]}, "version": 38}
{"obj": {"type": "LogFloats", "path": ["monitoring", "gpu_memory_0"], "values": [{"value": 0.00860595703125, "step": null, "ts": 1622994042.9683564}]}, "version": 39}
{"obj": {"type": "LogFloats", "path": ["monitoring", "gpu_memory_1"], "values": [{"value": 5.7574462890625, "step": null, "ts": 1622994042.9683564}]}, "version": 40}
{"obj": {"type": "LogFloats", "path": ["monitoring", "cpu"], "values": [{"value": 41.785894743089294, "step": null, "ts": 1622994052.980635}]}, "version": 41}
{"obj": {"type": "LogFloats", "path": ["monitoring", "memory"], "values": [{"value": 24.747669219970703, "step": null, "ts": 1622994052.980635}]}, "version": 42}
{"obj": {"type": "LogFloats", "path": ["monitoring", "gpu_1"], "values": [{"value": 19.0, "step": null, "ts": 1622994052.980635}]}, "version": 43}
{"obj": {"type": "LogFloats", "path": ["monitoring", "gpu_memory_0"], "values": [{"value": 0.00860595703125, "step": null, "ts": 1622994052.980635}]}, "version": 44}
{"obj": {"type": "LogFloats", "path": ["monitoring", "gpu_memory_1"], "values": [{"value": 5.746337890625, "step": null, "ts": 1622994052.980635}]}, "version": 45}
{"obj": {"type": "LogFloats", "path": ["monitoring", "cpu"], "values": [{"value": 22.997205272042972, "step": null, "ts": 1622994062.9849527}]}, "version": 46}
{"obj": {"type": "LogFloats", "path": ["monitoring", "memory"], "values": [{"value": 22.514572143554688, "step": null, "ts": 1622994062.9849527}]}, "version": 47}
{"obj": {"type": "LogFloats", "path": ["monitoring", "gpu_1"], "values": [{"value": 5.0, "step": null, "ts": 1622994062.9849527}]}, "version": 48}
{"obj": {"type": "LogFloats", "path": ["monitoring", "gpu_memory_0"], "values": [{"value": 0.00860595703125, "step": null, "ts": 1622994062.9849527}]}, "version": 49}
{"obj": {"type": "LogFloats", "path": ["monitoring", "gpu_memory_1"], "values": [{"value": 5.76861572265625, "step": null, "ts": 1622994062.9849527}]}, "version": 50}
{"obj": {"type": "LogStrings", "path": ["monitoring", "stderr"], "values": [{"value": "", "step": null, "ts": 1622994063.0903769}]}, "version": 51}
{"obj": {"type": "LogStrings", "path": ["monitoring", "stderr"], "values": [{"value": "\r  0%|                                                                                                                                                                                      | 0/158 [00:22<?, ?it/s]", "step": null, "ts": 1622994063.0907052}]}, "version": 52}
{"obj": {"type": "LogStrings", "path": ["monitoring", "stderr"], "values": [{"value": "\n", "step": null, "ts": 1622994063.0907717}]}, "version": 53}
{"obj": {"type": "LogStrings", "path": ["monitoring", "traceback"], "values": [{"value": "An uncaught exception occurred while run was active on worker eea1fa52accd.", "step": null, "ts": 1622994063.0909615}, {"value": "Marking run as failed", "step": null, "ts": 1622994063.0909615}, {"value": "Traceback:", "step": null, "ts": 1622994063.0909615}, {"value": "  File \"siim-rsna-2021/exp/exp001/train.py\", line 511, in <module>\n    train_one_epoch(train_dataloader, model, device, criterion, use_amp, run, meters_dict)\n", "step": null, "ts": 1622994063.0909615}, {"value": "  File \"siim-rsna-2021/exp/exp001/train.py\", line 198, in train_one_epoch\n    with autocast(is_enabled=use_amp):\n", "step": null, "ts": 1622994063.0909615}, {"value": "__init__() got an unexpected keyword argument 'is_enabled'", "step": null, "ts": 1622994063.0909615}]}, "version": 54}
{"obj": {"type": "AssignBool", "path": ["sys", "failed"], "value": true}, "version": 55}
{"obj": {"type": "LogStrings", "path": ["monitoring", "stderr"], "values": [{"value": "Traceback (most recent call last):\n", "step": null, "ts": 1622994063.091102}]}, "version": 56}
{"obj": {"type": "LogStrings", "path": ["monitoring", "stderr"], "values": [{"value": "  File \"siim-rsna-2021/exp/exp001/train.py\", line 511, in <module>\n", "step": null, "ts": 1622994063.091162}]}, "version": 57}
{"obj": {"type": "LogStrings", "path": ["monitoring", "stderr"], "values": [{"value": "    ", "step": null, "ts": 1622994063.0913506}]}, "version": 58}
{"obj": {"type": "LogStrings", "path": ["monitoring", "stderr"], "values": [{"value": "train_one_epoch(train_dataloader, model, device, criterion, use_amp, run, meters_dict)", "step": null, "ts": 1622994063.091406}]}, "version": 59}
{"obj": {"type": "LogStrings", "path": ["monitoring", "stderr"], "values": [{"value": "\n", "step": null, "ts": 1622994063.0914595}]}, "version": 60}
{"obj": {"type": "LogStrings", "path": ["monitoring", "stderr"], "values": [{"value": "  File \"siim-rsna-2021/exp/exp001/train.py\", line 198, in train_one_epoch\n", "step": null, "ts": 1622994063.0915163}]}, "version": 61}
{"obj": {"type": "LogStrings", "path": ["monitoring", "stderr"], "values": [{"value": "    ", "step": null, "ts": 1622994063.0916064}]}, "version": 62}
{"obj": {"type": "LogStrings", "path": ["monitoring", "stderr"], "values": [{"value": "with autocast(is_enabled=use_amp):", "step": null, "ts": 1622994063.0916574}]}, "version": 63}
{"obj": {"type": "LogStrings", "path": ["monitoring", "stderr"], "values": [{"value": "\n", "step": null, "ts": 1622994063.091709}]}, "version": 64}
{"obj": {"type": "LogStrings", "path": ["monitoring", "stderr"], "values": [{"value": "TypeError", "step": null, "ts": 1622994063.0917616}]}, "version": 65}
{"obj": {"type": "LogStrings", "path": ["monitoring", "stderr"], "values": [{"value": ": ", "step": null, "ts": 1622994063.0918093}]}, "version": 66}
{"obj": {"type": "LogStrings", "path": ["monitoring", "stderr"], "values": [{"value": "__init__() got an unexpected keyword argument 'is_enabled'", "step": null, "ts": 1622994063.0918558}]}, "version": 67}
{"obj": {"type": "LogStrings", "path": ["monitoring", "stderr"], "values": [{"value": "\n", "step": null, "ts": 1622994063.0919065}]}, "version": 68}
{"obj": {"type": "LogStrings", "path": ["monitoring", "stdout"], "values": [{"value": "Shutting down background jobs, please wait a moment...\n", "step": null, "ts": 1622994063.092018}]}, "version": 69}
