{"obj": {"type": "AssignString", "path": ["sys", "name"], "value": "exp001"}, "version": 1}
{"obj": {"type": "AssignString", "path": ["sys", "description"], "value": ""}, "version": 2}
{"obj": {"type": "AssignString", "path": ["sys", "hostname"], "value": "eea1fa52accd"}, "version": 3}
{"obj": {"type": "AddStrings", "path": ["sys", "tags"], "values": ["cv0", "exp001"]}, "version": 4}
{"obj": {"type": "AssignBool", "path": ["sys", "failed"], "value": false}, "version": 5}
{"obj": {"type": "ClearStringLog", "path": ["monitoring", "stdout"]}, "version": 6}
{"obj": {"type": "ClearStringLog", "path": ["monitoring", "stderr"]}, "version": 7}
{"obj": {"type": "AssignString", "path": ["source_code", "entrypoint"], "value": "train.py"}, "version": 8}
{"obj": {"type": "UploadFileSet", "path": ["source_code", "files"], "file_globs": ["/workspace/siim-rsna-2021/exp/exp001/train.py"], "reset": "False"}, "version": 9}
{"obj": {"type": "ConfigFloatSeries", "path": ["monitoring", "cpu"], "min": 0.0, "max": 100.0, "unit": "%"}, "version": 10}
{"obj": {"type": "ClearFloatLog", "path": ["monitoring", "cpu"]}, "version": 11}
{"obj": {"type": "ConfigFloatSeries", "path": ["monitoring", "memory"], "min": 0.0, "max": 62.78011703491211, "unit": "GB"}, "version": 12}
{"obj": {"type": "ClearFloatLog", "path": ["monitoring", "memory"]}, "version": 13}
{"obj": {"type": "ConfigFloatSeries", "path": ["monitoring", "gpu_0"], "min": 0.0, "max": 100.0, "unit": "%"}, "version": 14}
{"obj": {"type": "ClearFloatLog", "path": ["monitoring", "gpu_0"]}, "version": 15}
{"obj": {"type": "ConfigFloatSeries", "path": ["monitoring", "gpu_1"], "min": 0.0, "max": 100.0, "unit": "%"}, "version": 16}
{"obj": {"type": "ClearFloatLog", "path": ["monitoring", "gpu_1"]}, "version": 17}
{"obj": {"type": "ConfigFloatSeries", "path": ["monitoring", "gpu_memory_0"], "min": 0.0, "max": 23.6912841796875, "unit": "GB"}, "version": 18}
{"obj": {"type": "ClearFloatLog", "path": ["monitoring", "gpu_memory_0"]}, "version": 19}
{"obj": {"type": "ConfigFloatSeries", "path": ["monitoring", "gpu_memory_1"], "min": 0.0, "max": 23.6912841796875, "unit": "GB"}, "version": 20}
{"obj": {"type": "ClearFloatLog", "path": ["monitoring", "gpu_memory_1"]}, "version": 21}
{"obj": {"type": "LogStrings", "path": ["monitoring", "stdout"], "values": [{"value": "", "step": null, "ts": 1622995276.8615022}]}, "version": 22}
{"obj": {"type": "LogStrings", "path": ["monitoring", "stdout"], "values": [{"value": "https://app.neptune.ai/inoichan/siim-rsna-covid19-2021/e/SIIM-4\n", "step": null, "ts": 1622995276.8633716}]}, "version": 23}
{"obj": {"type": "AssignBool", "path": ["parameters", "debug"], "value": false}, "version": 24}
{"obj": {"type": "AssignString", "path": ["parameters", "exp_name"], "value": "exp001"}, "version": 25}
{"obj": {"type": "AssignString", "path": ["parameters", "model_name"], "value": "tf_efficientnet_b3_ns"}, "version": 26}
{"obj": {"type": "AssignInt", "path": ["parameters", "device_id"], "value": 0}, "version": 27}
{"obj": {"type": "AssignInt", "path": ["parameters", "batch_size"], "value": 32}, "version": 28}
{"obj": {"type": "AssignInt", "path": ["parameters", "img_size"], "value": 512}, "version": 29}
{"obj": {"type": "AssignInt", "path": ["parameters", "n_workers"], "value": 12}, "version": 30}
{"obj": {"type": "AssignInt", "path": ["parameters", "n_epochs"], "value": 40}, "version": 31}
{"obj": {"type": "AssignInt", "path": ["parameters", "start_epoch"], "value": 1}, "version": 32}
{"obj": {"type": "AssignBool", "path": ["parameters", "transform"], "value": true}, "version": 33}
{"obj": {"type": "AssignString", "path": ["parameters", "load_checkpoint"], "value": "['', '', '', '', '']"}, "version": 34}
{"obj": {"type": "AssignString", "path": ["parameters", "hold_out"], "value": "[0, 1, 2, 3, 4]"}, "version": 35}
{"obj": {"type": "AssignString", "path": ["parameters", "df_train_path"], "value": "/workspace/data/df_train_study_level.csv"}, "version": 36}
{"obj": {"type": "AssignInt", "path": ["parameters", "accumulation_steps"], "value": 1}, "version": 37}
{"obj": {"type": "AssignInt", "path": ["parameters", "early_stopping_steps"], "value": 12}, "version": 38}
{"obj": {"type": "AssignBool", "path": ["parameters", "freeze_bn"], "value": false}, "version": 39}
{"obj": {"type": "AssignString", "path": ["parameters", "fold_name"], "value": "cv"}, "version": 40}
{"obj": {"type": "AssignBool", "path": ["parameters", "clahe"], "value": false}, "version": 41}
{"obj": {"type": "AssignBool", "path": ["parameters", "mix"], "value": false}, "version": 42}
{"obj": {"type": "AssignBool", "path": ["parameters", "use_amp"], "value": true}, "version": 43}
{"obj": {"type": "LogFloats", "path": ["monitoring", "memory"], "values": [{"value": 35.14064025878906, "step": null, "ts": 1622995276.8602338}]}, "version": 44}
{"obj": {"type": "LogFloats", "path": ["monitoring", "gpu_1"], "values": [{"value": 8.0, "step": null, "ts": 1622995276.8602338}]}, "version": 45}
{"obj": {"type": "LogFloats", "path": ["monitoring", "gpu_memory_0"], "values": [{"value": 0.00860595703125, "step": null, "ts": 1622995276.8602338}]}, "version": 46}
{"obj": {"type": "LogFloats", "path": ["monitoring", "gpu_memory_1"], "values": [{"value": 4.72186279296875, "step": null, "ts": 1622995276.8602338}]}, "version": 47}
{"obj": {"type": "LogFloats", "path": ["Learning Rate"], "values": [{"value": 0.0001, "step": null, "ts": 1622995285.2769008}]}, "version": 48}
{"obj": {"type": "LogStrings", "path": ["monitoring", "stderr"], "values": [{"value": "\r  0%|                                                                                                                                                                                      | 0/158 [00:00<?, ?it/s]", "step": null, "ts": 1622995285.277946}]}, "version": 49}
{"obj": {"type": "LogFloats", "path": ["monitoring", "cpu"], "values": [{"value": 22.50351024783168, "step": null, "ts": 1622995286.8699133}]}, "version": 50}
{"obj": {"type": "LogFloats", "path": ["monitoring", "memory"], "values": [{"value": 39.20163345336914, "step": null, "ts": 1622995286.8699133}]}, "version": 51}
{"obj": {"type": "LogFloats", "path": ["monitoring", "gpu_1"], "values": [{"value": 3.0, "step": null, "ts": 1622995286.8699133}]}, "version": 52}
{"obj": {"type": "LogFloats", "path": ["monitoring", "gpu_memory_0"], "values": [{"value": 0.00860595703125, "step": null, "ts": 1622995286.8699133}]}, "version": 53}
{"obj": {"type": "LogFloats", "path": ["monitoring", "gpu_memory_1"], "values": [{"value": 5.742919921875, "step": null, "ts": 1622995286.8699133}]}, "version": 54}
{"obj": {"type": "LogFloats", "path": ["monitoring", "cpu"], "values": [{"value": 41.51422581114998, "step": null, "ts": 1622995296.8839588}]}, "version": 55}
{"obj": {"type": "LogFloats", "path": ["monitoring", "memory"], "values": [{"value": 39.722816467285156, "step": null, "ts": 1622995296.8839588}]}, "version": 56}
{"obj": {"type": "LogFloats", "path": ["monitoring", "gpu_1"], "values": [{"value": 7.0, "step": null, "ts": 1622995296.8839588}]}, "version": 57}
{"obj": {"type": "LogFloats", "path": ["monitoring", "gpu_memory_0"], "values": [{"value": 0.00860595703125, "step": null, "ts": 1622995296.8839588}]}, "version": 58}
{"obj": {"type": "LogFloats", "path": ["monitoring", "gpu_memory_1"], "values": [{"value": 5.7476806640625, "step": null, "ts": 1622995296.8839588}]}, "version": 59}
{"obj": {"type": "LogStrings", "path": ["monitoring", "stderr"], "values": [{"value": "", "step": null, "ts": 1622995301.483516}]}, "version": 60}
{"obj": {"type": "LogStrings", "path": ["monitoring", "stderr"], "values": [{"value": "\r  0%|                                                                                                                                                                                      | 0/158 [00:16<?, ?it/s]", "step": null, "ts": 1622995301.484473}]}, "version": 61}
{"obj": {"type": "LogStrings", "path": ["monitoring", "stderr"], "values": [{"value": "\n", "step": null, "ts": 1622995301.484641}]}, "version": 62}
{"obj": {"type": "LogStrings", "path": ["monitoring", "traceback"], "values": [{"value": "An uncaught exception occurred while run was active on worker eea1fa52accd.", "step": null, "ts": 1622995301.487903}, {"value": "Marking run as failed", "step": null, "ts": 1622995301.487903}, {"value": "Traceback:", "step": null, "ts": 1622995301.487903}, {"value": "  File \"siim-rsna-2021/exp/exp001/train.py\", line 512, in <module>\n    train_one_epoch(train_dataloader, model, device, criterion, use_amp, run, meters_dict)\n", "step": null, "ts": 1622995301.487903}, {"value": "  File \"siim-rsna-2021/exp/exp001/train.py\", line 189, in train_one_epoch\n    for step_train, data in enumerate(progress_bar):\n", "step": null, "ts": 1622995301.487903}, {"value": "  File \"/opt/conda/lib/python3.8/site-packages/tqdm/std.py\", line 1129, in __iter__\n    for obj in iterable:\n", "step": null, "ts": 1622995301.487903}, {"value": "  File \"/opt/conda/lib/python3.8/site-packages/torch/utils/data/dataloader.py\", line 435, in __next__\n    data = self._next_data()\n", "step": null, "ts": 1622995301.487903}, {"value": "  File \"/opt/conda/lib/python3.8/site-packages/torch/utils/data/dataloader.py\", line 1068, in _next_data\n    idx, data = self._get_data()\n", "step": null, "ts": 1622995301.487903}, {"value": "  File \"/opt/conda/lib/python3.8/site-packages/torch/utils/data/dataloader.py\", line 1034, in _get_data\n    success, data = self._try_get_data()\n", "step": null, "ts": 1622995301.487903}, {"value": "  File \"/opt/conda/lib/python3.8/site-packages/torch/utils/data/dataloader.py\", line 872, in _try_get_data\n    data = self._data_queue.get(timeout=timeout)\n", "step": null, "ts": 1622995301.487903}, {"value": "  File \"/opt/conda/lib/python3.8/multiprocessing/queues.py\", line 107, in get\n    if not self._poll(timeout):\n", "step": null, "ts": 1622995301.487903}, {"value": "  File \"/opt/conda/lib/python3.8/multiprocessing/connection.py\", line 257, in poll\n    return self._poll(timeout)\n", "step": null, "ts": 1622995301.487903}, {"value": "  File \"/opt/conda/lib/python3.8/multiprocessing/connection.py\", line 424, in _poll\n    r = wait([self], timeout)\n", "step": null, "ts": 1622995301.487903}, {"value": "  File \"/opt/conda/lib/python3.8/multiprocessing/connection.py\", line 931, in wait\n    ready = selector.select(timeout)\n", "step": null, "ts": 1622995301.487903}, {"value": "  File \"/opt/conda/lib/python3.8/selectors.py\", line 415, in select\n    fd_event_list = self._selector.poll(timeout)\n", "step": null, "ts": 1622995301.487903}, {"value": "", "step": null, "ts": 1622995301.487903}]}, "version": 63}
{"obj": {"type": "AssignBool", "path": ["sys", "failed"], "value": true}, "version": 64}
{"obj": {"type": "LogStrings", "path": ["monitoring", "stderr"], "values": [{"value": "Traceback (most recent call last):\n", "step": null, "ts": 1622995301.4882529}]}, "version": 65}
{"obj": {"type": "LogStrings", "path": ["monitoring", "stderr"], "values": [{"value": "  File \"siim-rsna-2021/exp/exp001/train.py\", line 512, in <module>\n", "step": null, "ts": 1622995301.4883316}]}, "version": 66}
{"obj": {"type": "LogStrings", "path": ["monitoring", "stderr"], "values": [{"value": "    ", "step": null, "ts": 1622995301.488567}]}, "version": 67}
{"obj": {"type": "LogStrings", "path": ["monitoring", "stderr"], "values": [{"value": "train_one_epoch(train_dataloader, model, device, criterion, use_amp, run, meters_dict)", "step": null, "ts": 1622995301.4886267}]}, "version": 68}
{"obj": {"type": "LogStrings", "path": ["monitoring", "stderr"], "values": [{"value": "\n", "step": null, "ts": 1622995301.4886837}]}, "version": 69}
{"obj": {"type": "LogStrings", "path": ["monitoring", "stderr"], "values": [{"value": "  File \"siim-rsna-2021/exp/exp001/train.py\", line 189, in train_one_epoch\n", "step": null, "ts": 1622995301.4887397}]}, "version": 70}
{"obj": {"type": "LogStrings", "path": ["monitoring", "stderr"], "values": [{"value": "    ", "step": null, "ts": 1622995301.4888422}]}, "version": 71}
{"obj": {"type": "LogStrings", "path": ["monitoring", "stderr"], "values": [{"value": "for step_train, data in enumerate(progress_bar):", "step": null, "ts": 1622995301.4888954}]}, "version": 72}
{"obj": {"type": "LogStrings", "path": ["monitoring", "stderr"], "values": [{"value": "\n", "step": null, "ts": 1622995301.4889536}]}, "version": 73}
{"obj": {"type": "LogStrings", "path": ["monitoring", "stderr"], "values": [{"value": "  File \"/opt/conda/lib/python3.8/site-packages/tqdm/std.py\", line 1129, in __iter__\n", "step": null, "ts": 1622995301.4890106}]}, "version": 74}
{"obj": {"type": "LogStrings", "path": ["monitoring", "stderr"], "values": [{"value": "    ", "step": null, "ts": 1622995301.4892936}]}, "version": 75}
{"obj": {"type": "LogStrings", "path": ["monitoring", "stderr"], "values": [{"value": "for obj in iterable:", "step": null, "ts": 1622995301.4893713}]}, "version": 76}
{"obj": {"type": "LogStrings", "path": ["monitoring", "stderr"], "values": [{"value": "\n", "step": null, "ts": 1622995301.4894524}]}, "version": 77}
{"obj": {"type": "LogStrings", "path": ["monitoring", "stderr"], "values": [{"value": "  File \"/opt/conda/lib/python3.8/site-packages/torch/utils/data/dataloader.py\", line 435, in __next__\n", "step": null, "ts": 1622995301.489518}]}, "version": 78}
{"obj": {"type": "LogStrings", "path": ["monitoring", "stderr"], "values": [{"value": "    ", "step": null, "ts": 1622995301.4896626}]}, "version": 79}
{"obj": {"type": "LogStrings", "path": ["monitoring", "stderr"], "values": [{"value": "data = self._next_data()", "step": null, "ts": 1622995301.4897177}]}, "version": 80}
{"obj": {"type": "LogStrings", "path": ["monitoring", "stderr"], "values": [{"value": "\n", "step": null, "ts": 1622995301.4897738}]}, "version": 81}
{"obj": {"type": "LogStrings", "path": ["monitoring", "stderr"], "values": [{"value": "  File \"/opt/conda/lib/python3.8/site-packages/torch/utils/data/dataloader.py\", line 1068, in _next_data\n", "step": null, "ts": 1622995301.4898329}]}, "version": 82}
{"obj": {"type": "LogStrings", "path": ["monitoring", "stderr"], "values": [{"value": "    ", "step": null, "ts": 1622995301.4900842}]}, "version": 83}
{"obj": {"type": "LogStrings", "path": ["monitoring", "stderr"], "values": [{"value": "idx, data = self._get_data()", "step": null, "ts": 1622995301.4901483}]}, "version": 84}
{"obj": {"type": "LogStrings", "path": ["monitoring", "stderr"], "values": [{"value": "\n", "step": null, "ts": 1622995301.4902039}]}, "version": 85}
{"obj": {"type": "LogStrings", "path": ["monitoring", "stderr"], "values": [{"value": "  File \"/opt/conda/lib/python3.8/site-packages/torch/utils/data/dataloader.py\", line 1034, in _get_data\n", "step": null, "ts": 1622995301.4902658}]}, "version": 86}
{"obj": {"type": "LogStrings", "path": ["monitoring", "stderr"], "values": [{"value": "    ", "step": null, "ts": 1622995301.4905217}]}, "version": 87}
{"obj": {"type": "LogStrings", "path": ["monitoring", "stderr"], "values": [{"value": "success, data = self._try_get_data()", "step": null, "ts": 1622995301.4905796}]}, "version": 88}
{"obj": {"type": "LogStrings", "path": ["monitoring", "stderr"], "values": [{"value": "\n", "step": null, "ts": 1622995301.4906352}]}, "version": 89}
{"obj": {"type": "LogStrings", "path": ["monitoring", "stderr"], "values": [{"value": "  File \"/opt/conda/lib/python3.8/site-packages/torch/utils/data/dataloader.py\", line 872, in _try_get_data\n", "step": null, "ts": 1622995301.4906995}]}, "version": 90}
{"obj": {"type": "LogStrings", "path": ["monitoring", "stderr"], "values": [{"value": "    ", "step": null, "ts": 1622995301.490954}]}, "version": 91}
{"obj": {"type": "LogStrings", "path": ["monitoring", "stderr"], "values": [{"value": "data = self._data_queue.get(timeout=timeout)", "step": null, "ts": 1622995301.4912207}]}, "version": 92}
{"obj": {"type": "LogStrings", "path": ["monitoring", "stderr"], "values": [{"value": "\n", "step": null, "ts": 1622995301.491308}]}, "version": 93}
{"obj": {"type": "LogStrings", "path": ["monitoring", "stderr"], "values": [{"value": "  File \"/opt/conda/lib/python3.8/multiprocessing/queues.py\", line 107, in get\n", "step": null, "ts": 1622995301.4913704}]}, "version": 94}
{"obj": {"type": "LogStrings", "path": ["monitoring", "stderr"], "values": [{"value": "    ", "step": null, "ts": 1622995301.4914808}]}, "version": 95}
{"obj": {"type": "LogStrings", "path": ["monitoring", "stderr"], "values": [{"value": "if not self._poll(timeout):", "step": null, "ts": 1622995301.4915557}]}, "version": 96}
{"obj": {"type": "LogStrings", "path": ["monitoring", "stderr"], "values": [{"value": "\n", "step": null, "ts": 1622995301.491622}]}, "version": 97}
{"obj": {"type": "LogStrings", "path": ["monitoring", "stderr"], "values": [{"value": "  File \"/opt/conda/lib/python3.8/multiprocessing/connection.py\", line 257, in poll\n", "step": null, "ts": 1622995301.4916878}]}, "version": 98}
{"obj": {"type": "LogStrings", "path": ["monitoring", "stderr"], "values": [{"value": "    ", "step": null, "ts": 1622995301.491814}]}, "version": 99}
{"obj": {"type": "LogStrings", "path": ["monitoring", "stderr"], "values": [{"value": "return self._poll(timeout)", "step": null, "ts": 1622995301.4918697}]}, "version": 100}
{"obj": {"type": "LogStrings", "path": ["monitoring", "stderr"], "values": [{"value": "\n", "step": null, "ts": 1622995301.4919262}]}, "version": 101}
{"obj": {"type": "LogStrings", "path": ["monitoring", "stderr"], "values": [{"value": "  File \"/opt/conda/lib/python3.8/multiprocessing/connection.py\", line 424, in _poll\n", "step": null, "ts": 1622995301.491989}]}, "version": 102}
{"obj": {"type": "LogStrings", "path": ["monitoring", "stderr"], "values": [{"value": "    ", "step": null, "ts": 1622995301.4921389}]}, "version": 103}
{"obj": {"type": "LogStrings", "path": ["monitoring", "stderr"], "values": [{"value": "r = wait([self], timeout)", "step": null, "ts": 1622995301.4921968}]}, "version": 104}
{"obj": {"type": "LogStrings", "path": ["monitoring", "stderr"], "values": [{"value": "\n", "step": null, "ts": 1622995301.4922616}]}, "version": 105}
{"obj": {"type": "LogStrings", "path": ["monitoring", "stderr"], "values": [{"value": "  File \"/opt/conda/lib/python3.8/multiprocessing/connection.py\", line 931, in wait\n", "step": null, "ts": 1622995301.4923413}]}, "version": 106}
{"obj": {"type": "LogStrings", "path": ["monitoring", "stderr"], "values": [{"value": "    ", "step": null, "ts": 1622995301.4925728}]}, "version": 107}
{"obj": {"type": "LogStrings", "path": ["monitoring", "stderr"], "values": [{"value": "ready = selector.select(timeout)", "step": null, "ts": 1622995301.49264}]}, "version": 108}
{"obj": {"type": "LogStrings", "path": ["monitoring", "stderr"], "values": [{"value": "\n", "step": null, "ts": 1622995301.492706}]}, "version": 109}
{"obj": {"type": "LogStrings", "path": ["monitoring", "stderr"], "values": [{"value": "  File \"/opt/conda/lib/python3.8/selectors.py\", line 415, in select\n", "step": null, "ts": 1622995301.4927769}]}, "version": 110}
{"obj": {"type": "LogStrings", "path": ["monitoring", "stderr"], "values": [{"value": "    ", "step": null, "ts": 1622995301.4929655}]}, "version": 111}
{"obj": {"type": "LogStrings", "path": ["monitoring", "stderr"], "values": [{"value": "fd_event_list = self._selector.poll(timeout)", "step": null, "ts": 1622995301.4930227}]}, "version": 112}
{"obj": {"type": "LogStrings", "path": ["monitoring", "stderr"], "values": [{"value": "\n", "step": null, "ts": 1622995301.4930806}]}, "version": 113}
{"obj": {"type": "LogStrings", "path": ["monitoring", "stderr"], "values": [{"value": "KeyboardInterrupt", "step": null, "ts": 1622995301.493153}]}, "version": 114}
{"obj": {"type": "LogStrings", "path": ["monitoring", "stderr"], "values": [{"value": "", "step": null, "ts": 1622995301.4932163}]}, "version": 115}
{"obj": {"type": "LogStrings", "path": ["monitoring", "stderr"], "values": [{"value": "\n", "step": null, "ts": 1622995301.493275}]}, "version": 116}
{"obj": {"type": "LogStrings", "path": ["monitoring", "stdout"], "values": [{"value": "Shutting down background jobs, please wait a moment...\n", "step": null, "ts": 1622995301.4935987}]}, "version": 117}
